ARM GAS  /var/folders/ck/g3dcd5x55xs4107jgdl0snvr0000gn/T//cc34KHMD.s 			page 1


   1              		.cpu cortex-m4
   2              		.arch armv7e-m
   3              		.fpu fpv4-sp-d16
   4              		.eabi_attribute 27, 1
   5              		.eabi_attribute 28, 1
   6              		.eabi_attribute 20, 1
   7              		.eabi_attribute 21, 1
   8              		.eabi_attribute 23, 3
   9              		.eabi_attribute 24, 1
  10              		.eabi_attribute 25, 1
  11              		.eabi_attribute 26, 1
  12              		.eabi_attribute 30, 1
  13              		.eabi_attribute 34, 1
  14              		.eabi_attribute 18, 4
  15              		.file	"arm_mat_init_q31.c"
  16              		.text
  17              	.Ltext0:
  18              		.cfi_sections	.debug_frame
  19              		.file 1 "DSP/Source/MatrixFunctions/arm_mat_init_q31.c"
  20              		.section	.text.arm_mat_init_q31,"ax",%progbits
  21              		.align	1
  22              		.global	arm_mat_init_q31
  23              		.syntax unified
  24              		.thumb
  25              		.thumb_func
  27              	arm_mat_init_q31:
  28              	.LVL0:
  29              	.LFB139:
   1:DSP/Source/MatrixFunctions/arm_mat_init_q31.c **** /* ----------------------------------------------------------------------
   2:DSP/Source/MatrixFunctions/arm_mat_init_q31.c ****  * Project:      CMSIS DSP Library
   3:DSP/Source/MatrixFunctions/arm_mat_init_q31.c ****  * Title:        arm_mat_init_q31.c
   4:DSP/Source/MatrixFunctions/arm_mat_init_q31.c ****  * Description:  Q31 matrix initialization
   5:DSP/Source/MatrixFunctions/arm_mat_init_q31.c ****  *
   6:DSP/Source/MatrixFunctions/arm_mat_init_q31.c ****  * $Date:        27. January 2017
   7:DSP/Source/MatrixFunctions/arm_mat_init_q31.c ****  * $Revision:    V.1.5.1
   8:DSP/Source/MatrixFunctions/arm_mat_init_q31.c ****  *
   9:DSP/Source/MatrixFunctions/arm_mat_init_q31.c ****  * Target Processor: Cortex-M cores
  10:DSP/Source/MatrixFunctions/arm_mat_init_q31.c ****  * -------------------------------------------------------------------- */
  11:DSP/Source/MatrixFunctions/arm_mat_init_q31.c **** /*
  12:DSP/Source/MatrixFunctions/arm_mat_init_q31.c ****  * Copyright (C) 2010-2017 ARM Limited or its affiliates. All rights reserved.
  13:DSP/Source/MatrixFunctions/arm_mat_init_q31.c ****  *
  14:DSP/Source/MatrixFunctions/arm_mat_init_q31.c ****  * SPDX-License-Identifier: Apache-2.0
  15:DSP/Source/MatrixFunctions/arm_mat_init_q31.c ****  *
  16:DSP/Source/MatrixFunctions/arm_mat_init_q31.c ****  * Licensed under the Apache License, Version 2.0 (the License); you may
  17:DSP/Source/MatrixFunctions/arm_mat_init_q31.c ****  * not use this file except in compliance with the License.
  18:DSP/Source/MatrixFunctions/arm_mat_init_q31.c ****  * You may obtain a copy of the License at
  19:DSP/Source/MatrixFunctions/arm_mat_init_q31.c ****  *
  20:DSP/Source/MatrixFunctions/arm_mat_init_q31.c ****  * www.apache.org/licenses/LICENSE-2.0
  21:DSP/Source/MatrixFunctions/arm_mat_init_q31.c ****  *
  22:DSP/Source/MatrixFunctions/arm_mat_init_q31.c ****  * Unless required by applicable law or agreed to in writing, software
  23:DSP/Source/MatrixFunctions/arm_mat_init_q31.c ****  * distributed under the License is distributed on an AS IS BASIS, WITHOUT
  24:DSP/Source/MatrixFunctions/arm_mat_init_q31.c ****  * WARRANTIES OR CONDITIONS OF ANY KIND, either express or implied.
  25:DSP/Source/MatrixFunctions/arm_mat_init_q31.c ****  * See the License for the specific language governing permissions and
  26:DSP/Source/MatrixFunctions/arm_mat_init_q31.c ****  * limitations under the License.
  27:DSP/Source/MatrixFunctions/arm_mat_init_q31.c ****  */
  28:DSP/Source/MatrixFunctions/arm_mat_init_q31.c **** 
  29:DSP/Source/MatrixFunctions/arm_mat_init_q31.c **** #include "arm_math.h"
ARM GAS  /var/folders/ck/g3dcd5x55xs4107jgdl0snvr0000gn/T//cc34KHMD.s 			page 2


  30:DSP/Source/MatrixFunctions/arm_mat_init_q31.c **** 
  31:DSP/Source/MatrixFunctions/arm_mat_init_q31.c **** /**
  32:DSP/Source/MatrixFunctions/arm_mat_init_q31.c ****  * @ingroup groupMatrix
  33:DSP/Source/MatrixFunctions/arm_mat_init_q31.c ****  */
  34:DSP/Source/MatrixFunctions/arm_mat_init_q31.c **** 
  35:DSP/Source/MatrixFunctions/arm_mat_init_q31.c **** /**
  36:DSP/Source/MatrixFunctions/arm_mat_init_q31.c ****  * @defgroup MatrixInit Matrix Initialization
  37:DSP/Source/MatrixFunctions/arm_mat_init_q31.c ****  *
  38:DSP/Source/MatrixFunctions/arm_mat_init_q31.c ****  */
  39:DSP/Source/MatrixFunctions/arm_mat_init_q31.c **** 
  40:DSP/Source/MatrixFunctions/arm_mat_init_q31.c **** /**
  41:DSP/Source/MatrixFunctions/arm_mat_init_q31.c ****  * @addtogroup MatrixInit
  42:DSP/Source/MatrixFunctions/arm_mat_init_q31.c ****  * @{
  43:DSP/Source/MatrixFunctions/arm_mat_init_q31.c ****  */
  44:DSP/Source/MatrixFunctions/arm_mat_init_q31.c **** 
  45:DSP/Source/MatrixFunctions/arm_mat_init_q31.c ****   /**
  46:DSP/Source/MatrixFunctions/arm_mat_init_q31.c ****    * @brief  Q31 matrix initialization.
  47:DSP/Source/MatrixFunctions/arm_mat_init_q31.c ****    * @param[in,out] *S             points to an instance of the floating-point matrix structure.
  48:DSP/Source/MatrixFunctions/arm_mat_init_q31.c ****    * @param[in]     nRows          number of rows in the matrix.
  49:DSP/Source/MatrixFunctions/arm_mat_init_q31.c ****    * @param[in]     nColumns       number of columns in the matrix.
  50:DSP/Source/MatrixFunctions/arm_mat_init_q31.c ****    * @param[in]     *pData	   points to the matrix data array.
  51:DSP/Source/MatrixFunctions/arm_mat_init_q31.c ****    * @return        none
  52:DSP/Source/MatrixFunctions/arm_mat_init_q31.c ****    */
  53:DSP/Source/MatrixFunctions/arm_mat_init_q31.c **** 
  54:DSP/Source/MatrixFunctions/arm_mat_init_q31.c **** void arm_mat_init_q31(
  55:DSP/Source/MatrixFunctions/arm_mat_init_q31.c ****   arm_matrix_instance_q31 * S,
  56:DSP/Source/MatrixFunctions/arm_mat_init_q31.c ****   uint16_t nRows,
  57:DSP/Source/MatrixFunctions/arm_mat_init_q31.c ****   uint16_t nColumns,
  58:DSP/Source/MatrixFunctions/arm_mat_init_q31.c ****   q31_t * pData)
  59:DSP/Source/MatrixFunctions/arm_mat_init_q31.c **** {
  30              		.loc 1 59 1 view -0
  31              		.cfi_startproc
  32              		@ args = 0, pretend = 0, frame = 0
  33              		@ frame_needed = 0, uses_anonymous_args = 0
  34              		@ link register save eliminated.
  60:DSP/Source/MatrixFunctions/arm_mat_init_q31.c ****   /* Assign Number of Rows */
  61:DSP/Source/MatrixFunctions/arm_mat_init_q31.c ****   S->numRows = nRows;
  35              		.loc 1 61 3 view .LVU1
  36              		.loc 1 61 14 is_stmt 0 view .LVU2
  37 0000 0180     		strh	r1, [r0]	@ movhi
  62:DSP/Source/MatrixFunctions/arm_mat_init_q31.c **** 
  63:DSP/Source/MatrixFunctions/arm_mat_init_q31.c ****   /* Assign Number of Columns */
  64:DSP/Source/MatrixFunctions/arm_mat_init_q31.c ****   S->numCols = nColumns;
  38              		.loc 1 64 3 is_stmt 1 view .LVU3
  39              		.loc 1 64 14 is_stmt 0 view .LVU4
  40 0002 4280     		strh	r2, [r0, #2]	@ movhi
  65:DSP/Source/MatrixFunctions/arm_mat_init_q31.c **** 
  66:DSP/Source/MatrixFunctions/arm_mat_init_q31.c ****   /* Assign Data pointer */
  67:DSP/Source/MatrixFunctions/arm_mat_init_q31.c ****   S->pData = pData;
  41              		.loc 1 67 3 is_stmt 1 view .LVU5
  42              		.loc 1 67 12 is_stmt 0 view .LVU6
  43 0004 4360     		str	r3, [r0, #4]
  68:DSP/Source/MatrixFunctions/arm_mat_init_q31.c **** }
  44              		.loc 1 68 1 view .LVU7
  45 0006 7047     		bx	lr
  46              		.cfi_endproc
  47              	.LFE139:
ARM GAS  /var/folders/ck/g3dcd5x55xs4107jgdl0snvr0000gn/T//cc34KHMD.s 			page 3


  49              		.text
  50              	.Letext0:
  51              		.file 2 "/Users/luban/.local/xPacks/arm-none-eabi-gcc/xpack-arm-none-eabi-gcc-13.2.1-1.1/arm-none-
  52              		.file 3 "/Users/luban/.local/xPacks/arm-none-eabi-gcc/xpack-arm-none-eabi-gcc-13.2.1-1.1/arm-none-
  53              		.file 4 "DSP/Inc/arm_math.h"
ARM GAS  /var/folders/ck/g3dcd5x55xs4107jgdl0snvr0000gn/T//cc34KHMD.s 			page 4


DEFINED SYMBOLS
                            *ABS*:00000000 arm_mat_init_q31.c
/var/folders/ck/g3dcd5x55xs4107jgdl0snvr0000gn/T//cc34KHMD.s:21     .text.arm_mat_init_q31:00000000 $t
/var/folders/ck/g3dcd5x55xs4107jgdl0snvr0000gn/T//cc34KHMD.s:27     .text.arm_mat_init_q31:00000000 arm_mat_init_q31

NO UNDEFINED SYMBOLS
