ARM GAS  /var/folders/ck/g3dcd5x55xs4107jgdl0snvr0000gn/T//cclOo0oN.s 			page 1


   1              		.cpu cortex-m4
   2              		.arch armv7e-m
   3              		.fpu fpv4-sp-d16
   4              		.eabi_attribute 27, 1
   5              		.eabi_attribute 28, 1
   6              		.eabi_attribute 20, 1
   7              		.eabi_attribute 21, 1
   8              		.eabi_attribute 23, 3
   9              		.eabi_attribute 24, 1
  10              		.eabi_attribute 25, 1
  11              		.eabi_attribute 26, 1
  12              		.eabi_attribute 30, 1
  13              		.eabi_attribute 34, 1
  14              		.eabi_attribute 18, 4
  15              		.file	"arm_sin_q31.c"
  16              		.text
  17              	.Ltext0:
  18              		.cfi_sections	.debug_frame
  19              		.file 1 "DSP/Source/FastMathFunctions/arm_sin_q31.c"
  20              		.section	.text.arm_sin_q31,"ax",%progbits
  21              		.align	1
  22              		.global	arm_sin_q31
  23              		.syntax unified
  24              		.thumb
  25              		.thumb_func
  27              	arm_sin_q31:
  28              	.LVL0:
  29              	.LFB139:
   1:DSP/Source/FastMathFunctions/arm_sin_q31.c **** /* ----------------------------------------------------------------------
   2:DSP/Source/FastMathFunctions/arm_sin_q31.c ****  * Project:      CMSIS DSP Library
   3:DSP/Source/FastMathFunctions/arm_sin_q31.c ****  * Title:        arm_sin_q31.c
   4:DSP/Source/FastMathFunctions/arm_sin_q31.c ****  * Description:  Fast sine calculation for Q31 values
   5:DSP/Source/FastMathFunctions/arm_sin_q31.c ****  *
   6:DSP/Source/FastMathFunctions/arm_sin_q31.c ****  * $Date:        27. January 2017
   7:DSP/Source/FastMathFunctions/arm_sin_q31.c ****  * $Revision:    V.1.5.1
   8:DSP/Source/FastMathFunctions/arm_sin_q31.c ****  *
   9:DSP/Source/FastMathFunctions/arm_sin_q31.c ****  * Target Processor: Cortex-M cores
  10:DSP/Source/FastMathFunctions/arm_sin_q31.c ****  * -------------------------------------------------------------------- */
  11:DSP/Source/FastMathFunctions/arm_sin_q31.c **** /*
  12:DSP/Source/FastMathFunctions/arm_sin_q31.c ****  * Copyright (C) 2010-2017 ARM Limited or its affiliates. All rights reserved.
  13:DSP/Source/FastMathFunctions/arm_sin_q31.c ****  *
  14:DSP/Source/FastMathFunctions/arm_sin_q31.c ****  * SPDX-License-Identifier: Apache-2.0
  15:DSP/Source/FastMathFunctions/arm_sin_q31.c ****  *
  16:DSP/Source/FastMathFunctions/arm_sin_q31.c ****  * Licensed under the Apache License, Version 2.0 (the License); you may
  17:DSP/Source/FastMathFunctions/arm_sin_q31.c ****  * not use this file except in compliance with the License.
  18:DSP/Source/FastMathFunctions/arm_sin_q31.c ****  * You may obtain a copy of the License at
  19:DSP/Source/FastMathFunctions/arm_sin_q31.c ****  *
  20:DSP/Source/FastMathFunctions/arm_sin_q31.c ****  * www.apache.org/licenses/LICENSE-2.0
  21:DSP/Source/FastMathFunctions/arm_sin_q31.c ****  *
  22:DSP/Source/FastMathFunctions/arm_sin_q31.c ****  * Unless required by applicable law or agreed to in writing, software
  23:DSP/Source/FastMathFunctions/arm_sin_q31.c ****  * distributed under the License is distributed on an AS IS BASIS, WITHOUT
  24:DSP/Source/FastMathFunctions/arm_sin_q31.c ****  * WARRANTIES OR CONDITIONS OF ANY KIND, either express or implied.
  25:DSP/Source/FastMathFunctions/arm_sin_q31.c ****  * See the License for the specific language governing permissions and
  26:DSP/Source/FastMathFunctions/arm_sin_q31.c ****  * limitations under the License.
  27:DSP/Source/FastMathFunctions/arm_sin_q31.c ****  */
  28:DSP/Source/FastMathFunctions/arm_sin_q31.c **** 
  29:DSP/Source/FastMathFunctions/arm_sin_q31.c **** #include "arm_math.h"
ARM GAS  /var/folders/ck/g3dcd5x55xs4107jgdl0snvr0000gn/T//cclOo0oN.s 			page 2


  30:DSP/Source/FastMathFunctions/arm_sin_q31.c **** #include "arm_common_tables.h"
  31:DSP/Source/FastMathFunctions/arm_sin_q31.c **** 
  32:DSP/Source/FastMathFunctions/arm_sin_q31.c **** /**
  33:DSP/Source/FastMathFunctions/arm_sin_q31.c ****  * @ingroup groupFastMath
  34:DSP/Source/FastMathFunctions/arm_sin_q31.c ****  */
  35:DSP/Source/FastMathFunctions/arm_sin_q31.c **** 
  36:DSP/Source/FastMathFunctions/arm_sin_q31.c ****  /**
  37:DSP/Source/FastMathFunctions/arm_sin_q31.c ****  * @addtogroup sin
  38:DSP/Source/FastMathFunctions/arm_sin_q31.c ****  * @{
  39:DSP/Source/FastMathFunctions/arm_sin_q31.c ****  */
  40:DSP/Source/FastMathFunctions/arm_sin_q31.c **** 
  41:DSP/Source/FastMathFunctions/arm_sin_q31.c **** /**
  42:DSP/Source/FastMathFunctions/arm_sin_q31.c ****  * @brief Fast approximation to the trigonometric sine function for Q31 data.
  43:DSP/Source/FastMathFunctions/arm_sin_q31.c ****  * @param[in] x Scaled input value in radians.
  44:DSP/Source/FastMathFunctions/arm_sin_q31.c ****  * @return  sin(x).
  45:DSP/Source/FastMathFunctions/arm_sin_q31.c ****  *
  46:DSP/Source/FastMathFunctions/arm_sin_q31.c ****  * The Q31 input value is in the range [0 +0.9999] and is mapped to a radian value in the range [0 
  47:DSP/Source/FastMathFunctions/arm_sin_q31.c **** 
  48:DSP/Source/FastMathFunctions/arm_sin_q31.c **** q31_t arm_sin_q31(
  49:DSP/Source/FastMathFunctions/arm_sin_q31.c ****   q31_t x)
  50:DSP/Source/FastMathFunctions/arm_sin_q31.c **** {
  30              		.loc 1 50 1 view -0
  31              		.cfi_startproc
  32              		@ args = 0, pretend = 0, frame = 0
  33              		@ frame_needed = 0, uses_anonymous_args = 0
  34              		.loc 1 50 1 is_stmt 0 view .LVU1
  35 0000 00B5     		push	{lr}
  36              	.LCFI0:
  37              		.cfi_def_cfa_offset 4
  38              		.cfi_offset 14, -4
  51:DSP/Source/FastMathFunctions/arm_sin_q31.c ****   q31_t sinVal;                                  /* Temporary variables for input, output */
  39              		.loc 1 51 3 is_stmt 1 view .LVU2
  52:DSP/Source/FastMathFunctions/arm_sin_q31.c ****   int32_t index;                                 /* Index variables */
  40              		.loc 1 52 3 view .LVU3
  53:DSP/Source/FastMathFunctions/arm_sin_q31.c ****   q31_t a, b;                                    /* Four nearest output values */
  41              		.loc 1 53 3 view .LVU4
  54:DSP/Source/FastMathFunctions/arm_sin_q31.c ****   q31_t fract;                                   /* Temporary values for fractional values */
  42              		.loc 1 54 3 view .LVU5
  55:DSP/Source/FastMathFunctions/arm_sin_q31.c **** 
  56:DSP/Source/FastMathFunctions/arm_sin_q31.c ****   /* Calculate the nearest index */
  57:DSP/Source/FastMathFunctions/arm_sin_q31.c ****   index = (uint32_t)x >> FAST_MATH_Q31_SHIFT;
  43              		.loc 1 57 3 view .LVU6
  44              		.loc 1 57 23 is_stmt 0 view .LVU7
  45 0002 820D     		lsrs	r2, r0, #22
  46              	.LVL1:
  58:DSP/Source/FastMathFunctions/arm_sin_q31.c **** 
  59:DSP/Source/FastMathFunctions/arm_sin_q31.c ****   /* Calculation of fractional value */
  60:DSP/Source/FastMathFunctions/arm_sin_q31.c ****   fract = (x - (index << FAST_MATH_Q31_SHIFT)) << 9;
  47              		.loc 1 60 3 is_stmt 1 view .LVU8
  48              		.loc 1 60 9 is_stmt 0 view .LVU9
  49 0004 C0F31500 		ubfx	r0, r0, #0, #22
  50              	.LVL2:
  51              		.loc 1 60 9 view .LVU10
  52 0008 4302     		lsls	r3, r0, #9
  53              	.LVL3:
  61:DSP/Source/FastMathFunctions/arm_sin_q31.c **** 
  62:DSP/Source/FastMathFunctions/arm_sin_q31.c ****   /* Read two nearest values of input value from the sin table */
ARM GAS  /var/folders/ck/g3dcd5x55xs4107jgdl0snvr0000gn/T//cclOo0oN.s 			page 3


  63:DSP/Source/FastMathFunctions/arm_sin_q31.c ****   a = sinTable_q31[index];
  54              		.loc 1 63 3 is_stmt 1 view .LVU11
  55              		.loc 1 63 5 is_stmt 0 view .LVU12
  56 000a 0C48     		ldr	r0, .L3
  57 000c 50F82210 		ldr	r1, [r0, r2, lsl #2]
  58              	.LVL4:
  64:DSP/Source/FastMathFunctions/arm_sin_q31.c ****   b = sinTable_q31[index+1];
  59              		.loc 1 64 3 is_stmt 1 view .LVU13
  60              		.loc 1 64 25 is_stmt 0 view .LVU14
  61 0010 0132     		adds	r2, r2, #1
  62              	.LVL5:
  63              		.loc 1 64 5 view .LVU15
  64 0012 50F82220 		ldr	r2, [r0, r2, lsl #2]
  65              	.LVL6:
  65:DSP/Source/FastMathFunctions/arm_sin_q31.c **** 
  66:DSP/Source/FastMathFunctions/arm_sin_q31.c ****   /* Linear interpolation process */
  67:DSP/Source/FastMathFunctions/arm_sin_q31.c ****   sinVal = (q63_t)(0x80000000-fract)*a >> 32;
  66              		.loc 1 67 3 is_stmt 1 view .LVU16
  67              		.loc 1 67 30 is_stmt 0 view .LVU17
  68 0016 C3F1004C 		rsb	ip, r3, #-2147483648
  69              		.loc 1 67 37 view .LVU18
  70 001a 4FEAE17E 		asr	lr, r1, #31
  71 001e A1FB0C10 		umull	r1, r0, r1, ip
  72              	.LVL7:
  73              		.loc 1 67 37 view .LVU19
  74 0022 0CFB0E00 		mla	r0, ip, lr, r0
  75              	.LVL8:
  68:DSP/Source/FastMathFunctions/arm_sin_q31.c ****   sinVal = (q31_t)((((q63_t)sinVal << 32) + ((q63_t)fract*b)) >> 32);
  76              		.loc 1 68 3 is_stmt 1 view .LVU20
  77              		.loc 1 68 58 is_stmt 0 view .LVU21
  78 0026 4FEAE27C 		asr	ip, r2, #31
  79 002a A2FB0321 		umull	r2, r1, r2, r3
  80              	.LVL9:
  81              		.loc 1 68 58 view .LVU22
  82 002e 03FB0C13 		mla	r3, r3, ip, r1
  83              	.LVL10:
  84              		.loc 1 68 43 view .LVU23
  85 0032 1844     		add	r0, r0, r3
  86              	.LVL11:
  69:DSP/Source/FastMathFunctions/arm_sin_q31.c **** 
  70:DSP/Source/FastMathFunctions/arm_sin_q31.c ****   return sinVal << 1;
  87              		.loc 1 70 3 is_stmt 1 view .LVU24
  71:DSP/Source/FastMathFunctions/arm_sin_q31.c **** }
  88              		.loc 1 71 1 is_stmt 0 view .LVU25
  89 0034 4000     		lsls	r0, r0, #1
  90              	.LVL12:
  91              		.loc 1 71 1 view .LVU26
  92 0036 5DF804FB 		ldr	pc, [sp], #4
  93              	.L4:
  94 003a 00BF     		.align	2
  95              	.L3:
  96 003c 00000000 		.word	sinTable_q31
  97              		.cfi_endproc
  98              	.LFE139:
 100              		.text
 101              	.Letext0:
 102              		.file 2 "/Users/luban/.local/xPacks/arm-none-eabi-gcc/xpack-arm-none-eabi-gcc-13.2.1-1.1/arm-none-
ARM GAS  /var/folders/ck/g3dcd5x55xs4107jgdl0snvr0000gn/T//cclOo0oN.s 			page 4


 103              		.file 3 "/Users/luban/.local/xPacks/arm-none-eabi-gcc/xpack-arm-none-eabi-gcc-13.2.1-1.1/arm-none-
 104              		.file 4 "DSP/Inc/arm_math.h"
 105              		.file 5 "DSP/Inc/arm_common_tables.h"
ARM GAS  /var/folders/ck/g3dcd5x55xs4107jgdl0snvr0000gn/T//cclOo0oN.s 			page 5


DEFINED SYMBOLS
                            *ABS*:00000000 arm_sin_q31.c
/var/folders/ck/g3dcd5x55xs4107jgdl0snvr0000gn/T//cclOo0oN.s:21     .text.arm_sin_q31:00000000 $t
/var/folders/ck/g3dcd5x55xs4107jgdl0snvr0000gn/T//cclOo0oN.s:27     .text.arm_sin_q31:00000000 arm_sin_q31
/var/folders/ck/g3dcd5x55xs4107jgdl0snvr0000gn/T//cclOo0oN.s:96     .text.arm_sin_q31:0000003c $d

UNDEFINED SYMBOLS
sinTable_q31
