ARM GAS  /var/folders/ck/g3dcd5x55xs4107jgdl0snvr0000gn/T//cc6O72ti.s 			page 1


   1              		.cpu cortex-m4
   2              		.arch armv7e-m
   3              		.fpu fpv4-sp-d16
   4              		.eabi_attribute 27, 1
   5              		.eabi_attribute 28, 1
   6              		.eabi_attribute 20, 1
   7              		.eabi_attribute 21, 1
   8              		.eabi_attribute 23, 3
   9              		.eabi_attribute 24, 1
  10              		.eabi_attribute 25, 1
  11              		.eabi_attribute 26, 1
  12              		.eabi_attribute 30, 1
  13              		.eabi_attribute 34, 1
  14              		.eabi_attribute 18, 4
  15              		.file	"arm_q7_to_float.c"
  16              		.text
  17              	.Ltext0:
  18              		.cfi_sections	.debug_frame
  19              		.file 1 "DSP/Source/SupportFunctions/arm_q7_to_float.c"
  20              		.section	.text.arm_q7_to_float,"ax",%progbits
  21              		.align	1
  22              		.global	arm_q7_to_float
  23              		.syntax unified
  24              		.thumb
  25              		.thumb_func
  27              	arm_q7_to_float:
  28              	.LVL0:
  29              	.LFB139:
   1:DSP/Source/SupportFunctions/arm_q7_to_float.c **** /* ----------------------------------------------------------------------
   2:DSP/Source/SupportFunctions/arm_q7_to_float.c ****  * Project:      CMSIS DSP Library
   3:DSP/Source/SupportFunctions/arm_q7_to_float.c ****  * Title:        arm_q7_to_float.c
   4:DSP/Source/SupportFunctions/arm_q7_to_float.c ****  * Description:  Converts the elements of the Q7 vector to floating-point vector
   5:DSP/Source/SupportFunctions/arm_q7_to_float.c ****  *
   6:DSP/Source/SupportFunctions/arm_q7_to_float.c ****  * $Date:        27. January 2017
   7:DSP/Source/SupportFunctions/arm_q7_to_float.c ****  * $Revision:    V.1.5.1
   8:DSP/Source/SupportFunctions/arm_q7_to_float.c ****  *
   9:DSP/Source/SupportFunctions/arm_q7_to_float.c ****  * Target Processor: Cortex-M cores
  10:DSP/Source/SupportFunctions/arm_q7_to_float.c ****  * -------------------------------------------------------------------- */
  11:DSP/Source/SupportFunctions/arm_q7_to_float.c **** /*
  12:DSP/Source/SupportFunctions/arm_q7_to_float.c ****  * Copyright (C) 2010-2017 ARM Limited or its affiliates. All rights reserved.
  13:DSP/Source/SupportFunctions/arm_q7_to_float.c ****  *
  14:DSP/Source/SupportFunctions/arm_q7_to_float.c ****  * SPDX-License-Identifier: Apache-2.0
  15:DSP/Source/SupportFunctions/arm_q7_to_float.c ****  *
  16:DSP/Source/SupportFunctions/arm_q7_to_float.c ****  * Licensed under the Apache License, Version 2.0 (the License); you may
  17:DSP/Source/SupportFunctions/arm_q7_to_float.c ****  * not use this file except in compliance with the License.
  18:DSP/Source/SupportFunctions/arm_q7_to_float.c ****  * You may obtain a copy of the License at
  19:DSP/Source/SupportFunctions/arm_q7_to_float.c ****  *
  20:DSP/Source/SupportFunctions/arm_q7_to_float.c ****  * www.apache.org/licenses/LICENSE-2.0
  21:DSP/Source/SupportFunctions/arm_q7_to_float.c ****  *
  22:DSP/Source/SupportFunctions/arm_q7_to_float.c ****  * Unless required by applicable law or agreed to in writing, software
  23:DSP/Source/SupportFunctions/arm_q7_to_float.c ****  * distributed under the License is distributed on an AS IS BASIS, WITHOUT
  24:DSP/Source/SupportFunctions/arm_q7_to_float.c ****  * WARRANTIES OR CONDITIONS OF ANY KIND, either express or implied.
  25:DSP/Source/SupportFunctions/arm_q7_to_float.c ****  * See the License for the specific language governing permissions and
  26:DSP/Source/SupportFunctions/arm_q7_to_float.c ****  * limitations under the License.
  27:DSP/Source/SupportFunctions/arm_q7_to_float.c ****  */
  28:DSP/Source/SupportFunctions/arm_q7_to_float.c **** 
  29:DSP/Source/SupportFunctions/arm_q7_to_float.c **** #include "arm_math.h"
ARM GAS  /var/folders/ck/g3dcd5x55xs4107jgdl0snvr0000gn/T//cc6O72ti.s 			page 2


  30:DSP/Source/SupportFunctions/arm_q7_to_float.c **** 
  31:DSP/Source/SupportFunctions/arm_q7_to_float.c **** /**
  32:DSP/Source/SupportFunctions/arm_q7_to_float.c ****  * @ingroup groupSupport
  33:DSP/Source/SupportFunctions/arm_q7_to_float.c ****  */
  34:DSP/Source/SupportFunctions/arm_q7_to_float.c **** 
  35:DSP/Source/SupportFunctions/arm_q7_to_float.c **** /**
  36:DSP/Source/SupportFunctions/arm_q7_to_float.c ****  * @defgroup q7_to_x  Convert 8-bit Integer value
  37:DSP/Source/SupportFunctions/arm_q7_to_float.c ****  */
  38:DSP/Source/SupportFunctions/arm_q7_to_float.c **** 
  39:DSP/Source/SupportFunctions/arm_q7_to_float.c **** /**
  40:DSP/Source/SupportFunctions/arm_q7_to_float.c ****  * @addtogroup q7_to_x
  41:DSP/Source/SupportFunctions/arm_q7_to_float.c ****  * @{
  42:DSP/Source/SupportFunctions/arm_q7_to_float.c ****  */
  43:DSP/Source/SupportFunctions/arm_q7_to_float.c **** 
  44:DSP/Source/SupportFunctions/arm_q7_to_float.c **** /**
  45:DSP/Source/SupportFunctions/arm_q7_to_float.c ****  * @brief Converts the elements of the Q7 vector to floating-point vector.
  46:DSP/Source/SupportFunctions/arm_q7_to_float.c ****  * @param[in]       *pSrc points to the Q7 input vector
  47:DSP/Source/SupportFunctions/arm_q7_to_float.c ****  * @param[out]      *pDst points to the floating-point output vector
  48:DSP/Source/SupportFunctions/arm_q7_to_float.c ****  * @param[in]       blockSize length of the input vector
  49:DSP/Source/SupportFunctions/arm_q7_to_float.c ****  * @return none.
  50:DSP/Source/SupportFunctions/arm_q7_to_float.c ****  *
  51:DSP/Source/SupportFunctions/arm_q7_to_float.c ****  * \par Description:
  52:DSP/Source/SupportFunctions/arm_q7_to_float.c ****  *
  53:DSP/Source/SupportFunctions/arm_q7_to_float.c ****  * The equation used for the conversion process is:
  54:DSP/Source/SupportFunctions/arm_q7_to_float.c ****  *
  55:DSP/Source/SupportFunctions/arm_q7_to_float.c ****  * <pre>
  56:DSP/Source/SupportFunctions/arm_q7_to_float.c ****  * 	pDst[n] = (float32_t) pSrc[n] / 128;   0 <= n < blockSize.
  57:DSP/Source/SupportFunctions/arm_q7_to_float.c ****  * </pre>
  58:DSP/Source/SupportFunctions/arm_q7_to_float.c ****  *
  59:DSP/Source/SupportFunctions/arm_q7_to_float.c ****  */
  60:DSP/Source/SupportFunctions/arm_q7_to_float.c **** 
  61:DSP/Source/SupportFunctions/arm_q7_to_float.c **** 
  62:DSP/Source/SupportFunctions/arm_q7_to_float.c **** void arm_q7_to_float(
  63:DSP/Source/SupportFunctions/arm_q7_to_float.c ****   q7_t * pSrc,
  64:DSP/Source/SupportFunctions/arm_q7_to_float.c ****   float32_t * pDst,
  65:DSP/Source/SupportFunctions/arm_q7_to_float.c ****   uint32_t blockSize)
  66:DSP/Source/SupportFunctions/arm_q7_to_float.c **** {
  30              		.loc 1 66 1 view -0
  31              		.cfi_startproc
  32              		@ args = 0, pretend = 0, frame = 0
  33              		@ frame_needed = 0, uses_anonymous_args = 0
  34              		@ link register save eliminated.
  67:DSP/Source/SupportFunctions/arm_q7_to_float.c ****   q7_t *pIn = pSrc;                              /* Src pointer */
  35              		.loc 1 67 3 view .LVU1
  68:DSP/Source/SupportFunctions/arm_q7_to_float.c ****   uint32_t blkCnt;                               /* loop counter */
  36              		.loc 1 68 3 view .LVU2
  69:DSP/Source/SupportFunctions/arm_q7_to_float.c **** 
  70:DSP/Source/SupportFunctions/arm_q7_to_float.c **** 
  71:DSP/Source/SupportFunctions/arm_q7_to_float.c **** #if defined (ARM_MATH_DSP)
  72:DSP/Source/SupportFunctions/arm_q7_to_float.c **** 
  73:DSP/Source/SupportFunctions/arm_q7_to_float.c ****   /* Run the below code for Cortex-M4 and Cortex-M3 */
  74:DSP/Source/SupportFunctions/arm_q7_to_float.c **** 
  75:DSP/Source/SupportFunctions/arm_q7_to_float.c ****   /*loop Unrolling */
  76:DSP/Source/SupportFunctions/arm_q7_to_float.c ****   blkCnt = blockSize >> 2U;
  37              		.loc 1 76 3 view .LVU3
  38              		.loc 1 76 10 is_stmt 0 view .LVU4
  39 0000 9308     		lsrs	r3, r2, #2
ARM GAS  /var/folders/ck/g3dcd5x55xs4107jgdl0snvr0000gn/T//cc6O72ti.s 			page 3


  40              	.LVL1:
  77:DSP/Source/SupportFunctions/arm_q7_to_float.c **** 
  78:DSP/Source/SupportFunctions/arm_q7_to_float.c ****   /* First part of the processing with loop unrolling.  Compute 4 outputs at a time.
  79:DSP/Source/SupportFunctions/arm_q7_to_float.c ****    ** a second loop below computes the remaining 1 to 3 samples. */
  80:DSP/Source/SupportFunctions/arm_q7_to_float.c ****   while (blkCnt > 0U)
  41              		.loc 1 80 3 is_stmt 1 view .LVU5
  42              		.loc 1 80 9 is_stmt 0 view .LVU6
  43 0002 2CE0     		b	.L2
  44              	.LVL2:
  45              	.L3:
  81:DSP/Source/SupportFunctions/arm_q7_to_float.c ****   {
  82:DSP/Source/SupportFunctions/arm_q7_to_float.c ****     /* C = (float32_t) A / 128 */
  83:DSP/Source/SupportFunctions/arm_q7_to_float.c ****     /* convert from q7 to float and then store the results in the destination buffer */
  84:DSP/Source/SupportFunctions/arm_q7_to_float.c ****     *pDst++ = ((float32_t) * pIn++ / 128.0f);
  46              		.loc 1 84 5 is_stmt 1 view .LVU7
  47              		.loc 1 84 28 is_stmt 0 view .LVU8
  48 0004 90F900C0 		ldrsb	ip, [r0]
  49 0008 07EE90CA 		vmov	s15, ip	@ int
  50              		.loc 1 84 16 view .LVU9
  51 000c F8EEE77A 		vcvt.f32.s32	s15, s15
  52              	.LVL3:
  53              		.loc 1 84 36 view .LVU10
  54 0010 9FED1D7A 		vldr.32	s14, .L6
  55 0014 67EE877A 		vmul.f32	s15, s15, s14
  56              		.loc 1 84 13 view .LVU11
  57 0018 C1ED007A 		vstr.32	s15, [r1]
  85:DSP/Source/SupportFunctions/arm_q7_to_float.c ****     *pDst++ = ((float32_t) * pIn++ / 128.0f);
  58              		.loc 1 85 5 is_stmt 1 view .LVU12
  59              	.LVL4:
  60              		.loc 1 85 28 is_stmt 0 view .LVU13
  61 001c 90F901C0 		ldrsb	ip, [r0, #1]
  62 0020 07EE90CA 		vmov	s15, ip	@ int
  63              		.loc 1 85 16 view .LVU14
  64 0024 F8EEE77A 		vcvt.f32.s32	s15, s15
  65              	.LVL5:
  66              		.loc 1 85 36 view .LVU15
  67 0028 67EE877A 		vmul.f32	s15, s15, s14
  68              		.loc 1 85 13 view .LVU16
  69 002c C1ED017A 		vstr.32	s15, [r1, #4]
  86:DSP/Source/SupportFunctions/arm_q7_to_float.c ****     *pDst++ = ((float32_t) * pIn++ / 128.0f);
  70              		.loc 1 86 5 is_stmt 1 view .LVU17
  71              	.LVL6:
  72              		.loc 1 86 28 is_stmt 0 view .LVU18
  73 0030 90F902C0 		ldrsb	ip, [r0, #2]
  74 0034 07EE90CA 		vmov	s15, ip	@ int
  75              		.loc 1 86 16 view .LVU19
  76 0038 F8EEE77A 		vcvt.f32.s32	s15, s15
  77              	.LVL7:
  78              		.loc 1 86 36 view .LVU20
  79 003c 67EE877A 		vmul.f32	s15, s15, s14
  80              		.loc 1 86 13 view .LVU21
  81 0040 C1ED027A 		vstr.32	s15, [r1, #8]
  87:DSP/Source/SupportFunctions/arm_q7_to_float.c ****     *pDst++ = ((float32_t) * pIn++ / 128.0f);
  82              		.loc 1 87 5 is_stmt 1 view .LVU22
  83              	.LVL8:
  84              		.loc 1 87 28 is_stmt 0 view .LVU23
  85 0044 90F903C0 		ldrsb	ip, [r0, #3]
ARM GAS  /var/folders/ck/g3dcd5x55xs4107jgdl0snvr0000gn/T//cc6O72ti.s 			page 4


  86 0048 07EE90CA 		vmov	s15, ip	@ int
  87              		.loc 1 87 16 view .LVU24
  88 004c F8EEE77A 		vcvt.f32.s32	s15, s15
  89              	.LVL9:
  90              		.loc 1 87 36 view .LVU25
  91 0050 67EE877A 		vmul.f32	s15, s15, s14
  92              		.loc 1 87 13 view .LVU26
  93 0054 C1ED037A 		vstr.32	s15, [r1, #12]
  88:DSP/Source/SupportFunctions/arm_q7_to_float.c **** 
  89:DSP/Source/SupportFunctions/arm_q7_to_float.c ****     /* Decrement the loop counter */
  90:DSP/Source/SupportFunctions/arm_q7_to_float.c ****     blkCnt--;
  94              		.loc 1 90 5 is_stmt 1 view .LVU27
  95              		.loc 1 90 11 is_stmt 0 view .LVU28
  96 0058 013B     		subs	r3, r3, #1
  97              	.LVL10:
  87:DSP/Source/SupportFunctions/arm_q7_to_float.c ****     *pDst++ = ((float32_t) * pIn++ / 128.0f);
  98              		.loc 1 87 33 view .LVU29
  99 005a 0430     		adds	r0, r0, #4
 100              	.LVL11:
  87:DSP/Source/SupportFunctions/arm_q7_to_float.c ****     *pDst++ = ((float32_t) * pIn++ / 128.0f);
 101              		.loc 1 87 10 view .LVU30
 102 005c 1031     		adds	r1, r1, #16
 103              	.LVL12:
 104              	.L2:
  80:DSP/Source/SupportFunctions/arm_q7_to_float.c ****   {
 105              		.loc 1 80 17 is_stmt 1 view .LVU31
 106 005e 002B     		cmp	r3, #0
 107 0060 D0D1     		bne	.L3
  91:DSP/Source/SupportFunctions/arm_q7_to_float.c ****   }
  92:DSP/Source/SupportFunctions/arm_q7_to_float.c **** 
  93:DSP/Source/SupportFunctions/arm_q7_to_float.c ****   /* If the blockSize is not a multiple of 4, compute any remaining output samples here.
  94:DSP/Source/SupportFunctions/arm_q7_to_float.c ****    ** No loop unrolling is used. */
  95:DSP/Source/SupportFunctions/arm_q7_to_float.c ****   blkCnt = blockSize % 0x4U;
 108              		.loc 1 95 3 view .LVU32
 109              		.loc 1 95 10 is_stmt 0 view .LVU33
 110 0062 02F00302 		and	r2, r2, #3
 111              	.LVL13:
  96:DSP/Source/SupportFunctions/arm_q7_to_float.c **** 
  97:DSP/Source/SupportFunctions/arm_q7_to_float.c **** #else
  98:DSP/Source/SupportFunctions/arm_q7_to_float.c **** 
  99:DSP/Source/SupportFunctions/arm_q7_to_float.c ****   /* Run the below code for Cortex-M0 */
 100:DSP/Source/SupportFunctions/arm_q7_to_float.c **** 
 101:DSP/Source/SupportFunctions/arm_q7_to_float.c ****   /* Loop over blockSize number of values */
 102:DSP/Source/SupportFunctions/arm_q7_to_float.c ****   blkCnt = blockSize;
 103:DSP/Source/SupportFunctions/arm_q7_to_float.c **** 
 104:DSP/Source/SupportFunctions/arm_q7_to_float.c **** #endif /* #if defined (ARM_MATH_DSP) */
 105:DSP/Source/SupportFunctions/arm_q7_to_float.c **** 
 106:DSP/Source/SupportFunctions/arm_q7_to_float.c ****   while (blkCnt > 0U)
 112              		.loc 1 106 3 is_stmt 1 view .LVU34
 113              		.loc 1 106 9 is_stmt 0 view .LVU35
 114 0066 0CE0     		b	.L4
 115              	.L5:
 107:DSP/Source/SupportFunctions/arm_q7_to_float.c ****   {
 108:DSP/Source/SupportFunctions/arm_q7_to_float.c ****     /* C = (float32_t) A / 128 */
 109:DSP/Source/SupportFunctions/arm_q7_to_float.c ****     /* convert from q7 to float and then store the results in the destination buffer */
 110:DSP/Source/SupportFunctions/arm_q7_to_float.c ****     *pDst++ = ((float32_t) * pIn++ / 128.0f);
 116              		.loc 1 110 5 is_stmt 1 view .LVU36
ARM GAS  /var/folders/ck/g3dcd5x55xs4107jgdl0snvr0000gn/T//cc6O72ti.s 			page 5


 117              	.LVL14:
 118              		.loc 1 110 28 is_stmt 0 view .LVU37
 119 0068 10F9013B 		ldrsb	r3, [r0], #1
 120              	.LVL15:
 121              		.loc 1 110 28 view .LVU38
 122 006c 07EE903A 		vmov	s15, r3	@ int
 123              		.loc 1 110 16 view .LVU39
 124 0070 F8EEE77A 		vcvt.f32.s32	s15, s15
 125              	.LVL16:
 126              		.loc 1 110 36 view .LVU40
 127 0074 9FED047A 		vldr.32	s14, .L6
 128 0078 67EE877A 		vmul.f32	s15, s15, s14
 129              		.loc 1 110 13 view .LVU41
 130 007c E1EC017A 		vstmia.32	r1!, {s15}
 131              	.LVL17:
 111:DSP/Source/SupportFunctions/arm_q7_to_float.c **** 
 112:DSP/Source/SupportFunctions/arm_q7_to_float.c ****     /* Decrement the loop counter */
 113:DSP/Source/SupportFunctions/arm_q7_to_float.c ****     blkCnt--;
 132              		.loc 1 113 5 is_stmt 1 view .LVU42
 133              		.loc 1 113 11 is_stmt 0 view .LVU43
 134 0080 013A     		subs	r2, r2, #1
 135              	.LVL18:
 136              	.L4:
 106:DSP/Source/SupportFunctions/arm_q7_to_float.c ****   {
 137              		.loc 1 106 17 is_stmt 1 view .LVU44
 138 0082 002A     		cmp	r2, #0
 139 0084 F0D1     		bne	.L5
 114:DSP/Source/SupportFunctions/arm_q7_to_float.c ****   }
 115:DSP/Source/SupportFunctions/arm_q7_to_float.c **** }
 140              		.loc 1 115 1 is_stmt 0 view .LVU45
 141 0086 7047     		bx	lr
 142              	.L7:
 143              		.align	2
 144              	.L6:
 145 0088 0000003C 		.word	1006632960
 146              		.cfi_endproc
 147              	.LFE139:
 149              		.text
 150              	.Letext0:
 151              		.file 2 "/Users/luban/.local/xPacks/arm-none-eabi-gcc/xpack-arm-none-eabi-gcc-13.2.1-1.1/arm-none-
 152              		.file 3 "/Users/luban/.local/xPacks/arm-none-eabi-gcc/xpack-arm-none-eabi-gcc-13.2.1-1.1/arm-none-
 153              		.file 4 "DSP/Inc/arm_math.h"
ARM GAS  /var/folders/ck/g3dcd5x55xs4107jgdl0snvr0000gn/T//cc6O72ti.s 			page 6


DEFINED SYMBOLS
                            *ABS*:00000000 arm_q7_to_float.c
/var/folders/ck/g3dcd5x55xs4107jgdl0snvr0000gn/T//cc6O72ti.s:21     .text.arm_q7_to_float:00000000 $t
/var/folders/ck/g3dcd5x55xs4107jgdl0snvr0000gn/T//cc6O72ti.s:27     .text.arm_q7_to_float:00000000 arm_q7_to_float
/var/folders/ck/g3dcd5x55xs4107jgdl0snvr0000gn/T//cc6O72ti.s:145    .text.arm_q7_to_float:00000088 $d

NO UNDEFINED SYMBOLS
