ARM GAS  /var/folders/ck/g3dcd5x55xs4107jgdl0snvr0000gn/T//ccvG844N.s 			page 1


   1              		.cpu cortex-m4
   2              		.arch armv7e-m
   3              		.fpu fpv4-sp-d16
   4              		.eabi_attribute 27, 1
   5              		.eabi_attribute 28, 1
   6              		.eabi_attribute 20, 1
   7              		.eabi_attribute 21, 1
   8              		.eabi_attribute 23, 3
   9              		.eabi_attribute 24, 1
  10              		.eabi_attribute 25, 1
  11              		.eabi_attribute 26, 1
  12              		.eabi_attribute 30, 1
  13              		.eabi_attribute 34, 1
  14              		.eabi_attribute 18, 4
  15              		.file	"arm_fir_init_f32.c"
  16              		.text
  17              	.Ltext0:
  18              		.cfi_sections	.debug_frame
  19              		.file 1 "DSP/Source/FilteringFunctions/arm_fir_init_f32.c"
  20              		.section	.text.arm_fir_init_f32,"ax",%progbits
  21              		.align	1
  22              		.global	arm_fir_init_f32
  23              		.syntax unified
  24              		.thumb
  25              		.thumb_func
  27              	arm_fir_init_f32:
  28              	.LVL0:
  29              	.LFB139:
   1:DSP/Source/FilteringFunctions/arm_fir_init_f32.c **** /* ----------------------------------------------------------------------
   2:DSP/Source/FilteringFunctions/arm_fir_init_f32.c ****  * Project:      CMSIS DSP Library
   3:DSP/Source/FilteringFunctions/arm_fir_init_f32.c ****  * Title:        arm_fir_init_f32.c
   4:DSP/Source/FilteringFunctions/arm_fir_init_f32.c ****  * Description:  Floating-point FIR filter initialization function
   5:DSP/Source/FilteringFunctions/arm_fir_init_f32.c ****  *
   6:DSP/Source/FilteringFunctions/arm_fir_init_f32.c ****  * $Date:        27. January 2017
   7:DSP/Source/FilteringFunctions/arm_fir_init_f32.c ****  * $Revision:    V.1.5.1
   8:DSP/Source/FilteringFunctions/arm_fir_init_f32.c ****  *
   9:DSP/Source/FilteringFunctions/arm_fir_init_f32.c ****  * Target Processor: Cortex-M cores
  10:DSP/Source/FilteringFunctions/arm_fir_init_f32.c ****  * -------------------------------------------------------------------- */
  11:DSP/Source/FilteringFunctions/arm_fir_init_f32.c **** /*
  12:DSP/Source/FilteringFunctions/arm_fir_init_f32.c ****  * Copyright (C) 2010-2017 ARM Limited or its affiliates. All rights reserved.
  13:DSP/Source/FilteringFunctions/arm_fir_init_f32.c ****  *
  14:DSP/Source/FilteringFunctions/arm_fir_init_f32.c ****  * SPDX-License-Identifier: Apache-2.0
  15:DSP/Source/FilteringFunctions/arm_fir_init_f32.c ****  *
  16:DSP/Source/FilteringFunctions/arm_fir_init_f32.c ****  * Licensed under the Apache License, Version 2.0 (the License); you may
  17:DSP/Source/FilteringFunctions/arm_fir_init_f32.c ****  * not use this file except in compliance with the License.
  18:DSP/Source/FilteringFunctions/arm_fir_init_f32.c ****  * You may obtain a copy of the License at
  19:DSP/Source/FilteringFunctions/arm_fir_init_f32.c ****  *
  20:DSP/Source/FilteringFunctions/arm_fir_init_f32.c ****  * www.apache.org/licenses/LICENSE-2.0
  21:DSP/Source/FilteringFunctions/arm_fir_init_f32.c ****  *
  22:DSP/Source/FilteringFunctions/arm_fir_init_f32.c ****  * Unless required by applicable law or agreed to in writing, software
  23:DSP/Source/FilteringFunctions/arm_fir_init_f32.c ****  * distributed under the License is distributed on an AS IS BASIS, WITHOUT
  24:DSP/Source/FilteringFunctions/arm_fir_init_f32.c ****  * WARRANTIES OR CONDITIONS OF ANY KIND, either express or implied.
  25:DSP/Source/FilteringFunctions/arm_fir_init_f32.c ****  * See the License for the specific language governing permissions and
  26:DSP/Source/FilteringFunctions/arm_fir_init_f32.c ****  * limitations under the License.
  27:DSP/Source/FilteringFunctions/arm_fir_init_f32.c ****  */
  28:DSP/Source/FilteringFunctions/arm_fir_init_f32.c **** 
  29:DSP/Source/FilteringFunctions/arm_fir_init_f32.c **** #include "arm_math.h"
ARM GAS  /var/folders/ck/g3dcd5x55xs4107jgdl0snvr0000gn/T//ccvG844N.s 			page 2


  30:DSP/Source/FilteringFunctions/arm_fir_init_f32.c **** 
  31:DSP/Source/FilteringFunctions/arm_fir_init_f32.c **** /**
  32:DSP/Source/FilteringFunctions/arm_fir_init_f32.c ****  * @ingroup groupFilters
  33:DSP/Source/FilteringFunctions/arm_fir_init_f32.c ****  */
  34:DSP/Source/FilteringFunctions/arm_fir_init_f32.c **** 
  35:DSP/Source/FilteringFunctions/arm_fir_init_f32.c **** /**
  36:DSP/Source/FilteringFunctions/arm_fir_init_f32.c ****  * @addtogroup FIR
  37:DSP/Source/FilteringFunctions/arm_fir_init_f32.c ****  * @{
  38:DSP/Source/FilteringFunctions/arm_fir_init_f32.c ****  */
  39:DSP/Source/FilteringFunctions/arm_fir_init_f32.c **** 
  40:DSP/Source/FilteringFunctions/arm_fir_init_f32.c **** /**
  41:DSP/Source/FilteringFunctions/arm_fir_init_f32.c ****  * @details
  42:DSP/Source/FilteringFunctions/arm_fir_init_f32.c ****  *
  43:DSP/Source/FilteringFunctions/arm_fir_init_f32.c ****  * @param[in,out] *S points to an instance of the floating-point FIR filter structure.
  44:DSP/Source/FilteringFunctions/arm_fir_init_f32.c ****  * @param[in] 	  numTaps  Number of filter coefficients in the filter.
  45:DSP/Source/FilteringFunctions/arm_fir_init_f32.c ****  * @param[in]     *pCoeffs points to the filter coefficients buffer.
  46:DSP/Source/FilteringFunctions/arm_fir_init_f32.c ****  * @param[in]     *pState points to the state buffer.
  47:DSP/Source/FilteringFunctions/arm_fir_init_f32.c ****  * @param[in] 	  blockSize number of samples that are processed per call.
  48:DSP/Source/FilteringFunctions/arm_fir_init_f32.c ****  * @return 		  none.
  49:DSP/Source/FilteringFunctions/arm_fir_init_f32.c ****  *
  50:DSP/Source/FilteringFunctions/arm_fir_init_f32.c ****  * <b>Description:</b>
  51:DSP/Source/FilteringFunctions/arm_fir_init_f32.c ****  * \par
  52:DSP/Source/FilteringFunctions/arm_fir_init_f32.c ****  * <code>pCoeffs</code> points to the array of filter coefficients stored in time reversed order:
  53:DSP/Source/FilteringFunctions/arm_fir_init_f32.c ****  * <pre>
  54:DSP/Source/FilteringFunctions/arm_fir_init_f32.c ****  *    {b[numTaps-1], b[numTaps-2], b[N-2], ..., b[1], b[0]}
  55:DSP/Source/FilteringFunctions/arm_fir_init_f32.c ****  * </pre>
  56:DSP/Source/FilteringFunctions/arm_fir_init_f32.c ****  * \par
  57:DSP/Source/FilteringFunctions/arm_fir_init_f32.c ****  * <code>pState</code> points to the array of state variables.
  58:DSP/Source/FilteringFunctions/arm_fir_init_f32.c ****  * <code>pState</code> is of length <code>numTaps+blockSize-1</code> samples, where <code>blockSize
  59:DSP/Source/FilteringFunctions/arm_fir_init_f32.c ****  */
  60:DSP/Source/FilteringFunctions/arm_fir_init_f32.c **** 
  61:DSP/Source/FilteringFunctions/arm_fir_init_f32.c **** void arm_fir_init_f32(
  62:DSP/Source/FilteringFunctions/arm_fir_init_f32.c ****   arm_fir_instance_f32 * S,
  63:DSP/Source/FilteringFunctions/arm_fir_init_f32.c ****   uint16_t numTaps,
  64:DSP/Source/FilteringFunctions/arm_fir_init_f32.c ****   float32_t * pCoeffs,
  65:DSP/Source/FilteringFunctions/arm_fir_init_f32.c ****   float32_t * pState,
  66:DSP/Source/FilteringFunctions/arm_fir_init_f32.c ****   uint32_t blockSize)
  67:DSP/Source/FilteringFunctions/arm_fir_init_f32.c **** {
  30              		.loc 1 67 1 view -0
  31              		.cfi_startproc
  32              		@ args = 4, pretend = 0, frame = 0
  33              		@ frame_needed = 0, uses_anonymous_args = 0
  34              		.loc 1 67 1 is_stmt 0 view .LVU1
  35 0000 38B5     		push	{r3, r4, r5, lr}
  36              	.LCFI0:
  37              		.cfi_def_cfa_offset 16
  38              		.cfi_offset 3, -16
  39              		.cfi_offset 4, -12
  40              		.cfi_offset 5, -8
  41              		.cfi_offset 14, -4
  42 0002 0446     		mov	r4, r0
  43 0004 1D46     		mov	r5, r3
  68:DSP/Source/FilteringFunctions/arm_fir_init_f32.c ****   /* Assign filter taps */
  69:DSP/Source/FilteringFunctions/arm_fir_init_f32.c ****   S->numTaps = numTaps;
  44              		.loc 1 69 3 is_stmt 1 view .LVU2
  45              		.loc 1 69 14 is_stmt 0 view .LVU3
  46 0006 0180     		strh	r1, [r0]	@ movhi
ARM GAS  /var/folders/ck/g3dcd5x55xs4107jgdl0snvr0000gn/T//ccvG844N.s 			page 3


  70:DSP/Source/FilteringFunctions/arm_fir_init_f32.c **** 
  71:DSP/Source/FilteringFunctions/arm_fir_init_f32.c ****   /* Assign coefficient pointer */
  72:DSP/Source/FilteringFunctions/arm_fir_init_f32.c ****   S->pCoeffs = pCoeffs;
  47              		.loc 1 72 3 is_stmt 1 view .LVU4
  48              		.loc 1 72 14 is_stmt 0 view .LVU5
  49 0008 8260     		str	r2, [r0, #8]
  73:DSP/Source/FilteringFunctions/arm_fir_init_f32.c **** 
  74:DSP/Source/FilteringFunctions/arm_fir_init_f32.c ****   /* Clear state buffer and the size of state buffer is (blockSize + numTaps - 1) */
  75:DSP/Source/FilteringFunctions/arm_fir_init_f32.c ****   memset(pState, 0, (numTaps + (blockSize - 1U)) * sizeof(float32_t));
  50              		.loc 1 75 3 is_stmt 1 view .LVU6
  51              		.loc 1 75 30 is_stmt 0 view .LVU7
  52 000a 049B     		ldr	r3, [sp, #16]
  53              	.LVL1:
  54              		.loc 1 75 30 view .LVU8
  55 000c 1944     		add	r1, r1, r3
  56              	.LVL2:
  57              		.loc 1 75 30 view .LVU9
  58 000e 4A1E     		subs	r2, r1, #1
  59              	.LVL3:
  60              		.loc 1 75 3 view .LVU10
  61 0010 9200     		lsls	r2, r2, #2
  62 0012 0021     		movs	r1, #0
  63 0014 2846     		mov	r0, r5
  64              	.LVL4:
  65              		.loc 1 75 3 view .LVU11
  66 0016 FFF7FEFF 		bl	memset
  67              	.LVL5:
  76:DSP/Source/FilteringFunctions/arm_fir_init_f32.c **** 
  77:DSP/Source/FilteringFunctions/arm_fir_init_f32.c ****   /* Assign state pointer */
  78:DSP/Source/FilteringFunctions/arm_fir_init_f32.c ****   S->pState = pState;
  68              		.loc 1 78 3 is_stmt 1 view .LVU12
  69              		.loc 1 78 13 is_stmt 0 view .LVU13
  70 001a 6560     		str	r5, [r4, #4]
  79:DSP/Source/FilteringFunctions/arm_fir_init_f32.c **** 
  80:DSP/Source/FilteringFunctions/arm_fir_init_f32.c **** }
  71              		.loc 1 80 1 view .LVU14
  72 001c 38BD     		pop	{r3, r4, r5, pc}
  73              		.loc 1 80 1 view .LVU15
  74              		.cfi_endproc
  75              	.LFE139:
  77              		.text
  78              	.Letext0:
  79              		.file 2 "/Users/luban/.local/xPacks/arm-none-eabi-gcc/xpack-arm-none-eabi-gcc-13.2.1-1.1/arm-none-
  80              		.file 3 "/Users/luban/.local/xPacks/arm-none-eabi-gcc/xpack-arm-none-eabi-gcc-13.2.1-1.1/arm-none-
  81              		.file 4 "/Users/luban/.local/xPacks/arm-none-eabi-gcc/xpack-arm-none-eabi-gcc-13.2.1-1.1/lib/gcc/a
  82              		.file 5 "DSP/Inc/arm_math.h"
  83              		.file 6 "/Users/luban/.local/xPacks/arm-none-eabi-gcc/xpack-arm-none-eabi-gcc-13.2.1-1.1/arm-none-
  84              		.file 7 "<built-in>"
ARM GAS  /var/folders/ck/g3dcd5x55xs4107jgdl0snvr0000gn/T//ccvG844N.s 			page 4


DEFINED SYMBOLS
                            *ABS*:00000000 arm_fir_init_f32.c
/var/folders/ck/g3dcd5x55xs4107jgdl0snvr0000gn/T//ccvG844N.s:21     .text.arm_fir_init_f32:00000000 $t
/var/folders/ck/g3dcd5x55xs4107jgdl0snvr0000gn/T//ccvG844N.s:27     .text.arm_fir_init_f32:00000000 arm_fir_init_f32

UNDEFINED SYMBOLS
memset
