ARM GAS  /var/folders/ck/g3dcd5x55xs4107jgdl0snvr0000gn/T//ccCyluK9.s 			page 1


   1              		.cpu cortex-m4
   2              		.arch armv7e-m
   3              		.fpu fpv4-sp-d16
   4              		.eabi_attribute 27, 1
   5              		.eabi_attribute 28, 1
   6              		.eabi_attribute 20, 1
   7              		.eabi_attribute 21, 1
   8              		.eabi_attribute 23, 3
   9              		.eabi_attribute 24, 1
  10              		.eabi_attribute 25, 1
  11              		.eabi_attribute 26, 1
  12              		.eabi_attribute 30, 1
  13              		.eabi_attribute 34, 1
  14              		.eabi_attribute 18, 4
  15              		.file	"arm_mean_q7.c"
  16              		.text
  17              	.Ltext0:
  18              		.cfi_sections	.debug_frame
  19              		.file 1 "DSP/Source/StatisticsFunctions/arm_mean_q7.c"
  20              		.section	.text.arm_mean_q7,"ax",%progbits
  21              		.align	1
  22              		.global	arm_mean_q7
  23              		.syntax unified
  24              		.thumb
  25              		.thumb_func
  27              	arm_mean_q7:
  28              	.LVL0:
  29              	.LFB139:
   1:DSP/Source/StatisticsFunctions/arm_mean_q7.c **** /* ----------------------------------------------------------------------
   2:DSP/Source/StatisticsFunctions/arm_mean_q7.c ****  * Project:      CMSIS DSP Library
   3:DSP/Source/StatisticsFunctions/arm_mean_q7.c ****  * Title:        arm_mean_q7.c
   4:DSP/Source/StatisticsFunctions/arm_mean_q7.c ****  * Description:  Mean value of a Q7 vector
   5:DSP/Source/StatisticsFunctions/arm_mean_q7.c ****  *
   6:DSP/Source/StatisticsFunctions/arm_mean_q7.c ****  * $Date:        27. January 2017
   7:DSP/Source/StatisticsFunctions/arm_mean_q7.c ****  * $Revision:    V.1.5.1
   8:DSP/Source/StatisticsFunctions/arm_mean_q7.c ****  *
   9:DSP/Source/StatisticsFunctions/arm_mean_q7.c ****  * Target Processor: Cortex-M cores
  10:DSP/Source/StatisticsFunctions/arm_mean_q7.c ****  * -------------------------------------------------------------------- */
  11:DSP/Source/StatisticsFunctions/arm_mean_q7.c **** /*
  12:DSP/Source/StatisticsFunctions/arm_mean_q7.c ****  * Copyright (C) 2010-2017 ARM Limited or its affiliates. All rights reserved.
  13:DSP/Source/StatisticsFunctions/arm_mean_q7.c ****  *
  14:DSP/Source/StatisticsFunctions/arm_mean_q7.c ****  * SPDX-License-Identifier: Apache-2.0
  15:DSP/Source/StatisticsFunctions/arm_mean_q7.c ****  *
  16:DSP/Source/StatisticsFunctions/arm_mean_q7.c ****  * Licensed under the Apache License, Version 2.0 (the License); you may
  17:DSP/Source/StatisticsFunctions/arm_mean_q7.c ****  * not use this file except in compliance with the License.
  18:DSP/Source/StatisticsFunctions/arm_mean_q7.c ****  * You may obtain a copy of the License at
  19:DSP/Source/StatisticsFunctions/arm_mean_q7.c ****  *
  20:DSP/Source/StatisticsFunctions/arm_mean_q7.c ****  * www.apache.org/licenses/LICENSE-2.0
  21:DSP/Source/StatisticsFunctions/arm_mean_q7.c ****  *
  22:DSP/Source/StatisticsFunctions/arm_mean_q7.c ****  * Unless required by applicable law or agreed to in writing, software
  23:DSP/Source/StatisticsFunctions/arm_mean_q7.c ****  * distributed under the License is distributed on an AS IS BASIS, WITHOUT
  24:DSP/Source/StatisticsFunctions/arm_mean_q7.c ****  * WARRANTIES OR CONDITIONS OF ANY KIND, either express or implied.
  25:DSP/Source/StatisticsFunctions/arm_mean_q7.c ****  * See the License for the specific language governing permissions and
  26:DSP/Source/StatisticsFunctions/arm_mean_q7.c ****  * limitations under the License.
  27:DSP/Source/StatisticsFunctions/arm_mean_q7.c ****  */
  28:DSP/Source/StatisticsFunctions/arm_mean_q7.c **** 
  29:DSP/Source/StatisticsFunctions/arm_mean_q7.c **** #include "arm_math.h"
ARM GAS  /var/folders/ck/g3dcd5x55xs4107jgdl0snvr0000gn/T//ccCyluK9.s 			page 2


  30:DSP/Source/StatisticsFunctions/arm_mean_q7.c **** 
  31:DSP/Source/StatisticsFunctions/arm_mean_q7.c **** /**
  32:DSP/Source/StatisticsFunctions/arm_mean_q7.c ****  * @ingroup groupStats
  33:DSP/Source/StatisticsFunctions/arm_mean_q7.c ****  */
  34:DSP/Source/StatisticsFunctions/arm_mean_q7.c **** 
  35:DSP/Source/StatisticsFunctions/arm_mean_q7.c **** /**
  36:DSP/Source/StatisticsFunctions/arm_mean_q7.c ****  * @addtogroup mean
  37:DSP/Source/StatisticsFunctions/arm_mean_q7.c ****  * @{
  38:DSP/Source/StatisticsFunctions/arm_mean_q7.c ****  */
  39:DSP/Source/StatisticsFunctions/arm_mean_q7.c **** 
  40:DSP/Source/StatisticsFunctions/arm_mean_q7.c **** 
  41:DSP/Source/StatisticsFunctions/arm_mean_q7.c **** /**
  42:DSP/Source/StatisticsFunctions/arm_mean_q7.c ****  * @brief Mean value of a Q7 vector.
  43:DSP/Source/StatisticsFunctions/arm_mean_q7.c ****  * @param[in]       *pSrc points to the input vector
  44:DSP/Source/StatisticsFunctions/arm_mean_q7.c ****  * @param[in]       blockSize length of the input vector
  45:DSP/Source/StatisticsFunctions/arm_mean_q7.c ****  * @param[out]      *pResult mean value returned here
  46:DSP/Source/StatisticsFunctions/arm_mean_q7.c ****  * @return none.
  47:DSP/Source/StatisticsFunctions/arm_mean_q7.c ****  *
  48:DSP/Source/StatisticsFunctions/arm_mean_q7.c ****  * @details
  49:DSP/Source/StatisticsFunctions/arm_mean_q7.c ****  * <b>Scaling and Overflow Behavior:</b>
  50:DSP/Source/StatisticsFunctions/arm_mean_q7.c ****  * \par
  51:DSP/Source/StatisticsFunctions/arm_mean_q7.c ****  * The function is implemented using a 32-bit internal accumulator.
  52:DSP/Source/StatisticsFunctions/arm_mean_q7.c ****  * The input is represented in 1.7 format and is accumulated in a 32-bit
  53:DSP/Source/StatisticsFunctions/arm_mean_q7.c ****  * accumulator in 25.7 format.
  54:DSP/Source/StatisticsFunctions/arm_mean_q7.c ****  * There is no risk of internal overflow with this approach, and the
  55:DSP/Source/StatisticsFunctions/arm_mean_q7.c ****  * full precision of intermediate result is preserved.
  56:DSP/Source/StatisticsFunctions/arm_mean_q7.c ****  * Finally, the accumulator is truncated to yield a result of 1.7 format.
  57:DSP/Source/StatisticsFunctions/arm_mean_q7.c ****  *
  58:DSP/Source/StatisticsFunctions/arm_mean_q7.c ****  */
  59:DSP/Source/StatisticsFunctions/arm_mean_q7.c **** 
  60:DSP/Source/StatisticsFunctions/arm_mean_q7.c **** void arm_mean_q7(
  61:DSP/Source/StatisticsFunctions/arm_mean_q7.c ****   q7_t * pSrc,
  62:DSP/Source/StatisticsFunctions/arm_mean_q7.c ****   uint32_t blockSize,
  63:DSP/Source/StatisticsFunctions/arm_mean_q7.c ****   q7_t * pResult)
  64:DSP/Source/StatisticsFunctions/arm_mean_q7.c **** {
  30              		.loc 1 64 1 view -0
  31              		.cfi_startproc
  32              		@ args = 0, pretend = 0, frame = 0
  33              		@ frame_needed = 0, uses_anonymous_args = 0
  34              		@ link register save eliminated.
  35              		.loc 1 64 1 is_stmt 0 view .LVU1
  36 0000 30B4     		push	{r4, r5}
  37              	.LCFI0:
  38              		.cfi_def_cfa_offset 8
  39              		.cfi_offset 4, -8
  40              		.cfi_offset 5, -4
  65:DSP/Source/StatisticsFunctions/arm_mean_q7.c ****   q31_t sum = 0;                                 /* Temporary result storage */
  41              		.loc 1 65 3 is_stmt 1 view .LVU2
  42              	.LVL1:
  66:DSP/Source/StatisticsFunctions/arm_mean_q7.c ****   uint32_t blkCnt;                               /* loop counter */
  43              		.loc 1 66 3 view .LVU3
  67:DSP/Source/StatisticsFunctions/arm_mean_q7.c **** 
  68:DSP/Source/StatisticsFunctions/arm_mean_q7.c **** #if defined (ARM_MATH_DSP)
  69:DSP/Source/StatisticsFunctions/arm_mean_q7.c ****   /* Run the below code for Cortex-M4 and Cortex-M3 */
  70:DSP/Source/StatisticsFunctions/arm_mean_q7.c **** 
  71:DSP/Source/StatisticsFunctions/arm_mean_q7.c ****   q31_t in;
  44              		.loc 1 71 3 view .LVU4
ARM GAS  /var/folders/ck/g3dcd5x55xs4107jgdl0snvr0000gn/T//ccCyluK9.s 			page 3


  72:DSP/Source/StatisticsFunctions/arm_mean_q7.c **** 
  73:DSP/Source/StatisticsFunctions/arm_mean_q7.c ****   /*loop Unrolling */
  74:DSP/Source/StatisticsFunctions/arm_mean_q7.c ****   blkCnt = blockSize >> 2U;
  45              		.loc 1 74 3 view .LVU5
  46              		.loc 1 74 10 is_stmt 0 view .LVU6
  47 0002 8D08     		lsrs	r5, r1, #2
  48              	.LVL2:
  75:DSP/Source/StatisticsFunctions/arm_mean_q7.c **** 
  76:DSP/Source/StatisticsFunctions/arm_mean_q7.c ****   /* First part of the processing with loop unrolling.  Compute 4 outputs at a time.
  77:DSP/Source/StatisticsFunctions/arm_mean_q7.c ****    ** a second loop below computes the remaining 1 to 3 samples. */
  78:DSP/Source/StatisticsFunctions/arm_mean_q7.c ****   while (blkCnt > 0U)
  49              		.loc 1 78 3 is_stmt 1 view .LVU7
  65:DSP/Source/StatisticsFunctions/arm_mean_q7.c ****   uint32_t blkCnt;                               /* loop counter */
  50              		.loc 1 65 9 is_stmt 0 view .LVU8
  51 0004 0023     		movs	r3, #0
  52              		.loc 1 78 9 view .LVU9
  53 0006 0CE0     		b	.L2
  54              	.LVL3:
  55              	.L3:
  79:DSP/Source/StatisticsFunctions/arm_mean_q7.c ****   {
  80:DSP/Source/StatisticsFunctions/arm_mean_q7.c ****     /* C = (A[0] + A[1] + A[2] + ... + A[blockSize-1]) */
  81:DSP/Source/StatisticsFunctions/arm_mean_q7.c ****     in = *__SIMD32(pSrc)++;
  56              		.loc 1 81 5 is_stmt 1 view .LVU10
  57              		.loc 1 81 8 is_stmt 0 view .LVU11
  58 0008 50F8044B 		ldr	r4, [r0], #4
  59              	.LVL4:
  82:DSP/Source/StatisticsFunctions/arm_mean_q7.c **** 
  83:DSP/Source/StatisticsFunctions/arm_mean_q7.c ****     sum += ((in << 24U) >> 24U);
  60              		.loc 1 83 5 is_stmt 1 view .LVU12
  61              		.loc 1 83 9 is_stmt 0 view .LVU13
  62 000c 43FA84F3 		sxtab	r3, r3, r4
  63              	.LVL5:
  84:DSP/Source/StatisticsFunctions/arm_mean_q7.c ****     sum += ((in << 16U) >> 24U);
  64              		.loc 1 84 5 is_stmt 1 view .LVU14
  65              		.loc 1 84 25 is_stmt 0 view .LVU15
  66 0010 44F3072C 		sbfx	ip, r4, #8, #8
  67              		.loc 1 84 9 view .LVU16
  68 0014 9C44     		add	ip, ip, r3
  69              	.LVL6:
  85:DSP/Source/StatisticsFunctions/arm_mean_q7.c ****     sum += ((in <<  8U) >> 24U);
  70              		.loc 1 85 5 is_stmt 1 view .LVU17
  71              		.loc 1 85 25 is_stmt 0 view .LVU18
  72 0016 44F30743 		sbfx	r3, r4, #16, #8
  73              		.loc 1 85 9 view .LVU19
  74 001a 6344     		add	r3, r3, ip
  75              	.LVL7:
  86:DSP/Source/StatisticsFunctions/arm_mean_q7.c ****     sum +=  (in >> 24U);
  76              		.loc 1 86 5 is_stmt 1 view .LVU20
  77              		.loc 1 86 9 is_stmt 0 view .LVU21
  78 001c 03EB2463 		add	r3, r3, r4, asr #24
  79              	.LVL8:
  87:DSP/Source/StatisticsFunctions/arm_mean_q7.c **** 
  88:DSP/Source/StatisticsFunctions/arm_mean_q7.c ****     /* Decrement the loop counter */
  89:DSP/Source/StatisticsFunctions/arm_mean_q7.c ****     blkCnt--;
  80              		.loc 1 89 5 is_stmt 1 view .LVU22
  81              		.loc 1 89 11 is_stmt 0 view .LVU23
  82 0020 013D     		subs	r5, r5, #1
ARM GAS  /var/folders/ck/g3dcd5x55xs4107jgdl0snvr0000gn/T//ccCyluK9.s 			page 4


  83              	.LVL9:
  84              	.L2:
  78:DSP/Source/StatisticsFunctions/arm_mean_q7.c ****   {
  85              		.loc 1 78 17 is_stmt 1 view .LVU24
  86 0022 002D     		cmp	r5, #0
  87 0024 F0D1     		bne	.L3
  90:DSP/Source/StatisticsFunctions/arm_mean_q7.c ****   }
  91:DSP/Source/StatisticsFunctions/arm_mean_q7.c **** 
  92:DSP/Source/StatisticsFunctions/arm_mean_q7.c ****   /* If the blockSize is not a multiple of 4, compute any remaining output samples here.
  93:DSP/Source/StatisticsFunctions/arm_mean_q7.c ****    ** No loop unrolling is used. */
  94:DSP/Source/StatisticsFunctions/arm_mean_q7.c ****   blkCnt = blockSize % 0x4U;
  88              		.loc 1 94 3 view .LVU25
  89              		.loc 1 94 10 is_stmt 0 view .LVU26
  90 0026 01F00304 		and	r4, r1, #3
  91              	.LVL10:
  95:DSP/Source/StatisticsFunctions/arm_mean_q7.c **** 
  96:DSP/Source/StatisticsFunctions/arm_mean_q7.c **** #else
  97:DSP/Source/StatisticsFunctions/arm_mean_q7.c ****   /* Run the below code for Cortex-M0 */
  98:DSP/Source/StatisticsFunctions/arm_mean_q7.c **** 
  99:DSP/Source/StatisticsFunctions/arm_mean_q7.c ****   /* Loop over blockSize number of values */
 100:DSP/Source/StatisticsFunctions/arm_mean_q7.c ****   blkCnt = blockSize;
 101:DSP/Source/StatisticsFunctions/arm_mean_q7.c **** 
 102:DSP/Source/StatisticsFunctions/arm_mean_q7.c **** #endif /* #if defined (ARM_MATH_DSP) */
 103:DSP/Source/StatisticsFunctions/arm_mean_q7.c **** 
 104:DSP/Source/StatisticsFunctions/arm_mean_q7.c ****   while (blkCnt > 0U)
  92              		.loc 1 104 3 is_stmt 1 view .LVU27
  93              		.loc 1 104 9 is_stmt 0 view .LVU28
  94 002a 03E0     		b	.L4
  95              	.L5:
 105:DSP/Source/StatisticsFunctions/arm_mean_q7.c ****   {
 106:DSP/Source/StatisticsFunctions/arm_mean_q7.c ****     /* C = (A[0] + A[1] + A[2] + ... + A[blockSize-1]) */
 107:DSP/Source/StatisticsFunctions/arm_mean_q7.c ****     sum += *pSrc++;
  96              		.loc 1 107 5 is_stmt 1 view .LVU29
  97              	.LVL11:
  98              		.loc 1 107 12 is_stmt 0 view .LVU30
  99 002c 10F9015B 		ldrsb	r5, [r0], #1
 100              	.LVL12:
 101              		.loc 1 107 9 view .LVU31
 102 0030 2B44     		add	r3, r3, r5
 103              	.LVL13:
 108:DSP/Source/StatisticsFunctions/arm_mean_q7.c **** 
 109:DSP/Source/StatisticsFunctions/arm_mean_q7.c ****     /* Decrement the loop counter */
 110:DSP/Source/StatisticsFunctions/arm_mean_q7.c ****     blkCnt--;
 104              		.loc 1 110 5 is_stmt 1 view .LVU32
 105              		.loc 1 110 11 is_stmt 0 view .LVU33
 106 0032 013C     		subs	r4, r4, #1
 107              	.LVL14:
 108              	.L4:
 104:DSP/Source/StatisticsFunctions/arm_mean_q7.c ****   {
 109              		.loc 1 104 17 is_stmt 1 view .LVU34
 110 0034 002C     		cmp	r4, #0
 111 0036 F9D1     		bne	.L5
 111:DSP/Source/StatisticsFunctions/arm_mean_q7.c ****   }
 112:DSP/Source/StatisticsFunctions/arm_mean_q7.c **** 
 113:DSP/Source/StatisticsFunctions/arm_mean_q7.c ****   /* C = (A[0] + A[1] + A[2] + ... + A[blockSize-1]) / blockSize  */
 114:DSP/Source/StatisticsFunctions/arm_mean_q7.c ****   /* Store the result to the destination */
 115:DSP/Source/StatisticsFunctions/arm_mean_q7.c ****   *pResult = (q7_t) (sum / (int32_t) blockSize);
ARM GAS  /var/folders/ck/g3dcd5x55xs4107jgdl0snvr0000gn/T//ccCyluK9.s 			page 5


 112              		.loc 1 115 3 view .LVU35
 113              		.loc 1 115 26 is_stmt 0 view .LVU36
 114 0038 93FBF1F3 		sdiv	r3, r3, r1
 115              	.LVL15:
 116              		.loc 1 115 12 view .LVU37
 117 003c 1370     		strb	r3, [r2]
 116:DSP/Source/StatisticsFunctions/arm_mean_q7.c **** }
 118              		.loc 1 116 1 view .LVU38
 119 003e 30BC     		pop	{r4, r5}
 120              	.LCFI1:
 121              		.cfi_restore 5
 122              		.cfi_restore 4
 123              		.cfi_def_cfa_offset 0
 124              	.LVL16:
 125              		.loc 1 116 1 view .LVU39
 126 0040 7047     		bx	lr
 127              		.cfi_endproc
 128              	.LFE139:
 130              		.text
 131              	.Letext0:
 132              		.file 2 "/Users/luban/.local/xPacks/arm-none-eabi-gcc/xpack-arm-none-eabi-gcc-13.2.1-1.1/arm-none-
 133              		.file 3 "/Users/luban/.local/xPacks/arm-none-eabi-gcc/xpack-arm-none-eabi-gcc-13.2.1-1.1/arm-none-
 134              		.file 4 "DSP/Inc/arm_math.h"
ARM GAS  /var/folders/ck/g3dcd5x55xs4107jgdl0snvr0000gn/T//ccCyluK9.s 			page 6


DEFINED SYMBOLS
                            *ABS*:00000000 arm_mean_q7.c
/var/folders/ck/g3dcd5x55xs4107jgdl0snvr0000gn/T//ccCyluK9.s:21     .text.arm_mean_q7:00000000 $t
/var/folders/ck/g3dcd5x55xs4107jgdl0snvr0000gn/T//ccCyluK9.s:27     .text.arm_mean_q7:00000000 arm_mean_q7

NO UNDEFINED SYMBOLS
