ARM GAS  /var/folders/ck/g3dcd5x55xs4107jgdl0snvr0000gn/T//ccKVGbyI.s 			page 1


   1              		.cpu cortex-m4
   2              		.arch armv7e-m
   3              		.fpu fpv4-sp-d16
   4              		.eabi_attribute 27, 1
   5              		.eabi_attribute 28, 1
   6              		.eabi_attribute 20, 1
   7              		.eabi_attribute 21, 1
   8              		.eabi_attribute 23, 3
   9              		.eabi_attribute 24, 1
  10              		.eabi_attribute 25, 1
  11              		.eabi_attribute 26, 1
  12              		.eabi_attribute 30, 1
  13              		.eabi_attribute 34, 1
  14              		.eabi_attribute 18, 4
  15              		.file	"arm_fill_q31.c"
  16              		.text
  17              	.Ltext0:
  18              		.cfi_sections	.debug_frame
  19              		.file 1 "DSP/Source/SupportFunctions/arm_fill_q31.c"
  20              		.section	.text.arm_fill_q31,"ax",%progbits
  21              		.align	1
  22              		.global	arm_fill_q31
  23              		.syntax unified
  24              		.thumb
  25              		.thumb_func
  27              	arm_fill_q31:
  28              	.LVL0:
  29              	.LFB139:
   1:DSP/Source/SupportFunctions/arm_fill_q31.c **** /* ----------------------------------------------------------------------
   2:DSP/Source/SupportFunctions/arm_fill_q31.c ****  * Project:      CMSIS DSP Library
   3:DSP/Source/SupportFunctions/arm_fill_q31.c ****  * Title:        arm_fill_q31.c
   4:DSP/Source/SupportFunctions/arm_fill_q31.c ****  * Description:  Fills a constant value into a Q31 vector
   5:DSP/Source/SupportFunctions/arm_fill_q31.c ****  *
   6:DSP/Source/SupportFunctions/arm_fill_q31.c ****  * $Date:        27. January 2017
   7:DSP/Source/SupportFunctions/arm_fill_q31.c ****  * $Revision:    V.1.5.1
   8:DSP/Source/SupportFunctions/arm_fill_q31.c ****  *
   9:DSP/Source/SupportFunctions/arm_fill_q31.c ****  * Target Processor: Cortex-M cores
  10:DSP/Source/SupportFunctions/arm_fill_q31.c ****  * -------------------------------------------------------------------- */
  11:DSP/Source/SupportFunctions/arm_fill_q31.c **** /*
  12:DSP/Source/SupportFunctions/arm_fill_q31.c ****  * Copyright (C) 2010-2017 ARM Limited or its affiliates. All rights reserved.
  13:DSP/Source/SupportFunctions/arm_fill_q31.c ****  *
  14:DSP/Source/SupportFunctions/arm_fill_q31.c ****  * SPDX-License-Identifier: Apache-2.0
  15:DSP/Source/SupportFunctions/arm_fill_q31.c ****  *
  16:DSP/Source/SupportFunctions/arm_fill_q31.c ****  * Licensed under the Apache License, Version 2.0 (the License); you may
  17:DSP/Source/SupportFunctions/arm_fill_q31.c ****  * not use this file except in compliance with the License.
  18:DSP/Source/SupportFunctions/arm_fill_q31.c ****  * You may obtain a copy of the License at
  19:DSP/Source/SupportFunctions/arm_fill_q31.c ****  *
  20:DSP/Source/SupportFunctions/arm_fill_q31.c ****  * www.apache.org/licenses/LICENSE-2.0
  21:DSP/Source/SupportFunctions/arm_fill_q31.c ****  *
  22:DSP/Source/SupportFunctions/arm_fill_q31.c ****  * Unless required by applicable law or agreed to in writing, software
  23:DSP/Source/SupportFunctions/arm_fill_q31.c ****  * distributed under the License is distributed on an AS IS BASIS, WITHOUT
  24:DSP/Source/SupportFunctions/arm_fill_q31.c ****  * WARRANTIES OR CONDITIONS OF ANY KIND, either express or implied.
  25:DSP/Source/SupportFunctions/arm_fill_q31.c ****  * See the License for the specific language governing permissions and
  26:DSP/Source/SupportFunctions/arm_fill_q31.c ****  * limitations under the License.
  27:DSP/Source/SupportFunctions/arm_fill_q31.c ****  */
  28:DSP/Source/SupportFunctions/arm_fill_q31.c **** 
  29:DSP/Source/SupportFunctions/arm_fill_q31.c **** #include "arm_math.h"
ARM GAS  /var/folders/ck/g3dcd5x55xs4107jgdl0snvr0000gn/T//ccKVGbyI.s 			page 2


  30:DSP/Source/SupportFunctions/arm_fill_q31.c **** 
  31:DSP/Source/SupportFunctions/arm_fill_q31.c **** /**
  32:DSP/Source/SupportFunctions/arm_fill_q31.c ****  * @ingroup groupSupport
  33:DSP/Source/SupportFunctions/arm_fill_q31.c ****  */
  34:DSP/Source/SupportFunctions/arm_fill_q31.c **** 
  35:DSP/Source/SupportFunctions/arm_fill_q31.c **** /**
  36:DSP/Source/SupportFunctions/arm_fill_q31.c ****  * @addtogroup Fill
  37:DSP/Source/SupportFunctions/arm_fill_q31.c ****  * @{
  38:DSP/Source/SupportFunctions/arm_fill_q31.c ****  */
  39:DSP/Source/SupportFunctions/arm_fill_q31.c **** 
  40:DSP/Source/SupportFunctions/arm_fill_q31.c **** /**
  41:DSP/Source/SupportFunctions/arm_fill_q31.c ****  * @brief Fills a constant value into a Q31 vector.
  42:DSP/Source/SupportFunctions/arm_fill_q31.c ****  * @param[in]       value input value to be filled
  43:DSP/Source/SupportFunctions/arm_fill_q31.c ****  * @param[out]      *pDst points to output vector
  44:DSP/Source/SupportFunctions/arm_fill_q31.c ****  * @param[in]       blockSize length of the output vector
  45:DSP/Source/SupportFunctions/arm_fill_q31.c ****  * @return none.
  46:DSP/Source/SupportFunctions/arm_fill_q31.c ****  *
  47:DSP/Source/SupportFunctions/arm_fill_q31.c ****  */
  48:DSP/Source/SupportFunctions/arm_fill_q31.c **** 
  49:DSP/Source/SupportFunctions/arm_fill_q31.c **** void arm_fill_q31(
  50:DSP/Source/SupportFunctions/arm_fill_q31.c ****   q31_t value,
  51:DSP/Source/SupportFunctions/arm_fill_q31.c ****   q31_t * pDst,
  52:DSP/Source/SupportFunctions/arm_fill_q31.c ****   uint32_t blockSize)
  53:DSP/Source/SupportFunctions/arm_fill_q31.c **** {
  30              		.loc 1 53 1 view -0
  31              		.cfi_startproc
  32              		@ args = 0, pretend = 0, frame = 0
  33              		@ frame_needed = 0, uses_anonymous_args = 0
  34              		@ link register save eliminated.
  54:DSP/Source/SupportFunctions/arm_fill_q31.c ****   uint32_t blkCnt;                               /* loop counter */
  35              		.loc 1 54 3 view .LVU1
  55:DSP/Source/SupportFunctions/arm_fill_q31.c **** 
  56:DSP/Source/SupportFunctions/arm_fill_q31.c **** 
  57:DSP/Source/SupportFunctions/arm_fill_q31.c **** #if defined (ARM_MATH_DSP)
  58:DSP/Source/SupportFunctions/arm_fill_q31.c **** 
  59:DSP/Source/SupportFunctions/arm_fill_q31.c ****   /* Run the below code for Cortex-M4 and Cortex-M3 */
  60:DSP/Source/SupportFunctions/arm_fill_q31.c ****   q31_t in1 = value;
  36              		.loc 1 60 3 view .LVU2
  61:DSP/Source/SupportFunctions/arm_fill_q31.c ****   q31_t in2 = value;
  37              		.loc 1 61 3 view .LVU3
  62:DSP/Source/SupportFunctions/arm_fill_q31.c ****   q31_t in3 = value;
  38              		.loc 1 62 3 view .LVU4
  63:DSP/Source/SupportFunctions/arm_fill_q31.c ****   q31_t in4 = value;
  39              		.loc 1 63 3 view .LVU5
  64:DSP/Source/SupportFunctions/arm_fill_q31.c **** 
  65:DSP/Source/SupportFunctions/arm_fill_q31.c ****   /*loop Unrolling */
  66:DSP/Source/SupportFunctions/arm_fill_q31.c ****   blkCnt = blockSize >> 2U;
  40              		.loc 1 66 3 view .LVU6
  41              		.loc 1 66 10 is_stmt 0 view .LVU7
  42 0000 9308     		lsrs	r3, r2, #2
  43              	.LVL1:
  67:DSP/Source/SupportFunctions/arm_fill_q31.c **** 
  68:DSP/Source/SupportFunctions/arm_fill_q31.c ****   /* First part of the processing with loop unrolling.  Compute 4 outputs at a time.
  69:DSP/Source/SupportFunctions/arm_fill_q31.c ****    ** a second loop below computes the remaining 1 to 3 samples. */
  70:DSP/Source/SupportFunctions/arm_fill_q31.c ****   while (blkCnt > 0U)
  44              		.loc 1 70 3 is_stmt 1 view .LVU8
  45              		.loc 1 70 9 is_stmt 0 view .LVU9
ARM GAS  /var/folders/ck/g3dcd5x55xs4107jgdl0snvr0000gn/T//ccKVGbyI.s 			page 3


  46 0002 05E0     		b	.L2
  47              	.L3:
  71:DSP/Source/SupportFunctions/arm_fill_q31.c ****   {
  72:DSP/Source/SupportFunctions/arm_fill_q31.c ****     /* C = value */
  73:DSP/Source/SupportFunctions/arm_fill_q31.c ****     /* Fill the value in the destination buffer */
  74:DSP/Source/SupportFunctions/arm_fill_q31.c ****     *pDst++ = in1;
  48              		.loc 1 74 5 is_stmt 1 view .LVU10
  49              	.LVL2:
  50              		.loc 1 74 13 is_stmt 0 view .LVU11
  51 0004 0860     		str	r0, [r1]
  75:DSP/Source/SupportFunctions/arm_fill_q31.c ****     *pDst++ = in2;
  52              		.loc 1 75 5 is_stmt 1 view .LVU12
  53              	.LVL3:
  54              		.loc 1 75 13 is_stmt 0 view .LVU13
  55 0006 4860     		str	r0, [r1, #4]
  76:DSP/Source/SupportFunctions/arm_fill_q31.c ****     *pDst++ = in3;
  56              		.loc 1 76 5 is_stmt 1 view .LVU14
  57              	.LVL4:
  58              		.loc 1 76 13 is_stmt 0 view .LVU15
  59 0008 8860     		str	r0, [r1, #8]
  77:DSP/Source/SupportFunctions/arm_fill_q31.c ****     *pDst++ = in4;
  60              		.loc 1 77 5 is_stmt 1 view .LVU16
  61              	.LVL5:
  62              		.loc 1 77 13 is_stmt 0 view .LVU17
  63 000a C860     		str	r0, [r1, #12]
  78:DSP/Source/SupportFunctions/arm_fill_q31.c **** 
  79:DSP/Source/SupportFunctions/arm_fill_q31.c ****     /* Decrement the loop counter */
  80:DSP/Source/SupportFunctions/arm_fill_q31.c ****     blkCnt--;
  64              		.loc 1 80 5 is_stmt 1 view .LVU18
  65              		.loc 1 80 11 is_stmt 0 view .LVU19
  66 000c 013B     		subs	r3, r3, #1
  67              	.LVL6:
  77:DSP/Source/SupportFunctions/arm_fill_q31.c ****     *pDst++ = in4;
  68              		.loc 1 77 10 view .LVU20
  69 000e 1031     		adds	r1, r1, #16
  70              	.LVL7:
  71              	.L2:
  70:DSP/Source/SupportFunctions/arm_fill_q31.c ****   {
  72              		.loc 1 70 17 is_stmt 1 view .LVU21
  73 0010 002B     		cmp	r3, #0
  74 0012 F7D1     		bne	.L3
  81:DSP/Source/SupportFunctions/arm_fill_q31.c ****   }
  82:DSP/Source/SupportFunctions/arm_fill_q31.c **** 
  83:DSP/Source/SupportFunctions/arm_fill_q31.c ****   /* If the blockSize is not a multiple of 4, compute any remaining output samples here.
  84:DSP/Source/SupportFunctions/arm_fill_q31.c ****    ** No loop unrolling is used. */
  85:DSP/Source/SupportFunctions/arm_fill_q31.c ****   blkCnt = blockSize % 0x4U;
  75              		.loc 1 85 3 view .LVU22
  76              		.loc 1 85 10 is_stmt 0 view .LVU23
  77 0014 02F00302 		and	r2, r2, #3
  78              	.LVL8:
  86:DSP/Source/SupportFunctions/arm_fill_q31.c **** 
  87:DSP/Source/SupportFunctions/arm_fill_q31.c **** #else
  88:DSP/Source/SupportFunctions/arm_fill_q31.c **** 
  89:DSP/Source/SupportFunctions/arm_fill_q31.c ****   /* Run the below code for Cortex-M0 */
  90:DSP/Source/SupportFunctions/arm_fill_q31.c **** 
  91:DSP/Source/SupportFunctions/arm_fill_q31.c ****   /* Loop over blockSize number of values */
  92:DSP/Source/SupportFunctions/arm_fill_q31.c ****   blkCnt = blockSize;
ARM GAS  /var/folders/ck/g3dcd5x55xs4107jgdl0snvr0000gn/T//ccKVGbyI.s 			page 4


  93:DSP/Source/SupportFunctions/arm_fill_q31.c **** 
  94:DSP/Source/SupportFunctions/arm_fill_q31.c **** #endif /* #if defined (ARM_MATH_DSP) */
  95:DSP/Source/SupportFunctions/arm_fill_q31.c **** 
  96:DSP/Source/SupportFunctions/arm_fill_q31.c ****   while (blkCnt > 0U)
  79              		.loc 1 96 3 is_stmt 1 view .LVU24
  80              		.loc 1 96 9 is_stmt 0 view .LVU25
  81 0018 02E0     		b	.L4
  82              	.L5:
  97:DSP/Source/SupportFunctions/arm_fill_q31.c ****   {
  98:DSP/Source/SupportFunctions/arm_fill_q31.c ****     /* C = value */
  99:DSP/Source/SupportFunctions/arm_fill_q31.c ****     /* Fill the value in the destination buffer */
 100:DSP/Source/SupportFunctions/arm_fill_q31.c ****     *pDst++ = value;
  83              		.loc 1 100 5 is_stmt 1 view .LVU26
  84              	.LVL9:
  85              		.loc 1 100 13 is_stmt 0 view .LVU27
  86 001a 41F8040B 		str	r0, [r1], #4
  87              	.LVL10:
 101:DSP/Source/SupportFunctions/arm_fill_q31.c **** 
 102:DSP/Source/SupportFunctions/arm_fill_q31.c ****     /* Decrement the loop counter */
 103:DSP/Source/SupportFunctions/arm_fill_q31.c ****     blkCnt--;
  88              		.loc 1 103 5 is_stmt 1 view .LVU28
  89              		.loc 1 103 11 is_stmt 0 view .LVU29
  90 001e 013A     		subs	r2, r2, #1
  91              	.LVL11:
  92              	.L4:
  96:DSP/Source/SupportFunctions/arm_fill_q31.c ****   {
  93              		.loc 1 96 17 is_stmt 1 view .LVU30
  94 0020 002A     		cmp	r2, #0
  95 0022 FAD1     		bne	.L5
 104:DSP/Source/SupportFunctions/arm_fill_q31.c ****   }
 105:DSP/Source/SupportFunctions/arm_fill_q31.c **** }
  96              		.loc 1 105 1 is_stmt 0 view .LVU31
  97 0024 7047     		bx	lr
  98              		.cfi_endproc
  99              	.LFE139:
 101              		.text
 102              	.Letext0:
 103              		.file 2 "/Users/luban/.local/xPacks/arm-none-eabi-gcc/xpack-arm-none-eabi-gcc-13.2.1-1.1/arm-none-
 104              		.file 3 "/Users/luban/.local/xPacks/arm-none-eabi-gcc/xpack-arm-none-eabi-gcc-13.2.1-1.1/arm-none-
 105              		.file 4 "DSP/Inc/arm_math.h"
ARM GAS  /var/folders/ck/g3dcd5x55xs4107jgdl0snvr0000gn/T//ccKVGbyI.s 			page 5


DEFINED SYMBOLS
                            *ABS*:00000000 arm_fill_q31.c
/var/folders/ck/g3dcd5x55xs4107jgdl0snvr0000gn/T//ccKVGbyI.s:21     .text.arm_fill_q31:00000000 $t
/var/folders/ck/g3dcd5x55xs4107jgdl0snvr0000gn/T//ccKVGbyI.s:27     .text.arm_fill_q31:00000000 arm_fill_q31

NO UNDEFINED SYMBOLS
