ARM GAS  /var/folders/ck/g3dcd5x55xs4107jgdl0snvr0000gn/T//ccZGN9BW.s 			page 1


   1              		.cpu cortex-m4
   2              		.arch armv7e-m
   3              		.fpu fpv4-sp-d16
   4              		.eabi_attribute 27, 1
   5              		.eabi_attribute 28, 1
   6              		.eabi_attribute 20, 1
   7              		.eabi_attribute 21, 1
   8              		.eabi_attribute 23, 3
   9              		.eabi_attribute 24, 1
  10              		.eabi_attribute 25, 1
  11              		.eabi_attribute 26, 1
  12              		.eabi_attribute 30, 1
  13              		.eabi_attribute 34, 1
  14              		.eabi_attribute 18, 4
  15              		.file	"arm_fir_lattice_q31.c"
  16              		.text
  17              	.Ltext0:
  18              		.cfi_sections	.debug_frame
  19              		.file 1 "DSP/Source/FilteringFunctions/arm_fir_lattice_q31.c"
  20              		.section	.text.arm_fir_lattice_q31,"ax",%progbits
  21              		.align	1
  22              		.global	arm_fir_lattice_q31
  23              		.syntax unified
  24              		.thumb
  25              		.thumb_func
  27              	arm_fir_lattice_q31:
  28              	.LVL0:
  29              	.LFB139:
   1:DSP/Source/FilteringFunctions/arm_fir_lattice_q31.c **** /* ----------------------------------------------------------------------
   2:DSP/Source/FilteringFunctions/arm_fir_lattice_q31.c ****  * Project:      CMSIS DSP Library
   3:DSP/Source/FilteringFunctions/arm_fir_lattice_q31.c ****  * Title:        arm_fir_lattice_q31.c
   4:DSP/Source/FilteringFunctions/arm_fir_lattice_q31.c ****  * Description:  Q31 FIR lattice filter processing function
   5:DSP/Source/FilteringFunctions/arm_fir_lattice_q31.c ****  *
   6:DSP/Source/FilteringFunctions/arm_fir_lattice_q31.c ****  * $Date:        27. January 2017
   7:DSP/Source/FilteringFunctions/arm_fir_lattice_q31.c ****  * $Revision:    V.1.5.1
   8:DSP/Source/FilteringFunctions/arm_fir_lattice_q31.c ****  *
   9:DSP/Source/FilteringFunctions/arm_fir_lattice_q31.c ****  * Target Processor: Cortex-M cores
  10:DSP/Source/FilteringFunctions/arm_fir_lattice_q31.c ****  * -------------------------------------------------------------------- */
  11:DSP/Source/FilteringFunctions/arm_fir_lattice_q31.c **** /*
  12:DSP/Source/FilteringFunctions/arm_fir_lattice_q31.c ****  * Copyright (C) 2010-2017 ARM Limited or its affiliates. All rights reserved.
  13:DSP/Source/FilteringFunctions/arm_fir_lattice_q31.c ****  *
  14:DSP/Source/FilteringFunctions/arm_fir_lattice_q31.c ****  * SPDX-License-Identifier: Apache-2.0
  15:DSP/Source/FilteringFunctions/arm_fir_lattice_q31.c ****  *
  16:DSP/Source/FilteringFunctions/arm_fir_lattice_q31.c ****  * Licensed under the Apache License, Version 2.0 (the License); you may
  17:DSP/Source/FilteringFunctions/arm_fir_lattice_q31.c ****  * not use this file except in compliance with the License.
  18:DSP/Source/FilteringFunctions/arm_fir_lattice_q31.c ****  * You may obtain a copy of the License at
  19:DSP/Source/FilteringFunctions/arm_fir_lattice_q31.c ****  *
  20:DSP/Source/FilteringFunctions/arm_fir_lattice_q31.c ****  * www.apache.org/licenses/LICENSE-2.0
  21:DSP/Source/FilteringFunctions/arm_fir_lattice_q31.c ****  *
  22:DSP/Source/FilteringFunctions/arm_fir_lattice_q31.c ****  * Unless required by applicable law or agreed to in writing, software
  23:DSP/Source/FilteringFunctions/arm_fir_lattice_q31.c ****  * distributed under the License is distributed on an AS IS BASIS, WITHOUT
  24:DSP/Source/FilteringFunctions/arm_fir_lattice_q31.c ****  * WARRANTIES OR CONDITIONS OF ANY KIND, either express or implied.
  25:DSP/Source/FilteringFunctions/arm_fir_lattice_q31.c ****  * See the License for the specific language governing permissions and
  26:DSP/Source/FilteringFunctions/arm_fir_lattice_q31.c ****  * limitations under the License.
  27:DSP/Source/FilteringFunctions/arm_fir_lattice_q31.c ****  */
  28:DSP/Source/FilteringFunctions/arm_fir_lattice_q31.c **** 
  29:DSP/Source/FilteringFunctions/arm_fir_lattice_q31.c **** #include "arm_math.h"
ARM GAS  /var/folders/ck/g3dcd5x55xs4107jgdl0snvr0000gn/T//ccZGN9BW.s 			page 2


  30:DSP/Source/FilteringFunctions/arm_fir_lattice_q31.c **** 
  31:DSP/Source/FilteringFunctions/arm_fir_lattice_q31.c **** /**
  32:DSP/Source/FilteringFunctions/arm_fir_lattice_q31.c ****  * @ingroup groupFilters
  33:DSP/Source/FilteringFunctions/arm_fir_lattice_q31.c ****  */
  34:DSP/Source/FilteringFunctions/arm_fir_lattice_q31.c **** 
  35:DSP/Source/FilteringFunctions/arm_fir_lattice_q31.c **** /**
  36:DSP/Source/FilteringFunctions/arm_fir_lattice_q31.c ****  * @addtogroup FIR_Lattice
  37:DSP/Source/FilteringFunctions/arm_fir_lattice_q31.c ****  * @{
  38:DSP/Source/FilteringFunctions/arm_fir_lattice_q31.c ****  */
  39:DSP/Source/FilteringFunctions/arm_fir_lattice_q31.c **** 
  40:DSP/Source/FilteringFunctions/arm_fir_lattice_q31.c **** 
  41:DSP/Source/FilteringFunctions/arm_fir_lattice_q31.c **** /**
  42:DSP/Source/FilteringFunctions/arm_fir_lattice_q31.c ****  * @brief Processing function for the Q31 FIR lattice filter.
  43:DSP/Source/FilteringFunctions/arm_fir_lattice_q31.c ****  * @param[in]  *S        points to an instance of the Q31 FIR lattice structure.
  44:DSP/Source/FilteringFunctions/arm_fir_lattice_q31.c ****  * @param[in]  *pSrc     points to the block of input data.
  45:DSP/Source/FilteringFunctions/arm_fir_lattice_q31.c ****  * @param[out] *pDst     points to the block of output data
  46:DSP/Source/FilteringFunctions/arm_fir_lattice_q31.c ****  * @param[in]  blockSize number of samples to process.
  47:DSP/Source/FilteringFunctions/arm_fir_lattice_q31.c ****  * @return none.
  48:DSP/Source/FilteringFunctions/arm_fir_lattice_q31.c ****  *
  49:DSP/Source/FilteringFunctions/arm_fir_lattice_q31.c ****  * @details
  50:DSP/Source/FilteringFunctions/arm_fir_lattice_q31.c ****  * <b>Scaling and Overflow Behavior:</b>
  51:DSP/Source/FilteringFunctions/arm_fir_lattice_q31.c ****  * In order to avoid overflows the input signal must be scaled down by 2*log2(numStages) bits.
  52:DSP/Source/FilteringFunctions/arm_fir_lattice_q31.c ****  */
  53:DSP/Source/FilteringFunctions/arm_fir_lattice_q31.c **** 
  54:DSP/Source/FilteringFunctions/arm_fir_lattice_q31.c **** #if defined (ARM_MATH_DSP)
  55:DSP/Source/FilteringFunctions/arm_fir_lattice_q31.c **** 
  56:DSP/Source/FilteringFunctions/arm_fir_lattice_q31.c ****   /* Run the below code for Cortex-M4 and Cortex-M3 */
  57:DSP/Source/FilteringFunctions/arm_fir_lattice_q31.c **** 
  58:DSP/Source/FilteringFunctions/arm_fir_lattice_q31.c **** void arm_fir_lattice_q31(
  59:DSP/Source/FilteringFunctions/arm_fir_lattice_q31.c ****   const arm_fir_lattice_instance_q31 * S,
  60:DSP/Source/FilteringFunctions/arm_fir_lattice_q31.c ****   q31_t * pSrc,
  61:DSP/Source/FilteringFunctions/arm_fir_lattice_q31.c ****   q31_t * pDst,
  62:DSP/Source/FilteringFunctions/arm_fir_lattice_q31.c ****   uint32_t blockSize)
  63:DSP/Source/FilteringFunctions/arm_fir_lattice_q31.c **** {
  30              		.loc 1 63 1 view -0
  31              		.cfi_startproc
  32              		@ args = 0, pretend = 0, frame = 32
  33              		@ frame_needed = 0, uses_anonymous_args = 0
  34              		.loc 1 63 1 is_stmt 0 view .LVU1
  35 0000 2DE9F04F 		push	{r4, r5, r6, r7, r8, r9, r10, fp, lr}
  36              	.LCFI0:
  37              		.cfi_def_cfa_offset 36
  38              		.cfi_offset 4, -36
  39              		.cfi_offset 5, -32
  40              		.cfi_offset 6, -28
  41              		.cfi_offset 7, -24
  42              		.cfi_offset 8, -20
  43              		.cfi_offset 9, -16
  44              		.cfi_offset 10, -12
  45              		.cfi_offset 11, -8
  46              		.cfi_offset 14, -4
  47 0004 89B0     		sub	sp, sp, #36
  48              	.LCFI1:
  49              		.cfi_def_cfa_offset 72
  50 0006 0D46     		mov	r5, r1
  51 0008 0192     		str	r2, [sp, #4]
  52 000a 1A46     		mov	r2, r3
ARM GAS  /var/folders/ck/g3dcd5x55xs4107jgdl0snvr0000gn/T//ccZGN9BW.s 			page 3


  53              	.LVL1:
  64:DSP/Source/FilteringFunctions/arm_fir_lattice_q31.c ****   q31_t *pState;                                 /* State pointer */
  54              		.loc 1 64 3 is_stmt 1 view .LVU2
  65:DSP/Source/FilteringFunctions/arm_fir_lattice_q31.c ****   q31_t *pCoeffs = S->pCoeffs;                   /* Coefficient pointer */
  55              		.loc 1 65 3 view .LVU3
  56              		.loc 1 65 10 is_stmt 0 view .LVU4
  57 000c 8368     		ldr	r3, [r0, #8]
  58              	.LVL2:
  59              		.loc 1 65 10 view .LVU5
  60 000e 0293     		str	r3, [sp, #8]
  61              	.LVL3:
  66:DSP/Source/FilteringFunctions/arm_fir_lattice_q31.c ****   q31_t *px;                                     /* temporary state pointer */
  62              		.loc 1 66 3 is_stmt 1 view .LVU6
  67:DSP/Source/FilteringFunctions/arm_fir_lattice_q31.c ****   q31_t *pk;                                     /* temporary coefficient pointer */
  63              		.loc 1 67 3 view .LVU7
  68:DSP/Source/FilteringFunctions/arm_fir_lattice_q31.c ****   q31_t fcurr1, fnext1, gcurr1 = 0, gnext1;      /* temporary variables for first sample in loop un
  64              		.loc 1 68 3 view .LVU8
  69:DSP/Source/FilteringFunctions/arm_fir_lattice_q31.c ****   q31_t fcurr2, fnext2, gnext2;                  /* temporary variables for second sample in loop u
  65              		.loc 1 69 3 view .LVU9
  70:DSP/Source/FilteringFunctions/arm_fir_lattice_q31.c ****   uint32_t numStages = S->numStages;             /* Length of the filter */
  66              		.loc 1 70 3 view .LVU10
  67              		.loc 1 70 25 is_stmt 0 view .LVU11
  68 0010 0688     		ldrh	r6, [r0]
  69              	.LVL4:
  71:DSP/Source/FilteringFunctions/arm_fir_lattice_q31.c ****   uint32_t blkCnt, stageCnt;                     /* temporary variables for counts */
  70              		.loc 1 71 3 is_stmt 1 view .LVU12
  72:DSP/Source/FilteringFunctions/arm_fir_lattice_q31.c ****   q31_t k;
  71              		.loc 1 72 3 view .LVU13
  73:DSP/Source/FilteringFunctions/arm_fir_lattice_q31.c **** 
  74:DSP/Source/FilteringFunctions/arm_fir_lattice_q31.c ****   pState = &S->pState[0];
  72              		.loc 1 74 3 view .LVU14
  73              		.loc 1 74 10 is_stmt 0 view .LVU15
  74 0012 D0F80480 		ldr	r8, [r0, #4]
  75              	.LVL5:
  75:DSP/Source/FilteringFunctions/arm_fir_lattice_q31.c **** 
  76:DSP/Source/FilteringFunctions/arm_fir_lattice_q31.c ****   blkCnt = blockSize >> 1U;
  76              		.loc 1 76 3 is_stmt 1 view .LVU16
  77              		.loc 1 76 10 is_stmt 0 view .LVU17
  78 0016 5308     		lsrs	r3, r2, #1
  79              	.LVL6:
  77:DSP/Source/FilteringFunctions/arm_fir_lattice_q31.c **** 
  78:DSP/Source/FilteringFunctions/arm_fir_lattice_q31.c ****   /* First part of the processing with loop unrolling.  Compute 2 outputs at a time.
  79:DSP/Source/FilteringFunctions/arm_fir_lattice_q31.c ****      a second loop below computes the remaining 1 sample. */
  80:DSP/Source/FilteringFunctions/arm_fir_lattice_q31.c ****   while (blkCnt > 0U)
  80              		.loc 1 80 3 is_stmt 1 view .LVU18
  81 0018 0696     		str	r6, [sp, #24]
  82 001a 0792     		str	r2, [sp, #28]
  83              		.loc 1 80 9 is_stmt 0 view .LVU19
  84 001c 42E0     		b	.L2
  85              	.LVL7:
  86              	.L4:
  81:DSP/Source/FilteringFunctions/arm_fir_lattice_q31.c ****   {
  82:DSP/Source/FilteringFunctions/arm_fir_lattice_q31.c ****     /* f0(n) = x(n) */
  83:DSP/Source/FilteringFunctions/arm_fir_lattice_q31.c ****     fcurr1 = *pSrc++;
  84:DSP/Source/FilteringFunctions/arm_fir_lattice_q31.c **** 
  85:DSP/Source/FilteringFunctions/arm_fir_lattice_q31.c ****     /* f0(n) = x(n) */
  86:DSP/Source/FilteringFunctions/arm_fir_lattice_q31.c ****     fcurr2 = *pSrc++;
ARM GAS  /var/folders/ck/g3dcd5x55xs4107jgdl0snvr0000gn/T//ccZGN9BW.s 			page 4


  87:DSP/Source/FilteringFunctions/arm_fir_lattice_q31.c **** 
  88:DSP/Source/FilteringFunctions/arm_fir_lattice_q31.c ****     /* Initialize coeff pointer */
  89:DSP/Source/FilteringFunctions/arm_fir_lattice_q31.c ****     pk = (pCoeffs);
  90:DSP/Source/FilteringFunctions/arm_fir_lattice_q31.c **** 
  91:DSP/Source/FilteringFunctions/arm_fir_lattice_q31.c ****     /* Initialize state pointer */
  92:DSP/Source/FilteringFunctions/arm_fir_lattice_q31.c ****     px = pState;
  93:DSP/Source/FilteringFunctions/arm_fir_lattice_q31.c **** 
  94:DSP/Source/FilteringFunctions/arm_fir_lattice_q31.c ****     /* read g0(n - 1) from state buffer */
  95:DSP/Source/FilteringFunctions/arm_fir_lattice_q31.c ****     gcurr1 = *px;
  96:DSP/Source/FilteringFunctions/arm_fir_lattice_q31.c **** 
  97:DSP/Source/FilteringFunctions/arm_fir_lattice_q31.c ****     /* Read the reflection coefficient */
  98:DSP/Source/FilteringFunctions/arm_fir_lattice_q31.c ****     k = *pk++;
  99:DSP/Source/FilteringFunctions/arm_fir_lattice_q31.c **** 
 100:DSP/Source/FilteringFunctions/arm_fir_lattice_q31.c ****     /* for sample 1 processing */
 101:DSP/Source/FilteringFunctions/arm_fir_lattice_q31.c ****     /* f1(n) = f0(n) +  K1 * g0(n-1) */
 102:DSP/Source/FilteringFunctions/arm_fir_lattice_q31.c ****     fnext1 = (q31_t) (((q63_t) gcurr1 * k) >> 32);
 103:DSP/Source/FilteringFunctions/arm_fir_lattice_q31.c **** 
 104:DSP/Source/FilteringFunctions/arm_fir_lattice_q31.c ****     /* g1(n) = f0(n) * K1  +  g0(n-1) */
 105:DSP/Source/FilteringFunctions/arm_fir_lattice_q31.c ****     gnext1 = (q31_t) (((q63_t) fcurr1 * (k)) >> 32);
 106:DSP/Source/FilteringFunctions/arm_fir_lattice_q31.c ****     fnext1 = fcurr1 + (fnext1 << 1U);
 107:DSP/Source/FilteringFunctions/arm_fir_lattice_q31.c ****     gnext1 = gcurr1 + (gnext1 << 1U);
 108:DSP/Source/FilteringFunctions/arm_fir_lattice_q31.c **** 
 109:DSP/Source/FilteringFunctions/arm_fir_lattice_q31.c ****     /* for sample 1 processing */
 110:DSP/Source/FilteringFunctions/arm_fir_lattice_q31.c ****     /* f1(n) = f0(n) +  K1 * g0(n-1) */
 111:DSP/Source/FilteringFunctions/arm_fir_lattice_q31.c ****     fnext2 = (q31_t) (((q63_t) fcurr1 * k) >> 32);
 112:DSP/Source/FilteringFunctions/arm_fir_lattice_q31.c **** 
 113:DSP/Source/FilteringFunctions/arm_fir_lattice_q31.c ****     /* g1(n) = f0(n) * K1  +  g0(n-1) */
 114:DSP/Source/FilteringFunctions/arm_fir_lattice_q31.c ****     gnext2 = (q31_t) (((q63_t) fcurr2 * (k)) >> 32);
 115:DSP/Source/FilteringFunctions/arm_fir_lattice_q31.c ****     fnext2 = fcurr2 + (fnext2 << 1U);
 116:DSP/Source/FilteringFunctions/arm_fir_lattice_q31.c ****     gnext2 = fcurr1 + (gnext2 << 1U);
 117:DSP/Source/FilteringFunctions/arm_fir_lattice_q31.c **** 
 118:DSP/Source/FilteringFunctions/arm_fir_lattice_q31.c ****     /* save g1(n) in state buffer */
 119:DSP/Source/FilteringFunctions/arm_fir_lattice_q31.c ****     *px++ = fcurr2;
 120:DSP/Source/FilteringFunctions/arm_fir_lattice_q31.c **** 
 121:DSP/Source/FilteringFunctions/arm_fir_lattice_q31.c ****     /* f1(n) is saved in fcurr1
 122:DSP/Source/FilteringFunctions/arm_fir_lattice_q31.c ****        for next stage processing */
 123:DSP/Source/FilteringFunctions/arm_fir_lattice_q31.c ****     fcurr1 = fnext1;
 124:DSP/Source/FilteringFunctions/arm_fir_lattice_q31.c ****     fcurr2 = fnext2;
 125:DSP/Source/FilteringFunctions/arm_fir_lattice_q31.c **** 
 126:DSP/Source/FilteringFunctions/arm_fir_lattice_q31.c ****     stageCnt = (numStages - 1U);
 127:DSP/Source/FilteringFunctions/arm_fir_lattice_q31.c **** 
 128:DSP/Source/FilteringFunctions/arm_fir_lattice_q31.c ****     /* stage loop */
 129:DSP/Source/FilteringFunctions/arm_fir_lattice_q31.c ****     while (stageCnt > 0U)
 130:DSP/Source/FilteringFunctions/arm_fir_lattice_q31.c ****     {
 131:DSP/Source/FilteringFunctions/arm_fir_lattice_q31.c **** 
 132:DSP/Source/FilteringFunctions/arm_fir_lattice_q31.c ****       /* Read the reflection coefficient */
 133:DSP/Source/FilteringFunctions/arm_fir_lattice_q31.c ****       k = *pk++;
  87              		.loc 1 133 7 is_stmt 1 view .LVU20
  88              		.loc 1 133 9 is_stmt 0 view .LVU21
  89 001e 57F8043B 		ldr	r3, [r7], #4
  90              	.LVL8:
 134:DSP/Source/FilteringFunctions/arm_fir_lattice_q31.c **** 
 135:DSP/Source/FilteringFunctions/arm_fir_lattice_q31.c ****       /* read g2(n) from state buffer */
 136:DSP/Source/FilteringFunctions/arm_fir_lattice_q31.c ****       gcurr1 = *px;
  91              		.loc 1 136 7 is_stmt 1 view .LVU22
  92              		.loc 1 136 14 is_stmt 0 view .LVU23
  93 0022 D4F800E0 		ldr	lr, [r4]
ARM GAS  /var/folders/ck/g3dcd5x55xs4107jgdl0snvr0000gn/T//ccZGN9BW.s 			page 5


  94              	.LVL9:
 137:DSP/Source/FilteringFunctions/arm_fir_lattice_q31.c **** 
 138:DSP/Source/FilteringFunctions/arm_fir_lattice_q31.c ****       /* save g1(n) in state buffer */
 139:DSP/Source/FilteringFunctions/arm_fir_lattice_q31.c ****       *px++ = gnext2;
  95              		.loc 1 139 7 is_stmt 1 view .LVU24
  96              		.loc 1 139 13 is_stmt 0 view .LVU25
  97 0026 44F8041B 		str	r1, [r4], #4
  98              	.LVL10:
 140:DSP/Source/FilteringFunctions/arm_fir_lattice_q31.c **** 
 141:DSP/Source/FilteringFunctions/arm_fir_lattice_q31.c ****       /* Sample processing for K2, K3.... */
 142:DSP/Source/FilteringFunctions/arm_fir_lattice_q31.c ****       /* f2(n) = f1(n) +  K2 * g1(n-1) */
 143:DSP/Source/FilteringFunctions/arm_fir_lattice_q31.c ****       fnext1 = (q31_t) (((q63_t) gcurr1 * k) >> 32);
  99              		.loc 1 143 7 is_stmt 1 view .LVU26
 100              		.loc 1 143 26 is_stmt 0 view .LVU27
 101 002a 4FEAEE71 		asr	r1, lr, #31
 102              	.LVL11:
 103              		.loc 1 143 41 view .LVU28
 104 002e 4FEAE378 		asr	r8, r3, #31
 105 0032 0EFB08FC 		mul	ip, lr, r8
 106 0036 03FB01CC 		mla	ip, r3, r1, ip
 107 003a AEFB0301 		umull	r0, r1, lr, r3
 108 003e 8C44     		add	ip, ip, r1
 109              	.LVL12:
 144:DSP/Source/FilteringFunctions/arm_fir_lattice_q31.c ****       fnext2 = (q31_t) (((q63_t) gnext1 * k) >> 32);
 110              		.loc 1 144 7 is_stmt 1 view .LVU29
 111              		.loc 1 144 26 is_stmt 0 view .LVU30
 112 0040 D017     		asrs	r0, r2, #31
 113              		.loc 1 144 41 view .LVU31
 114 0042 03FB00F0 		mul	r0, r3, r0
 115 0046 02FB0800 		mla	r0, r2, r8, r0
 116 004a A3FB02A1 		umull	r10, r1, r3, r2
 117 004e 0844     		add	r0, r0, r1
 118              	.LVL13:
 145:DSP/Source/FilteringFunctions/arm_fir_lattice_q31.c **** 
 146:DSP/Source/FilteringFunctions/arm_fir_lattice_q31.c ****       fnext1 = fcurr1 + (fnext1 << 1U);
 119              		.loc 1 146 7 is_stmt 1 view .LVU32
 147:DSP/Source/FilteringFunctions/arm_fir_lattice_q31.c ****       fnext2 = fcurr2 + (fnext2 << 1U);
 120              		.loc 1 147 7 view .LVU33
 148:DSP/Source/FilteringFunctions/arm_fir_lattice_q31.c **** 
 149:DSP/Source/FilteringFunctions/arm_fir_lattice_q31.c ****       /* g2(n) = f1(n) * K2  +  g1(n-1) */
 150:DSP/Source/FilteringFunctions/arm_fir_lattice_q31.c ****       gnext2 = (q31_t) (((q63_t) fcurr2 * (k)) >> 32);
 121              		.loc 1 150 7 view .LVU34
 122              		.loc 1 150 26 is_stmt 0 view .LVU35
 123 0050 F117     		asrs	r1, r6, #31
 124              		.loc 1 150 41 view .LVU36
 125 0052 03FB01F1 		mul	r1, r3, r1
 126 0056 06FB0811 		mla	r1, r6, r8, r1
 127 005a A3FB06BA 		umull	fp, r10, r3, r6
 128 005e 5144     		add	r1, r1, r10
 129              	.LVL14:
 151:DSP/Source/FilteringFunctions/arm_fir_lattice_q31.c ****       gnext2 = gnext1 + (gnext2 << 1U);
 130              		.loc 1 151 7 is_stmt 1 view .LVU37
 131              		.loc 1 151 14 is_stmt 0 view .LVU38
 132 0060 02EB4101 		add	r1, r2, r1, lsl #1
 133              	.LVL15:
 152:DSP/Source/FilteringFunctions/arm_fir_lattice_q31.c **** 
 153:DSP/Source/FilteringFunctions/arm_fir_lattice_q31.c ****       /* g2(n) = f1(n) * K2  +  g1(n-1) */
ARM GAS  /var/folders/ck/g3dcd5x55xs4107jgdl0snvr0000gn/T//ccZGN9BW.s 			page 6


 154:DSP/Source/FilteringFunctions/arm_fir_lattice_q31.c ****       gnext1 = (q31_t) (((q63_t) fcurr1 * (k)) >> 32);
 134              		.loc 1 154 7 is_stmt 1 view .LVU39
 135              		.loc 1 154 26 is_stmt 0 view .LVU40
 136 0064 EA17     		asrs	r2, r5, #31
 137              	.LVL16:
 138              		.loc 1 154 41 view .LVU41
 139 0066 03FB02F2 		mul	r2, r3, r2
 140 006a 05FB0822 		mla	r2, r5, r8, r2
 141 006e A3FB0538 		umull	r3, r8, r3, r5
 142              	.LVL17:
 143              		.loc 1 154 41 view .LVU42
 144 0072 4244     		add	r2, r2, r8
 145              	.LVL18:
 155:DSP/Source/FilteringFunctions/arm_fir_lattice_q31.c ****       gnext1 = gcurr1 + (gnext1 << 1U);
 146              		.loc 1 155 7 is_stmt 1 view .LVU43
 147              		.loc 1 155 14 is_stmt 0 view .LVU44
 148 0074 0EEB4202 		add	r2, lr, r2, lsl #1
 149              	.LVL19:
 156:DSP/Source/FilteringFunctions/arm_fir_lattice_q31.c **** 
 157:DSP/Source/FilteringFunctions/arm_fir_lattice_q31.c ****       /* f1(n) is saved in fcurr1
 158:DSP/Source/FilteringFunctions/arm_fir_lattice_q31.c ****          for next stage processing */
 159:DSP/Source/FilteringFunctions/arm_fir_lattice_q31.c ****       fcurr1 = fnext1;
 150              		.loc 1 159 7 is_stmt 1 view .LVU45
 160:DSP/Source/FilteringFunctions/arm_fir_lattice_q31.c ****       fcurr2 = fnext2;
 151              		.loc 1 160 7 view .LVU46
 161:DSP/Source/FilteringFunctions/arm_fir_lattice_q31.c **** 
 162:DSP/Source/FilteringFunctions/arm_fir_lattice_q31.c ****       stageCnt--;
 152              		.loc 1 162 7 view .LVU47
 153              		.loc 1 162 15 is_stmt 0 view .LVU48
 154 0078 09F1FF39 		add	r9, r9, #-1
 155              	.LVL20:
 160:DSP/Source/FilteringFunctions/arm_fir_lattice_q31.c ****       fcurr2 = fnext2;
 156              		.loc 1 160 14 view .LVU49
 157 007c 06EB4006 		add	r6, r6, r0, lsl #1
 158              	.LVL21:
 159:DSP/Source/FilteringFunctions/arm_fir_lattice_q31.c ****       fcurr2 = fnext2;
 159              		.loc 1 159 14 view .LVU50
 160 0080 05EB4C05 		add	r5, r5, ip, lsl #1
 161              	.LVL22:
 162              	.L3:
 129:DSP/Source/FilteringFunctions/arm_fir_lattice_q31.c ****     {
 163              		.loc 1 129 21 is_stmt 1 view .LVU51
 164 0084 B9F1000F 		cmp	r9, #0
 165 0088 C9D1     		bne	.L4
 163:DSP/Source/FilteringFunctions/arm_fir_lattice_q31.c **** 
 164:DSP/Source/FilteringFunctions/arm_fir_lattice_q31.c ****     }
 165:DSP/Source/FilteringFunctions/arm_fir_lattice_q31.c **** 
 166:DSP/Source/FilteringFunctions/arm_fir_lattice_q31.c ****     /* y(n) = fN(n) */
 167:DSP/Source/FilteringFunctions/arm_fir_lattice_q31.c ****     *pDst++ = fcurr1;
 166              		.loc 1 167 13 is_stmt 0 view .LVU52
 167 008a 039B     		ldr	r3, [sp, #12]
 168 008c DDF81080 		ldr	r8, [sp, #16]
 169 0090 DDF814E0 		ldr	lr, [sp, #20]
 170              		.loc 1 167 5 is_stmt 1 view .LVU53
 171              	.LVL23:
 172              		.loc 1 167 13 is_stmt 0 view .LVU54
 173 0094 0199     		ldr	r1, [sp, #4]
ARM GAS  /var/folders/ck/g3dcd5x55xs4107jgdl0snvr0000gn/T//ccZGN9BW.s 			page 7


 174              	.LVL24:
 175              		.loc 1 167 13 view .LVU55
 176 0096 0A46     		mov	r2, r1
 177              	.LVL25:
 178              		.loc 1 167 13 view .LVU56
 179 0098 42F8085B 		str	r5, [r2], #8
 168:DSP/Source/FilteringFunctions/arm_fir_lattice_q31.c ****     *pDst++ = fcurr2;
 180              		.loc 1 168 5 is_stmt 1 view .LVU57
 181              	.LVL26:
 182              		.loc 1 168 13 is_stmt 0 view .LVU58
 183 009c 4E60     		str	r6, [r1, #4]
 169:DSP/Source/FilteringFunctions/arm_fir_lattice_q31.c **** 
 170:DSP/Source/FilteringFunctions/arm_fir_lattice_q31.c ****     blkCnt--;
 184              		.loc 1 170 5 is_stmt 1 view .LVU59
 185              		.loc 1 170 11 is_stmt 0 view .LVU60
 186 009e 013B     		subs	r3, r3, #1
 187              	.LVL27:
 168:DSP/Source/FilteringFunctions/arm_fir_lattice_q31.c ****     *pDst++ = fcurr2;
 188              		.loc 1 168 10 view .LVU61
 189 00a0 0192     		str	r2, [sp, #4]
  86:DSP/Source/FilteringFunctions/arm_fir_lattice_q31.c **** 
 190              		.loc 1 86 19 view .LVU62
 191 00a2 7546     		mov	r5, lr
 192              	.LVL28:
 193              	.L2:
  80:DSP/Source/FilteringFunctions/arm_fir_lattice_q31.c ****   {
 194              		.loc 1 80 17 is_stmt 1 view .LVU63
 195 00a4 CBB3     		cbz	r3, .L11
  83:DSP/Source/FilteringFunctions/arm_fir_lattice_q31.c **** 
 196              		.loc 1 83 5 view .LVU64
 197              	.LVL29:
  83:DSP/Source/FilteringFunctions/arm_fir_lattice_q31.c **** 
 198              		.loc 1 83 12 is_stmt 0 view .LVU65
 199 00a6 AE46     		mov	lr, r5
 200 00a8 5EF8081B 		ldr	r1, [lr], #8
 201              	.LVL30:
  86:DSP/Source/FilteringFunctions/arm_fir_lattice_q31.c **** 
 202              		.loc 1 86 5 is_stmt 1 view .LVU66
  86:DSP/Source/FilteringFunctions/arm_fir_lattice_q31.c **** 
 203              		.loc 1 86 12 is_stmt 0 view .LVU67
 204 00ac D5F804C0 		ldr	ip, [r5, #4]
 205              	.LVL31:
  89:DSP/Source/FilteringFunctions/arm_fir_lattice_q31.c **** 
 206              		.loc 1 89 5 is_stmt 1 view .LVU68
  92:DSP/Source/FilteringFunctions/arm_fir_lattice_q31.c **** 
 207              		.loc 1 92 5 view .LVU69
  95:DSP/Source/FilteringFunctions/arm_fir_lattice_q31.c **** 
 208              		.loc 1 95 5 view .LVU70
  95:DSP/Source/FilteringFunctions/arm_fir_lattice_q31.c **** 
 209              		.loc 1 95 12 is_stmt 0 view .LVU71
 210 00b0 D8F80020 		ldr	r2, [r8]
 211              	.LVL32:
  98:DSP/Source/FilteringFunctions/arm_fir_lattice_q31.c **** 
 212              		.loc 1 98 5 is_stmt 1 view .LVU72
  98:DSP/Source/FilteringFunctions/arm_fir_lattice_q31.c **** 
 213              		.loc 1 98 12 is_stmt 0 view .LVU73
 214 00b4 029F     		ldr	r7, [sp, #8]
ARM GAS  /var/folders/ck/g3dcd5x55xs4107jgdl0snvr0000gn/T//ccZGN9BW.s 			page 8


 215              	.LVL33:
  98:DSP/Source/FilteringFunctions/arm_fir_lattice_q31.c **** 
 216              		.loc 1 98 7 view .LVU74
 217 00b6 57F8044B 		ldr	r4, [r7], #4
 218              	.LVL34:
 102:DSP/Source/FilteringFunctions/arm_fir_lattice_q31.c **** 
 219              		.loc 1 102 5 is_stmt 1 view .LVU75
 102:DSP/Source/FilteringFunctions/arm_fir_lattice_q31.c **** 
 220              		.loc 1 102 24 is_stmt 0 view .LVU76
 221 00ba D617     		asrs	r6, r2, #31
 102:DSP/Source/FilteringFunctions/arm_fir_lattice_q31.c **** 
 222              		.loc 1 102 39 view .LVU77
 223 00bc 4FEAE47A 		asr	r10, r4, #31
 224 00c0 02FB0AF5 		mul	r5, r2, r10
 225 00c4 04FB0655 		mla	r5, r4, r6, r5
 226 00c8 A2FB0496 		umull	r9, r6, r2, r4
 227 00cc 3544     		add	r5, r5, r6
 228              	.LVL35:
 105:DSP/Source/FilteringFunctions/arm_fir_lattice_q31.c ****     fnext1 = fcurr1 + (fnext1 << 1U);
 229              		.loc 1 105 5 is_stmt 1 view .LVU78
 105:DSP/Source/FilteringFunctions/arm_fir_lattice_q31.c ****     fnext1 = fcurr1 + (fnext1 << 1U);
 230              		.loc 1 105 24 is_stmt 0 view .LVU79
 231 00ce 4FEAE179 		asr	r9, r1, #31
 105:DSP/Source/FilteringFunctions/arm_fir_lattice_q31.c ****     fnext1 = fcurr1 + (fnext1 << 1U);
 232              		.loc 1 105 39 view .LVU80
 233 00d2 04FB09F9 		mul	r9, r4, r9
 234 00d6 01FB0A99 		mla	r9, r1, r10, r9
 235 00da A4FB01B6 		umull	fp, r6, r4, r1
 236 00de 4E44     		add	r6, r6, r9
 237              	.LVL36:
 106:DSP/Source/FilteringFunctions/arm_fir_lattice_q31.c ****     gnext1 = gcurr1 + (gnext1 << 1U);
 238              		.loc 1 106 5 is_stmt 1 view .LVU81
 106:DSP/Source/FilteringFunctions/arm_fir_lattice_q31.c ****     gnext1 = gcurr1 + (gnext1 << 1U);
 239              		.loc 1 106 12 is_stmt 0 view .LVU82
 240 00e0 01EB4505 		add	r5, r1, r5, lsl #1
 241              	.LVL37:
 107:DSP/Source/FilteringFunctions/arm_fir_lattice_q31.c **** 
 242              		.loc 1 107 5 is_stmt 1 view .LVU83
 107:DSP/Source/FilteringFunctions/arm_fir_lattice_q31.c **** 
 243              		.loc 1 107 12 is_stmt 0 view .LVU84
 244 00e4 02EB4602 		add	r2, r2, r6, lsl #1
 245              	.LVL38:
 111:DSP/Source/FilteringFunctions/arm_fir_lattice_q31.c **** 
 246              		.loc 1 111 5 is_stmt 1 view .LVU85
 114:DSP/Source/FilteringFunctions/arm_fir_lattice_q31.c ****     fnext2 = fcurr2 + (fnext2 << 1U);
 247              		.loc 1 114 5 view .LVU86
 114:DSP/Source/FilteringFunctions/arm_fir_lattice_q31.c ****     fnext2 = fcurr2 + (fnext2 << 1U);
 248              		.loc 1 114 24 is_stmt 0 view .LVU87
 249 00e8 4FEAEC79 		asr	r9, ip, #31
 114:DSP/Source/FilteringFunctions/arm_fir_lattice_q31.c ****     fnext2 = fcurr2 + (fnext2 << 1U);
 250              		.loc 1 114 39 view .LVU88
 251 00ec 04FB09F9 		mul	r9, r4, r9
 252 00f0 0CFB0A99 		mla	r9, ip, r10, r9
 253 00f4 A4FB0C4A 		umull	r4, r10, r4, ip
 254              	.LVL39:
 114:DSP/Source/FilteringFunctions/arm_fir_lattice_q31.c ****     fnext2 = fcurr2 + (fnext2 << 1U);
 255              		.loc 1 114 39 view .LVU89
ARM GAS  /var/folders/ck/g3dcd5x55xs4107jgdl0snvr0000gn/T//ccZGN9BW.s 			page 9


 256 00f8 D144     		add	r9, r9, r10
 257              	.LVL40:
 115:DSP/Source/FilteringFunctions/arm_fir_lattice_q31.c ****     gnext2 = fcurr1 + (gnext2 << 1U);
 258              		.loc 1 115 5 is_stmt 1 view .LVU90
 115:DSP/Source/FilteringFunctions/arm_fir_lattice_q31.c ****     gnext2 = fcurr1 + (gnext2 << 1U);
 259              		.loc 1 115 12 is_stmt 0 view .LVU91
 260 00fa 0CEB4606 		add	r6, ip, r6, lsl #1
 261              	.LVL41:
 116:DSP/Source/FilteringFunctions/arm_fir_lattice_q31.c **** 
 262              		.loc 1 116 5 is_stmt 1 view .LVU92
 116:DSP/Source/FilteringFunctions/arm_fir_lattice_q31.c **** 
 263              		.loc 1 116 12 is_stmt 0 view .LVU93
 264 00fe 01EB4901 		add	r1, r1, r9, lsl #1
 265              	.LVL42:
 119:DSP/Source/FilteringFunctions/arm_fir_lattice_q31.c **** 
 266              		.loc 1 119 5 is_stmt 1 view .LVU94
 119:DSP/Source/FilteringFunctions/arm_fir_lattice_q31.c **** 
 267              		.loc 1 119 8 is_stmt 0 view .LVU95
 268 0102 4446     		mov	r4, r8
 269              	.LVL43:
 119:DSP/Source/FilteringFunctions/arm_fir_lattice_q31.c **** 
 270              		.loc 1 119 11 view .LVU96
 271 0104 44F804CB 		str	ip, [r4], #4
 272              	.LVL44:
 123:DSP/Source/FilteringFunctions/arm_fir_lattice_q31.c ****     fcurr2 = fnext2;
 273              		.loc 1 123 5 is_stmt 1 view .LVU97
 124:DSP/Source/FilteringFunctions/arm_fir_lattice_q31.c **** 
 274              		.loc 1 124 5 view .LVU98
 126:DSP/Source/FilteringFunctions/arm_fir_lattice_q31.c **** 
 275              		.loc 1 126 5 view .LVU99
 126:DSP/Source/FilteringFunctions/arm_fir_lattice_q31.c **** 
 276              		.loc 1 126 14 is_stmt 0 view .LVU100
 277 0108 0698     		ldr	r0, [sp, #24]
 278 010a 00F1FF39 		add	r9, r0, #-1
 279              	.LVL45:
 129:DSP/Source/FilteringFunctions/arm_fir_lattice_q31.c ****     {
 280              		.loc 1 129 5 is_stmt 1 view .LVU101
 281 010e 0393     		str	r3, [sp, #12]
 282 0110 CDF81080 		str	r8, [sp, #16]
 283 0114 CDF814E0 		str	lr, [sp, #20]
 129:DSP/Source/FilteringFunctions/arm_fir_lattice_q31.c ****     {
 284              		.loc 1 129 11 is_stmt 0 view .LVU102
 285 0118 B4E7     		b	.L3
 286              	.LVL46:
 287              	.L11:
 171:DSP/Source/FilteringFunctions/arm_fir_lattice_q31.c **** 
 172:DSP/Source/FilteringFunctions/arm_fir_lattice_q31.c ****   }
 173:DSP/Source/FilteringFunctions/arm_fir_lattice_q31.c **** 
 174:DSP/Source/FilteringFunctions/arm_fir_lattice_q31.c ****   /* If the blockSize is not a multiple of 4, compute any remaining output samples here.
 175:DSP/Source/FilteringFunctions/arm_fir_lattice_q31.c ****    ** No loop unrolling is used. */
 176:DSP/Source/FilteringFunctions/arm_fir_lattice_q31.c ****   blkCnt = blockSize % 0x2U;
 288              		.loc 1 176 10 view .LVU103
 289 011a 069E     		ldr	r6, [sp, #24]
 290 011c 079A     		ldr	r2, [sp, #28]
 291              		.loc 1 176 3 is_stmt 1 view .LVU104
 292              		.loc 1 176 10 is_stmt 0 view .LVU105
 293 011e 02F00103 		and	r3, r2, #1
ARM GAS  /var/folders/ck/g3dcd5x55xs4107jgdl0snvr0000gn/T//ccZGN9BW.s 			page 10


 294              	.LVL47:
 177:DSP/Source/FilteringFunctions/arm_fir_lattice_q31.c **** 
 178:DSP/Source/FilteringFunctions/arm_fir_lattice_q31.c ****   while (blkCnt > 0U)
 295              		.loc 1 178 3 is_stmt 1 view .LVU106
 296 0122 B646     		mov	lr, r6
 297 0124 2F46     		mov	r7, r5
 298 0126 DDF80490 		ldr	r9, [sp, #4]
 299              		.loc 1 178 9 is_stmt 0 view .LVU107
 300 012a 23E0     		b	.L6
 301              	.LVL48:
 302              	.L8:
 179:DSP/Source/FilteringFunctions/arm_fir_lattice_q31.c ****   {
 180:DSP/Source/FilteringFunctions/arm_fir_lattice_q31.c ****     /* f0(n) = x(n) */
 181:DSP/Source/FilteringFunctions/arm_fir_lattice_q31.c ****     fcurr1 = *pSrc++;
 182:DSP/Source/FilteringFunctions/arm_fir_lattice_q31.c **** 
 183:DSP/Source/FilteringFunctions/arm_fir_lattice_q31.c ****     /* Initialize coeff pointer */
 184:DSP/Source/FilteringFunctions/arm_fir_lattice_q31.c ****     pk = (pCoeffs);
 185:DSP/Source/FilteringFunctions/arm_fir_lattice_q31.c **** 
 186:DSP/Source/FilteringFunctions/arm_fir_lattice_q31.c ****     /* Initialize state pointer */
 187:DSP/Source/FilteringFunctions/arm_fir_lattice_q31.c ****     px = pState;
 188:DSP/Source/FilteringFunctions/arm_fir_lattice_q31.c **** 
 189:DSP/Source/FilteringFunctions/arm_fir_lattice_q31.c ****     /* read g0(n - 1) from state buffer */
 190:DSP/Source/FilteringFunctions/arm_fir_lattice_q31.c ****     gcurr1 = *px;
 191:DSP/Source/FilteringFunctions/arm_fir_lattice_q31.c **** 
 192:DSP/Source/FilteringFunctions/arm_fir_lattice_q31.c ****     /* Read the reflection coefficient */
 193:DSP/Source/FilteringFunctions/arm_fir_lattice_q31.c ****     k = *pk++;
 194:DSP/Source/FilteringFunctions/arm_fir_lattice_q31.c **** 
 195:DSP/Source/FilteringFunctions/arm_fir_lattice_q31.c ****     /* for sample 1 processing */
 196:DSP/Source/FilteringFunctions/arm_fir_lattice_q31.c ****     /* f1(n) = f0(n) +  K1 * g0(n-1) */
 197:DSP/Source/FilteringFunctions/arm_fir_lattice_q31.c ****     fnext1 = (q31_t) (((q63_t) gcurr1 * k) >> 32);
 198:DSP/Source/FilteringFunctions/arm_fir_lattice_q31.c ****     fnext1 = fcurr1 + (fnext1 << 1U);
 199:DSP/Source/FilteringFunctions/arm_fir_lattice_q31.c **** 
 200:DSP/Source/FilteringFunctions/arm_fir_lattice_q31.c ****     /* g1(n) = f0(n) * K1  +  g0(n-1) */
 201:DSP/Source/FilteringFunctions/arm_fir_lattice_q31.c ****     gnext1 = (q31_t) (((q63_t) fcurr1 * (k)) >> 32);
 202:DSP/Source/FilteringFunctions/arm_fir_lattice_q31.c ****     gnext1 = gcurr1 + (gnext1 << 1U);
 203:DSP/Source/FilteringFunctions/arm_fir_lattice_q31.c **** 
 204:DSP/Source/FilteringFunctions/arm_fir_lattice_q31.c ****     /* save g1(n) in state buffer */
 205:DSP/Source/FilteringFunctions/arm_fir_lattice_q31.c ****     *px++ = fcurr1;
 206:DSP/Source/FilteringFunctions/arm_fir_lattice_q31.c **** 
 207:DSP/Source/FilteringFunctions/arm_fir_lattice_q31.c ****     /* f1(n) is saved in fcurr1
 208:DSP/Source/FilteringFunctions/arm_fir_lattice_q31.c ****        for next stage processing */
 209:DSP/Source/FilteringFunctions/arm_fir_lattice_q31.c ****     fcurr1 = fnext1;
 210:DSP/Source/FilteringFunctions/arm_fir_lattice_q31.c **** 
 211:DSP/Source/FilteringFunctions/arm_fir_lattice_q31.c ****     stageCnt = (numStages - 1U);
 212:DSP/Source/FilteringFunctions/arm_fir_lattice_q31.c **** 
 213:DSP/Source/FilteringFunctions/arm_fir_lattice_q31.c ****     /* stage loop */
 214:DSP/Source/FilteringFunctions/arm_fir_lattice_q31.c ****     while (stageCnt > 0U)
 215:DSP/Source/FilteringFunctions/arm_fir_lattice_q31.c ****     {
 216:DSP/Source/FilteringFunctions/arm_fir_lattice_q31.c ****       /* Read the reflection coefficient */
 217:DSP/Source/FilteringFunctions/arm_fir_lattice_q31.c ****       k = *pk++;
 303              		.loc 1 217 7 is_stmt 1 view .LVU108
 304              		.loc 1 217 9 is_stmt 0 view .LVU109
 305 012c 54F8043B 		ldr	r3, [r4], #4
 306              	.LVL49:
 218:DSP/Source/FilteringFunctions/arm_fir_lattice_q31.c **** 
 219:DSP/Source/FilteringFunctions/arm_fir_lattice_q31.c ****       /* read g2(n) from state buffer */
 220:DSP/Source/FilteringFunctions/arm_fir_lattice_q31.c ****       gcurr1 = *px;
ARM GAS  /var/folders/ck/g3dcd5x55xs4107jgdl0snvr0000gn/T//ccZGN9BW.s 			page 11


 307              		.loc 1 220 7 is_stmt 1 view .LVU110
 308              		.loc 1 220 14 is_stmt 0 view .LVU111
 309 0130 0A68     		ldr	r2, [r1]
 310              	.LVL50:
 221:DSP/Source/FilteringFunctions/arm_fir_lattice_q31.c **** 
 222:DSP/Source/FilteringFunctions/arm_fir_lattice_q31.c ****       /* save g1(n) in state buffer */
 223:DSP/Source/FilteringFunctions/arm_fir_lattice_q31.c ****       *px++ = gnext1;
 311              		.loc 1 223 7 is_stmt 1 view .LVU112
 312              		.loc 1 223 13 is_stmt 0 view .LVU113
 313 0132 41F8046B 		str	r6, [r1], #4
 314              	.LVL51:
 224:DSP/Source/FilteringFunctions/arm_fir_lattice_q31.c **** 
 225:DSP/Source/FilteringFunctions/arm_fir_lattice_q31.c ****       /* Sample processing for K2, K3.... */
 226:DSP/Source/FilteringFunctions/arm_fir_lattice_q31.c ****       /* f2(n) = f1(n) +  K2 * g1(n-1) */
 227:DSP/Source/FilteringFunctions/arm_fir_lattice_q31.c ****       fnext1 = (q31_t) (((q63_t) gcurr1 * k) >> 32);
 315              		.loc 1 227 7 is_stmt 1 view .LVU114
 316              		.loc 1 227 26 is_stmt 0 view .LVU115
 317 0136 D617     		asrs	r6, r2, #31
 318              	.LVL52:
 319              		.loc 1 227 41 view .LVU116
 320 0138 4FEAE37A 		asr	r10, r3, #31
 321 013c 02FB0AFC 		mul	ip, r2, r10
 322 0140 03FB06CC 		mla	ip, r3, r6, ip
 323 0144 A2FB03B6 		umull	fp, r6, r2, r3
 324 0148 B444     		add	ip, ip, r6
 325              	.LVL53:
 228:DSP/Source/FilteringFunctions/arm_fir_lattice_q31.c ****       fnext1 = fcurr1 + (fnext1 << 1U);
 326              		.loc 1 228 7 is_stmt 1 view .LVU117
 229:DSP/Source/FilteringFunctions/arm_fir_lattice_q31.c **** 
 230:DSP/Source/FilteringFunctions/arm_fir_lattice_q31.c ****       /* g2(n) = f1(n) * K2  +  g1(n-1) */
 231:DSP/Source/FilteringFunctions/arm_fir_lattice_q31.c ****       gnext1 = (q31_t) (((q63_t) fcurr1 * (k)) >> 32);
 327              		.loc 1 231 7 view .LVU118
 328              		.loc 1 231 26 is_stmt 0 view .LVU119
 329 014a C617     		asrs	r6, r0, #31
 330              		.loc 1 231 41 view .LVU120
 331 014c 03FB06F6 		mul	r6, r3, r6
 332 0150 00FB0A66 		mla	r6, r0, r10, r6
 333 0154 A3FB003A 		umull	r3, r10, r3, r0
 334              	.LVL54:
 335              		.loc 1 231 41 view .LVU121
 336 0158 5644     		add	r6, r6, r10
 337              	.LVL55:
 232:DSP/Source/FilteringFunctions/arm_fir_lattice_q31.c ****       gnext1 = gcurr1 + (gnext1 << 1U);
 338              		.loc 1 232 7 is_stmt 1 view .LVU122
 339              		.loc 1 232 14 is_stmt 0 view .LVU123
 340 015a 02EB4606 		add	r6, r2, r6, lsl #1
 341              	.LVL56:
 233:DSP/Source/FilteringFunctions/arm_fir_lattice_q31.c **** 
 234:DSP/Source/FilteringFunctions/arm_fir_lattice_q31.c ****       /* f1(n) is saved in fcurr1
 235:DSP/Source/FilteringFunctions/arm_fir_lattice_q31.c ****          for next stage processing */
 236:DSP/Source/FilteringFunctions/arm_fir_lattice_q31.c ****       fcurr1 = fnext1;
 342              		.loc 1 236 7 is_stmt 1 view .LVU124
 237:DSP/Source/FilteringFunctions/arm_fir_lattice_q31.c **** 
 238:DSP/Source/FilteringFunctions/arm_fir_lattice_q31.c ****       stageCnt--;
 343              		.loc 1 238 7 view .LVU125
 344              		.loc 1 238 15 is_stmt 0 view .LVU126
 345 015e 013D     		subs	r5, r5, #1
ARM GAS  /var/folders/ck/g3dcd5x55xs4107jgdl0snvr0000gn/T//ccZGN9BW.s 			page 12


 346              	.LVL57:
 236:DSP/Source/FilteringFunctions/arm_fir_lattice_q31.c **** 
 347              		.loc 1 236 14 view .LVU127
 348 0160 00EB4C00 		add	r0, r0, ip, lsl #1
 349              	.LVL58:
 350              	.L7:
 214:DSP/Source/FilteringFunctions/arm_fir_lattice_q31.c ****     {
 351              		.loc 1 214 21 is_stmt 1 view .LVU128
 352 0164 002D     		cmp	r5, #0
 353 0166 E1D1     		bne	.L8
 239:DSP/Source/FilteringFunctions/arm_fir_lattice_q31.c **** 
 240:DSP/Source/FilteringFunctions/arm_fir_lattice_q31.c ****     }
 241:DSP/Source/FilteringFunctions/arm_fir_lattice_q31.c **** 
 242:DSP/Source/FilteringFunctions/arm_fir_lattice_q31.c **** 
 243:DSP/Source/FilteringFunctions/arm_fir_lattice_q31.c ****     /* y(n) = fN(n) */
 244:DSP/Source/FilteringFunctions/arm_fir_lattice_q31.c ****     *pDst++ = fcurr1;
 354              		.loc 1 244 10 is_stmt 0 view .LVU129
 355 0168 019B     		ldr	r3, [sp, #4]
 356              		.loc 1 244 5 is_stmt 1 view .LVU130
 357              		.loc 1 244 10 is_stmt 0 view .LVU131
 358 016a 4A46     		mov	r2, r9
 359              	.LVL59:
 360              		.loc 1 244 13 view .LVU132
 361 016c 42F8040B 		str	r0, [r2], #4
 362              	.LVL60:
 245:DSP/Source/FilteringFunctions/arm_fir_lattice_q31.c **** 
 246:DSP/Source/FilteringFunctions/arm_fir_lattice_q31.c ****     blkCnt--;
 363              		.loc 1 246 5 is_stmt 1 view .LVU133
 364              		.loc 1 246 11 is_stmt 0 view .LVU134
 365 0170 013B     		subs	r3, r3, #1
 366              	.LVL61:
 244:DSP/Source/FilteringFunctions/arm_fir_lattice_q31.c **** 
 367              		.loc 1 244 10 view .LVU135
 368 0172 9146     		mov	r9, r2
 369              	.LVL62:
 370              	.L6:
 178:DSP/Source/FilteringFunctions/arm_fir_lattice_q31.c ****   {
 371              		.loc 1 178 17 is_stmt 1 view .LVU136
 372 0174 23B3     		cbz	r3, .L12
 181:DSP/Source/FilteringFunctions/arm_fir_lattice_q31.c **** 
 373              		.loc 1 181 5 view .LVU137
 374              	.LVL63:
 181:DSP/Source/FilteringFunctions/arm_fir_lattice_q31.c **** 
 375              		.loc 1 181 12 is_stmt 0 view .LVU138
 376 0176 57F8045B 		ldr	r5, [r7], #4
 377              	.LVL64:
 184:DSP/Source/FilteringFunctions/arm_fir_lattice_q31.c **** 
 378              		.loc 1 184 5 is_stmt 1 view .LVU139
 187:DSP/Source/FilteringFunctions/arm_fir_lattice_q31.c **** 
 379              		.loc 1 187 5 view .LVU140
 190:DSP/Source/FilteringFunctions/arm_fir_lattice_q31.c **** 
 380              		.loc 1 190 5 view .LVU141
 190:DSP/Source/FilteringFunctions/arm_fir_lattice_q31.c **** 
 381              		.loc 1 190 12 is_stmt 0 view .LVU142
 382 017a D8F80060 		ldr	r6, [r8]
 383              	.LVL65:
 193:DSP/Source/FilteringFunctions/arm_fir_lattice_q31.c **** 
ARM GAS  /var/folders/ck/g3dcd5x55xs4107jgdl0snvr0000gn/T//ccZGN9BW.s 			page 13


 384              		.loc 1 193 5 is_stmt 1 view .LVU143
 193:DSP/Source/FilteringFunctions/arm_fir_lattice_q31.c **** 
 385              		.loc 1 193 12 is_stmt 0 view .LVU144
 386 017e 029C     		ldr	r4, [sp, #8]
 387              	.LVL66:
 193:DSP/Source/FilteringFunctions/arm_fir_lattice_q31.c **** 
 388              		.loc 1 193 7 view .LVU145
 389 0180 54F8042B 		ldr	r2, [r4], #4
 390              	.LVL67:
 197:DSP/Source/FilteringFunctions/arm_fir_lattice_q31.c ****     fnext1 = fcurr1 + (fnext1 << 1U);
 391              		.loc 1 197 5 is_stmt 1 view .LVU146
 197:DSP/Source/FilteringFunctions/arm_fir_lattice_q31.c ****     fnext1 = fcurr1 + (fnext1 << 1U);
 392              		.loc 1 197 24 is_stmt 0 view .LVU147
 393 0184 F117     		asrs	r1, r6, #31
 197:DSP/Source/FilteringFunctions/arm_fir_lattice_q31.c ****     fnext1 = fcurr1 + (fnext1 << 1U);
 394              		.loc 1 197 39 view .LVU148
 395 0186 4FEAE27C 		asr	ip, r2, #31
 396 018a 06FB0CF0 		mul	r0, r6, ip
 397 018e 02FB0100 		mla	r0, r2, r1, r0
 398 0192 A6FB02A1 		umull	r10, r1, r6, r2
 399 0196 0844     		add	r0, r0, r1
 400              	.LVL68:
 198:DSP/Source/FilteringFunctions/arm_fir_lattice_q31.c **** 
 401              		.loc 1 198 5 is_stmt 1 view .LVU149
 198:DSP/Source/FilteringFunctions/arm_fir_lattice_q31.c **** 
 402              		.loc 1 198 12 is_stmt 0 view .LVU150
 403 0198 05EB4000 		add	r0, r5, r0, lsl #1
 404              	.LVL69:
 201:DSP/Source/FilteringFunctions/arm_fir_lattice_q31.c ****     gnext1 = gcurr1 + (gnext1 << 1U);
 405              		.loc 1 201 5 is_stmt 1 view .LVU151
 201:DSP/Source/FilteringFunctions/arm_fir_lattice_q31.c ****     gnext1 = gcurr1 + (gnext1 << 1U);
 406              		.loc 1 201 24 is_stmt 0 view .LVU152
 407 019c E917     		asrs	r1, r5, #31
 201:DSP/Source/FilteringFunctions/arm_fir_lattice_q31.c ****     gnext1 = gcurr1 + (gnext1 << 1U);
 408              		.loc 1 201 39 view .LVU153
 409 019e 02FB01F1 		mul	r1, r2, r1
 410 01a2 05FB0C11 		mla	r1, r5, ip, r1
 411 01a6 A2FB052C 		umull	r2, ip, r2, r5
 412              	.LVL70:
 201:DSP/Source/FilteringFunctions/arm_fir_lattice_q31.c ****     gnext1 = gcurr1 + (gnext1 << 1U);
 413              		.loc 1 201 39 view .LVU154
 414 01aa 01EB0C02 		add	r2, r1, ip
 415              	.LVL71:
 202:DSP/Source/FilteringFunctions/arm_fir_lattice_q31.c **** 
 416              		.loc 1 202 5 is_stmt 1 view .LVU155
 202:DSP/Source/FilteringFunctions/arm_fir_lattice_q31.c **** 
 417              		.loc 1 202 12 is_stmt 0 view .LVU156
 418 01ae 06EB4206 		add	r6, r6, r2, lsl #1
 419              	.LVL72:
 205:DSP/Source/FilteringFunctions/arm_fir_lattice_q31.c **** 
 420              		.loc 1 205 5 is_stmt 1 view .LVU157
 205:DSP/Source/FilteringFunctions/arm_fir_lattice_q31.c **** 
 421              		.loc 1 205 8 is_stmt 0 view .LVU158
 422 01b2 4146     		mov	r1, r8
 423              	.LVL73:
 205:DSP/Source/FilteringFunctions/arm_fir_lattice_q31.c **** 
 424              		.loc 1 205 11 view .LVU159
ARM GAS  /var/folders/ck/g3dcd5x55xs4107jgdl0snvr0000gn/T//ccZGN9BW.s 			page 14


 425 01b4 41F8045B 		str	r5, [r1], #4
 426              	.LVL74:
 209:DSP/Source/FilteringFunctions/arm_fir_lattice_q31.c **** 
 427              		.loc 1 209 5 is_stmt 1 view .LVU160
 211:DSP/Source/FilteringFunctions/arm_fir_lattice_q31.c **** 
 428              		.loc 1 211 5 view .LVU161
 211:DSP/Source/FilteringFunctions/arm_fir_lattice_q31.c **** 
 429              		.loc 1 211 14 is_stmt 0 view .LVU162
 430 01b8 0EF1FF35 		add	r5, lr, #-1
 431              	.LVL75:
 214:DSP/Source/FilteringFunctions/arm_fir_lattice_q31.c ****     {
 432              		.loc 1 214 5 is_stmt 1 view .LVU163
 433 01bc 0193     		str	r3, [sp, #4]
 214:DSP/Source/FilteringFunctions/arm_fir_lattice_q31.c ****     {
 434              		.loc 1 214 11 is_stmt 0 view .LVU164
 435 01be D1E7     		b	.L7
 436              	.LVL76:
 437              	.L12:
 247:DSP/Source/FilteringFunctions/arm_fir_lattice_q31.c **** 
 248:DSP/Source/FilteringFunctions/arm_fir_lattice_q31.c ****   }
 249:DSP/Source/FilteringFunctions/arm_fir_lattice_q31.c **** 
 250:DSP/Source/FilteringFunctions/arm_fir_lattice_q31.c **** 
 251:DSP/Source/FilteringFunctions/arm_fir_lattice_q31.c **** }
 438              		.loc 1 251 1 view .LVU165
 439 01c0 09B0     		add	sp, sp, #36
 440              	.LCFI2:
 441              		.cfi_def_cfa_offset 36
 442              		@ sp needed
 443 01c2 BDE8F08F 		pop	{r4, r5, r6, r7, r8, r9, r10, fp, pc}
 444              		.loc 1 251 1 view .LVU166
 445              		.cfi_endproc
 446              	.LFE139:
 448              		.text
 449              	.Letext0:
 450              		.file 2 "/Users/luban/.local/xPacks/arm-none-eabi-gcc/xpack-arm-none-eabi-gcc-13.2.1-1.1/arm-none-
 451              		.file 3 "/Users/luban/.local/xPacks/arm-none-eabi-gcc/xpack-arm-none-eabi-gcc-13.2.1-1.1/arm-none-
 452              		.file 4 "DSP/Inc/arm_math.h"
ARM GAS  /var/folders/ck/g3dcd5x55xs4107jgdl0snvr0000gn/T//ccZGN9BW.s 			page 15


DEFINED SYMBOLS
                            *ABS*:00000000 arm_fir_lattice_q31.c
/var/folders/ck/g3dcd5x55xs4107jgdl0snvr0000gn/T//ccZGN9BW.s:21     .text.arm_fir_lattice_q31:00000000 $t
/var/folders/ck/g3dcd5x55xs4107jgdl0snvr0000gn/T//ccZGN9BW.s:27     .text.arm_fir_lattice_q31:00000000 arm_fir_lattice_q31

NO UNDEFINED SYMBOLS
