ARM GAS  /var/folders/ck/g3dcd5x55xs4107jgdl0snvr0000gn/T//ccvnjuXJ.s 			page 1


   1              		.cpu cortex-m4
   2              		.arch armv7e-m
   3              		.fpu fpv4-sp-d16
   4              		.eabi_attribute 27, 1
   5              		.eabi_attribute 28, 1
   6              		.eabi_attribute 20, 1
   7              		.eabi_attribute 21, 1
   8              		.eabi_attribute 23, 3
   9              		.eabi_attribute 24, 1
  10              		.eabi_attribute 25, 1
  11              		.eabi_attribute 26, 1
  12              		.eabi_attribute 30, 1
  13              		.eabi_attribute 34, 1
  14              		.eabi_attribute 18, 4
  15              		.file	"arm_mean_q31.c"
  16              		.text
  17              	.Ltext0:
  18              		.cfi_sections	.debug_frame
  19              		.file 1 "DSP/Source/StatisticsFunctions/arm_mean_q31.c"
  20              		.global	__aeabi_ldivmod
  21              		.section	.text.arm_mean_q31,"ax",%progbits
  22              		.align	1
  23              		.global	arm_mean_q31
  24              		.syntax unified
  25              		.thumb
  26              		.thumb_func
  28              	arm_mean_q31:
  29              	.LVL0:
  30              	.LFB139:
   1:DSP/Source/StatisticsFunctions/arm_mean_q31.c **** /* ----------------------------------------------------------------------
   2:DSP/Source/StatisticsFunctions/arm_mean_q31.c ****  * Project:      CMSIS DSP Library
   3:DSP/Source/StatisticsFunctions/arm_mean_q31.c ****  * Title:        arm_mean_q31.c
   4:DSP/Source/StatisticsFunctions/arm_mean_q31.c ****  * Description:  Mean value of a Q31 vector
   5:DSP/Source/StatisticsFunctions/arm_mean_q31.c ****  *
   6:DSP/Source/StatisticsFunctions/arm_mean_q31.c ****  * $Date:        27. January 2017
   7:DSP/Source/StatisticsFunctions/arm_mean_q31.c ****  * $Revision:    V.1.5.1
   8:DSP/Source/StatisticsFunctions/arm_mean_q31.c ****  *
   9:DSP/Source/StatisticsFunctions/arm_mean_q31.c ****  * Target Processor: Cortex-M cores
  10:DSP/Source/StatisticsFunctions/arm_mean_q31.c ****  * -------------------------------------------------------------------- */
  11:DSP/Source/StatisticsFunctions/arm_mean_q31.c **** /*
  12:DSP/Source/StatisticsFunctions/arm_mean_q31.c ****  * Copyright (C) 2010-2017 ARM Limited or its affiliates. All rights reserved.
  13:DSP/Source/StatisticsFunctions/arm_mean_q31.c ****  *
  14:DSP/Source/StatisticsFunctions/arm_mean_q31.c ****  * SPDX-License-Identifier: Apache-2.0
  15:DSP/Source/StatisticsFunctions/arm_mean_q31.c ****  *
  16:DSP/Source/StatisticsFunctions/arm_mean_q31.c ****  * Licensed under the Apache License, Version 2.0 (the License); you may
  17:DSP/Source/StatisticsFunctions/arm_mean_q31.c ****  * not use this file except in compliance with the License.
  18:DSP/Source/StatisticsFunctions/arm_mean_q31.c ****  * You may obtain a copy of the License at
  19:DSP/Source/StatisticsFunctions/arm_mean_q31.c ****  *
  20:DSP/Source/StatisticsFunctions/arm_mean_q31.c ****  * www.apache.org/licenses/LICENSE-2.0
  21:DSP/Source/StatisticsFunctions/arm_mean_q31.c ****  *
  22:DSP/Source/StatisticsFunctions/arm_mean_q31.c ****  * Unless required by applicable law or agreed to in writing, software
  23:DSP/Source/StatisticsFunctions/arm_mean_q31.c ****  * distributed under the License is distributed on an AS IS BASIS, WITHOUT
  24:DSP/Source/StatisticsFunctions/arm_mean_q31.c ****  * WARRANTIES OR CONDITIONS OF ANY KIND, either express or implied.
  25:DSP/Source/StatisticsFunctions/arm_mean_q31.c ****  * See the License for the specific language governing permissions and
  26:DSP/Source/StatisticsFunctions/arm_mean_q31.c ****  * limitations under the License.
  27:DSP/Source/StatisticsFunctions/arm_mean_q31.c ****  */
  28:DSP/Source/StatisticsFunctions/arm_mean_q31.c **** 
ARM GAS  /var/folders/ck/g3dcd5x55xs4107jgdl0snvr0000gn/T//ccvnjuXJ.s 			page 2


  29:DSP/Source/StatisticsFunctions/arm_mean_q31.c **** #include "arm_math.h"
  30:DSP/Source/StatisticsFunctions/arm_mean_q31.c **** 
  31:DSP/Source/StatisticsFunctions/arm_mean_q31.c **** /**
  32:DSP/Source/StatisticsFunctions/arm_mean_q31.c ****  * @ingroup groupStats
  33:DSP/Source/StatisticsFunctions/arm_mean_q31.c ****  */
  34:DSP/Source/StatisticsFunctions/arm_mean_q31.c **** 
  35:DSP/Source/StatisticsFunctions/arm_mean_q31.c **** /**
  36:DSP/Source/StatisticsFunctions/arm_mean_q31.c ****  * @addtogroup mean
  37:DSP/Source/StatisticsFunctions/arm_mean_q31.c ****  * @{
  38:DSP/Source/StatisticsFunctions/arm_mean_q31.c ****  */
  39:DSP/Source/StatisticsFunctions/arm_mean_q31.c **** 
  40:DSP/Source/StatisticsFunctions/arm_mean_q31.c **** 
  41:DSP/Source/StatisticsFunctions/arm_mean_q31.c **** /**
  42:DSP/Source/StatisticsFunctions/arm_mean_q31.c ****  * @brief Mean value of a Q31 vector.
  43:DSP/Source/StatisticsFunctions/arm_mean_q31.c ****  * @param[in]       *pSrc points to the input vector
  44:DSP/Source/StatisticsFunctions/arm_mean_q31.c ****  * @param[in]       blockSize length of the input vector
  45:DSP/Source/StatisticsFunctions/arm_mean_q31.c ****  * @param[out]      *pResult mean value returned here
  46:DSP/Source/StatisticsFunctions/arm_mean_q31.c ****  * @return none.
  47:DSP/Source/StatisticsFunctions/arm_mean_q31.c ****  *
  48:DSP/Source/StatisticsFunctions/arm_mean_q31.c ****  * @details
  49:DSP/Source/StatisticsFunctions/arm_mean_q31.c ****  * <b>Scaling and Overflow Behavior:</b>
  50:DSP/Source/StatisticsFunctions/arm_mean_q31.c ****  *\par
  51:DSP/Source/StatisticsFunctions/arm_mean_q31.c ****  * The function is implemented using a 64-bit internal accumulator.
  52:DSP/Source/StatisticsFunctions/arm_mean_q31.c ****  * The input is represented in 1.31 format and is accumulated in a 64-bit
  53:DSP/Source/StatisticsFunctions/arm_mean_q31.c ****  * accumulator in 33.31 format.
  54:DSP/Source/StatisticsFunctions/arm_mean_q31.c ****  * There is no risk of internal overflow with this approach, and the
  55:DSP/Source/StatisticsFunctions/arm_mean_q31.c ****  * full precision of intermediate result is preserved.
  56:DSP/Source/StatisticsFunctions/arm_mean_q31.c ****  * Finally, the accumulator is truncated to yield a result of 1.31 format.
  57:DSP/Source/StatisticsFunctions/arm_mean_q31.c ****  *
  58:DSP/Source/StatisticsFunctions/arm_mean_q31.c ****  */
  59:DSP/Source/StatisticsFunctions/arm_mean_q31.c **** 
  60:DSP/Source/StatisticsFunctions/arm_mean_q31.c **** void arm_mean_q31(
  61:DSP/Source/StatisticsFunctions/arm_mean_q31.c ****   q31_t * pSrc,
  62:DSP/Source/StatisticsFunctions/arm_mean_q31.c ****   uint32_t blockSize,
  63:DSP/Source/StatisticsFunctions/arm_mean_q31.c ****   q31_t * pResult)
  64:DSP/Source/StatisticsFunctions/arm_mean_q31.c **** {
  31              		.loc 1 64 1 view -0
  32              		.cfi_startproc
  33              		@ args = 0, pretend = 0, frame = 0
  34              		@ frame_needed = 0, uses_anonymous_args = 0
  35              		.loc 1 64 1 is_stmt 0 view .LVU1
  36 0000 2DE9F041 		push	{r4, r5, r6, r7, r8, lr}
  37              	.LCFI0:
  38              		.cfi_def_cfa_offset 24
  39              		.cfi_offset 4, -24
  40              		.cfi_offset 5, -20
  41              		.cfi_offset 6, -16
  42              		.cfi_offset 7, -12
  43              		.cfi_offset 8, -8
  44              		.cfi_offset 14, -4
  45 0004 8446     		mov	ip, r0
  46 0006 0B46     		mov	r3, r1
  47 0008 9046     		mov	r8, r2
  65:DSP/Source/StatisticsFunctions/arm_mean_q31.c ****   q63_t sum = 0;                                 /* Temporary result storage */
  48              		.loc 1 65 3 is_stmt 1 view .LVU2
  49              	.LVL1:
  66:DSP/Source/StatisticsFunctions/arm_mean_q31.c ****   uint32_t blkCnt;                               /* loop counter */
ARM GAS  /var/folders/ck/g3dcd5x55xs4107jgdl0snvr0000gn/T//ccvnjuXJ.s 			page 3


  50              		.loc 1 66 3 view .LVU3
  67:DSP/Source/StatisticsFunctions/arm_mean_q31.c **** 
  68:DSP/Source/StatisticsFunctions/arm_mean_q31.c **** #if defined (ARM_MATH_DSP)
  69:DSP/Source/StatisticsFunctions/arm_mean_q31.c ****   /* Run the below code for Cortex-M4 and Cortex-M3 */
  70:DSP/Source/StatisticsFunctions/arm_mean_q31.c **** 
  71:DSP/Source/StatisticsFunctions/arm_mean_q31.c ****   q31_t in1, in2, in3, in4;
  51              		.loc 1 71 3 view .LVU4
  72:DSP/Source/StatisticsFunctions/arm_mean_q31.c **** 
  73:DSP/Source/StatisticsFunctions/arm_mean_q31.c ****   /*loop Unrolling */
  74:DSP/Source/StatisticsFunctions/arm_mean_q31.c ****   blkCnt = blockSize >> 2U;
  52              		.loc 1 74 3 view .LVU5
  53              		.loc 1 74 10 is_stmt 0 view .LVU6
  54 000a 8F08     		lsrs	r7, r1, #2
  55              	.LVL2:
  75:DSP/Source/StatisticsFunctions/arm_mean_q31.c **** 
  76:DSP/Source/StatisticsFunctions/arm_mean_q31.c ****   /* First part of the processing with loop unrolling.  Compute 4 outputs at a time.
  77:DSP/Source/StatisticsFunctions/arm_mean_q31.c ****    ** a second loop below computes the remaining 1 to 3 samples. */
  78:DSP/Source/StatisticsFunctions/arm_mean_q31.c ****   while (blkCnt > 0U)
  56              		.loc 1 78 3 is_stmt 1 view .LVU7
  65:DSP/Source/StatisticsFunctions/arm_mean_q31.c ****   uint32_t blkCnt;                               /* loop counter */
  57              		.loc 1 65 9 is_stmt 0 view .LVU8
  58 000c 0020     		movs	r0, #0
  59              	.LVL3:
  65:DSP/Source/StatisticsFunctions/arm_mean_q31.c ****   uint32_t blkCnt;                               /* loop counter */
  60              		.loc 1 65 9 view .LVU9
  61 000e 0146     		mov	r1, r0
  62              	.LVL4:
  63              		.loc 1 78 9 view .LVU10
  64 0010 16E0     		b	.L2
  65              	.LVL5:
  66              	.L3:
  79:DSP/Source/StatisticsFunctions/arm_mean_q31.c ****   {
  80:DSP/Source/StatisticsFunctions/arm_mean_q31.c ****     /* C = (A[0] + A[1] + A[2] + ... + A[blockSize-1]) */
  81:DSP/Source/StatisticsFunctions/arm_mean_q31.c ****     in1 = *pSrc++;
  67              		.loc 1 81 5 is_stmt 1 view .LVU11
  68              		.loc 1 81 9 is_stmt 0 view .LVU12
  69 0012 DCF80040 		ldr	r4, [ip]
  70              	.LVL6:
  82:DSP/Source/StatisticsFunctions/arm_mean_q31.c ****     in2 = *pSrc++;
  71              		.loc 1 82 5 is_stmt 1 view .LVU13
  72              		.loc 1 82 9 is_stmt 0 view .LVU14
  73 0016 DCF80450 		ldr	r5, [ip, #4]
  74              	.LVL7:
  83:DSP/Source/StatisticsFunctions/arm_mean_q31.c ****     in3 = *pSrc++;
  75              		.loc 1 83 5 is_stmt 1 view .LVU15
  76              		.loc 1 83 9 is_stmt 0 view .LVU16
  77 001a DCF80860 		ldr	r6, [ip, #8]
  78              	.LVL8:
  84:DSP/Source/StatisticsFunctions/arm_mean_q31.c ****     in4 = *pSrc++;
  79              		.loc 1 84 5 is_stmt 1 view .LVU17
  80              		.loc 1 84 9 is_stmt 0 view .LVU18
  81 001e DCF80C20 		ldr	r2, [ip, #12]
  82              	.LVL9:
  85:DSP/Source/StatisticsFunctions/arm_mean_q31.c **** 
  86:DSP/Source/StatisticsFunctions/arm_mean_q31.c ****     sum += in1;
  83              		.loc 1 86 5 is_stmt 1 view .LVU19
  84              		.loc 1 86 9 is_stmt 0 view .LVU20
ARM GAS  /var/folders/ck/g3dcd5x55xs4107jgdl0snvr0000gn/T//ccvnjuXJ.s 			page 4


  85 0022 2018     		adds	r0, r4, r0
  86              	.LVL10:
  87              		.loc 1 86 9 view .LVU21
  88 0024 41EBE474 		adc	r4, r1, r4, asr #31
  89              	.LVL11:
  87:DSP/Source/StatisticsFunctions/arm_mean_q31.c ****     sum += in2;
  90              		.loc 1 87 5 is_stmt 1 view .LVU22
  91              		.loc 1 87 9 is_stmt 0 view .LVU23
  92 0028 2818     		adds	r0, r5, r0
  93              	.LVL12:
  94              		.loc 1 87 9 view .LVU24
  95 002a 44EBE574 		adc	r4, r4, r5, asr #31
  96              	.LVL13:
  88:DSP/Source/StatisticsFunctions/arm_mean_q31.c ****     sum += in3;
  97              		.loc 1 88 5 is_stmt 1 view .LVU25
  98              		.loc 1 88 9 is_stmt 0 view .LVU26
  99 002e 3018     		adds	r0, r6, r0
 100              	.LVL14:
 101              		.loc 1 88 9 view .LVU27
 102 0030 44EBE674 		adc	r4, r4, r6, asr #31
 103              	.LVL15:
  89:DSP/Source/StatisticsFunctions/arm_mean_q31.c ****     sum += in4;
 104              		.loc 1 89 5 is_stmt 1 view .LVU28
 105              		.loc 1 89 9 is_stmt 0 view .LVU29
 106 0034 1018     		adds	r0, r2, r0
 107              	.LVL16:
 108              		.loc 1 89 9 view .LVU30
 109 0036 44EBE271 		adc	r1, r4, r2, asr #31
 110              	.LVL17:
  90:DSP/Source/StatisticsFunctions/arm_mean_q31.c **** 
  91:DSP/Source/StatisticsFunctions/arm_mean_q31.c ****     /* Decrement the loop counter */
  92:DSP/Source/StatisticsFunctions/arm_mean_q31.c ****     blkCnt--;
 111              		.loc 1 92 5 is_stmt 1 view .LVU31
 112              		.loc 1 92 11 is_stmt 0 view .LVU32
 113 003a 013F     		subs	r7, r7, #1
 114              	.LVL18:
  84:DSP/Source/StatisticsFunctions/arm_mean_q31.c **** 
 115              		.loc 1 84 16 view .LVU33
 116 003c 0CF1100C 		add	ip, ip, #16
 117              	.LVL19:
 118              	.L2:
  78:DSP/Source/StatisticsFunctions/arm_mean_q31.c ****   {
 119              		.loc 1 78 17 is_stmt 1 view .LVU34
 120 0040 002F     		cmp	r7, #0
 121 0042 E6D1     		bne	.L3
  93:DSP/Source/StatisticsFunctions/arm_mean_q31.c ****   }
  94:DSP/Source/StatisticsFunctions/arm_mean_q31.c **** 
  95:DSP/Source/StatisticsFunctions/arm_mean_q31.c ****   /* If the blockSize is not a multiple of 4, compute any remaining output samples here.
  96:DSP/Source/StatisticsFunctions/arm_mean_q31.c ****    ** No loop unrolling is used. */
  97:DSP/Source/StatisticsFunctions/arm_mean_q31.c ****   blkCnt = blockSize % 0x4U;
 122              		.loc 1 97 3 view .LVU35
 123              		.loc 1 97 10 is_stmt 0 view .LVU36
 124 0044 03F00302 		and	r2, r3, #3
 125              	.LVL20:
  98:DSP/Source/StatisticsFunctions/arm_mean_q31.c **** 
  99:DSP/Source/StatisticsFunctions/arm_mean_q31.c **** #else
 100:DSP/Source/StatisticsFunctions/arm_mean_q31.c ****   /* Run the below code for Cortex-M0 */
ARM GAS  /var/folders/ck/g3dcd5x55xs4107jgdl0snvr0000gn/T//ccvnjuXJ.s 			page 5


 101:DSP/Source/StatisticsFunctions/arm_mean_q31.c **** 
 102:DSP/Source/StatisticsFunctions/arm_mean_q31.c ****   /* Loop over blockSize number of values */
 103:DSP/Source/StatisticsFunctions/arm_mean_q31.c ****   blkCnt = blockSize;
 104:DSP/Source/StatisticsFunctions/arm_mean_q31.c **** 
 105:DSP/Source/StatisticsFunctions/arm_mean_q31.c **** #endif /* #if defined (ARM_MATH_DSP) */
 106:DSP/Source/StatisticsFunctions/arm_mean_q31.c **** 
 107:DSP/Source/StatisticsFunctions/arm_mean_q31.c ****   while (blkCnt > 0U)
 126              		.loc 1 107 3 is_stmt 1 view .LVU37
 127              		.loc 1 107 9 is_stmt 0 view .LVU38
 128 0048 05E0     		b	.L4
 129              	.L5:
 108:DSP/Source/StatisticsFunctions/arm_mean_q31.c ****   {
 109:DSP/Source/StatisticsFunctions/arm_mean_q31.c ****     /* C = (A[0] + A[1] + A[2] + ... + A[blockSize-1]) */
 110:DSP/Source/StatisticsFunctions/arm_mean_q31.c ****     sum += *pSrc++;
 130              		.loc 1 110 5 is_stmt 1 view .LVU39
 131              	.LVL21:
 132              		.loc 1 110 12 is_stmt 0 view .LVU40
 133 004a 5CF8044B 		ldr	r4, [ip], #4
 134              	.LVL22:
 135              		.loc 1 110 9 view .LVU41
 136 004e 2018     		adds	r0, r4, r0
 137              	.LVL23:
 138              		.loc 1 110 9 view .LVU42
 139 0050 41EBE471 		adc	r1, r1, r4, asr #31
 140              	.LVL24:
 111:DSP/Source/StatisticsFunctions/arm_mean_q31.c **** 
 112:DSP/Source/StatisticsFunctions/arm_mean_q31.c ****     /* Decrement the loop counter */
 113:DSP/Source/StatisticsFunctions/arm_mean_q31.c ****     blkCnt--;
 141              		.loc 1 113 5 is_stmt 1 view .LVU43
 142              		.loc 1 113 11 is_stmt 0 view .LVU44
 143 0054 013A     		subs	r2, r2, #1
 144              	.LVL25:
 145              	.L4:
 107:DSP/Source/StatisticsFunctions/arm_mean_q31.c ****   {
 146              		.loc 1 107 17 is_stmt 1 view .LVU45
 147 0056 002A     		cmp	r2, #0
 148 0058 F7D1     		bne	.L5
 114:DSP/Source/StatisticsFunctions/arm_mean_q31.c ****   }
 115:DSP/Source/StatisticsFunctions/arm_mean_q31.c **** 
 116:DSP/Source/StatisticsFunctions/arm_mean_q31.c ****   /* C = (A[0] + A[1] + A[2] + ... + A[blockSize-1]) / blockSize  */
 117:DSP/Source/StatisticsFunctions/arm_mean_q31.c ****   /* Store the result to the destination */
 118:DSP/Source/StatisticsFunctions/arm_mean_q31.c ****   *pResult = (q31_t) (sum / (int32_t) blockSize);
 149              		.loc 1 118 3 view .LVU46
 150              		.loc 1 118 27 is_stmt 0 view .LVU47
 151 005a 1A46     		mov	r2, r3
 152              	.LVL26:
 153              		.loc 1 118 27 view .LVU48
 154 005c DB17     		asrs	r3, r3, #31
 155              	.LVL27:
 156              		.loc 1 118 27 view .LVU49
 157 005e FFF7FEFF 		bl	__aeabi_ldivmod
 158              	.LVL28:
 159              		.loc 1 118 12 view .LVU50
 160 0062 C8F80000 		str	r0, [r8]
 119:DSP/Source/StatisticsFunctions/arm_mean_q31.c **** }
 161              		.loc 1 119 1 view .LVU51
 162 0066 BDE8F081 		pop	{r4, r5, r6, r7, r8, pc}
ARM GAS  /var/folders/ck/g3dcd5x55xs4107jgdl0snvr0000gn/T//ccvnjuXJ.s 			page 6


 163              		.loc 1 119 1 view .LVU52
 164              		.cfi_endproc
 165              	.LFE139:
 167              		.text
 168              	.Letext0:
 169              		.file 2 "/Users/luban/.local/xPacks/arm-none-eabi-gcc/xpack-arm-none-eabi-gcc-13.2.1-1.1/arm-none-
 170              		.file 3 "/Users/luban/.local/xPacks/arm-none-eabi-gcc/xpack-arm-none-eabi-gcc-13.2.1-1.1/arm-none-
 171              		.file 4 "DSP/Inc/arm_math.h"
ARM GAS  /var/folders/ck/g3dcd5x55xs4107jgdl0snvr0000gn/T//ccvnjuXJ.s 			page 7


DEFINED SYMBOLS
                            *ABS*:00000000 arm_mean_q31.c
/var/folders/ck/g3dcd5x55xs4107jgdl0snvr0000gn/T//ccvnjuXJ.s:22     .text.arm_mean_q31:00000000 $t
/var/folders/ck/g3dcd5x55xs4107jgdl0snvr0000gn/T//ccvnjuXJ.s:28     .text.arm_mean_q31:00000000 arm_mean_q31

UNDEFINED SYMBOLS
__aeabi_ldivmod
