ARM GAS  /var/folders/ck/g3dcd5x55xs4107jgdl0snvr0000gn/T//cct8YUpo.s 			page 1


   1              		.cpu cortex-m4
   2              		.arch armv7e-m
   3              		.fpu fpv4-sp-d16
   4              		.eabi_attribute 27, 1
   5              		.eabi_attribute 28, 1
   6              		.eabi_attribute 20, 1
   7              		.eabi_attribute 21, 1
   8              		.eabi_attribute 23, 3
   9              		.eabi_attribute 24, 1
  10              		.eabi_attribute 25, 1
  11              		.eabi_attribute 26, 1
  12              		.eabi_attribute 30, 1
  13              		.eabi_attribute 34, 1
  14              		.eabi_attribute 18, 4
  15              		.file	"arm_biquad_cascade_df2T_init_f64.c"
  16              		.text
  17              	.Ltext0:
  18              		.cfi_sections	.debug_frame
  19              		.file 1 "DSP/Source/FilteringFunctions/arm_biquad_cascade_df2T_init_f64.c"
  20              		.section	.text.arm_biquad_cascade_df2T_init_f64,"ax",%progbits
  21              		.align	1
  22              		.global	arm_biquad_cascade_df2T_init_f64
  23              		.syntax unified
  24              		.thumb
  25              		.thumb_func
  27              	arm_biquad_cascade_df2T_init_f64:
  28              	.LVL0:
  29              	.LFB139:
   1:DSP/Source/FilteringFunctions/arm_biquad_cascade_df2T_init_f64.c **** /* ----------------------------------------------------------------------
   2:DSP/Source/FilteringFunctions/arm_biquad_cascade_df2T_init_f64.c ****  * Project:      CMSIS DSP Library
   3:DSP/Source/FilteringFunctions/arm_biquad_cascade_df2T_init_f64.c ****  * Title:        arm_biquad_cascade_df2T_init_f64.c
   4:DSP/Source/FilteringFunctions/arm_biquad_cascade_df2T_init_f64.c ****  * Description:  Initialization function for floating-point transposed direct form II Biquad cascad
   5:DSP/Source/FilteringFunctions/arm_biquad_cascade_df2T_init_f64.c ****  *
   6:DSP/Source/FilteringFunctions/arm_biquad_cascade_df2T_init_f64.c ****  * $Date:        27. January 2017
   7:DSP/Source/FilteringFunctions/arm_biquad_cascade_df2T_init_f64.c ****  * $Revision:    V.1.5.1
   8:DSP/Source/FilteringFunctions/arm_biquad_cascade_df2T_init_f64.c ****  *
   9:DSP/Source/FilteringFunctions/arm_biquad_cascade_df2T_init_f64.c ****  * Target Processor: Cortex-M cores
  10:DSP/Source/FilteringFunctions/arm_biquad_cascade_df2T_init_f64.c ****  * -------------------------------------------------------------------- */
  11:DSP/Source/FilteringFunctions/arm_biquad_cascade_df2T_init_f64.c **** /*
  12:DSP/Source/FilteringFunctions/arm_biquad_cascade_df2T_init_f64.c ****  * Copyright (C) 2010-2017 ARM Limited or its affiliates. All rights reserved.
  13:DSP/Source/FilteringFunctions/arm_biquad_cascade_df2T_init_f64.c ****  *
  14:DSP/Source/FilteringFunctions/arm_biquad_cascade_df2T_init_f64.c ****  * SPDX-License-Identifier: Apache-2.0
  15:DSP/Source/FilteringFunctions/arm_biquad_cascade_df2T_init_f64.c ****  *
  16:DSP/Source/FilteringFunctions/arm_biquad_cascade_df2T_init_f64.c ****  * Licensed under the Apache License, Version 2.0 (the License); you may
  17:DSP/Source/FilteringFunctions/arm_biquad_cascade_df2T_init_f64.c ****  * not use this file except in compliance with the License.
  18:DSP/Source/FilteringFunctions/arm_biquad_cascade_df2T_init_f64.c ****  * You may obtain a copy of the License at
  19:DSP/Source/FilteringFunctions/arm_biquad_cascade_df2T_init_f64.c ****  *
  20:DSP/Source/FilteringFunctions/arm_biquad_cascade_df2T_init_f64.c ****  * www.apache.org/licenses/LICENSE-2.0
  21:DSP/Source/FilteringFunctions/arm_biquad_cascade_df2T_init_f64.c ****  *
  22:DSP/Source/FilteringFunctions/arm_biquad_cascade_df2T_init_f64.c ****  * Unless required by applicable law or agreed to in writing, software
  23:DSP/Source/FilteringFunctions/arm_biquad_cascade_df2T_init_f64.c ****  * distributed under the License is distributed on an AS IS BASIS, WITHOUT
  24:DSP/Source/FilteringFunctions/arm_biquad_cascade_df2T_init_f64.c ****  * WARRANTIES OR CONDITIONS OF ANY KIND, either express or implied.
  25:DSP/Source/FilteringFunctions/arm_biquad_cascade_df2T_init_f64.c ****  * See the License for the specific language governing permissions and
  26:DSP/Source/FilteringFunctions/arm_biquad_cascade_df2T_init_f64.c ****  * limitations under the License.
  27:DSP/Source/FilteringFunctions/arm_biquad_cascade_df2T_init_f64.c ****  */
  28:DSP/Source/FilteringFunctions/arm_biquad_cascade_df2T_init_f64.c **** 
  29:DSP/Source/FilteringFunctions/arm_biquad_cascade_df2T_init_f64.c **** #include "arm_math.h"
ARM GAS  /var/folders/ck/g3dcd5x55xs4107jgdl0snvr0000gn/T//cct8YUpo.s 			page 2


  30:DSP/Source/FilteringFunctions/arm_biquad_cascade_df2T_init_f64.c **** 
  31:DSP/Source/FilteringFunctions/arm_biquad_cascade_df2T_init_f64.c **** /**
  32:DSP/Source/FilteringFunctions/arm_biquad_cascade_df2T_init_f64.c ****  * @ingroup groupFilters
  33:DSP/Source/FilteringFunctions/arm_biquad_cascade_df2T_init_f64.c ****  */
  34:DSP/Source/FilteringFunctions/arm_biquad_cascade_df2T_init_f64.c **** 
  35:DSP/Source/FilteringFunctions/arm_biquad_cascade_df2T_init_f64.c **** /**
  36:DSP/Source/FilteringFunctions/arm_biquad_cascade_df2T_init_f64.c ****  * @addtogroup BiquadCascadeDF2T
  37:DSP/Source/FilteringFunctions/arm_biquad_cascade_df2T_init_f64.c ****  * @{
  38:DSP/Source/FilteringFunctions/arm_biquad_cascade_df2T_init_f64.c ****  */
  39:DSP/Source/FilteringFunctions/arm_biquad_cascade_df2T_init_f64.c **** 
  40:DSP/Source/FilteringFunctions/arm_biquad_cascade_df2T_init_f64.c **** /**
  41:DSP/Source/FilteringFunctions/arm_biquad_cascade_df2T_init_f64.c ****  * @brief  Initialization function for the floating-point transposed direct form II Biquad cascade 
  42:DSP/Source/FilteringFunctions/arm_biquad_cascade_df2T_init_f64.c ****  * @param[in,out] *S           points to an instance of the filter data structure.
  43:DSP/Source/FilteringFunctions/arm_biquad_cascade_df2T_init_f64.c ****  * @param[in]     numStages    number of 2nd order stages in the filter.
  44:DSP/Source/FilteringFunctions/arm_biquad_cascade_df2T_init_f64.c ****  * @param[in]     *pCoeffs     points to the filter coefficients.
  45:DSP/Source/FilteringFunctions/arm_biquad_cascade_df2T_init_f64.c ****  * @param[in]     *pState      points to the state buffer.
  46:DSP/Source/FilteringFunctions/arm_biquad_cascade_df2T_init_f64.c ****  * @return        none
  47:DSP/Source/FilteringFunctions/arm_biquad_cascade_df2T_init_f64.c ****  *
  48:DSP/Source/FilteringFunctions/arm_biquad_cascade_df2T_init_f64.c ****  * <b>Coefficient and State Ordering:</b>
  49:DSP/Source/FilteringFunctions/arm_biquad_cascade_df2T_init_f64.c ****  * \par
  50:DSP/Source/FilteringFunctions/arm_biquad_cascade_df2T_init_f64.c ****  * The coefficients are stored in the array <code>pCoeffs</code> in the following order:
  51:DSP/Source/FilteringFunctions/arm_biquad_cascade_df2T_init_f64.c ****  * <pre>
  52:DSP/Source/FilteringFunctions/arm_biquad_cascade_df2T_init_f64.c ****  *     {b10, b11, b12, a11, a12, b20, b21, b22, a21, a22, ...}
  53:DSP/Source/FilteringFunctions/arm_biquad_cascade_df2T_init_f64.c ****  * </pre>
  54:DSP/Source/FilteringFunctions/arm_biquad_cascade_df2T_init_f64.c ****  *
  55:DSP/Source/FilteringFunctions/arm_biquad_cascade_df2T_init_f64.c ****  * \par
  56:DSP/Source/FilteringFunctions/arm_biquad_cascade_df2T_init_f64.c ****  * where <code>b1x</code> and <code>a1x</code> are the coefficients for the first stage,
  57:DSP/Source/FilteringFunctions/arm_biquad_cascade_df2T_init_f64.c ****  * <code>b2x</code> and <code>a2x</code> are the coefficients for the second stage,
  58:DSP/Source/FilteringFunctions/arm_biquad_cascade_df2T_init_f64.c ****  * and so on.  The <code>pCoeffs</code> array contains a total of <code>5*numStages</code> values.
  59:DSP/Source/FilteringFunctions/arm_biquad_cascade_df2T_init_f64.c ****  *
  60:DSP/Source/FilteringFunctions/arm_biquad_cascade_df2T_init_f64.c ****  * \par
  61:DSP/Source/FilteringFunctions/arm_biquad_cascade_df2T_init_f64.c ****  * The <code>pState</code> is a pointer to state array.
  62:DSP/Source/FilteringFunctions/arm_biquad_cascade_df2T_init_f64.c ****  * Each Biquad stage has 2 state variables <code>d1,</code> and <code>d2</code>.
  63:DSP/Source/FilteringFunctions/arm_biquad_cascade_df2T_init_f64.c ****  * The 2 state variables for stage 1 are first, then the 2 state variables for stage 2, and so on.
  64:DSP/Source/FilteringFunctions/arm_biquad_cascade_df2T_init_f64.c ****  * The state array has a total length of <code>2*numStages</code> values.
  65:DSP/Source/FilteringFunctions/arm_biquad_cascade_df2T_init_f64.c ****  * The state variables are updated after each block of data is processed; the coefficients are unto
  66:DSP/Source/FilteringFunctions/arm_biquad_cascade_df2T_init_f64.c ****  */
  67:DSP/Source/FilteringFunctions/arm_biquad_cascade_df2T_init_f64.c **** 
  68:DSP/Source/FilteringFunctions/arm_biquad_cascade_df2T_init_f64.c **** void arm_biquad_cascade_df2T_init_f64(
  69:DSP/Source/FilteringFunctions/arm_biquad_cascade_df2T_init_f64.c ****   arm_biquad_cascade_df2T_instance_f64 * S,
  70:DSP/Source/FilteringFunctions/arm_biquad_cascade_df2T_init_f64.c ****   uint8_t numStages,
  71:DSP/Source/FilteringFunctions/arm_biquad_cascade_df2T_init_f64.c ****   float64_t * pCoeffs,
  72:DSP/Source/FilteringFunctions/arm_biquad_cascade_df2T_init_f64.c ****   float64_t * pState)
  73:DSP/Source/FilteringFunctions/arm_biquad_cascade_df2T_init_f64.c **** {
  30              		.loc 1 73 1 view -0
  31              		.cfi_startproc
  32              		@ args = 0, pretend = 0, frame = 0
  33              		@ frame_needed = 0, uses_anonymous_args = 0
  34              		.loc 1 73 1 is_stmt 0 view .LVU1
  35 0000 38B5     		push	{r3, r4, r5, lr}
  36              	.LCFI0:
  37              		.cfi_def_cfa_offset 16
  38              		.cfi_offset 3, -16
  39              		.cfi_offset 4, -12
  40              		.cfi_offset 5, -8
  41              		.cfi_offset 14, -4
  42 0002 0446     		mov	r4, r0
ARM GAS  /var/folders/ck/g3dcd5x55xs4107jgdl0snvr0000gn/T//cct8YUpo.s 			page 3


  43 0004 1D46     		mov	r5, r3
  74:DSP/Source/FilteringFunctions/arm_biquad_cascade_df2T_init_f64.c ****   /* Assign filter stages */
  75:DSP/Source/FilteringFunctions/arm_biquad_cascade_df2T_init_f64.c ****   S->numStages = numStages;
  44              		.loc 1 75 3 is_stmt 1 view .LVU2
  45              		.loc 1 75 16 is_stmt 0 view .LVU3
  46 0006 0170     		strb	r1, [r0]
  76:DSP/Source/FilteringFunctions/arm_biquad_cascade_df2T_init_f64.c **** 
  77:DSP/Source/FilteringFunctions/arm_biquad_cascade_df2T_init_f64.c ****   /* Assign coefficient pointer */
  78:DSP/Source/FilteringFunctions/arm_biquad_cascade_df2T_init_f64.c ****   S->pCoeffs = pCoeffs;
  47              		.loc 1 78 3 is_stmt 1 view .LVU4
  48              		.loc 1 78 14 is_stmt 0 view .LVU5
  49 0008 8260     		str	r2, [r0, #8]
  79:DSP/Source/FilteringFunctions/arm_biquad_cascade_df2T_init_f64.c **** 
  80:DSP/Source/FilteringFunctions/arm_biquad_cascade_df2T_init_f64.c ****   /* Clear state buffer and size is always 2 * numStages */
  81:DSP/Source/FilteringFunctions/arm_biquad_cascade_df2T_init_f64.c ****   memset(pState, 0, (2U * (uint32_t) numStages) * sizeof(float64_t));
  50              		.loc 1 81 3 is_stmt 1 view .LVU6
  51 000a 0A01     		lsls	r2, r1, #4
  52              	.LVL1:
  53              		.loc 1 81 3 is_stmt 0 view .LVU7
  54 000c 0021     		movs	r1, #0
  55              	.LVL2:
  56              		.loc 1 81 3 view .LVU8
  57 000e 1846     		mov	r0, r3
  58              	.LVL3:
  59              		.loc 1 81 3 view .LVU9
  60 0010 FFF7FEFF 		bl	memset
  61              	.LVL4:
  82:DSP/Source/FilteringFunctions/arm_biquad_cascade_df2T_init_f64.c **** 
  83:DSP/Source/FilteringFunctions/arm_biquad_cascade_df2T_init_f64.c ****   /* Assign state pointer */
  84:DSP/Source/FilteringFunctions/arm_biquad_cascade_df2T_init_f64.c ****   S->pState = pState;
  62              		.loc 1 84 3 is_stmt 1 view .LVU10
  63              		.loc 1 84 13 is_stmt 0 view .LVU11
  64 0014 6560     		str	r5, [r4, #4]
  85:DSP/Source/FilteringFunctions/arm_biquad_cascade_df2T_init_f64.c **** }
  65              		.loc 1 85 1 view .LVU12
  66 0016 38BD     		pop	{r3, r4, r5, pc}
  67              		.loc 1 85 1 view .LVU13
  68              		.cfi_endproc
  69              	.LFE139:
  71              		.text
  72              	.Letext0:
  73              		.file 2 "/Users/luban/.local/xPacks/arm-none-eabi-gcc/xpack-arm-none-eabi-gcc-13.2.1-1.1/arm-none-
  74              		.file 3 "/Users/luban/.local/xPacks/arm-none-eabi-gcc/xpack-arm-none-eabi-gcc-13.2.1-1.1/arm-none-
  75              		.file 4 "/Users/luban/.local/xPacks/arm-none-eabi-gcc/xpack-arm-none-eabi-gcc-13.2.1-1.1/lib/gcc/a
  76              		.file 5 "DSP/Inc/arm_math.h"
  77              		.file 6 "/Users/luban/.local/xPacks/arm-none-eabi-gcc/xpack-arm-none-eabi-gcc-13.2.1-1.1/arm-none-
  78              		.file 7 "<built-in>"
ARM GAS  /var/folders/ck/g3dcd5x55xs4107jgdl0snvr0000gn/T//cct8YUpo.s 			page 4


DEFINED SYMBOLS
                            *ABS*:00000000 arm_biquad_cascade_df2T_init_f64.c
/var/folders/ck/g3dcd5x55xs4107jgdl0snvr0000gn/T//cct8YUpo.s:21     .text.arm_biquad_cascade_df2T_init_f64:00000000 $t
/var/folders/ck/g3dcd5x55xs4107jgdl0snvr0000gn/T//cct8YUpo.s:27     .text.arm_biquad_cascade_df2T_init_f64:00000000 arm_biquad_cascade_df2T_init_f64

UNDEFINED SYMBOLS
memset
