ARM GAS  /var/folders/ck/g3dcd5x55xs4107jgdl0snvr0000gn/T//ccpQXcEx.s 			page 1


   1              		.cpu cortex-m4
   2              		.arch armv7e-m
   3              		.fpu fpv4-sp-d16
   4              		.eabi_attribute 27, 1
   5              		.eabi_attribute 28, 1
   6              		.eabi_attribute 20, 1
   7              		.eabi_attribute 21, 1
   8              		.eabi_attribute 23, 3
   9              		.eabi_attribute 24, 1
  10              		.eabi_attribute 25, 1
  11              		.eabi_attribute 26, 1
  12              		.eabi_attribute 30, 1
  13              		.eabi_attribute 34, 1
  14              		.eabi_attribute 18, 4
  15              		.file	"arm_pid_init_f32.c"
  16              		.text
  17              	.Ltext0:
  18              		.cfi_sections	.debug_frame
  19              		.file 1 "DSP/Source/ControllerFunctions/arm_pid_init_f32.c"
  20              		.section	.text.arm_pid_init_f32,"ax",%progbits
  21              		.align	1
  22              		.global	arm_pid_init_f32
  23              		.syntax unified
  24              		.thumb
  25              		.thumb_func
  27              	arm_pid_init_f32:
  28              	.LVL0:
  29              	.LFB139:
   1:DSP/Source/ControllerFunctions/arm_pid_init_f32.c **** /* ----------------------------------------------------------------------
   2:DSP/Source/ControllerFunctions/arm_pid_init_f32.c ****  * Project:      CMSIS DSP Library
   3:DSP/Source/ControllerFunctions/arm_pid_init_f32.c ****  * Title:        arm_pid_init_f32.c
   4:DSP/Source/ControllerFunctions/arm_pid_init_f32.c ****  * Description:  Floating-point PID Control initialization function
   5:DSP/Source/ControllerFunctions/arm_pid_init_f32.c ****  *
   6:DSP/Source/ControllerFunctions/arm_pid_init_f32.c ****  * $Date:        27. January 2017
   7:DSP/Source/ControllerFunctions/arm_pid_init_f32.c ****  * $Revision:    V.1.5.1
   8:DSP/Source/ControllerFunctions/arm_pid_init_f32.c ****  *
   9:DSP/Source/ControllerFunctions/arm_pid_init_f32.c ****  * Target Processor: Cortex-M cores
  10:DSP/Source/ControllerFunctions/arm_pid_init_f32.c ****  * -------------------------------------------------------------------- */
  11:DSP/Source/ControllerFunctions/arm_pid_init_f32.c **** /*
  12:DSP/Source/ControllerFunctions/arm_pid_init_f32.c ****  * Copyright (C) 2010-2017 ARM Limited or its affiliates. All rights reserved.
  13:DSP/Source/ControllerFunctions/arm_pid_init_f32.c ****  *
  14:DSP/Source/ControllerFunctions/arm_pid_init_f32.c ****  * SPDX-License-Identifier: Apache-2.0
  15:DSP/Source/ControllerFunctions/arm_pid_init_f32.c ****  *
  16:DSP/Source/ControllerFunctions/arm_pid_init_f32.c ****  * Licensed under the Apache License, Version 2.0 (the License); you may
  17:DSP/Source/ControllerFunctions/arm_pid_init_f32.c ****  * not use this file except in compliance with the License.
  18:DSP/Source/ControllerFunctions/arm_pid_init_f32.c ****  * You may obtain a copy of the License at
  19:DSP/Source/ControllerFunctions/arm_pid_init_f32.c ****  *
  20:DSP/Source/ControllerFunctions/arm_pid_init_f32.c ****  * www.apache.org/licenses/LICENSE-2.0
  21:DSP/Source/ControllerFunctions/arm_pid_init_f32.c ****  *
  22:DSP/Source/ControllerFunctions/arm_pid_init_f32.c ****  * Unless required by applicable law or agreed to in writing, software
  23:DSP/Source/ControllerFunctions/arm_pid_init_f32.c ****  * distributed under the License is distributed on an AS IS BASIS, WITHOUT
  24:DSP/Source/ControllerFunctions/arm_pid_init_f32.c ****  * WARRANTIES OR CONDITIONS OF ANY KIND, either express or implied.
  25:DSP/Source/ControllerFunctions/arm_pid_init_f32.c ****  * See the License for the specific language governing permissions and
  26:DSP/Source/ControllerFunctions/arm_pid_init_f32.c ****  * limitations under the License.
  27:DSP/Source/ControllerFunctions/arm_pid_init_f32.c ****  */
  28:DSP/Source/ControllerFunctions/arm_pid_init_f32.c **** 
  29:DSP/Source/ControllerFunctions/arm_pid_init_f32.c **** #include "arm_math.h"
ARM GAS  /var/folders/ck/g3dcd5x55xs4107jgdl0snvr0000gn/T//ccpQXcEx.s 			page 2


  30:DSP/Source/ControllerFunctions/arm_pid_init_f32.c **** 
  31:DSP/Source/ControllerFunctions/arm_pid_init_f32.c ****  /**
  32:DSP/Source/ControllerFunctions/arm_pid_init_f32.c ****  * @addtogroup PID
  33:DSP/Source/ControllerFunctions/arm_pid_init_f32.c ****  * @{
  34:DSP/Source/ControllerFunctions/arm_pid_init_f32.c ****  */
  35:DSP/Source/ControllerFunctions/arm_pid_init_f32.c **** 
  36:DSP/Source/ControllerFunctions/arm_pid_init_f32.c **** /**
  37:DSP/Source/ControllerFunctions/arm_pid_init_f32.c ****  * @brief  Initialization function for the floating-point PID Control.
  38:DSP/Source/ControllerFunctions/arm_pid_init_f32.c ****  * @param[in,out] *S points to an instance of the PID structure.
  39:DSP/Source/ControllerFunctions/arm_pid_init_f32.c ****  * @param[in]     resetStateFlag  flag to reset the state. 0 = no change in state & 1 = reset the s
  40:DSP/Source/ControllerFunctions/arm_pid_init_f32.c ****  * @return none.
  41:DSP/Source/ControllerFunctions/arm_pid_init_f32.c ****  * \par Description:
  42:DSP/Source/ControllerFunctions/arm_pid_init_f32.c ****  * \par
  43:DSP/Source/ControllerFunctions/arm_pid_init_f32.c ****  * The <code>resetStateFlag</code> specifies whether to set state to zero or not. \n
  44:DSP/Source/ControllerFunctions/arm_pid_init_f32.c ****  * The function computes the structure fields: <code>A0</code>, <code>A1</code> <code>A2</code>
  45:DSP/Source/ControllerFunctions/arm_pid_init_f32.c ****  * using the proportional gain( \c Kp), integral gain( \c Ki) and derivative gain( \c Kd)
  46:DSP/Source/ControllerFunctions/arm_pid_init_f32.c ****  * also sets the state variables to all zeros.
  47:DSP/Source/ControllerFunctions/arm_pid_init_f32.c ****  */
  48:DSP/Source/ControllerFunctions/arm_pid_init_f32.c **** 
  49:DSP/Source/ControllerFunctions/arm_pid_init_f32.c **** void arm_pid_init_f32(
  50:DSP/Source/ControllerFunctions/arm_pid_init_f32.c ****   arm_pid_instance_f32 * S,
  51:DSP/Source/ControllerFunctions/arm_pid_init_f32.c ****   int32_t resetStateFlag)
  52:DSP/Source/ControllerFunctions/arm_pid_init_f32.c **** {
  30              		.loc 1 52 1 view -0
  31              		.cfi_startproc
  32              		@ args = 0, pretend = 0, frame = 0
  33              		@ frame_needed = 0, uses_anonymous_args = 0
  34              		@ link register save eliminated.
  53:DSP/Source/ControllerFunctions/arm_pid_init_f32.c **** 
  54:DSP/Source/ControllerFunctions/arm_pid_init_f32.c ****   /* Derived coefficient A0 */
  55:DSP/Source/ControllerFunctions/arm_pid_init_f32.c ****   S->A0 = S->Kp + S->Ki + S->Kd;
  35              		.loc 1 55 3 view .LVU1
  36              		.loc 1 55 12 is_stmt 0 view .LVU2
  37 0000 D0ED067A 		vldr.32	s15, [r0, #24]
  38              		.loc 1 55 20 view .LVU3
  39 0004 90ED077A 		vldr.32	s14, [r0, #28]
  40              		.loc 1 55 17 view .LVU4
  41 0008 37EE877A 		vadd.f32	s14, s15, s14
  42              		.loc 1 55 28 view .LVU5
  43 000c D0ED086A 		vldr.32	s13, [r0, #32]
  44              		.loc 1 55 25 view .LVU6
  45 0010 37EE267A 		vadd.f32	s14, s14, s13
  46              		.loc 1 55 9 view .LVU7
  47 0014 80ED007A 		vstr.32	s14, [r0]
  56:DSP/Source/ControllerFunctions/arm_pid_init_f32.c **** 
  57:DSP/Source/ControllerFunctions/arm_pid_init_f32.c ****   /* Derived coefficient A1 */
  58:DSP/Source/ControllerFunctions/arm_pid_init_f32.c ****   S->A1 = (-S->Kp) - ((float32_t) 2.0 * S->Kd);
  48              		.loc 1 58 3 is_stmt 1 view .LVU8
  49              		.loc 1 58 12 is_stmt 0 view .LVU9
  50 0018 F1EE677A 		vneg.f32	s15, s15
  51              		.loc 1 58 39 view .LVU10
  52 001c 36EEA67A 		vadd.f32	s14, s13, s13
  53              		.loc 1 58 20 view .LVU11
  54 0020 77EEC77A 		vsub.f32	s15, s15, s14
  55              		.loc 1 58 9 view .LVU12
  56 0024 C0ED017A 		vstr.32	s15, [r0, #4]
  59:DSP/Source/ControllerFunctions/arm_pid_init_f32.c **** 
ARM GAS  /var/folders/ck/g3dcd5x55xs4107jgdl0snvr0000gn/T//ccpQXcEx.s 			page 3


  60:DSP/Source/ControllerFunctions/arm_pid_init_f32.c ****   /* Derived coefficient A2 */
  61:DSP/Source/ControllerFunctions/arm_pid_init_f32.c ****   S->A2 = S->Kd;
  57              		.loc 1 61 3 is_stmt 1 view .LVU13
  58              		.loc 1 61 9 is_stmt 0 view .LVU14
  59 0028 C0ED026A 		vstr.32	s13, [r0, #8]
  62:DSP/Source/ControllerFunctions/arm_pid_init_f32.c **** 
  63:DSP/Source/ControllerFunctions/arm_pid_init_f32.c ****   /* Check whether state needs reset or not */
  64:DSP/Source/ControllerFunctions/arm_pid_init_f32.c ****   if (resetStateFlag)
  60              		.loc 1 64 3 is_stmt 1 view .LVU15
  61              		.loc 1 64 6 is_stmt 0 view .LVU16
  62 002c 01B9     		cbnz	r1, .L3
  63              	.L1:
  65:DSP/Source/ControllerFunctions/arm_pid_init_f32.c ****   {
  66:DSP/Source/ControllerFunctions/arm_pid_init_f32.c ****     /* Clear the state buffer.  The size will be always 3 samples */
  67:DSP/Source/ControllerFunctions/arm_pid_init_f32.c ****     memset(S->state, 0, 3U * sizeof(float32_t));
  68:DSP/Source/ControllerFunctions/arm_pid_init_f32.c ****   }
  69:DSP/Source/ControllerFunctions/arm_pid_init_f32.c **** 
  70:DSP/Source/ControllerFunctions/arm_pid_init_f32.c **** }
  64              		.loc 1 70 1 view .LVU17
  65 002e 7047     		bx	lr
  66              	.L3:
  67:DSP/Source/ControllerFunctions/arm_pid_init_f32.c ****   }
  67              		.loc 1 67 5 is_stmt 1 view .LVU18
  68 0030 0023     		movs	r3, #0
  69 0032 C360     		str	r3, [r0, #12]	@ unaligned
  70 0034 0361     		str	r3, [r0, #16]	@ unaligned
  71 0036 4361     		str	r3, [r0, #20]	@ unaligned
  72              		.loc 1 70 1 is_stmt 0 view .LVU19
  73 0038 F9E7     		b	.L1
  74              		.cfi_endproc
  75              	.LFE139:
  77              		.text
  78              	.Letext0:
  79              		.file 2 "/Users/luban/.local/xPacks/arm-none-eabi-gcc/xpack-arm-none-eabi-gcc-13.2.1-1.1/arm-none-
  80              		.file 3 "/Users/luban/.local/xPacks/arm-none-eabi-gcc/xpack-arm-none-eabi-gcc-13.2.1-1.1/arm-none-
  81              		.file 4 "/Users/luban/.local/xPacks/arm-none-eabi-gcc/xpack-arm-none-eabi-gcc-13.2.1-1.1/lib/gcc/a
  82              		.file 5 "DSP/Inc/arm_math.h"
  83              		.file 6 "/Users/luban/.local/xPacks/arm-none-eabi-gcc/xpack-arm-none-eabi-gcc-13.2.1-1.1/arm-none-
ARM GAS  /var/folders/ck/g3dcd5x55xs4107jgdl0snvr0000gn/T//ccpQXcEx.s 			page 4


DEFINED SYMBOLS
                            *ABS*:00000000 arm_pid_init_f32.c
/var/folders/ck/g3dcd5x55xs4107jgdl0snvr0000gn/T//ccpQXcEx.s:21     .text.arm_pid_init_f32:00000000 $t
/var/folders/ck/g3dcd5x55xs4107jgdl0snvr0000gn/T//ccpQXcEx.s:27     .text.arm_pid_init_f32:00000000 arm_pid_init_f32

NO UNDEFINED SYMBOLS
