ARM GAS  /var/folders/ck/g3dcd5x55xs4107jgdl0snvr0000gn/T//cc2jGpiv.s 			page 1


   1              		.cpu cortex-m4
   2              		.arch armv7e-m
   3              		.fpu fpv4-sp-d16
   4              		.eabi_attribute 27, 1
   5              		.eabi_attribute 28, 1
   6              		.eabi_attribute 20, 1
   7              		.eabi_attribute 21, 1
   8              		.eabi_attribute 23, 3
   9              		.eabi_attribute 24, 1
  10              		.eabi_attribute 25, 1
  11              		.eabi_attribute 26, 1
  12              		.eabi_attribute 30, 1
  13              		.eabi_attribute 34, 1
  14              		.eabi_attribute 18, 4
  15              		.file	"arm_float_to_q31.c"
  16              		.text
  17              	.Ltext0:
  18              		.cfi_sections	.debug_frame
  19              		.file 1 "DSP/Source/SupportFunctions/arm_float_to_q31.c"
  20              		.global	__aeabi_f2lz
  21              		.section	.text.arm_float_to_q31,"ax",%progbits
  22              		.align	1
  23              		.global	arm_float_to_q31
  24              		.syntax unified
  25              		.thumb
  26              		.thumb_func
  28              	arm_float_to_q31:
  29              	.LVL0:
  30              	.LFB139:
   1:DSP/Source/SupportFunctions/arm_float_to_q31.c **** /* ----------------------------------------------------------------------
   2:DSP/Source/SupportFunctions/arm_float_to_q31.c ****  * Project:      CMSIS DSP Library
   3:DSP/Source/SupportFunctions/arm_float_to_q31.c ****  * Title:        arm_float_to_q31.c
   4:DSP/Source/SupportFunctions/arm_float_to_q31.c ****  * Description:  Converts the elements of the floating-point vector to Q31 vector
   5:DSP/Source/SupportFunctions/arm_float_to_q31.c ****  *
   6:DSP/Source/SupportFunctions/arm_float_to_q31.c ****  * $Date:        27. January 2017
   7:DSP/Source/SupportFunctions/arm_float_to_q31.c ****  * $Revision:    V.1.5.1
   8:DSP/Source/SupportFunctions/arm_float_to_q31.c ****  *
   9:DSP/Source/SupportFunctions/arm_float_to_q31.c ****  * Target Processor: Cortex-M cores
  10:DSP/Source/SupportFunctions/arm_float_to_q31.c ****  * -------------------------------------------------------------------- */
  11:DSP/Source/SupportFunctions/arm_float_to_q31.c **** /*
  12:DSP/Source/SupportFunctions/arm_float_to_q31.c ****  * Copyright (C) 2010-2017 ARM Limited or its affiliates. All rights reserved.
  13:DSP/Source/SupportFunctions/arm_float_to_q31.c ****  *
  14:DSP/Source/SupportFunctions/arm_float_to_q31.c ****  * SPDX-License-Identifier: Apache-2.0
  15:DSP/Source/SupportFunctions/arm_float_to_q31.c ****  *
  16:DSP/Source/SupportFunctions/arm_float_to_q31.c ****  * Licensed under the Apache License, Version 2.0 (the License); you may
  17:DSP/Source/SupportFunctions/arm_float_to_q31.c ****  * not use this file except in compliance with the License.
  18:DSP/Source/SupportFunctions/arm_float_to_q31.c ****  * You may obtain a copy of the License at
  19:DSP/Source/SupportFunctions/arm_float_to_q31.c ****  *
  20:DSP/Source/SupportFunctions/arm_float_to_q31.c ****  * www.apache.org/licenses/LICENSE-2.0
  21:DSP/Source/SupportFunctions/arm_float_to_q31.c ****  *
  22:DSP/Source/SupportFunctions/arm_float_to_q31.c ****  * Unless required by applicable law or agreed to in writing, software
  23:DSP/Source/SupportFunctions/arm_float_to_q31.c ****  * distributed under the License is distributed on an AS IS BASIS, WITHOUT
  24:DSP/Source/SupportFunctions/arm_float_to_q31.c ****  * WARRANTIES OR CONDITIONS OF ANY KIND, either express or implied.
  25:DSP/Source/SupportFunctions/arm_float_to_q31.c ****  * See the License for the specific language governing permissions and
  26:DSP/Source/SupportFunctions/arm_float_to_q31.c ****  * limitations under the License.
  27:DSP/Source/SupportFunctions/arm_float_to_q31.c ****  */
  28:DSP/Source/SupportFunctions/arm_float_to_q31.c **** 
ARM GAS  /var/folders/ck/g3dcd5x55xs4107jgdl0snvr0000gn/T//cc2jGpiv.s 			page 2


  29:DSP/Source/SupportFunctions/arm_float_to_q31.c **** #include "arm_math.h"
  30:DSP/Source/SupportFunctions/arm_float_to_q31.c **** 
  31:DSP/Source/SupportFunctions/arm_float_to_q31.c **** /**
  32:DSP/Source/SupportFunctions/arm_float_to_q31.c ****  * @ingroup groupSupport
  33:DSP/Source/SupportFunctions/arm_float_to_q31.c ****  */
  34:DSP/Source/SupportFunctions/arm_float_to_q31.c **** 
  35:DSP/Source/SupportFunctions/arm_float_to_q31.c **** /**
  36:DSP/Source/SupportFunctions/arm_float_to_q31.c ****  * @defgroup float_to_x  Convert 32-bit floating point value
  37:DSP/Source/SupportFunctions/arm_float_to_q31.c ****  */
  38:DSP/Source/SupportFunctions/arm_float_to_q31.c **** 
  39:DSP/Source/SupportFunctions/arm_float_to_q31.c **** /**
  40:DSP/Source/SupportFunctions/arm_float_to_q31.c ****  * @addtogroup float_to_x
  41:DSP/Source/SupportFunctions/arm_float_to_q31.c ****  * @{
  42:DSP/Source/SupportFunctions/arm_float_to_q31.c ****  */
  43:DSP/Source/SupportFunctions/arm_float_to_q31.c **** 
  44:DSP/Source/SupportFunctions/arm_float_to_q31.c **** /**
  45:DSP/Source/SupportFunctions/arm_float_to_q31.c ****  * @brief Converts the elements of the floating-point vector to Q31 vector.
  46:DSP/Source/SupportFunctions/arm_float_to_q31.c ****  * @param[in]       *pSrc points to the floating-point input vector
  47:DSP/Source/SupportFunctions/arm_float_to_q31.c ****  * @param[out]      *pDst points to the Q31 output vector
  48:DSP/Source/SupportFunctions/arm_float_to_q31.c ****  * @param[in]       blockSize length of the input vector
  49:DSP/Source/SupportFunctions/arm_float_to_q31.c ****  * @return none.
  50:DSP/Source/SupportFunctions/arm_float_to_q31.c ****  *
  51:DSP/Source/SupportFunctions/arm_float_to_q31.c ****  *\par Description:
  52:DSP/Source/SupportFunctions/arm_float_to_q31.c ****  * \par
  53:DSP/Source/SupportFunctions/arm_float_to_q31.c ****  * The equation used for the conversion process is:
  54:DSP/Source/SupportFunctions/arm_float_to_q31.c ****  *
  55:DSP/Source/SupportFunctions/arm_float_to_q31.c ****  * <pre>
  56:DSP/Source/SupportFunctions/arm_float_to_q31.c ****  * 	pDst[n] = (q31_t)(pSrc[n] * 2147483648);   0 <= n < blockSize.
  57:DSP/Source/SupportFunctions/arm_float_to_q31.c ****  * </pre>
  58:DSP/Source/SupportFunctions/arm_float_to_q31.c ****  * <b>Scaling and Overflow Behavior:</b>
  59:DSP/Source/SupportFunctions/arm_float_to_q31.c ****  * \par
  60:DSP/Source/SupportFunctions/arm_float_to_q31.c ****  * The function uses saturating arithmetic.
  61:DSP/Source/SupportFunctions/arm_float_to_q31.c ****  * Results outside of the allowable Q31 range[0x80000000 0x7FFFFFFF] will be saturated.
  62:DSP/Source/SupportFunctions/arm_float_to_q31.c ****  *
  63:DSP/Source/SupportFunctions/arm_float_to_q31.c ****  * \note In order to apply rounding, the library should be rebuilt with the ROUNDING macro
  64:DSP/Source/SupportFunctions/arm_float_to_q31.c ****  * defined in the preprocessor section of project options.
  65:DSP/Source/SupportFunctions/arm_float_to_q31.c ****  */
  66:DSP/Source/SupportFunctions/arm_float_to_q31.c **** 
  67:DSP/Source/SupportFunctions/arm_float_to_q31.c **** 
  68:DSP/Source/SupportFunctions/arm_float_to_q31.c **** void arm_float_to_q31(
  69:DSP/Source/SupportFunctions/arm_float_to_q31.c ****   float32_t * pSrc,
  70:DSP/Source/SupportFunctions/arm_float_to_q31.c ****   q31_t * pDst,
  71:DSP/Source/SupportFunctions/arm_float_to_q31.c ****   uint32_t blockSize)
  72:DSP/Source/SupportFunctions/arm_float_to_q31.c **** {
  31              		.loc 1 72 1 view -0
  32              		.cfi_startproc
  33              		@ args = 0, pretend = 0, frame = 0
  34              		@ frame_needed = 0, uses_anonymous_args = 0
  35              		.loc 1 72 1 is_stmt 0 view .LVU1
  36 0000 2DE9F041 		push	{r4, r5, r6, r7, r8, lr}
  37              	.LCFI0:
  38              		.cfi_def_cfa_offset 24
  39              		.cfi_offset 4, -24
  40              		.cfi_offset 5, -20
  41              		.cfi_offset 6, -16
  42              		.cfi_offset 7, -12
  43              		.cfi_offset 8, -8
ARM GAS  /var/folders/ck/g3dcd5x55xs4107jgdl0snvr0000gn/T//cc2jGpiv.s 			page 3


  44              		.cfi_offset 14, -4
  45 0004 0446     		mov	r4, r0
  46 0006 0D46     		mov	r5, r1
  47 0008 1646     		mov	r6, r2
  73:DSP/Source/SupportFunctions/arm_float_to_q31.c ****   float32_t *pIn = pSrc;                         /* Src pointer */
  48              		.loc 1 73 3 is_stmt 1 view .LVU2
  49              	.LVL1:
  74:DSP/Source/SupportFunctions/arm_float_to_q31.c ****   uint32_t blkCnt;                               /* loop counter */
  50              		.loc 1 74 3 view .LVU3
  75:DSP/Source/SupportFunctions/arm_float_to_q31.c **** 
  76:DSP/Source/SupportFunctions/arm_float_to_q31.c **** #ifdef ARM_MATH_ROUNDING
  77:DSP/Source/SupportFunctions/arm_float_to_q31.c **** 
  78:DSP/Source/SupportFunctions/arm_float_to_q31.c ****   float32_t in;
  51              		.loc 1 78 3 view .LVU4
  79:DSP/Source/SupportFunctions/arm_float_to_q31.c **** 
  80:DSP/Source/SupportFunctions/arm_float_to_q31.c **** #endif /*      #ifdef ARM_MATH_ROUNDING        */
  81:DSP/Source/SupportFunctions/arm_float_to_q31.c **** 
  82:DSP/Source/SupportFunctions/arm_float_to_q31.c **** #if defined (ARM_MATH_DSP)
  83:DSP/Source/SupportFunctions/arm_float_to_q31.c **** 
  84:DSP/Source/SupportFunctions/arm_float_to_q31.c ****   /* Run the below code for Cortex-M4 and Cortex-M3 */
  85:DSP/Source/SupportFunctions/arm_float_to_q31.c **** 
  86:DSP/Source/SupportFunctions/arm_float_to_q31.c ****   /*loop Unrolling */
  87:DSP/Source/SupportFunctions/arm_float_to_q31.c ****   blkCnt = blockSize >> 2U;
  52              		.loc 1 87 3 view .LVU5
  53              		.loc 1 87 10 is_stmt 0 view .LVU6
  54 000a 9708     		lsrs	r7, r2, #2
  55              	.LVL2:
  88:DSP/Source/SupportFunctions/arm_float_to_q31.c **** 
  89:DSP/Source/SupportFunctions/arm_float_to_q31.c ****   /* First part of the processing with loop unrolling.  Compute 4 outputs at a time.
  90:DSP/Source/SupportFunctions/arm_float_to_q31.c ****    ** a second loop below computes the remaining 1 to 3 samples. */
  91:DSP/Source/SupportFunctions/arm_float_to_q31.c ****   while (blkCnt > 0U)
  56              		.loc 1 91 3 is_stmt 1 view .LVU7
  57              		.loc 1 91 9 is_stmt 0 view .LVU8
  58 000c 6BE0     		b	.L2
  59              	.LVL3:
  60              	.L31:
  92:DSP/Source/SupportFunctions/arm_float_to_q31.c ****   {
  93:DSP/Source/SupportFunctions/arm_float_to_q31.c **** 
  94:DSP/Source/SupportFunctions/arm_float_to_q31.c **** #ifdef ARM_MATH_ROUNDING
  95:DSP/Source/SupportFunctions/arm_float_to_q31.c **** 
  96:DSP/Source/SupportFunctions/arm_float_to_q31.c ****     /* C = A * 32768 */
  97:DSP/Source/SupportFunctions/arm_float_to_q31.c ****     /* convert from float to Q31 and then store the results in the destination buffer */
  98:DSP/Source/SupportFunctions/arm_float_to_q31.c ****     in = *pIn++;
  99:DSP/Source/SupportFunctions/arm_float_to_q31.c ****     in = (in * 2147483648.0f);
 100:DSP/Source/SupportFunctions/arm_float_to_q31.c ****     in += in > 0.0f ? 0.5f : -0.5f;
  61              		.loc 1 100 28 discriminator 2 view .LVU9
  62 000e BEEE007A 		vmov.f32	s14, #-5.0e-1
  63              	.L3:
  64              	.LVL4:
 101:DSP/Source/SupportFunctions/arm_float_to_q31.c ****     *pDst++ = clip_q63_to_q31((q63_t) (in));
  65              		.loc 1 101 5 is_stmt 1 view .LVU10
  66              		.loc 1 101 15 is_stmt 0 view .LVU11
  67 0012 77EE277A 		vadd.f32	s15, s14, s15
  68              	.LVL5:
  69              		.loc 1 101 15 view .LVU12
  70 0016 17EE900A 		vmov	r0, s15
  71 001a FFF7FEFF 		bl	__aeabi_f2lz
ARM GAS  /var/folders/ck/g3dcd5x55xs4107jgdl0snvr0000gn/T//cc2jGpiv.s 			page 4


  72              	.LVL6:
  73              	.LBB12:
  74              	.LBI12:
  75              		.file 2 "DSP/Inc/arm_math.h"
   1:DSP/Inc/arm_math.h **** /******************************************************************************
   2:DSP/Inc/arm_math.h ****  * @file     arm_math.h
   3:DSP/Inc/arm_math.h ****  * @brief    Public header file for CMSIS DSP LibraryU
   4:DSP/Inc/arm_math.h ****  * @version  V1.5.3
   5:DSP/Inc/arm_math.h ****  * @date     10. January 2018
   6:DSP/Inc/arm_math.h ****  ******************************************************************************/
   7:DSP/Inc/arm_math.h **** /*
   8:DSP/Inc/arm_math.h ****  * Copyright (c) 2010-2018 Arm Limited or its affiliates. All rights reserved.
   9:DSP/Inc/arm_math.h ****  *
  10:DSP/Inc/arm_math.h ****  * SPDX-License-Identifier: Apache-2.0
  11:DSP/Inc/arm_math.h ****  *
  12:DSP/Inc/arm_math.h ****  * Licensed under the Apache License, Version 2.0 (the License); you may
  13:DSP/Inc/arm_math.h ****  * not use this file except in compliance with the License.
  14:DSP/Inc/arm_math.h ****  * You may obtain a copy of the License at
  15:DSP/Inc/arm_math.h ****  *
  16:DSP/Inc/arm_math.h ****  * www.apache.org/licenses/LICENSE-2.0
  17:DSP/Inc/arm_math.h ****  *
  18:DSP/Inc/arm_math.h ****  * Unless required by applicable law or agreed to in writing, software
  19:DSP/Inc/arm_math.h ****  * distributed under the License is distributed on an AS IS BASIS, WITHOUT
  20:DSP/Inc/arm_math.h ****  * WARRANTIES OR CONDITIONS OF ANY KIND, either express or implied.
  21:DSP/Inc/arm_math.h ****  * See the License for the specific language governing permissions and
  22:DSP/Inc/arm_math.h ****  * limitations under the License.
  23:DSP/Inc/arm_math.h ****  */
  24:DSP/Inc/arm_math.h **** 
  25:DSP/Inc/arm_math.h **** /**
  26:DSP/Inc/arm_math.h ****    \mainpage CMSIS DSP Software Library
  27:DSP/Inc/arm_math.h ****    *
  28:DSP/Inc/arm_math.h ****    * Introduction
  29:DSP/Inc/arm_math.h ****    * ------------
  30:DSP/Inc/arm_math.h ****    *
  31:DSP/Inc/arm_math.h ****    * This user manual describes the CMSIS DSP software library,
  32:DSP/Inc/arm_math.h ****    * a suite of common signal processing functions for use on Cortex-M processor based devices.
  33:DSP/Inc/arm_math.h ****    *
  34:DSP/Inc/arm_math.h ****    * The library is divided into a number of functions each covering a specific category:
  35:DSP/Inc/arm_math.h ****    * - Basic math functions
  36:DSP/Inc/arm_math.h ****    * - Fast math functions
  37:DSP/Inc/arm_math.h ****    * - Complex math functions
  38:DSP/Inc/arm_math.h ****    * - Filters
  39:DSP/Inc/arm_math.h ****    * - Matrix functions
  40:DSP/Inc/arm_math.h ****    * - Transforms
  41:DSP/Inc/arm_math.h ****    * - Motor control functions
  42:DSP/Inc/arm_math.h ****    * - Statistical functions
  43:DSP/Inc/arm_math.h ****    * - Support functions
  44:DSP/Inc/arm_math.h ****    * - Interpolation functions
  45:DSP/Inc/arm_math.h ****    *
  46:DSP/Inc/arm_math.h ****    * The library has separate functions for operating on 8-bit integers, 16-bit integers,
  47:DSP/Inc/arm_math.h ****    * 32-bit integer and 32-bit floating-point values.
  48:DSP/Inc/arm_math.h ****    *
  49:DSP/Inc/arm_math.h ****    * Using the Library
  50:DSP/Inc/arm_math.h ****    * ------------
  51:DSP/Inc/arm_math.h ****    *
  52:DSP/Inc/arm_math.h ****    * The library installer contains prebuilt versions of the libraries in the <code>Lib</code> fold
  53:DSP/Inc/arm_math.h ****    * - arm_cortexM7lfdp_math.lib (Cortex-M7, Little endian, Double Precision Floating Point Unit)
ARM GAS  /var/folders/ck/g3dcd5x55xs4107jgdl0snvr0000gn/T//cc2jGpiv.s 			page 5


  54:DSP/Inc/arm_math.h ****    * - arm_cortexM7bfdp_math.lib (Cortex-M7, Big endian, Double Precision Floating Point Unit)
  55:DSP/Inc/arm_math.h ****    * - arm_cortexM7lfsp_math.lib (Cortex-M7, Little endian, Single Precision Floating Point Unit)
  56:DSP/Inc/arm_math.h ****    * - arm_cortexM7bfsp_math.lib (Cortex-M7, Big endian and Single Precision Floating Point Unit on
  57:DSP/Inc/arm_math.h ****    * - arm_cortexM7l_math.lib (Cortex-M7, Little endian)
  58:DSP/Inc/arm_math.h ****    * - arm_cortexM7b_math.lib (Cortex-M7, Big endian)
  59:DSP/Inc/arm_math.h ****    * - arm_cortexM4lf_math.lib (Cortex-M4, Little endian, Floating Point Unit)
  60:DSP/Inc/arm_math.h ****    * - arm_cortexM4bf_math.lib (Cortex-M4, Big endian, Floating Point Unit)
  61:DSP/Inc/arm_math.h ****    * - arm_cortexM4l_math.lib (Cortex-M4, Little endian)
  62:DSP/Inc/arm_math.h ****    * - arm_cortexM4b_math.lib (Cortex-M4, Big endian)
  63:DSP/Inc/arm_math.h ****    * - arm_cortexM3l_math.lib (Cortex-M3, Little endian)
  64:DSP/Inc/arm_math.h ****    * - arm_cortexM3b_math.lib (Cortex-M3, Big endian)
  65:DSP/Inc/arm_math.h ****    * - arm_cortexM0l_math.lib (Cortex-M0 / Cortex-M0+, Little endian)
  66:DSP/Inc/arm_math.h ****    * - arm_cortexM0b_math.lib (Cortex-M0 / Cortex-M0+, Big endian)
  67:DSP/Inc/arm_math.h ****    * - arm_ARMv8MBLl_math.lib (Armv8-M Baseline, Little endian)
  68:DSP/Inc/arm_math.h ****    * - arm_ARMv8MMLl_math.lib (Armv8-M Mainline, Little endian)
  69:DSP/Inc/arm_math.h ****    * - arm_ARMv8MMLlfsp_math.lib (Armv8-M Mainline, Little endian, Single Precision Floating Point 
  70:DSP/Inc/arm_math.h ****    * - arm_ARMv8MMLld_math.lib (Armv8-M Mainline, Little endian, DSP instructions)
  71:DSP/Inc/arm_math.h ****    * - arm_ARMv8MMLldfsp_math.lib (Armv8-M Mainline, Little endian, DSP instructions, Single Precis
  72:DSP/Inc/arm_math.h ****    *
  73:DSP/Inc/arm_math.h ****    * The library functions are declared in the public file <code>arm_math.h</code> which is placed 
  74:DSP/Inc/arm_math.h ****    * Simply include this file and link the appropriate library in the application and begin calling
  75:DSP/Inc/arm_math.h ****    * public header file <code> arm_math.h</code> for Cortex-M cores with little endian and big endi
  76:DSP/Inc/arm_math.h ****    * Define the appropriate preprocessor macro ARM_MATH_CM7 or ARM_MATH_CM4 or ARM_MATH_CM3 or
  77:DSP/Inc/arm_math.h ****    * ARM_MATH_CM0 or ARM_MATH_CM0PLUS depending on the target processor in the application.
  78:DSP/Inc/arm_math.h ****    * For Armv8-M cores define preprocessor macro ARM_MATH_ARMV8MBL or ARM_MATH_ARMV8MML.
  79:DSP/Inc/arm_math.h ****    * Set preprocessor macro __DSP_PRESENT if Armv8-M Mainline core supports DSP instructions.
  80:DSP/Inc/arm_math.h ****    * 
  81:DSP/Inc/arm_math.h ****    *
  82:DSP/Inc/arm_math.h ****    * Examples
  83:DSP/Inc/arm_math.h ****    * --------
  84:DSP/Inc/arm_math.h ****    *
  85:DSP/Inc/arm_math.h ****    * The library ships with a number of examples which demonstrate how to use the library functions
  86:DSP/Inc/arm_math.h ****    *
  87:DSP/Inc/arm_math.h ****    * Toolchain Support
  88:DSP/Inc/arm_math.h ****    * ------------
  89:DSP/Inc/arm_math.h ****    *
  90:DSP/Inc/arm_math.h ****    * The library has been developed and tested with MDK version 5.14.0.0
  91:DSP/Inc/arm_math.h ****    * The library is being tested in GCC and IAR toolchains and updates on this activity will be mad
  92:DSP/Inc/arm_math.h ****    *
  93:DSP/Inc/arm_math.h ****    * Building the Library
  94:DSP/Inc/arm_math.h ****    * ------------
  95:DSP/Inc/arm_math.h ****    *
  96:DSP/Inc/arm_math.h ****    * The library installer contains a project file to rebuild libraries on MDK toolchain in the <co
  97:DSP/Inc/arm_math.h ****    * - arm_cortexM_math.uvprojx
  98:DSP/Inc/arm_math.h ****    *
  99:DSP/Inc/arm_math.h ****    *
 100:DSP/Inc/arm_math.h ****    * The libraries can be built by opening the arm_cortexM_math.uvprojx project in MDK-ARM, selecti
 101:DSP/Inc/arm_math.h ****    *
 102:DSP/Inc/arm_math.h ****    * Preprocessor Macros
 103:DSP/Inc/arm_math.h ****    * ------------
 104:DSP/Inc/arm_math.h ****    *
 105:DSP/Inc/arm_math.h ****    * Each library project have different preprocessor macros.
 106:DSP/Inc/arm_math.h ****    *
 107:DSP/Inc/arm_math.h ****    * - UNALIGNED_SUPPORT_DISABLE:
 108:DSP/Inc/arm_math.h ****    *
 109:DSP/Inc/arm_math.h ****    * Define macro UNALIGNED_SUPPORT_DISABLE, If the silicon does not support unaligned memory acces
 110:DSP/Inc/arm_math.h ****    *
ARM GAS  /var/folders/ck/g3dcd5x55xs4107jgdl0snvr0000gn/T//cc2jGpiv.s 			page 6


 111:DSP/Inc/arm_math.h ****    * - ARM_MATH_BIG_ENDIAN:
 112:DSP/Inc/arm_math.h ****    *
 113:DSP/Inc/arm_math.h ****    * Define macro ARM_MATH_BIG_ENDIAN to build the library for big endian targets. By default libra
 114:DSP/Inc/arm_math.h ****    *
 115:DSP/Inc/arm_math.h ****    * - ARM_MATH_MATRIX_CHECK:
 116:DSP/Inc/arm_math.h ****    *
 117:DSP/Inc/arm_math.h ****    * Define macro ARM_MATH_MATRIX_CHECK for checking on the input and output sizes of matrices
 118:DSP/Inc/arm_math.h ****    *
 119:DSP/Inc/arm_math.h ****    * - ARM_MATH_ROUNDING:
 120:DSP/Inc/arm_math.h ****    *
 121:DSP/Inc/arm_math.h ****    * Define macro ARM_MATH_ROUNDING for rounding on support functions
 122:DSP/Inc/arm_math.h ****    *
 123:DSP/Inc/arm_math.h ****    * - ARM_MATH_CMx:
 124:DSP/Inc/arm_math.h ****    *
 125:DSP/Inc/arm_math.h ****    * Define macro ARM_MATH_CM4 for building the library on Cortex-M4 target, ARM_MATH_CM3 for build
 126:DSP/Inc/arm_math.h ****    * and ARM_MATH_CM0 for building library on Cortex-M0 target, ARM_MATH_CM0PLUS for building libra
 127:DSP/Inc/arm_math.h ****    * ARM_MATH_CM7 for building the library on cortex-M7.
 128:DSP/Inc/arm_math.h ****    *
 129:DSP/Inc/arm_math.h ****    * - ARM_MATH_ARMV8MxL:
 130:DSP/Inc/arm_math.h ****    *
 131:DSP/Inc/arm_math.h ****    * Define macro ARM_MATH_ARMV8MBL for building the library on Armv8-M Baseline target, ARM_MATH_A
 132:DSP/Inc/arm_math.h ****    * on Armv8-M Mainline target.
 133:DSP/Inc/arm_math.h ****    *
 134:DSP/Inc/arm_math.h ****    * - __FPU_PRESENT:
 135:DSP/Inc/arm_math.h ****    *
 136:DSP/Inc/arm_math.h ****    * Initialize macro __FPU_PRESENT = 1 when building on FPU supported Targets. Enable this macro f
 137:DSP/Inc/arm_math.h ****    *
 138:DSP/Inc/arm_math.h ****    * - __DSP_PRESENT:
 139:DSP/Inc/arm_math.h ****    *
 140:DSP/Inc/arm_math.h ****    * Initialize macro __DSP_PRESENT = 1 when Armv8-M Mainline core supports DSP instructions.
 141:DSP/Inc/arm_math.h ****    *
 142:DSP/Inc/arm_math.h ****    * <hr>
 143:DSP/Inc/arm_math.h ****    * CMSIS-DSP in ARM::CMSIS Pack
 144:DSP/Inc/arm_math.h ****    * -----------------------------
 145:DSP/Inc/arm_math.h ****    *
 146:DSP/Inc/arm_math.h ****    * The following files relevant to CMSIS-DSP are present in the <b>ARM::CMSIS</b> Pack directorie
 147:DSP/Inc/arm_math.h ****    * |File/Folder                   |Content                                                       
 148:DSP/Inc/arm_math.h ****    * |------------------------------|--------------------------------------------------------------
 149:DSP/Inc/arm_math.h ****    * |\b CMSIS\\Documentation\\DSP  | This documentation                                           
 150:DSP/Inc/arm_math.h ****    * |\b CMSIS\\DSP_Lib             | Software license agreement (license.txt)                     
 151:DSP/Inc/arm_math.h ****    * |\b CMSIS\\DSP_Lib\\Examples   | Example projects demonstrating the usage of the library funct
 152:DSP/Inc/arm_math.h ****    * |\b CMSIS\\DSP_Lib\\Source     | Source files for rebuilding the library                      
 153:DSP/Inc/arm_math.h ****    *
 154:DSP/Inc/arm_math.h ****    * <hr>
 155:DSP/Inc/arm_math.h ****    * Revision History of CMSIS-DSP
 156:DSP/Inc/arm_math.h ****    * ------------
 157:DSP/Inc/arm_math.h ****    * Please refer to \ref ChangeLog_pg.
 158:DSP/Inc/arm_math.h ****    *
 159:DSP/Inc/arm_math.h ****    * Copyright Notice
 160:DSP/Inc/arm_math.h ****    * ------------
 161:DSP/Inc/arm_math.h ****    *
 162:DSP/Inc/arm_math.h ****    * Copyright (C) 2010-2015 Arm Limited. All rights reserved.
 163:DSP/Inc/arm_math.h ****    */
 164:DSP/Inc/arm_math.h **** 
 165:DSP/Inc/arm_math.h **** 
 166:DSP/Inc/arm_math.h **** /**
 167:DSP/Inc/arm_math.h ****  * @defgroup groupMath Basic Math Functions
ARM GAS  /var/folders/ck/g3dcd5x55xs4107jgdl0snvr0000gn/T//cc2jGpiv.s 			page 7


 168:DSP/Inc/arm_math.h ****  */
 169:DSP/Inc/arm_math.h **** 
 170:DSP/Inc/arm_math.h **** /**
 171:DSP/Inc/arm_math.h ****  * @defgroup groupFastMath Fast Math Functions
 172:DSP/Inc/arm_math.h ****  * This set of functions provides a fast approximation to sine, cosine, and square root.
 173:DSP/Inc/arm_math.h ****  * As compared to most of the other functions in the CMSIS math library, the fast math functions
 174:DSP/Inc/arm_math.h ****  * operate on individual values and not arrays.
 175:DSP/Inc/arm_math.h ****  * There are separate functions for Q15, Q31, and floating-point data.
 176:DSP/Inc/arm_math.h ****  *
 177:DSP/Inc/arm_math.h ****  */
 178:DSP/Inc/arm_math.h **** 
 179:DSP/Inc/arm_math.h **** /**
 180:DSP/Inc/arm_math.h ****  * @defgroup groupCmplxMath Complex Math Functions
 181:DSP/Inc/arm_math.h ****  * This set of functions operates on complex data vectors.
 182:DSP/Inc/arm_math.h ****  * The data in the complex arrays is stored in an interleaved fashion
 183:DSP/Inc/arm_math.h ****  * (real, imag, real, imag, ...).
 184:DSP/Inc/arm_math.h ****  * In the API functions, the number of samples in a complex array refers
 185:DSP/Inc/arm_math.h ****  * to the number of complex values; the array contains twice this number of
 186:DSP/Inc/arm_math.h ****  * real values.
 187:DSP/Inc/arm_math.h ****  */
 188:DSP/Inc/arm_math.h **** 
 189:DSP/Inc/arm_math.h **** /**
 190:DSP/Inc/arm_math.h ****  * @defgroup groupFilters Filtering Functions
 191:DSP/Inc/arm_math.h ****  */
 192:DSP/Inc/arm_math.h **** 
 193:DSP/Inc/arm_math.h **** /**
 194:DSP/Inc/arm_math.h ****  * @defgroup groupMatrix Matrix Functions
 195:DSP/Inc/arm_math.h ****  *
 196:DSP/Inc/arm_math.h ****  * This set of functions provides basic matrix math operations.
 197:DSP/Inc/arm_math.h ****  * The functions operate on matrix data structures.  For example,
 198:DSP/Inc/arm_math.h ****  * the type
 199:DSP/Inc/arm_math.h ****  * definition for the floating-point matrix structure is shown
 200:DSP/Inc/arm_math.h ****  * below:
 201:DSP/Inc/arm_math.h ****  * <pre>
 202:DSP/Inc/arm_math.h ****  *     typedef struct
 203:DSP/Inc/arm_math.h ****  *     {
 204:DSP/Inc/arm_math.h ****  *       uint16_t numRows;     // number of rows of the matrix.
 205:DSP/Inc/arm_math.h ****  *       uint16_t numCols;     // number of columns of the matrix.
 206:DSP/Inc/arm_math.h ****  *       float32_t *pData;     // points to the data of the matrix.
 207:DSP/Inc/arm_math.h ****  *     } arm_matrix_instance_f32;
 208:DSP/Inc/arm_math.h ****  * </pre>
 209:DSP/Inc/arm_math.h ****  * There are similar definitions for Q15 and Q31 data types.
 210:DSP/Inc/arm_math.h ****  *
 211:DSP/Inc/arm_math.h ****  * The structure specifies the size of the matrix and then points to
 212:DSP/Inc/arm_math.h ****  * an array of data.  The array is of size <code>numRows X numCols</code>
 213:DSP/Inc/arm_math.h ****  * and the values are arranged in row order.  That is, the
 214:DSP/Inc/arm_math.h ****  * matrix element (i, j) is stored at:
 215:DSP/Inc/arm_math.h ****  * <pre>
 216:DSP/Inc/arm_math.h ****  *     pData[i*numCols + j]
 217:DSP/Inc/arm_math.h ****  * </pre>
 218:DSP/Inc/arm_math.h ****  *
 219:DSP/Inc/arm_math.h ****  * \par Init Functions
 220:DSP/Inc/arm_math.h ****  * There is an associated initialization function for each type of matrix
 221:DSP/Inc/arm_math.h ****  * data structure.
 222:DSP/Inc/arm_math.h ****  * The initialization function sets the values of the internal structure fields.
 223:DSP/Inc/arm_math.h ****  * Refer to the function <code>arm_mat_init_f32()</code>, <code>arm_mat_init_q31()</code>
 224:DSP/Inc/arm_math.h ****  * and <code>arm_mat_init_q15()</code> for floating-point, Q31 and Q15 types,  respectively.
ARM GAS  /var/folders/ck/g3dcd5x55xs4107jgdl0snvr0000gn/T//cc2jGpiv.s 			page 8


 225:DSP/Inc/arm_math.h ****  *
 226:DSP/Inc/arm_math.h ****  * \par
 227:DSP/Inc/arm_math.h ****  * Use of the initialization function is optional. However, if initialization function is used
 228:DSP/Inc/arm_math.h ****  * then the instance structure cannot be placed into a const data section.
 229:DSP/Inc/arm_math.h ****  * To place the instance structure in a const data
 230:DSP/Inc/arm_math.h ****  * section, manually initialize the data structure.  For example:
 231:DSP/Inc/arm_math.h ****  * <pre>
 232:DSP/Inc/arm_math.h ****  * <code>arm_matrix_instance_f32 S = {nRows, nColumns, pData};</code>
 233:DSP/Inc/arm_math.h ****  * <code>arm_matrix_instance_q31 S = {nRows, nColumns, pData};</code>
 234:DSP/Inc/arm_math.h ****  * <code>arm_matrix_instance_q15 S = {nRows, nColumns, pData};</code>
 235:DSP/Inc/arm_math.h ****  * </pre>
 236:DSP/Inc/arm_math.h ****  * where <code>nRows</code> specifies the number of rows, <code>nColumns</code>
 237:DSP/Inc/arm_math.h ****  * specifies the number of columns, and <code>pData</code> points to the
 238:DSP/Inc/arm_math.h ****  * data array.
 239:DSP/Inc/arm_math.h ****  *
 240:DSP/Inc/arm_math.h ****  * \par Size Checking
 241:DSP/Inc/arm_math.h ****  * By default all of the matrix functions perform size checking on the input and
 242:DSP/Inc/arm_math.h ****  * output matrices. For example, the matrix addition function verifies that the
 243:DSP/Inc/arm_math.h ****  * two input matrices and the output matrix all have the same number of rows and
 244:DSP/Inc/arm_math.h ****  * columns. If the size check fails the functions return:
 245:DSP/Inc/arm_math.h ****  * <pre>
 246:DSP/Inc/arm_math.h ****  *     ARM_MATH_SIZE_MISMATCH
 247:DSP/Inc/arm_math.h ****  * </pre>
 248:DSP/Inc/arm_math.h ****  * Otherwise the functions return
 249:DSP/Inc/arm_math.h ****  * <pre>
 250:DSP/Inc/arm_math.h ****  *     ARM_MATH_SUCCESS
 251:DSP/Inc/arm_math.h ****  * </pre>
 252:DSP/Inc/arm_math.h ****  * There is some overhead associated with this matrix size checking.
 253:DSP/Inc/arm_math.h ****  * The matrix size checking is enabled via the \#define
 254:DSP/Inc/arm_math.h ****  * <pre>
 255:DSP/Inc/arm_math.h ****  *     ARM_MATH_MATRIX_CHECK
 256:DSP/Inc/arm_math.h ****  * </pre>
 257:DSP/Inc/arm_math.h ****  * within the library project settings.  By default this macro is defined
 258:DSP/Inc/arm_math.h ****  * and size checking is enabled. By changing the project settings and
 259:DSP/Inc/arm_math.h ****  * undefining this macro size checking is eliminated and the functions
 260:DSP/Inc/arm_math.h ****  * run a bit faster. With size checking disabled the functions always
 261:DSP/Inc/arm_math.h ****  * return <code>ARM_MATH_SUCCESS</code>.
 262:DSP/Inc/arm_math.h ****  */
 263:DSP/Inc/arm_math.h **** 
 264:DSP/Inc/arm_math.h **** /**
 265:DSP/Inc/arm_math.h ****  * @defgroup groupTransforms Transform Functions
 266:DSP/Inc/arm_math.h ****  */
 267:DSP/Inc/arm_math.h **** 
 268:DSP/Inc/arm_math.h **** /**
 269:DSP/Inc/arm_math.h ****  * @defgroup groupController Controller Functions
 270:DSP/Inc/arm_math.h ****  */
 271:DSP/Inc/arm_math.h **** 
 272:DSP/Inc/arm_math.h **** /**
 273:DSP/Inc/arm_math.h ****  * @defgroup groupStats Statistics Functions
 274:DSP/Inc/arm_math.h ****  */
 275:DSP/Inc/arm_math.h **** /**
 276:DSP/Inc/arm_math.h ****  * @defgroup groupSupport Support Functions
 277:DSP/Inc/arm_math.h ****  */
 278:DSP/Inc/arm_math.h **** 
 279:DSP/Inc/arm_math.h **** /**
 280:DSP/Inc/arm_math.h ****  * @defgroup groupInterpolation Interpolation Functions
 281:DSP/Inc/arm_math.h ****  * These functions perform 1- and 2-dimensional interpolation of data.
ARM GAS  /var/folders/ck/g3dcd5x55xs4107jgdl0snvr0000gn/T//cc2jGpiv.s 			page 9


 282:DSP/Inc/arm_math.h ****  * Linear interpolation is used for 1-dimensional data and
 283:DSP/Inc/arm_math.h ****  * bilinear interpolation is used for 2-dimensional data.
 284:DSP/Inc/arm_math.h ****  */
 285:DSP/Inc/arm_math.h **** 
 286:DSP/Inc/arm_math.h **** /**
 287:DSP/Inc/arm_math.h ****  * @defgroup groupExamples Examples
 288:DSP/Inc/arm_math.h ****  */
 289:DSP/Inc/arm_math.h **** #ifndef _ARM_MATH_H
 290:DSP/Inc/arm_math.h **** #define _ARM_MATH_H
 291:DSP/Inc/arm_math.h **** 
 292:DSP/Inc/arm_math.h **** /* Compiler specific diagnostic adjustment */
 293:DSP/Inc/arm_math.h **** #if   defined ( __CC_ARM )
 294:DSP/Inc/arm_math.h **** 
 295:DSP/Inc/arm_math.h **** #elif defined ( __ARMCC_VERSION ) && ( __ARMCC_VERSION >= 6010050 )
 296:DSP/Inc/arm_math.h **** 
 297:DSP/Inc/arm_math.h **** #elif defined ( __GNUC__ )
 298:DSP/Inc/arm_math.h **** #pragma GCC diagnostic push
 299:DSP/Inc/arm_math.h **** #pragma GCC diagnostic ignored "-Wsign-conversion"
 300:DSP/Inc/arm_math.h **** #pragma GCC diagnostic ignored "-Wconversion"
 301:DSP/Inc/arm_math.h **** #pragma GCC diagnostic ignored "-Wunused-parameter"
 302:DSP/Inc/arm_math.h **** 
 303:DSP/Inc/arm_math.h **** #elif defined ( __ICCARM__ )
 304:DSP/Inc/arm_math.h **** 
 305:DSP/Inc/arm_math.h **** #elif defined ( __TI_ARM__ )
 306:DSP/Inc/arm_math.h **** 
 307:DSP/Inc/arm_math.h **** #elif defined ( __CSMC__ )
 308:DSP/Inc/arm_math.h **** 
 309:DSP/Inc/arm_math.h **** #elif defined ( __TASKING__ )
 310:DSP/Inc/arm_math.h **** 
 311:DSP/Inc/arm_math.h **** #else
 312:DSP/Inc/arm_math.h ****   #error Unknown compiler
 313:DSP/Inc/arm_math.h **** #endif
 314:DSP/Inc/arm_math.h **** 
 315:DSP/Inc/arm_math.h **** 
 316:DSP/Inc/arm_math.h **** #define __CMSIS_GENERIC         /* disable NVIC and Systick functions */
 317:DSP/Inc/arm_math.h **** 
 318:DSP/Inc/arm_math.h **** #if defined(ARM_MATH_CM7)
 319:DSP/Inc/arm_math.h ****   #include "core_cm7.h"
 320:DSP/Inc/arm_math.h ****   #define ARM_MATH_DSP
 321:DSP/Inc/arm_math.h **** #elif defined (ARM_MATH_CM4)
 322:DSP/Inc/arm_math.h ****   #include "core_cm4.h"
 323:DSP/Inc/arm_math.h ****   #define ARM_MATH_DSP
 324:DSP/Inc/arm_math.h **** #elif defined (ARM_MATH_CM3)
 325:DSP/Inc/arm_math.h ****   #include "core_cm3.h"
 326:DSP/Inc/arm_math.h **** #elif defined (ARM_MATH_CM0)
 327:DSP/Inc/arm_math.h ****   #include "core_cm0.h"
 328:DSP/Inc/arm_math.h ****   #define ARM_MATH_CM0_FAMILY
 329:DSP/Inc/arm_math.h **** #elif defined (ARM_MATH_CM0PLUS)
 330:DSP/Inc/arm_math.h ****   #include "core_cm0plus.h"
 331:DSP/Inc/arm_math.h ****   #define ARM_MATH_CM0_FAMILY
 332:DSP/Inc/arm_math.h **** #elif defined (ARM_MATH_ARMV8MBL)
 333:DSP/Inc/arm_math.h ****   #include "core_armv8mbl.h"
 334:DSP/Inc/arm_math.h ****   #define ARM_MATH_CM0_FAMILY
 335:DSP/Inc/arm_math.h **** #elif defined (ARM_MATH_ARMV8MML)
 336:DSP/Inc/arm_math.h ****   #include "core_armv8mml.h"
 337:DSP/Inc/arm_math.h ****   #if (defined (__DSP_PRESENT) && (__DSP_PRESENT == 1))
 338:DSP/Inc/arm_math.h ****     #define ARM_MATH_DSP
ARM GAS  /var/folders/ck/g3dcd5x55xs4107jgdl0snvr0000gn/T//cc2jGpiv.s 			page 10


 339:DSP/Inc/arm_math.h ****   #endif
 340:DSP/Inc/arm_math.h **** #else
 341:DSP/Inc/arm_math.h ****   #error "Define according the used Cortex core ARM_MATH_CM7, ARM_MATH_CM4, ARM_MATH_CM3, ARM_MATH_
 342:DSP/Inc/arm_math.h **** #endif
 343:DSP/Inc/arm_math.h **** 
 344:DSP/Inc/arm_math.h **** #undef  __CMSIS_GENERIC         /* enable NVIC and Systick functions */
 345:DSP/Inc/arm_math.h **** #include "string.h"
 346:DSP/Inc/arm_math.h **** #include "math.h"
 347:DSP/Inc/arm_math.h **** #ifdef   __cplusplus
 348:DSP/Inc/arm_math.h **** extern "C"
 349:DSP/Inc/arm_math.h **** {
 350:DSP/Inc/arm_math.h **** #endif
 351:DSP/Inc/arm_math.h **** 
 352:DSP/Inc/arm_math.h **** 
 353:DSP/Inc/arm_math.h ****   /**
 354:DSP/Inc/arm_math.h ****    * @brief Macros required for reciprocal calculation in Normalized LMS
 355:DSP/Inc/arm_math.h ****    */
 356:DSP/Inc/arm_math.h **** 
 357:DSP/Inc/arm_math.h **** #define DELTA_Q31          (0x100)
 358:DSP/Inc/arm_math.h **** #define DELTA_Q15          0x5
 359:DSP/Inc/arm_math.h **** #define INDEX_MASK         0x0000003F
 360:DSP/Inc/arm_math.h **** #ifndef PI
 361:DSP/Inc/arm_math.h ****   #define PI               3.14159265358979f
 362:DSP/Inc/arm_math.h **** #endif
 363:DSP/Inc/arm_math.h **** 
 364:DSP/Inc/arm_math.h ****   /**
 365:DSP/Inc/arm_math.h ****    * @brief Macros required for SINE and COSINE Fast math approximations
 366:DSP/Inc/arm_math.h ****    */
 367:DSP/Inc/arm_math.h **** 
 368:DSP/Inc/arm_math.h **** #define FAST_MATH_TABLE_SIZE  512
 369:DSP/Inc/arm_math.h **** #define FAST_MATH_Q31_SHIFT   (32 - 10)
 370:DSP/Inc/arm_math.h **** #define FAST_MATH_Q15_SHIFT   (16 - 10)
 371:DSP/Inc/arm_math.h **** #define CONTROLLER_Q31_SHIFT  (32 - 9)
 372:DSP/Inc/arm_math.h **** #define TABLE_SPACING_Q31     0x400000
 373:DSP/Inc/arm_math.h **** #define TABLE_SPACING_Q15     0x80
 374:DSP/Inc/arm_math.h **** 
 375:DSP/Inc/arm_math.h ****   /**
 376:DSP/Inc/arm_math.h ****    * @brief Macros required for SINE and COSINE Controller functions
 377:DSP/Inc/arm_math.h ****    */
 378:DSP/Inc/arm_math.h ****   /* 1.31(q31) Fixed value of 2/360 */
 379:DSP/Inc/arm_math.h ****   /* -1 to +1 is divided into 360 values so total spacing is (2/360) */
 380:DSP/Inc/arm_math.h **** #define INPUT_SPACING         0xB60B61
 381:DSP/Inc/arm_math.h **** 
 382:DSP/Inc/arm_math.h ****   /**
 383:DSP/Inc/arm_math.h ****    * @brief Macro for Unaligned Support
 384:DSP/Inc/arm_math.h ****    */
 385:DSP/Inc/arm_math.h **** #ifndef UNALIGNED_SUPPORT_DISABLE
 386:DSP/Inc/arm_math.h ****     #define ALIGN4
 387:DSP/Inc/arm_math.h **** #else
 388:DSP/Inc/arm_math.h ****   #if defined  (__GNUC__)
 389:DSP/Inc/arm_math.h ****     #define ALIGN4 __attribute__((aligned(4)))
 390:DSP/Inc/arm_math.h ****   #else
 391:DSP/Inc/arm_math.h ****     #define ALIGN4 __align(4)
 392:DSP/Inc/arm_math.h ****   #endif
 393:DSP/Inc/arm_math.h **** #endif   /* #ifndef UNALIGNED_SUPPORT_DISABLE */
 394:DSP/Inc/arm_math.h **** 
 395:DSP/Inc/arm_math.h ****   /**
ARM GAS  /var/folders/ck/g3dcd5x55xs4107jgdl0snvr0000gn/T//cc2jGpiv.s 			page 11


 396:DSP/Inc/arm_math.h ****    * @brief Error status returned by some functions in the library.
 397:DSP/Inc/arm_math.h ****    */
 398:DSP/Inc/arm_math.h **** 
 399:DSP/Inc/arm_math.h ****   typedef enum
 400:DSP/Inc/arm_math.h ****   {
 401:DSP/Inc/arm_math.h ****     ARM_MATH_SUCCESS = 0,                /**< No error */
 402:DSP/Inc/arm_math.h ****     ARM_MATH_ARGUMENT_ERROR = -1,        /**< One or more arguments are incorrect */
 403:DSP/Inc/arm_math.h ****     ARM_MATH_LENGTH_ERROR = -2,          /**< Length of data buffer is incorrect */
 404:DSP/Inc/arm_math.h ****     ARM_MATH_SIZE_MISMATCH = -3,         /**< Size of matrices is not compatible with the operation
 405:DSP/Inc/arm_math.h ****     ARM_MATH_NANINF = -4,                /**< Not-a-number (NaN) or infinity is generated */
 406:DSP/Inc/arm_math.h ****     ARM_MATH_SINGULAR = -5,              /**< Generated by matrix inversion if the input matrix is 
 407:DSP/Inc/arm_math.h ****     ARM_MATH_TEST_FAILURE = -6           /**< Test Failed  */
 408:DSP/Inc/arm_math.h ****   } arm_status;
 409:DSP/Inc/arm_math.h **** 
 410:DSP/Inc/arm_math.h ****   /**
 411:DSP/Inc/arm_math.h ****    * @brief 8-bit fractional data type in 1.7 format.
 412:DSP/Inc/arm_math.h ****    */
 413:DSP/Inc/arm_math.h ****   typedef int8_t q7_t;
 414:DSP/Inc/arm_math.h **** 
 415:DSP/Inc/arm_math.h ****   /**
 416:DSP/Inc/arm_math.h ****    * @brief 16-bit fractional data type in 1.15 format.
 417:DSP/Inc/arm_math.h ****    */
 418:DSP/Inc/arm_math.h ****   typedef int16_t q15_t;
 419:DSP/Inc/arm_math.h **** 
 420:DSP/Inc/arm_math.h ****   /**
 421:DSP/Inc/arm_math.h ****    * @brief 32-bit fractional data type in 1.31 format.
 422:DSP/Inc/arm_math.h ****    */
 423:DSP/Inc/arm_math.h ****   typedef int32_t q31_t;
 424:DSP/Inc/arm_math.h **** 
 425:DSP/Inc/arm_math.h ****   /**
 426:DSP/Inc/arm_math.h ****    * @brief 64-bit fractional data type in 1.63 format.
 427:DSP/Inc/arm_math.h ****    */
 428:DSP/Inc/arm_math.h ****   typedef int64_t q63_t;
 429:DSP/Inc/arm_math.h **** 
 430:DSP/Inc/arm_math.h ****   /**
 431:DSP/Inc/arm_math.h ****    * @brief 32-bit floating-point type definition.
 432:DSP/Inc/arm_math.h ****    */
 433:DSP/Inc/arm_math.h ****   typedef float float32_t;
 434:DSP/Inc/arm_math.h **** 
 435:DSP/Inc/arm_math.h ****   /**
 436:DSP/Inc/arm_math.h ****    * @brief 64-bit floating-point type definition.
 437:DSP/Inc/arm_math.h ****    */
 438:DSP/Inc/arm_math.h ****   typedef double float64_t;
 439:DSP/Inc/arm_math.h **** 
 440:DSP/Inc/arm_math.h ****   /**
 441:DSP/Inc/arm_math.h ****    * @brief definition to read/write two 16 bit values.
 442:DSP/Inc/arm_math.h ****    */
 443:DSP/Inc/arm_math.h **** #if   defined ( __CC_ARM )
 444:DSP/Inc/arm_math.h ****   #define __SIMD32_TYPE int32_t __packed
 445:DSP/Inc/arm_math.h ****   #define CMSIS_UNUSED __attribute__((unused))
 446:DSP/Inc/arm_math.h ****   #define CMSIS_INLINE __attribute__((always_inline))
 447:DSP/Inc/arm_math.h **** 
 448:DSP/Inc/arm_math.h **** #elif defined ( __ARMCC_VERSION ) && ( __ARMCC_VERSION >= 6010050 )
 449:DSP/Inc/arm_math.h ****   #define __SIMD32_TYPE int32_t
 450:DSP/Inc/arm_math.h ****   #define CMSIS_UNUSED __attribute__((unused))
 451:DSP/Inc/arm_math.h ****   #define CMSIS_INLINE __attribute__((always_inline))
 452:DSP/Inc/arm_math.h **** 
ARM GAS  /var/folders/ck/g3dcd5x55xs4107jgdl0snvr0000gn/T//cc2jGpiv.s 			page 12


 453:DSP/Inc/arm_math.h **** #elif defined ( __GNUC__ )
 454:DSP/Inc/arm_math.h ****   #define __SIMD32_TYPE int32_t
 455:DSP/Inc/arm_math.h ****   #define CMSIS_UNUSED __attribute__((unused))
 456:DSP/Inc/arm_math.h ****   #define CMSIS_INLINE __attribute__((always_inline))
 457:DSP/Inc/arm_math.h **** 
 458:DSP/Inc/arm_math.h **** #elif defined ( __ICCARM__ )
 459:DSP/Inc/arm_math.h ****   #define __SIMD32_TYPE int32_t __packed
 460:DSP/Inc/arm_math.h ****   #define CMSIS_UNUSED
 461:DSP/Inc/arm_math.h ****   #define CMSIS_INLINE
 462:DSP/Inc/arm_math.h **** 
 463:DSP/Inc/arm_math.h **** #elif defined ( __TI_ARM__ )
 464:DSP/Inc/arm_math.h ****   #define __SIMD32_TYPE int32_t
 465:DSP/Inc/arm_math.h ****   #define CMSIS_UNUSED __attribute__((unused))
 466:DSP/Inc/arm_math.h ****   #define CMSIS_INLINE
 467:DSP/Inc/arm_math.h **** 
 468:DSP/Inc/arm_math.h **** #elif defined ( __CSMC__ )
 469:DSP/Inc/arm_math.h ****   #define __SIMD32_TYPE int32_t
 470:DSP/Inc/arm_math.h ****   #define CMSIS_UNUSED
 471:DSP/Inc/arm_math.h ****   #define CMSIS_INLINE
 472:DSP/Inc/arm_math.h **** 
 473:DSP/Inc/arm_math.h **** #elif defined ( __TASKING__ )
 474:DSP/Inc/arm_math.h ****   #define __SIMD32_TYPE __unaligned int32_t
 475:DSP/Inc/arm_math.h ****   #define CMSIS_UNUSED
 476:DSP/Inc/arm_math.h ****   #define CMSIS_INLINE
 477:DSP/Inc/arm_math.h **** 
 478:DSP/Inc/arm_math.h **** #else
 479:DSP/Inc/arm_math.h ****   #error Unknown compiler
 480:DSP/Inc/arm_math.h **** #endif
 481:DSP/Inc/arm_math.h **** 
 482:DSP/Inc/arm_math.h **** #define __SIMD32(addr)        (*(__SIMD32_TYPE **) & (addr))
 483:DSP/Inc/arm_math.h **** #define __SIMD32_CONST(addr)  ((__SIMD32_TYPE *)(addr))
 484:DSP/Inc/arm_math.h **** #define _SIMD32_OFFSET(addr)  (*(__SIMD32_TYPE *)  (addr))
 485:DSP/Inc/arm_math.h **** #define __SIMD64(addr)        (*(int64_t **) & (addr))
 486:DSP/Inc/arm_math.h **** 
 487:DSP/Inc/arm_math.h **** #if !defined (ARM_MATH_DSP)
 488:DSP/Inc/arm_math.h ****   /**
 489:DSP/Inc/arm_math.h ****    * @brief definition to pack two 16 bit values.
 490:DSP/Inc/arm_math.h ****    */
 491:DSP/Inc/arm_math.h **** #define __PKHBT(ARG1, ARG2, ARG3) ( (((int32_t)(ARG1) <<    0) & (int32_t)0x0000FFFF) | \
 492:DSP/Inc/arm_math.h ****                                     (((int32_t)(ARG2) << ARG3) & (int32_t)0xFFFF0000)  )
 493:DSP/Inc/arm_math.h **** #define __PKHTB(ARG1, ARG2, ARG3) ( (((int32_t)(ARG1) <<    0) & (int32_t)0xFFFF0000) | \
 494:DSP/Inc/arm_math.h ****                                     (((int32_t)(ARG2) >> ARG3) & (int32_t)0x0000FFFF)  )
 495:DSP/Inc/arm_math.h **** 
 496:DSP/Inc/arm_math.h **** #endif /* !defined (ARM_MATH_DSP) */
 497:DSP/Inc/arm_math.h **** 
 498:DSP/Inc/arm_math.h ****    /**
 499:DSP/Inc/arm_math.h ****    * @brief definition to pack four 8 bit values.
 500:DSP/Inc/arm_math.h ****    */
 501:DSP/Inc/arm_math.h **** #ifndef ARM_MATH_BIG_ENDIAN
 502:DSP/Inc/arm_math.h **** 
 503:DSP/Inc/arm_math.h **** #define __PACKq7(v0,v1,v2,v3) ( (((int32_t)(v0) <<  0) & (int32_t)0x000000FF) | \
 504:DSP/Inc/arm_math.h ****                                 (((int32_t)(v1) <<  8) & (int32_t)0x0000FF00) | \
 505:DSP/Inc/arm_math.h ****                                 (((int32_t)(v2) << 16) & (int32_t)0x00FF0000) | \
 506:DSP/Inc/arm_math.h ****                                 (((int32_t)(v3) << 24) & (int32_t)0xFF000000)  )
 507:DSP/Inc/arm_math.h **** #else
 508:DSP/Inc/arm_math.h **** 
 509:DSP/Inc/arm_math.h **** #define __PACKq7(v0,v1,v2,v3) ( (((int32_t)(v3) <<  0) & (int32_t)0x000000FF) | \
ARM GAS  /var/folders/ck/g3dcd5x55xs4107jgdl0snvr0000gn/T//cc2jGpiv.s 			page 13


 510:DSP/Inc/arm_math.h ****                                 (((int32_t)(v2) <<  8) & (int32_t)0x0000FF00) | \
 511:DSP/Inc/arm_math.h ****                                 (((int32_t)(v1) << 16) & (int32_t)0x00FF0000) | \
 512:DSP/Inc/arm_math.h ****                                 (((int32_t)(v0) << 24) & (int32_t)0xFF000000)  )
 513:DSP/Inc/arm_math.h **** 
 514:DSP/Inc/arm_math.h **** #endif
 515:DSP/Inc/arm_math.h **** 
 516:DSP/Inc/arm_math.h **** 
 517:DSP/Inc/arm_math.h ****   /**
 518:DSP/Inc/arm_math.h ****    * @brief Clips Q63 to Q31 values.
 519:DSP/Inc/arm_math.h ****    */
 520:DSP/Inc/arm_math.h ****   CMSIS_INLINE __STATIC_INLINE q31_t clip_q63_to_q31(
  76              		.loc 2 520 38 is_stmt 1 view .LVU13
  77              	.LBB13:
 521:DSP/Inc/arm_math.h ****   q63_t x)
 522:DSP/Inc/arm_math.h ****   {
 523:DSP/Inc/arm_math.h ****     return ((q31_t) (x >> 32) != ((q31_t) x >> 31)) ?
  78              		.loc 2 523 5 view .LVU14
  79              		.loc 2 523 35 is_stmt 0 view .LVU15
  80 001e 0346     		mov	r3, r0
 524:DSP/Inc/arm_math.h ****       ((0x7FFFFFFF ^ ((q31_t) (x >> 63)))) : (q31_t) x;
  81              		.loc 2 524 44 view .LVU16
  82 0020 B1EBE07F 		cmp	r1, r0, asr #31
  83 0024 03D0     		beq	.L5
  84              		.loc 2 524 44 discriminator 1 view .LVU17
  85 0026 6FF00043 		mvn	r3, #-2147483648
  86 002a 83EAE173 		eor	r3, r3, r1, asr #31
  87              	.L5:
  88              	.LVL7:
  89              		.loc 2 524 44 discriminator 1 view .LVU18
  90              	.LBE13:
  91              	.LBE12:
  92              		.loc 1 101 13 discriminator 1 view .LVU19
  93 002e 2B60     		str	r3, [r5]
 102:DSP/Source/SupportFunctions/arm_float_to_q31.c **** 
 103:DSP/Source/SupportFunctions/arm_float_to_q31.c ****     in = *pIn++;
  94              		.loc 1 103 5 is_stmt 1 view .LVU20
  95              	.LVL8:
  96              		.loc 1 103 8 is_stmt 0 view .LVU21
  97 0030 D4ED017A 		vldr.32	s15, [r4, #4]
  98              	.LVL9:
 104:DSP/Source/SupportFunctions/arm_float_to_q31.c ****     in = (in * 2147483648.0f);
  99              		.loc 1 104 5 is_stmt 1 view .LVU22
 100              		.loc 1 104 8 is_stmt 0 view .LVU23
 101 0034 9FED4C7A 		vldr.32	s14, .L39
 102 0038 67EE877A 		vmul.f32	s15, s15, s14
 103              	.LVL10:
 105:DSP/Source/SupportFunctions/arm_float_to_q31.c ****     in += in > 0.0f ? 0.5f : -0.5f;
 104              		.loc 1 105 5 is_stmt 1 view .LVU24
 105              		.loc 1 105 28 is_stmt 0 view .LVU25
 106 003c F5EEC07A 		vcmpe.f32	s15, #0
 107 0040 F1EE10FA 		vmrs	APSR_nzcv, FPSCR
 108 0044 5EDD     		ble	.L32
 109              		.loc 1 105 28 discriminator 1 view .LVU26
 110 0046 B6EE007A 		vmov.f32	s14, #5.0e-1
 111              	.L6:
 112              	.LVL11:
 106:DSP/Source/SupportFunctions/arm_float_to_q31.c ****     *pDst++ = clip_q63_to_q31((q63_t) (in));
ARM GAS  /var/folders/ck/g3dcd5x55xs4107jgdl0snvr0000gn/T//cc2jGpiv.s 			page 14


 113              		.loc 1 106 5 is_stmt 1 view .LVU27
 114              		.loc 1 106 15 is_stmt 0 view .LVU28
 115 004a 77EE277A 		vadd.f32	s15, s14, s15
 116              	.LVL12:
 117              		.loc 1 106 15 view .LVU29
 118 004e 17EE900A 		vmov	r0, s15
 119 0052 FFF7FEFF 		bl	__aeabi_f2lz
 120              	.LVL13:
 121              	.LBB14:
 122              	.LBI14:
 520:DSP/Inc/arm_math.h ****   q63_t x)
 123              		.loc 2 520 38 is_stmt 1 view .LVU30
 124              	.LBB15:
 523:DSP/Inc/arm_math.h ****       ((0x7FFFFFFF ^ ((q31_t) (x >> 63)))) : (q31_t) x;
 125              		.loc 2 523 5 view .LVU31
 523:DSP/Inc/arm_math.h ****       ((0x7FFFFFFF ^ ((q31_t) (x >> 63)))) : (q31_t) x;
 126              		.loc 2 523 35 is_stmt 0 view .LVU32
 127 0056 0346     		mov	r3, r0
 128              		.loc 2 524 44 view .LVU33
 129 0058 B1EBE07F 		cmp	r1, r0, asr #31
 130 005c 03D0     		beq	.L8
 131              		.loc 2 524 44 discriminator 1 view .LVU34
 132 005e 6FF00043 		mvn	r3, #-2147483648
 133 0062 83EAE173 		eor	r3, r3, r1, asr #31
 134              	.L8:
 135              	.LVL14:
 136              		.loc 2 524 44 discriminator 1 view .LVU35
 137              	.LBE15:
 138              	.LBE14:
 139              		.loc 1 106 13 discriminator 1 view .LVU36
 140 0066 6B60     		str	r3, [r5, #4]
 107:DSP/Source/SupportFunctions/arm_float_to_q31.c **** 
 108:DSP/Source/SupportFunctions/arm_float_to_q31.c ****     in = *pIn++;
 141              		.loc 1 108 5 is_stmt 1 view .LVU37
 142              	.LVL15:
 143              		.loc 1 108 8 is_stmt 0 view .LVU38
 144 0068 D4ED027A 		vldr.32	s15, [r4, #8]
 145              	.LVL16:
 109:DSP/Source/SupportFunctions/arm_float_to_q31.c ****     in = (in * 2147483648.0f);
 146              		.loc 1 109 5 is_stmt 1 view .LVU39
 147              		.loc 1 109 8 is_stmt 0 view .LVU40
 148 006c 9FED3E7A 		vldr.32	s14, .L39
 149 0070 67EE877A 		vmul.f32	s15, s15, s14
 150              	.LVL17:
 110:DSP/Source/SupportFunctions/arm_float_to_q31.c ****     in += in > 0.0f ? 0.5f : -0.5f;
 151              		.loc 1 110 5 is_stmt 1 view .LVU41
 152              		.loc 1 110 28 is_stmt 0 view .LVU42
 153 0074 F5EEC07A 		vcmpe.f32	s15, #0
 154 0078 F1EE10FA 		vmrs	APSR_nzcv, FPSCR
 155 007c 45DD     		ble	.L33
 156              		.loc 1 110 28 discriminator 1 view .LVU43
 157 007e B6EE007A 		vmov.f32	s14, #5.0e-1
 158              	.L9:
 159              	.LVL18:
 111:DSP/Source/SupportFunctions/arm_float_to_q31.c ****     *pDst++ = clip_q63_to_q31((q63_t) (in));
 160              		.loc 1 111 5 is_stmt 1 view .LVU44
 161              		.loc 1 111 15 is_stmt 0 view .LVU45
ARM GAS  /var/folders/ck/g3dcd5x55xs4107jgdl0snvr0000gn/T//cc2jGpiv.s 			page 15


 162 0082 77EE277A 		vadd.f32	s15, s14, s15
 163              	.LVL19:
 164              		.loc 1 111 15 view .LVU46
 165 0086 17EE900A 		vmov	r0, s15
 166 008a FFF7FEFF 		bl	__aeabi_f2lz
 167              	.LVL20:
 168              	.LBB16:
 169              	.LBI16:
 520:DSP/Inc/arm_math.h ****   q63_t x)
 170              		.loc 2 520 38 is_stmt 1 view .LVU47
 171              	.LBB17:
 523:DSP/Inc/arm_math.h ****       ((0x7FFFFFFF ^ ((q31_t) (x >> 63)))) : (q31_t) x;
 172              		.loc 2 523 5 view .LVU48
 523:DSP/Inc/arm_math.h ****       ((0x7FFFFFFF ^ ((q31_t) (x >> 63)))) : (q31_t) x;
 173              		.loc 2 523 35 is_stmt 0 view .LVU49
 174 008e 0346     		mov	r3, r0
 175              		.loc 2 524 44 view .LVU50
 176 0090 B1EBE07F 		cmp	r1, r0, asr #31
 177 0094 03D0     		beq	.L11
 178              		.loc 2 524 44 discriminator 1 view .LVU51
 179 0096 6FF00043 		mvn	r3, #-2147483648
 180 009a 83EAE173 		eor	r3, r3, r1, asr #31
 181              	.L11:
 182              	.LVL21:
 183              		.loc 2 524 44 discriminator 1 view .LVU52
 184              	.LBE17:
 185              	.LBE16:
 186              		.loc 1 111 13 discriminator 1 view .LVU53
 187 009e AB60     		str	r3, [r5, #8]
 112:DSP/Source/SupportFunctions/arm_float_to_q31.c **** 
 113:DSP/Source/SupportFunctions/arm_float_to_q31.c ****     in = *pIn++;
 188              		.loc 1 113 5 is_stmt 1 view .LVU54
 189              		.loc 1 113 14 is_stmt 0 view .LVU55
 190 00a0 04F11008 		add	r8, r4, #16
 191              	.LVL22:
 192              		.loc 1 113 8 view .LVU56
 193 00a4 D4ED037A 		vldr.32	s15, [r4, #12]
 194              	.LVL23:
 114:DSP/Source/SupportFunctions/arm_float_to_q31.c ****     in = (in * 2147483648.0f);
 195              		.loc 1 114 5 is_stmt 1 view .LVU57
 196              		.loc 1 114 8 is_stmt 0 view .LVU58
 197 00a8 9FED2F7A 		vldr.32	s14, .L39
 198 00ac 67EE877A 		vmul.f32	s15, s15, s14
 199              	.LVL24:
 115:DSP/Source/SupportFunctions/arm_float_to_q31.c ****     in += in > 0.0f ? 0.5f : -0.5f;
 200              		.loc 1 115 5 is_stmt 1 view .LVU59
 201              		.loc 1 115 28 is_stmt 0 view .LVU60
 202 00b0 F5EEC07A 		vcmpe.f32	s15, #0
 203 00b4 F1EE10FA 		vmrs	APSR_nzcv, FPSCR
 204 00b8 2ADD     		ble	.L34
 205              		.loc 1 115 28 discriminator 1 view .LVU61
 206 00ba B6EE007A 		vmov.f32	s14, #5.0e-1
 207              	.L12:
 208              	.LVL25:
 116:DSP/Source/SupportFunctions/arm_float_to_q31.c ****     *pDst++ = clip_q63_to_q31((q63_t) (in));
 209              		.loc 1 116 5 is_stmt 1 view .LVU62
 210              		.loc 1 116 15 is_stmt 0 view .LVU63
ARM GAS  /var/folders/ck/g3dcd5x55xs4107jgdl0snvr0000gn/T//cc2jGpiv.s 			page 16


 211 00be 77EE277A 		vadd.f32	s15, s14, s15
 212              	.LVL26:
 213              		.loc 1 116 15 view .LVU64
 214 00c2 17EE900A 		vmov	r0, s15
 215 00c6 FFF7FEFF 		bl	__aeabi_f2lz
 216              	.LVL27:
 217              		.loc 1 116 10 view .LVU65
 218 00ca 05F11002 		add	r2, r5, #16
 219              	.LVL28:
 220              	.LBB18:
 221              	.LBI18:
 520:DSP/Inc/arm_math.h ****   q63_t x)
 222              		.loc 2 520 38 is_stmt 1 view .LVU66
 223              	.LBB19:
 523:DSP/Inc/arm_math.h ****       ((0x7FFFFFFF ^ ((q31_t) (x >> 63)))) : (q31_t) x;
 224              		.loc 2 523 5 view .LVU67
 523:DSP/Inc/arm_math.h ****       ((0x7FFFFFFF ^ ((q31_t) (x >> 63)))) : (q31_t) x;
 225              		.loc 2 523 35 is_stmt 0 view .LVU68
 226 00ce 0346     		mov	r3, r0
 227              		.loc 2 524 44 view .LVU69
 228 00d0 B1EBE07F 		cmp	r1, r0, asr #31
 229 00d4 03D0     		beq	.L14
 230              		.loc 2 524 44 discriminator 1 view .LVU70
 231 00d6 6FF00043 		mvn	r3, #-2147483648
 232 00da 83EAE173 		eor	r3, r3, r1, asr #31
 233              	.L14:
 234              	.LVL29:
 235              		.loc 2 524 44 discriminator 1 view .LVU71
 236              	.LBE19:
 237              	.LBE18:
 238              		.loc 1 116 13 discriminator 1 view .LVU72
 239 00de EB60     		str	r3, [r5, #12]
 117:DSP/Source/SupportFunctions/arm_float_to_q31.c **** 
 118:DSP/Source/SupportFunctions/arm_float_to_q31.c **** #else
 119:DSP/Source/SupportFunctions/arm_float_to_q31.c **** 
 120:DSP/Source/SupportFunctions/arm_float_to_q31.c ****     /* C = A * 2147483648 */
 121:DSP/Source/SupportFunctions/arm_float_to_q31.c ****     /* convert from float to Q31 and then store the results in the destination buffer */
 122:DSP/Source/SupportFunctions/arm_float_to_q31.c ****     *pDst++ = clip_q63_to_q31((q63_t) (*pIn++ * 2147483648.0f));
 123:DSP/Source/SupportFunctions/arm_float_to_q31.c ****     *pDst++ = clip_q63_to_q31((q63_t) (*pIn++ * 2147483648.0f));
 124:DSP/Source/SupportFunctions/arm_float_to_q31.c ****     *pDst++ = clip_q63_to_q31((q63_t) (*pIn++ * 2147483648.0f));
 125:DSP/Source/SupportFunctions/arm_float_to_q31.c ****     *pDst++ = clip_q63_to_q31((q63_t) (*pIn++ * 2147483648.0f));
 126:DSP/Source/SupportFunctions/arm_float_to_q31.c **** 
 127:DSP/Source/SupportFunctions/arm_float_to_q31.c **** #endif /*      #ifdef ARM_MATH_ROUNDING        */
 128:DSP/Source/SupportFunctions/arm_float_to_q31.c **** 
 129:DSP/Source/SupportFunctions/arm_float_to_q31.c ****     /* Decrement the loop counter */
 130:DSP/Source/SupportFunctions/arm_float_to_q31.c ****     blkCnt--;
 240              		.loc 1 130 5 is_stmt 1 view .LVU73
 241              		.loc 1 130 11 is_stmt 0 view .LVU74
 242 00e0 013F     		subs	r7, r7, #1
 243              	.LVL30:
 113:DSP/Source/SupportFunctions/arm_float_to_q31.c ****     in = (in * 2147483648.0f);
 244              		.loc 1 113 14 view .LVU75
 245 00e2 4446     		mov	r4, r8
 116:DSP/Source/SupportFunctions/arm_float_to_q31.c **** 
 246              		.loc 1 116 10 view .LVU76
 247 00e4 1546     		mov	r5, r2
 248              	.LVL31:
ARM GAS  /var/folders/ck/g3dcd5x55xs4107jgdl0snvr0000gn/T//cc2jGpiv.s 			page 17


 249              	.L2:
  91:DSP/Source/SupportFunctions/arm_float_to_q31.c ****   {
 250              		.loc 1 91 17 is_stmt 1 view .LVU77
 251 00e6 B7B1     		cbz	r7, .L37
  98:DSP/Source/SupportFunctions/arm_float_to_q31.c ****     in = (in * 2147483648.0f);
 252              		.loc 1 98 5 view .LVU78
 253              	.LVL32:
  98:DSP/Source/SupportFunctions/arm_float_to_q31.c ****     in = (in * 2147483648.0f);
 254              		.loc 1 98 8 is_stmt 0 view .LVU79
 255 00e8 D4ED007A 		vldr.32	s15, [r4]
 256              	.LVL33:
  99:DSP/Source/SupportFunctions/arm_float_to_q31.c ****     in += in > 0.0f ? 0.5f : -0.5f;
 257              		.loc 1 99 5 is_stmt 1 view .LVU80
  99:DSP/Source/SupportFunctions/arm_float_to_q31.c ****     in += in > 0.0f ? 0.5f : -0.5f;
 258              		.loc 1 99 8 is_stmt 0 view .LVU81
 259 00ec 9FED1E7A 		vldr.32	s14, .L39
 260 00f0 67EE877A 		vmul.f32	s15, s15, s14
 261              	.LVL34:
 100:DSP/Source/SupportFunctions/arm_float_to_q31.c ****     *pDst++ = clip_q63_to_q31((q63_t) (in));
 262              		.loc 1 100 5 is_stmt 1 view .LVU82
 100:DSP/Source/SupportFunctions/arm_float_to_q31.c ****     *pDst++ = clip_q63_to_q31((q63_t) (in));
 263              		.loc 1 100 28 is_stmt 0 view .LVU83
 264 00f4 F5EEC07A 		vcmpe.f32	s15, #0
 265 00f8 F1EE10FA 		vmrs	APSR_nzcv, FPSCR
 266 00fc 87DD     		ble	.L31
 100:DSP/Source/SupportFunctions/arm_float_to_q31.c ****     *pDst++ = clip_q63_to_q31((q63_t) (in));
 267              		.loc 1 100 28 discriminator 1 view .LVU84
 268 00fe B6EE007A 		vmov.f32	s14, #5.0e-1
 269 0102 86E7     		b	.L3
 270              	.LVL35:
 271              	.L32:
 105:DSP/Source/SupportFunctions/arm_float_to_q31.c ****     *pDst++ = clip_q63_to_q31((q63_t) (in));
 272              		.loc 1 105 28 discriminator 2 view .LVU85
 273 0104 BEEE007A 		vmov.f32	s14, #-5.0e-1
 274 0108 9FE7     		b	.L6
 275              	.LVL36:
 276              	.L33:
 110:DSP/Source/SupportFunctions/arm_float_to_q31.c ****     *pDst++ = clip_q63_to_q31((q63_t) (in));
 277              		.loc 1 110 28 discriminator 2 view .LVU86
 278 010a BEEE007A 		vmov.f32	s14, #-5.0e-1
 279 010e B8E7     		b	.L9
 280              	.LVL37:
 281              	.L34:
 115:DSP/Source/SupportFunctions/arm_float_to_q31.c ****     *pDst++ = clip_q63_to_q31((q63_t) (in));
 282              		.loc 1 115 28 discriminator 2 view .LVU87
 283 0110 BEEE007A 		vmov.f32	s14, #-5.0e-1
 284 0114 D3E7     		b	.L12
 285              	.LVL38:
 286              	.L37:
 131:DSP/Source/SupportFunctions/arm_float_to_q31.c ****   }
 132:DSP/Source/SupportFunctions/arm_float_to_q31.c **** 
 133:DSP/Source/SupportFunctions/arm_float_to_q31.c ****   /* If the blockSize is not a multiple of 4, compute any remaining output samples here.
 134:DSP/Source/SupportFunctions/arm_float_to_q31.c ****    ** No loop unrolling is used. */
 135:DSP/Source/SupportFunctions/arm_float_to_q31.c ****   blkCnt = blockSize % 0x4U;
 287              		.loc 1 135 3 is_stmt 1 view .LVU88
 288              		.loc 1 135 10 is_stmt 0 view .LVU89
 289 0116 06F00306 		and	r6, r6, #3
ARM GAS  /var/folders/ck/g3dcd5x55xs4107jgdl0snvr0000gn/T//cc2jGpiv.s 			page 18


 290              	.LVL39:
 136:DSP/Source/SupportFunctions/arm_float_to_q31.c **** 
 137:DSP/Source/SupportFunctions/arm_float_to_q31.c ****   while (blkCnt > 0U)
 291              		.loc 1 137 3 is_stmt 1 view .LVU90
 292              		.loc 1 137 9 is_stmt 0 view .LVU91
 293 011a 13E0     		b	.L16
 294              	.LVL40:
 295              	.L35:
 138:DSP/Source/SupportFunctions/arm_float_to_q31.c ****   {
 139:DSP/Source/SupportFunctions/arm_float_to_q31.c **** 
 140:DSP/Source/SupportFunctions/arm_float_to_q31.c **** #ifdef ARM_MATH_ROUNDING
 141:DSP/Source/SupportFunctions/arm_float_to_q31.c **** 
 142:DSP/Source/SupportFunctions/arm_float_to_q31.c ****     /* C = A * 2147483648 */
 143:DSP/Source/SupportFunctions/arm_float_to_q31.c ****     /* convert from float to Q31 and then store the results in the destination buffer */
 144:DSP/Source/SupportFunctions/arm_float_to_q31.c ****     in = *pIn++;
 145:DSP/Source/SupportFunctions/arm_float_to_q31.c ****     in = (in * 2147483648.0f);
 146:DSP/Source/SupportFunctions/arm_float_to_q31.c ****     in += in > 0.0f ? 0.5f : -0.5f;
 296              		.loc 1 146 28 discriminator 2 view .LVU92
 297 011c BEEE007A 		vmov.f32	s14, #-5.0e-1
 298              	.L17:
 299              	.LVL41:
 147:DSP/Source/SupportFunctions/arm_float_to_q31.c ****     *pDst++ = clip_q63_to_q31((q63_t) (in));
 300              		.loc 1 147 5 is_stmt 1 view .LVU93
 301              		.loc 1 147 15 is_stmt 0 view .LVU94
 302 0120 77EE277A 		vadd.f32	s15, s14, s15
 303              	.LVL42:
 304              		.loc 1 147 15 view .LVU95
 305 0124 17EE900A 		vmov	r0, s15
 306 0128 FFF7FEFF 		bl	__aeabi_f2lz
 307              	.LVL43:
 308              		.loc 1 147 10 view .LVU96
 309 012c 2A1D     		adds	r2, r5, #4
 310              	.LVL44:
 311              	.LBB20:
 312              	.LBI20:
 520:DSP/Inc/arm_math.h ****   q63_t x)
 313              		.loc 2 520 38 is_stmt 1 view .LVU97
 314              	.LBB21:
 523:DSP/Inc/arm_math.h ****       ((0x7FFFFFFF ^ ((q31_t) (x >> 63)))) : (q31_t) x;
 315              		.loc 2 523 5 view .LVU98
 523:DSP/Inc/arm_math.h ****       ((0x7FFFFFFF ^ ((q31_t) (x >> 63)))) : (q31_t) x;
 316              		.loc 2 523 35 is_stmt 0 view .LVU99
 317 012e 0346     		mov	r3, r0
 318              		.loc 2 524 44 view .LVU100
 319 0130 B1EBE07F 		cmp	r1, r0, asr #31
 320 0134 03D0     		beq	.L19
 321              		.loc 2 524 44 discriminator 1 view .LVU101
 322 0136 6FF00043 		mvn	r3, #-2147483648
 323 013a 83EAE173 		eor	r3, r3, r1, asr #31
 324              	.L19:
 325              	.LVL45:
 326              		.loc 2 524 44 discriminator 1 view .LVU102
 327              	.LBE21:
 328              	.LBE20:
 329              		.loc 1 147 13 discriminator 1 view .LVU103
 330 013e 2B60     		str	r3, [r5]
 148:DSP/Source/SupportFunctions/arm_float_to_q31.c **** 
ARM GAS  /var/folders/ck/g3dcd5x55xs4107jgdl0snvr0000gn/T//cc2jGpiv.s 			page 19


 149:DSP/Source/SupportFunctions/arm_float_to_q31.c **** #else
 150:DSP/Source/SupportFunctions/arm_float_to_q31.c **** 
 151:DSP/Source/SupportFunctions/arm_float_to_q31.c ****     /* C = A * 2147483648 */
 152:DSP/Source/SupportFunctions/arm_float_to_q31.c ****     /* convert from float to Q31 and then store the results in the destination buffer */
 153:DSP/Source/SupportFunctions/arm_float_to_q31.c ****     *pDst++ = clip_q63_to_q31((q63_t) (*pIn++ * 2147483648.0f));
 154:DSP/Source/SupportFunctions/arm_float_to_q31.c **** 
 155:DSP/Source/SupportFunctions/arm_float_to_q31.c **** #endif /*      #ifdef ARM_MATH_ROUNDING        */
 156:DSP/Source/SupportFunctions/arm_float_to_q31.c **** 
 157:DSP/Source/SupportFunctions/arm_float_to_q31.c ****     /* Decrement the loop counter */
 158:DSP/Source/SupportFunctions/arm_float_to_q31.c ****     blkCnt--;
 331              		.loc 1 158 5 is_stmt 1 view .LVU104
 332              		.loc 1 158 11 is_stmt 0 view .LVU105
 333 0140 013E     		subs	r6, r6, #1
 334              	.LVL46:
 147:DSP/Source/SupportFunctions/arm_float_to_q31.c **** 
 335              		.loc 1 147 10 view .LVU106
 336 0142 1546     		mov	r5, r2
 337              	.LVL47:
 338              	.L16:
 137:DSP/Source/SupportFunctions/arm_float_to_q31.c ****   {
 339              		.loc 1 137 17 is_stmt 1 view .LVU107
 340 0144 6EB1     		cbz	r6, .L38
 144:DSP/Source/SupportFunctions/arm_float_to_q31.c ****     in = (in * 2147483648.0f);
 341              		.loc 1 144 5 view .LVU108
 342              	.LVL48:
 144:DSP/Source/SupportFunctions/arm_float_to_q31.c ****     in = (in * 2147483648.0f);
 343              		.loc 1 144 8 is_stmt 0 view .LVU109
 344 0146 F4EC017A 		vldmia.32	r4!, {s15}
 345              	.LVL49:
 145:DSP/Source/SupportFunctions/arm_float_to_q31.c ****     in += in > 0.0f ? 0.5f : -0.5f;
 346              		.loc 1 145 5 is_stmt 1 view .LVU110
 145:DSP/Source/SupportFunctions/arm_float_to_q31.c ****     in += in > 0.0f ? 0.5f : -0.5f;
 347              		.loc 1 145 8 is_stmt 0 view .LVU111
 348 014a 9FED077A 		vldr.32	s14, .L39
 349 014e 67EE877A 		vmul.f32	s15, s15, s14
 350              	.LVL50:
 146:DSP/Source/SupportFunctions/arm_float_to_q31.c ****     *pDst++ = clip_q63_to_q31((q63_t) (in));
 351              		.loc 1 146 5 is_stmt 1 view .LVU112
 146:DSP/Source/SupportFunctions/arm_float_to_q31.c ****     *pDst++ = clip_q63_to_q31((q63_t) (in));
 352              		.loc 1 146 28 is_stmt 0 view .LVU113
 353 0152 F5EEC07A 		vcmpe.f32	s15, #0
 354 0156 F1EE10FA 		vmrs	APSR_nzcv, FPSCR
 355 015a DFDD     		ble	.L35
 146:DSP/Source/SupportFunctions/arm_float_to_q31.c ****     *pDst++ = clip_q63_to_q31((q63_t) (in));
 356              		.loc 1 146 28 discriminator 1 view .LVU114
 357 015c B6EE007A 		vmov.f32	s14, #5.0e-1
 358 0160 DEE7     		b	.L17
 359              	.LVL51:
 360              	.L38:
 159:DSP/Source/SupportFunctions/arm_float_to_q31.c ****   }
 160:DSP/Source/SupportFunctions/arm_float_to_q31.c **** 
 161:DSP/Source/SupportFunctions/arm_float_to_q31.c **** 
 162:DSP/Source/SupportFunctions/arm_float_to_q31.c **** #else
 163:DSP/Source/SupportFunctions/arm_float_to_q31.c **** 
 164:DSP/Source/SupportFunctions/arm_float_to_q31.c ****   /* Run the below code for Cortex-M0 */
 165:DSP/Source/SupportFunctions/arm_float_to_q31.c **** 
 166:DSP/Source/SupportFunctions/arm_float_to_q31.c ****   /* Loop over blockSize number of values */
ARM GAS  /var/folders/ck/g3dcd5x55xs4107jgdl0snvr0000gn/T//cc2jGpiv.s 			page 20


 167:DSP/Source/SupportFunctions/arm_float_to_q31.c ****   blkCnt = blockSize;
 168:DSP/Source/SupportFunctions/arm_float_to_q31.c **** 
 169:DSP/Source/SupportFunctions/arm_float_to_q31.c ****   while (blkCnt > 0U)
 170:DSP/Source/SupportFunctions/arm_float_to_q31.c ****   {
 171:DSP/Source/SupportFunctions/arm_float_to_q31.c **** 
 172:DSP/Source/SupportFunctions/arm_float_to_q31.c **** #ifdef ARM_MATH_ROUNDING
 173:DSP/Source/SupportFunctions/arm_float_to_q31.c **** 
 174:DSP/Source/SupportFunctions/arm_float_to_q31.c ****     /* C = A * 2147483648 */
 175:DSP/Source/SupportFunctions/arm_float_to_q31.c ****     /* convert from float to Q31 and then store the results in the destination buffer */
 176:DSP/Source/SupportFunctions/arm_float_to_q31.c ****     in = *pIn++;
 177:DSP/Source/SupportFunctions/arm_float_to_q31.c ****     in = (in * 2147483648.0f);
 178:DSP/Source/SupportFunctions/arm_float_to_q31.c ****     in += in > 0 ? 0.5f : -0.5f;
 179:DSP/Source/SupportFunctions/arm_float_to_q31.c ****     *pDst++ = clip_q63_to_q31((q63_t) (in));
 180:DSP/Source/SupportFunctions/arm_float_to_q31.c **** 
 181:DSP/Source/SupportFunctions/arm_float_to_q31.c **** #else
 182:DSP/Source/SupportFunctions/arm_float_to_q31.c **** 
 183:DSP/Source/SupportFunctions/arm_float_to_q31.c ****     /* C = A * 2147483648 */
 184:DSP/Source/SupportFunctions/arm_float_to_q31.c ****     /* convert from float to Q31 and then store the results in the destination buffer */
 185:DSP/Source/SupportFunctions/arm_float_to_q31.c ****     *pDst++ = clip_q63_to_q31((q63_t) (*pIn++ * 2147483648.0f));
 186:DSP/Source/SupportFunctions/arm_float_to_q31.c **** 
 187:DSP/Source/SupportFunctions/arm_float_to_q31.c **** #endif /*      #ifdef ARM_MATH_ROUNDING        */
 188:DSP/Source/SupportFunctions/arm_float_to_q31.c **** 
 189:DSP/Source/SupportFunctions/arm_float_to_q31.c ****     /* Decrement the loop counter */
 190:DSP/Source/SupportFunctions/arm_float_to_q31.c ****     blkCnt--;
 191:DSP/Source/SupportFunctions/arm_float_to_q31.c ****   }
 192:DSP/Source/SupportFunctions/arm_float_to_q31.c **** 
 193:DSP/Source/SupportFunctions/arm_float_to_q31.c **** #endif /* #if defined (ARM_MATH_DSP) */
 194:DSP/Source/SupportFunctions/arm_float_to_q31.c **** 
 195:DSP/Source/SupportFunctions/arm_float_to_q31.c **** }
 361              		.loc 1 195 1 view .LVU115
 362 0162 BDE8F081 		pop	{r4, r5, r6, r7, r8, pc}
 363              	.LVL52:
 364              	.L40:
 365              		.loc 1 195 1 view .LVU116
 366 0166 00BF     		.align	2
 367              	.L39:
 368 0168 0000004F 		.word	1325400064
 369              		.cfi_endproc
 370              	.LFE139:
 372              		.text
 373              	.Letext0:
 374              		.file 3 "/Users/luban/.local/xPacks/arm-none-eabi-gcc/xpack-arm-none-eabi-gcc-13.2.1-1.1/arm-none-
 375              		.file 4 "/Users/luban/.local/xPacks/arm-none-eabi-gcc/xpack-arm-none-eabi-gcc-13.2.1-1.1/arm-none-
ARM GAS  /var/folders/ck/g3dcd5x55xs4107jgdl0snvr0000gn/T//cc2jGpiv.s 			page 21


DEFINED SYMBOLS
                            *ABS*:00000000 arm_float_to_q31.c
/var/folders/ck/g3dcd5x55xs4107jgdl0snvr0000gn/T//cc2jGpiv.s:22     .text.arm_float_to_q31:00000000 $t
/var/folders/ck/g3dcd5x55xs4107jgdl0snvr0000gn/T//cc2jGpiv.s:28     .text.arm_float_to_q31:00000000 arm_float_to_q31
/var/folders/ck/g3dcd5x55xs4107jgdl0snvr0000gn/T//cc2jGpiv.s:368    .text.arm_float_to_q31:00000168 $d

UNDEFINED SYMBOLS
__aeabi_f2lz
