ARM GAS  /var/folders/ck/g3dcd5x55xs4107jgdl0snvr0000gn/T//ccZWbzoj.s 			page 1


   1              		.cpu cortex-m4
   2              		.arch armv7e-m
   3              		.fpu fpv4-sp-d16
   4              		.eabi_attribute 27, 1
   5              		.eabi_attribute 28, 1
   6              		.eabi_attribute 20, 1
   7              		.eabi_attribute 21, 1
   8              		.eabi_attribute 23, 3
   9              		.eabi_attribute 24, 1
  10              		.eabi_attribute 25, 1
  11              		.eabi_attribute 26, 1
  12              		.eabi_attribute 30, 1
  13              		.eabi_attribute 34, 1
  14              		.eabi_attribute 18, 4
  15              		.file	"arm_lms_norm_init_q15.c"
  16              		.text
  17              	.Ltext0:
  18              		.cfi_sections	.debug_frame
  19              		.file 1 "DSP/Source/FilteringFunctions/arm_lms_norm_init_q15.c"
  20              		.section	.text.arm_lms_norm_init_q15,"ax",%progbits
  21              		.align	1
  22              		.global	arm_lms_norm_init_q15
  23              		.syntax unified
  24              		.thumb
  25              		.thumb_func
  27              	arm_lms_norm_init_q15:
  28              	.LVL0:
  29              	.LFB139:
   1:DSP/Source/FilteringFunctions/arm_lms_norm_init_q15.c **** /* ----------------------------------------------------------------------
   2:DSP/Source/FilteringFunctions/arm_lms_norm_init_q15.c ****  * Project:      CMSIS DSP Library
   3:DSP/Source/FilteringFunctions/arm_lms_norm_init_q15.c ****  * Title:        arm_lms_norm_init_q15.c
   4:DSP/Source/FilteringFunctions/arm_lms_norm_init_q15.c ****  * Description:  Q15 NLMS initialization function
   5:DSP/Source/FilteringFunctions/arm_lms_norm_init_q15.c ****  *
   6:DSP/Source/FilteringFunctions/arm_lms_norm_init_q15.c ****  * $Date:        27. January 2017
   7:DSP/Source/FilteringFunctions/arm_lms_norm_init_q15.c ****  * $Revision:    V.1.5.1
   8:DSP/Source/FilteringFunctions/arm_lms_norm_init_q15.c ****  *
   9:DSP/Source/FilteringFunctions/arm_lms_norm_init_q15.c ****  * Target Processor: Cortex-M cores
  10:DSP/Source/FilteringFunctions/arm_lms_norm_init_q15.c ****  * -------------------------------------------------------------------- */
  11:DSP/Source/FilteringFunctions/arm_lms_norm_init_q15.c **** /*
  12:DSP/Source/FilteringFunctions/arm_lms_norm_init_q15.c ****  * Copyright (C) 2010-2017 ARM Limited or its affiliates. All rights reserved.
  13:DSP/Source/FilteringFunctions/arm_lms_norm_init_q15.c ****  *
  14:DSP/Source/FilteringFunctions/arm_lms_norm_init_q15.c ****  * SPDX-License-Identifier: Apache-2.0
  15:DSP/Source/FilteringFunctions/arm_lms_norm_init_q15.c ****  *
  16:DSP/Source/FilteringFunctions/arm_lms_norm_init_q15.c ****  * Licensed under the Apache License, Version 2.0 (the License); you may
  17:DSP/Source/FilteringFunctions/arm_lms_norm_init_q15.c ****  * not use this file except in compliance with the License.
  18:DSP/Source/FilteringFunctions/arm_lms_norm_init_q15.c ****  * You may obtain a copy of the License at
  19:DSP/Source/FilteringFunctions/arm_lms_norm_init_q15.c ****  *
  20:DSP/Source/FilteringFunctions/arm_lms_norm_init_q15.c ****  * www.apache.org/licenses/LICENSE-2.0
  21:DSP/Source/FilteringFunctions/arm_lms_norm_init_q15.c ****  *
  22:DSP/Source/FilteringFunctions/arm_lms_norm_init_q15.c ****  * Unless required by applicable law or agreed to in writing, software
  23:DSP/Source/FilteringFunctions/arm_lms_norm_init_q15.c ****  * distributed under the License is distributed on an AS IS BASIS, WITHOUT
  24:DSP/Source/FilteringFunctions/arm_lms_norm_init_q15.c ****  * WARRANTIES OR CONDITIONS OF ANY KIND, either express or implied.
  25:DSP/Source/FilteringFunctions/arm_lms_norm_init_q15.c ****  * See the License for the specific language governing permissions and
  26:DSP/Source/FilteringFunctions/arm_lms_norm_init_q15.c ****  * limitations under the License.
  27:DSP/Source/FilteringFunctions/arm_lms_norm_init_q15.c ****  */
  28:DSP/Source/FilteringFunctions/arm_lms_norm_init_q15.c **** 
  29:DSP/Source/FilteringFunctions/arm_lms_norm_init_q15.c **** #include "arm_math.h"
ARM GAS  /var/folders/ck/g3dcd5x55xs4107jgdl0snvr0000gn/T//ccZWbzoj.s 			page 2


  30:DSP/Source/FilteringFunctions/arm_lms_norm_init_q15.c **** #include "arm_common_tables.h"
  31:DSP/Source/FilteringFunctions/arm_lms_norm_init_q15.c **** 
  32:DSP/Source/FilteringFunctions/arm_lms_norm_init_q15.c **** /**
  33:DSP/Source/FilteringFunctions/arm_lms_norm_init_q15.c ****  * @addtogroup LMS_NORM
  34:DSP/Source/FilteringFunctions/arm_lms_norm_init_q15.c ****  * @{
  35:DSP/Source/FilteringFunctions/arm_lms_norm_init_q15.c ****  */
  36:DSP/Source/FilteringFunctions/arm_lms_norm_init_q15.c **** 
  37:DSP/Source/FilteringFunctions/arm_lms_norm_init_q15.c ****   /**
  38:DSP/Source/FilteringFunctions/arm_lms_norm_init_q15.c ****    * @brief Initialization function for Q15 normalized LMS filter.
  39:DSP/Source/FilteringFunctions/arm_lms_norm_init_q15.c ****    * @param[in] *S points to an instance of the Q15 normalized LMS filter structure.
  40:DSP/Source/FilteringFunctions/arm_lms_norm_init_q15.c ****    * @param[in] numTaps  number of filter coefficients.
  41:DSP/Source/FilteringFunctions/arm_lms_norm_init_q15.c ****    * @param[in] *pCoeffs points to coefficient buffer.
  42:DSP/Source/FilteringFunctions/arm_lms_norm_init_q15.c ****    * @param[in] *pState points to state buffer.
  43:DSP/Source/FilteringFunctions/arm_lms_norm_init_q15.c ****    * @param[in] mu step size that controls filter coefficient updates.
  44:DSP/Source/FilteringFunctions/arm_lms_norm_init_q15.c ****    * @param[in] blockSize number of samples to process.
  45:DSP/Source/FilteringFunctions/arm_lms_norm_init_q15.c ****    * @param[in] postShift bit shift applied to coefficients.
  46:DSP/Source/FilteringFunctions/arm_lms_norm_init_q15.c ****    * @return none.
  47:DSP/Source/FilteringFunctions/arm_lms_norm_init_q15.c ****  *
  48:DSP/Source/FilteringFunctions/arm_lms_norm_init_q15.c ****  * <b>Description:</b>
  49:DSP/Source/FilteringFunctions/arm_lms_norm_init_q15.c ****  * \par
  50:DSP/Source/FilteringFunctions/arm_lms_norm_init_q15.c ****  * <code>pCoeffs</code> points to the array of filter coefficients stored in time reversed order:
  51:DSP/Source/FilteringFunctions/arm_lms_norm_init_q15.c ****  * <pre>
  52:DSP/Source/FilteringFunctions/arm_lms_norm_init_q15.c ****  *    {b[numTaps-1], b[numTaps-2], b[N-2], ..., b[1], b[0]}
  53:DSP/Source/FilteringFunctions/arm_lms_norm_init_q15.c ****  * </pre>
  54:DSP/Source/FilteringFunctions/arm_lms_norm_init_q15.c ****  * The initial filter coefficients serve as a starting point for the adaptive filter.
  55:DSP/Source/FilteringFunctions/arm_lms_norm_init_q15.c ****  * <code>pState</code> points to the array of state variables and size of array is
  56:DSP/Source/FilteringFunctions/arm_lms_norm_init_q15.c ****  * <code>numTaps+blockSize-1</code> samples, where <code>blockSize</code> is the number of input sa
  57:DSP/Source/FilteringFunctions/arm_lms_norm_init_q15.c ****  * by each call to <code>arm_lms_norm_q15()</code>.
  58:DSP/Source/FilteringFunctions/arm_lms_norm_init_q15.c ****  */
  59:DSP/Source/FilteringFunctions/arm_lms_norm_init_q15.c **** 
  60:DSP/Source/FilteringFunctions/arm_lms_norm_init_q15.c **** void arm_lms_norm_init_q15(
  61:DSP/Source/FilteringFunctions/arm_lms_norm_init_q15.c ****   arm_lms_norm_instance_q15 * S,
  62:DSP/Source/FilteringFunctions/arm_lms_norm_init_q15.c ****   uint16_t numTaps,
  63:DSP/Source/FilteringFunctions/arm_lms_norm_init_q15.c ****   q15_t * pCoeffs,
  64:DSP/Source/FilteringFunctions/arm_lms_norm_init_q15.c ****   q15_t * pState,
  65:DSP/Source/FilteringFunctions/arm_lms_norm_init_q15.c ****   q15_t mu,
  66:DSP/Source/FilteringFunctions/arm_lms_norm_init_q15.c ****   uint32_t blockSize,
  67:DSP/Source/FilteringFunctions/arm_lms_norm_init_q15.c ****   uint8_t postShift)
  68:DSP/Source/FilteringFunctions/arm_lms_norm_init_q15.c **** {
  30              		.loc 1 68 1 view -0
  31              		.cfi_startproc
  32              		@ args = 12, pretend = 0, frame = 0
  33              		@ frame_needed = 0, uses_anonymous_args = 0
  34              		.loc 1 68 1 is_stmt 0 view .LVU1
  35 0000 38B5     		push	{r3, r4, r5, lr}
  36              	.LCFI0:
  37              		.cfi_def_cfa_offset 16
  38              		.cfi_offset 3, -16
  39              		.cfi_offset 4, -12
  40              		.cfi_offset 5, -8
  41              		.cfi_offset 14, -4
  42 0002 0446     		mov	r4, r0
  43 0004 1D46     		mov	r5, r3
  69:DSP/Source/FilteringFunctions/arm_lms_norm_init_q15.c ****   /* Assign filter taps */
  70:DSP/Source/FilteringFunctions/arm_lms_norm_init_q15.c ****   S->numTaps = numTaps;
  44              		.loc 1 70 3 is_stmt 1 view .LVU2
  45              		.loc 1 70 14 is_stmt 0 view .LVU3
ARM GAS  /var/folders/ck/g3dcd5x55xs4107jgdl0snvr0000gn/T//ccZWbzoj.s 			page 3


  46 0006 0180     		strh	r1, [r0]	@ movhi
  71:DSP/Source/FilteringFunctions/arm_lms_norm_init_q15.c **** 
  72:DSP/Source/FilteringFunctions/arm_lms_norm_init_q15.c ****   /* Assign coefficient pointer */
  73:DSP/Source/FilteringFunctions/arm_lms_norm_init_q15.c ****   S->pCoeffs = pCoeffs;
  47              		.loc 1 73 3 is_stmt 1 view .LVU4
  48              		.loc 1 73 14 is_stmt 0 view .LVU5
  49 0008 8260     		str	r2, [r0, #8]
  74:DSP/Source/FilteringFunctions/arm_lms_norm_init_q15.c **** 
  75:DSP/Source/FilteringFunctions/arm_lms_norm_init_q15.c ****   /* Clear state buffer and size is always blockSize + numTaps - 1 */
  76:DSP/Source/FilteringFunctions/arm_lms_norm_init_q15.c ****   memset(pState, 0, (numTaps + (blockSize - 1U)) * sizeof(q15_t));
  50              		.loc 1 76 3 is_stmt 1 view .LVU6
  51              		.loc 1 76 30 is_stmt 0 view .LVU7
  52 000a 059B     		ldr	r3, [sp, #20]
  53              	.LVL1:
  54              		.loc 1 76 30 view .LVU8
  55 000c 1944     		add	r1, r1, r3
  56              	.LVL2:
  57              		.loc 1 76 30 view .LVU9
  58 000e 4A1E     		subs	r2, r1, #1
  59              	.LVL3:
  60              		.loc 1 76 3 view .LVU10
  61 0010 5200     		lsls	r2, r2, #1
  62 0012 0021     		movs	r1, #0
  63 0014 2846     		mov	r0, r5
  64              	.LVL4:
  65              		.loc 1 76 3 view .LVU11
  66 0016 FFF7FEFF 		bl	memset
  67              	.LVL5:
  77:DSP/Source/FilteringFunctions/arm_lms_norm_init_q15.c **** 
  78:DSP/Source/FilteringFunctions/arm_lms_norm_init_q15.c ****   /* Assign post Shift value applied to coefficients */
  79:DSP/Source/FilteringFunctions/arm_lms_norm_init_q15.c ****   S->postShift = postShift;
  68              		.loc 1 79 3 is_stmt 1 view .LVU12
  69              		.loc 1 79 16 is_stmt 0 view .LVU13
  70 001a 9DF81830 		ldrb	r3, [sp, #24]	@ zero_extendqisi2
  71 001e A373     		strb	r3, [r4, #14]
  80:DSP/Source/FilteringFunctions/arm_lms_norm_init_q15.c **** 
  81:DSP/Source/FilteringFunctions/arm_lms_norm_init_q15.c ****   /* Assign state pointer */
  82:DSP/Source/FilteringFunctions/arm_lms_norm_init_q15.c ****   S->pState = pState;
  72              		.loc 1 82 3 is_stmt 1 view .LVU14
  73              		.loc 1 82 13 is_stmt 0 view .LVU15
  74 0020 6560     		str	r5, [r4, #4]
  83:DSP/Source/FilteringFunctions/arm_lms_norm_init_q15.c **** 
  84:DSP/Source/FilteringFunctions/arm_lms_norm_init_q15.c ****   /* Assign Step size value */
  85:DSP/Source/FilteringFunctions/arm_lms_norm_init_q15.c ****   S->mu = mu;
  75              		.loc 1 85 3 is_stmt 1 view .LVU16
  76              		.loc 1 85 9 is_stmt 0 view .LVU17
  77 0022 BDF91030 		ldrsh	r3, [sp, #16]
  78 0026 A381     		strh	r3, [r4, #12]	@ movhi
  86:DSP/Source/FilteringFunctions/arm_lms_norm_init_q15.c **** 
  87:DSP/Source/FilteringFunctions/arm_lms_norm_init_q15.c ****   /* Initialize reciprocal pointer table */
  88:DSP/Source/FilteringFunctions/arm_lms_norm_init_q15.c ****   S->recipTable = (q15_t *) armRecipTableQ15;
  79              		.loc 1 88 3 is_stmt 1 view .LVU18
  80              		.loc 1 88 17 is_stmt 0 view .LVU19
  81 0028 024B     		ldr	r3, .L3
  82 002a 2361     		str	r3, [r4, #16]
  89:DSP/Source/FilteringFunctions/arm_lms_norm_init_q15.c **** 
  90:DSP/Source/FilteringFunctions/arm_lms_norm_init_q15.c ****   /* Initialise Energy to zero */
ARM GAS  /var/folders/ck/g3dcd5x55xs4107jgdl0snvr0000gn/T//ccZWbzoj.s 			page 4


  91:DSP/Source/FilteringFunctions/arm_lms_norm_init_q15.c ****   S->energy = 0;
  83              		.loc 1 91 3 is_stmt 1 view .LVU20
  84              		.loc 1 91 13 is_stmt 0 view .LVU21
  85 002c 0023     		movs	r3, #0
  86 002e A382     		strh	r3, [r4, #20]	@ movhi
  92:DSP/Source/FilteringFunctions/arm_lms_norm_init_q15.c **** 
  93:DSP/Source/FilteringFunctions/arm_lms_norm_init_q15.c ****   /* Initialise x0 to zero */
  94:DSP/Source/FilteringFunctions/arm_lms_norm_init_q15.c ****   S->x0 = 0;
  87              		.loc 1 94 3 is_stmt 1 view .LVU22
  88              		.loc 1 94 9 is_stmt 0 view .LVU23
  89 0030 E382     		strh	r3, [r4, #22]	@ movhi
  95:DSP/Source/FilteringFunctions/arm_lms_norm_init_q15.c **** 
  96:DSP/Source/FilteringFunctions/arm_lms_norm_init_q15.c **** }
  90              		.loc 1 96 1 view .LVU24
  91 0032 38BD     		pop	{r3, r4, r5, pc}
  92              	.LVL6:
  93              	.L4:
  94              		.loc 1 96 1 view .LVU25
  95              		.align	2
  96              	.L3:
  97 0034 00000000 		.word	armRecipTableQ15
  98              		.cfi_endproc
  99              	.LFE139:
 101              		.text
 102              	.Letext0:
 103              		.file 2 "/Users/luban/.local/xPacks/arm-none-eabi-gcc/xpack-arm-none-eabi-gcc-13.2.1-1.1/arm-none-
 104              		.file 3 "/Users/luban/.local/xPacks/arm-none-eabi-gcc/xpack-arm-none-eabi-gcc-13.2.1-1.1/arm-none-
 105              		.file 4 "/Users/luban/.local/xPacks/arm-none-eabi-gcc/xpack-arm-none-eabi-gcc-13.2.1-1.1/lib/gcc/a
 106              		.file 5 "DSP/Inc/arm_math.h"
 107              		.file 6 "DSP/Inc/arm_common_tables.h"
 108              		.file 7 "/Users/luban/.local/xPacks/arm-none-eabi-gcc/xpack-arm-none-eabi-gcc-13.2.1-1.1/arm-none-
 109              		.file 8 "<built-in>"
ARM GAS  /var/folders/ck/g3dcd5x55xs4107jgdl0snvr0000gn/T//ccZWbzoj.s 			page 5


DEFINED SYMBOLS
                            *ABS*:00000000 arm_lms_norm_init_q15.c
/var/folders/ck/g3dcd5x55xs4107jgdl0snvr0000gn/T//ccZWbzoj.s:21     .text.arm_lms_norm_init_q15:00000000 $t
/var/folders/ck/g3dcd5x55xs4107jgdl0snvr0000gn/T//ccZWbzoj.s:27     .text.arm_lms_norm_init_q15:00000000 arm_lms_norm_init_q15
/var/folders/ck/g3dcd5x55xs4107jgdl0snvr0000gn/T//ccZWbzoj.s:97     .text.arm_lms_norm_init_q15:00000034 $d

UNDEFINED SYMBOLS
memset
armRecipTableQ15
