ARM GAS  /var/folders/ck/g3dcd5x55xs4107jgdl0snvr0000gn/T//ccsRGa2b.s 			page 1


   1              		.cpu cortex-m4
   2              		.arch armv7e-m
   3              		.fpu fpv4-sp-d16
   4              		.eabi_attribute 27, 1
   5              		.eabi_attribute 28, 1
   6              		.eabi_attribute 20, 1
   7              		.eabi_attribute 21, 1
   8              		.eabi_attribute 23, 3
   9              		.eabi_attribute 24, 1
  10              		.eabi_attribute 25, 1
  11              		.eabi_attribute 26, 1
  12              		.eabi_attribute 30, 1
  13              		.eabi_attribute 34, 1
  14              		.eabi_attribute 18, 4
  15              		.file	"arm_cmplx_mult_cmplx_q31.c"
  16              		.text
  17              	.Ltext0:
  18              		.cfi_sections	.debug_frame
  19              		.file 1 "DSP/Source/ComplexMathFunctions/arm_cmplx_mult_cmplx_q31.c"
  20              		.section	.text.arm_cmplx_mult_cmplx_q31,"ax",%progbits
  21              		.align	1
  22              		.global	arm_cmplx_mult_cmplx_q31
  23              		.syntax unified
  24              		.thumb
  25              		.thumb_func
  27              	arm_cmplx_mult_cmplx_q31:
  28              	.LVL0:
  29              	.LFB139:
   1:DSP/Source/ComplexMathFunctions/arm_cmplx_mult_cmplx_q31.c **** /* ----------------------------------------------------------------------
   2:DSP/Source/ComplexMathFunctions/arm_cmplx_mult_cmplx_q31.c ****  * Project:      CMSIS DSP Library
   3:DSP/Source/ComplexMathFunctions/arm_cmplx_mult_cmplx_q31.c ****  * Title:        arm_cmplx_mult_cmplx_q31.c
   4:DSP/Source/ComplexMathFunctions/arm_cmplx_mult_cmplx_q31.c ****  * Description:  Q31 complex-by-complex multiplication
   5:DSP/Source/ComplexMathFunctions/arm_cmplx_mult_cmplx_q31.c ****  *
   6:DSP/Source/ComplexMathFunctions/arm_cmplx_mult_cmplx_q31.c ****  * $Date:        27. January 2017
   7:DSP/Source/ComplexMathFunctions/arm_cmplx_mult_cmplx_q31.c ****  * $Revision:    V.1.5.1
   8:DSP/Source/ComplexMathFunctions/arm_cmplx_mult_cmplx_q31.c ****  *
   9:DSP/Source/ComplexMathFunctions/arm_cmplx_mult_cmplx_q31.c ****  * Target Processor: Cortex-M cores
  10:DSP/Source/ComplexMathFunctions/arm_cmplx_mult_cmplx_q31.c ****  * -------------------------------------------------------------------- */
  11:DSP/Source/ComplexMathFunctions/arm_cmplx_mult_cmplx_q31.c **** /*
  12:DSP/Source/ComplexMathFunctions/arm_cmplx_mult_cmplx_q31.c ****  * Copyright (C) 2010-2017 ARM Limited or its affiliates. All rights reserved.
  13:DSP/Source/ComplexMathFunctions/arm_cmplx_mult_cmplx_q31.c ****  *
  14:DSP/Source/ComplexMathFunctions/arm_cmplx_mult_cmplx_q31.c ****  * SPDX-License-Identifier: Apache-2.0
  15:DSP/Source/ComplexMathFunctions/arm_cmplx_mult_cmplx_q31.c ****  *
  16:DSP/Source/ComplexMathFunctions/arm_cmplx_mult_cmplx_q31.c ****  * Licensed under the Apache License, Version 2.0 (the License); you may
  17:DSP/Source/ComplexMathFunctions/arm_cmplx_mult_cmplx_q31.c ****  * not use this file except in compliance with the License.
  18:DSP/Source/ComplexMathFunctions/arm_cmplx_mult_cmplx_q31.c ****  * You may obtain a copy of the License at
  19:DSP/Source/ComplexMathFunctions/arm_cmplx_mult_cmplx_q31.c ****  *
  20:DSP/Source/ComplexMathFunctions/arm_cmplx_mult_cmplx_q31.c ****  * www.apache.org/licenses/LICENSE-2.0
  21:DSP/Source/ComplexMathFunctions/arm_cmplx_mult_cmplx_q31.c ****  *
  22:DSP/Source/ComplexMathFunctions/arm_cmplx_mult_cmplx_q31.c ****  * Unless required by applicable law or agreed to in writing, software
  23:DSP/Source/ComplexMathFunctions/arm_cmplx_mult_cmplx_q31.c ****  * distributed under the License is distributed on an AS IS BASIS, WITHOUT
  24:DSP/Source/ComplexMathFunctions/arm_cmplx_mult_cmplx_q31.c ****  * WARRANTIES OR CONDITIONS OF ANY KIND, either express or implied.
  25:DSP/Source/ComplexMathFunctions/arm_cmplx_mult_cmplx_q31.c ****  * See the License for the specific language governing permissions and
  26:DSP/Source/ComplexMathFunctions/arm_cmplx_mult_cmplx_q31.c ****  * limitations under the License.
  27:DSP/Source/ComplexMathFunctions/arm_cmplx_mult_cmplx_q31.c ****  */
  28:DSP/Source/ComplexMathFunctions/arm_cmplx_mult_cmplx_q31.c **** 
  29:DSP/Source/ComplexMathFunctions/arm_cmplx_mult_cmplx_q31.c **** #include "arm_math.h"
ARM GAS  /var/folders/ck/g3dcd5x55xs4107jgdl0snvr0000gn/T//ccsRGa2b.s 			page 2


  30:DSP/Source/ComplexMathFunctions/arm_cmplx_mult_cmplx_q31.c **** 
  31:DSP/Source/ComplexMathFunctions/arm_cmplx_mult_cmplx_q31.c **** /**
  32:DSP/Source/ComplexMathFunctions/arm_cmplx_mult_cmplx_q31.c ****  * @ingroup groupCmplxMath
  33:DSP/Source/ComplexMathFunctions/arm_cmplx_mult_cmplx_q31.c ****  */
  34:DSP/Source/ComplexMathFunctions/arm_cmplx_mult_cmplx_q31.c **** 
  35:DSP/Source/ComplexMathFunctions/arm_cmplx_mult_cmplx_q31.c **** /**
  36:DSP/Source/ComplexMathFunctions/arm_cmplx_mult_cmplx_q31.c ****  * @addtogroup CmplxByCmplxMult
  37:DSP/Source/ComplexMathFunctions/arm_cmplx_mult_cmplx_q31.c ****  * @{
  38:DSP/Source/ComplexMathFunctions/arm_cmplx_mult_cmplx_q31.c ****  */
  39:DSP/Source/ComplexMathFunctions/arm_cmplx_mult_cmplx_q31.c **** 
  40:DSP/Source/ComplexMathFunctions/arm_cmplx_mult_cmplx_q31.c **** 
  41:DSP/Source/ComplexMathFunctions/arm_cmplx_mult_cmplx_q31.c **** /**
  42:DSP/Source/ComplexMathFunctions/arm_cmplx_mult_cmplx_q31.c ****  * @brief  Q31 complex-by-complex multiplication
  43:DSP/Source/ComplexMathFunctions/arm_cmplx_mult_cmplx_q31.c ****  * @param[in]  *pSrcA points to the first input vector
  44:DSP/Source/ComplexMathFunctions/arm_cmplx_mult_cmplx_q31.c ****  * @param[in]  *pSrcB points to the second input vector
  45:DSP/Source/ComplexMathFunctions/arm_cmplx_mult_cmplx_q31.c ****  * @param[out]  *pDst  points to the output vector
  46:DSP/Source/ComplexMathFunctions/arm_cmplx_mult_cmplx_q31.c ****  * @param[in]  numSamples number of complex samples in each vector
  47:DSP/Source/ComplexMathFunctions/arm_cmplx_mult_cmplx_q31.c ****  * @return none.
  48:DSP/Source/ComplexMathFunctions/arm_cmplx_mult_cmplx_q31.c ****  *
  49:DSP/Source/ComplexMathFunctions/arm_cmplx_mult_cmplx_q31.c ****  * <b>Scaling and Overflow Behavior:</b>
  50:DSP/Source/ComplexMathFunctions/arm_cmplx_mult_cmplx_q31.c ****  * \par
  51:DSP/Source/ComplexMathFunctions/arm_cmplx_mult_cmplx_q31.c ****  * The function implements 1.31 by 1.31 multiplications and finally output is converted into 3.29 f
  52:DSP/Source/ComplexMathFunctions/arm_cmplx_mult_cmplx_q31.c ****  * Input down scaling is not required.
  53:DSP/Source/ComplexMathFunctions/arm_cmplx_mult_cmplx_q31.c ****  */
  54:DSP/Source/ComplexMathFunctions/arm_cmplx_mult_cmplx_q31.c **** 
  55:DSP/Source/ComplexMathFunctions/arm_cmplx_mult_cmplx_q31.c **** void arm_cmplx_mult_cmplx_q31(
  56:DSP/Source/ComplexMathFunctions/arm_cmplx_mult_cmplx_q31.c ****   q31_t * pSrcA,
  57:DSP/Source/ComplexMathFunctions/arm_cmplx_mult_cmplx_q31.c ****   q31_t * pSrcB,
  58:DSP/Source/ComplexMathFunctions/arm_cmplx_mult_cmplx_q31.c ****   q31_t * pDst,
  59:DSP/Source/ComplexMathFunctions/arm_cmplx_mult_cmplx_q31.c ****   uint32_t numSamples)
  60:DSP/Source/ComplexMathFunctions/arm_cmplx_mult_cmplx_q31.c **** {
  30              		.loc 1 60 1 view -0
  31              		.cfi_startproc
  32              		@ args = 0, pretend = 0, frame = 16
  33              		@ frame_needed = 0, uses_anonymous_args = 0
  34              		.loc 1 60 1 is_stmt 0 view .LVU1
  35 0000 2DE9F04F 		push	{r4, r5, r6, r7, r8, r9, r10, fp, lr}
  36              	.LCFI0:
  37              		.cfi_def_cfa_offset 36
  38              		.cfi_offset 4, -36
  39              		.cfi_offset 5, -32
  40              		.cfi_offset 6, -28
  41              		.cfi_offset 7, -24
  42              		.cfi_offset 8, -20
  43              		.cfi_offset 9, -16
  44              		.cfi_offset 10, -12
  45              		.cfi_offset 11, -8
  46              		.cfi_offset 14, -4
  47 0004 85B0     		sub	sp, sp, #20
  48              	.LCFI1:
  49              		.cfi_def_cfa_offset 56
  50 0006 9346     		mov	fp, r2
  51 0008 9846     		mov	r8, r3
  61:DSP/Source/ComplexMathFunctions/arm_cmplx_mult_cmplx_q31.c ****   q31_t a, b, c, d;                              /* Temporary variables to store real and imaginary
  52              		.loc 1 61 3 is_stmt 1 view .LVU2
  62:DSP/Source/ComplexMathFunctions/arm_cmplx_mult_cmplx_q31.c ****   uint32_t blkCnt;                               /* loop counters */
  53              		.loc 1 62 3 view .LVU3
ARM GAS  /var/folders/ck/g3dcd5x55xs4107jgdl0snvr0000gn/T//ccsRGa2b.s 			page 3


  63:DSP/Source/ComplexMathFunctions/arm_cmplx_mult_cmplx_q31.c ****   q31_t mul1, mul2, mul3, mul4;
  54              		.loc 1 63 3 view .LVU4
  64:DSP/Source/ComplexMathFunctions/arm_cmplx_mult_cmplx_q31.c ****   q31_t out1, out2;
  55              		.loc 1 64 3 view .LVU5
  65:DSP/Source/ComplexMathFunctions/arm_cmplx_mult_cmplx_q31.c **** 
  66:DSP/Source/ComplexMathFunctions/arm_cmplx_mult_cmplx_q31.c **** #if defined (ARM_MATH_DSP)
  67:DSP/Source/ComplexMathFunctions/arm_cmplx_mult_cmplx_q31.c **** 
  68:DSP/Source/ComplexMathFunctions/arm_cmplx_mult_cmplx_q31.c ****   /* Run the below code for Cortex-M4 and Cortex-M3 */
  69:DSP/Source/ComplexMathFunctions/arm_cmplx_mult_cmplx_q31.c **** 
  70:DSP/Source/ComplexMathFunctions/arm_cmplx_mult_cmplx_q31.c ****   /* loop Unrolling */
  71:DSP/Source/ComplexMathFunctions/arm_cmplx_mult_cmplx_q31.c ****   blkCnt = numSamples >> 2U;
  56              		.loc 1 71 3 view .LVU6
  57              		.loc 1 71 10 is_stmt 0 view .LVU7
  58 000a 9B08     		lsrs	r3, r3, #2
  59              	.LVL1:
  60              		.loc 1 71 10 view .LVU8
  61 000c 0293     		str	r3, [sp, #8]
  62              	.LVL2:
  72:DSP/Source/ComplexMathFunctions/arm_cmplx_mult_cmplx_q31.c **** 
  73:DSP/Source/ComplexMathFunctions/arm_cmplx_mult_cmplx_q31.c ****   /* First part of the processing with loop unrolling.  Compute 4 outputs at a time.
  74:DSP/Source/ComplexMathFunctions/arm_cmplx_mult_cmplx_q31.c ****    ** a second loop below computes the remaining 1 to 3 samples. */
  75:DSP/Source/ComplexMathFunctions/arm_cmplx_mult_cmplx_q31.c ****   while (blkCnt > 0U)
  63              		.loc 1 75 3 is_stmt 1 view .LVU9
  64 000e 0191     		str	r1, [sp, #4]
  65 0010 CDF80C80 		str	r8, [sp, #12]
  66              		.loc 1 75 9 is_stmt 0 view .LVU10
  67 0014 D4E0     		b	.L2
  68              	.LVL3:
  69              	.L3:
  76:DSP/Source/ComplexMathFunctions/arm_cmplx_mult_cmplx_q31.c ****   {
  77:DSP/Source/ComplexMathFunctions/arm_cmplx_mult_cmplx_q31.c ****     /* C[2 * i] = A[2 * i] * B[2 * i] - A[2 * i + 1] * B[2 * i + 1].  */
  78:DSP/Source/ComplexMathFunctions/arm_cmplx_mult_cmplx_q31.c ****     /* C[2 * i + 1] = A[2 * i] * B[2 * i + 1] + A[2 * i + 1] * B[2 * i].  */
  79:DSP/Source/ComplexMathFunctions/arm_cmplx_mult_cmplx_q31.c ****     a = *pSrcA++;
  70              		.loc 1 79 5 is_stmt 1 view .LVU11
  71              		.loc 1 79 7 is_stmt 0 view .LVU12
  72 0016 0768     		ldr	r7, [r0]
  73              	.LVL4:
  80:DSP/Source/ComplexMathFunctions/arm_cmplx_mult_cmplx_q31.c ****     b = *pSrcA++;
  74              		.loc 1 80 5 is_stmt 1 view .LVU13
  75              		.loc 1 80 7 is_stmt 0 view .LVU14
  76 0018 4268     		ldr	r2, [r0, #4]
  77              	.LVL5:
  81:DSP/Source/ComplexMathFunctions/arm_cmplx_mult_cmplx_q31.c ****     c = *pSrcB++;
  78              		.loc 1 81 5 is_stmt 1 view .LVU15
  79              		.loc 1 81 7 is_stmt 0 view .LVU16
  80 001a 019B     		ldr	r3, [sp, #4]
  81              	.LVL6:
  82              		.loc 1 81 7 view .LVU17
  83 001c 1E68     		ldr	r6, [r3]
  84              	.LVL7:
  82:DSP/Source/ComplexMathFunctions/arm_cmplx_mult_cmplx_q31.c ****     d = *pSrcB++;
  85              		.loc 1 82 5 is_stmt 1 view .LVU18
  86              		.loc 1 82 7 is_stmt 0 view .LVU19
  87 001e 5C68     		ldr	r4, [r3, #4]
  88              	.LVL8:
  83:DSP/Source/ComplexMathFunctions/arm_cmplx_mult_cmplx_q31.c **** 
  84:DSP/Source/ComplexMathFunctions/arm_cmplx_mult_cmplx_q31.c ****     mul1 = (q31_t) (((q63_t) a * c) >> 32);
ARM GAS  /var/folders/ck/g3dcd5x55xs4107jgdl0snvr0000gn/T//ccsRGa2b.s 			page 4


  89              		.loc 1 84 5 is_stmt 1 view .LVU20
  90              		.loc 1 84 22 is_stmt 0 view .LVU21
  91 0020 4FEAE779 		asr	r9, r7, #31
  92              		.loc 1 84 32 view .LVU22
  93 0024 4FEAE678 		asr	r8, r6, #31
  94 0028 07FB08F3 		mul	r3, r7, r8
  95 002c 06FB0933 		mla	r3, r6, r9, r3
  96 0030 A7FB06C5 		umull	ip, r5, r7, r6
  97 0034 03EB050A 		add	r10, r3, r5
  98              	.LVL9:
  85:DSP/Source/ComplexMathFunctions/arm_cmplx_mult_cmplx_q31.c ****     mul2 = (q31_t) (((q63_t) b * d) >> 32);
  99              		.loc 1 85 5 is_stmt 1 view .LVU23
 100              		.loc 1 85 22 is_stmt 0 view .LVU24
 101 0038 D317     		asrs	r3, r2, #31
 102              		.loc 1 85 32 view .LVU25
 103 003a E517     		asrs	r5, r4, #31
 104 003c 02FB05FE 		mul	lr, r2, r5
 105 0040 04FB03E1 		mla	r1, r4, r3, lr
 106 0044 A2FB04EC 		umull	lr, ip, r2, r4
 107 0048 8C44     		add	ip, ip, r1
 108              	.LVL10:
  86:DSP/Source/ComplexMathFunctions/arm_cmplx_mult_cmplx_q31.c ****     mul3 = (q31_t) (((q63_t) a * d) >> 32);
 109              		.loc 1 86 5 is_stmt 1 view .LVU26
 110              		.loc 1 86 32 is_stmt 0 view .LVU27
 111 004a 07FB05F5 		mul	r5, r7, r5
 112 004e 04FB0955 		mla	r5, r4, r9, r5
 113 0052 A7FB0474 		umull	r7, r4, r7, r4
 114              	.LVL11:
 115              		.loc 1 86 32 view .LVU28
 116 0056 2C44     		add	r4, r4, r5
 117              	.LVL12:
  87:DSP/Source/ComplexMathFunctions/arm_cmplx_mult_cmplx_q31.c ****     mul4 = (q31_t) (((q63_t) b * c) >> 32);
 118              		.loc 1 87 5 is_stmt 1 view .LVU29
 119              		.loc 1 87 32 is_stmt 0 view .LVU30
 120 0058 06FB03F5 		mul	r5, r6, r3
 121 005c 02FB0855 		mla	r5, r2, r8, r5
 122 0060 A6FB0262 		umull	r6, r2, r6, r2
 123              	.LVL13:
 124              		.loc 1 87 32 view .LVU31
 125 0064 1544     		add	r5, r5, r2
 126              	.LVL14:
  88:DSP/Source/ComplexMathFunctions/arm_cmplx_mult_cmplx_q31.c **** 
  89:DSP/Source/ComplexMathFunctions/arm_cmplx_mult_cmplx_q31.c ****     mul1 = (mul1 >> 1);
 127              		.loc 1 89 5 is_stmt 1 view .LVU32
  90:DSP/Source/ComplexMathFunctions/arm_cmplx_mult_cmplx_q31.c ****     mul2 = (mul2 >> 1);
 128              		.loc 1 90 5 view .LVU33
 129              		.loc 1 90 10 is_stmt 0 view .LVU34
 130 0066 4FEA6C0C 		asr	ip, ip, #1
 131              	.LVL15:
  91:DSP/Source/ComplexMathFunctions/arm_cmplx_mult_cmplx_q31.c ****     mul3 = (mul3 >> 1);
 132              		.loc 1 91 5 is_stmt 1 view .LVU35
  92:DSP/Source/ComplexMathFunctions/arm_cmplx_mult_cmplx_q31.c ****     mul4 = (mul4 >> 1);
 133              		.loc 1 92 5 view .LVU36
 134              		.loc 1 92 10 is_stmt 0 view .LVU37
 135 006a 6D10     		asrs	r5, r5, #1
 136              	.LVL16:
  93:DSP/Source/ComplexMathFunctions/arm_cmplx_mult_cmplx_q31.c **** 
ARM GAS  /var/folders/ck/g3dcd5x55xs4107jgdl0snvr0000gn/T//ccsRGa2b.s 			page 5


  94:DSP/Source/ComplexMathFunctions/arm_cmplx_mult_cmplx_q31.c ****     out1 = mul1 - mul2;
 137              		.loc 1 94 5 is_stmt 1 view .LVU38
 138              		.loc 1 94 10 is_stmt 0 view .LVU39
 139 006c CCEB6A03 		rsb	r3, ip, r10, asr #1
 140              	.LVL17:
  95:DSP/Source/ComplexMathFunctions/arm_cmplx_mult_cmplx_q31.c ****     out2 = mul3 + mul4;
 141              		.loc 1 95 5 is_stmt 1 view .LVU40
 142              		.loc 1 95 10 is_stmt 0 view .LVU41
 143 0070 05EB6405 		add	r5, r5, r4, asr #1
 144              	.LVL18:
  96:DSP/Source/ComplexMathFunctions/arm_cmplx_mult_cmplx_q31.c **** 
  97:DSP/Source/ComplexMathFunctions/arm_cmplx_mult_cmplx_q31.c ****     /* store the real result in 3.29 format in the destination buffer. */
  98:DSP/Source/ComplexMathFunctions/arm_cmplx_mult_cmplx_q31.c ****     *pDst++ = out1;
 145              		.loc 1 98 5 is_stmt 1 view .LVU42
 146              		.loc 1 98 13 is_stmt 0 view .LVU43
 147 0074 CBF80030 		str	r3, [fp]
 148              	.LVL19:
  99:DSP/Source/ComplexMathFunctions/arm_cmplx_mult_cmplx_q31.c ****     /* store the imag result in 3.29 format in the destination buffer. */
 100:DSP/Source/ComplexMathFunctions/arm_cmplx_mult_cmplx_q31.c ****     *pDst++ = out2;
 149              		.loc 1 100 5 is_stmt 1 view .LVU44
 150              		.loc 1 100 13 is_stmt 0 view .LVU45
 151 0078 CBF80450 		str	r5, [fp, #4]
 101:DSP/Source/ComplexMathFunctions/arm_cmplx_mult_cmplx_q31.c **** 
 102:DSP/Source/ComplexMathFunctions/arm_cmplx_mult_cmplx_q31.c ****     a = *pSrcA++;
 152              		.loc 1 102 5 is_stmt 1 view .LVU46
 153              	.LVL20:
 154              		.loc 1 102 7 is_stmt 0 view .LVU47
 155 007c 8768     		ldr	r7, [r0, #8]
 156              	.LVL21:
 103:DSP/Source/ComplexMathFunctions/arm_cmplx_mult_cmplx_q31.c ****     b = *pSrcA++;
 157              		.loc 1 103 5 is_stmt 1 view .LVU48
 158              		.loc 1 103 7 is_stmt 0 view .LVU49
 159 007e C268     		ldr	r2, [r0, #12]
 160              	.LVL22:
 104:DSP/Source/ComplexMathFunctions/arm_cmplx_mult_cmplx_q31.c ****     c = *pSrcB++;
 161              		.loc 1 104 5 is_stmt 1 view .LVU50
 162              		.loc 1 104 7 is_stmt 0 view .LVU51
 163 0080 019B     		ldr	r3, [sp, #4]
 164              	.LVL23:
 165              		.loc 1 104 7 view .LVU52
 166 0082 9E68     		ldr	r6, [r3, #8]
 167              	.LVL24:
 105:DSP/Source/ComplexMathFunctions/arm_cmplx_mult_cmplx_q31.c ****     d = *pSrcB++;
 168              		.loc 1 105 5 is_stmt 1 view .LVU53
 169              		.loc 1 105 7 is_stmt 0 view .LVU54
 170 0084 DC68     		ldr	r4, [r3, #12]
 171              	.LVL25:
 106:DSP/Source/ComplexMathFunctions/arm_cmplx_mult_cmplx_q31.c **** 
 107:DSP/Source/ComplexMathFunctions/arm_cmplx_mult_cmplx_q31.c ****     mul1 = (q31_t) (((q63_t) a * c) >> 32);
 172              		.loc 1 107 5 is_stmt 1 view .LVU55
 173              		.loc 1 107 22 is_stmt 0 view .LVU56
 174 0086 4FEAE779 		asr	r9, r7, #31
 175              		.loc 1 107 32 view .LVU57
 176 008a 4FEAE678 		asr	r8, r6, #31
 177 008e 07FB08F3 		mul	r3, r7, r8
 178 0092 06FB0933 		mla	r3, r6, r9, r3
 179 0096 A7FB06C5 		umull	ip, r5, r7, r6
ARM GAS  /var/folders/ck/g3dcd5x55xs4107jgdl0snvr0000gn/T//ccsRGa2b.s 			page 6


 180              	.LVL26:
 181              		.loc 1 107 32 view .LVU58
 182 009a 03EB050A 		add	r10, r3, r5
 183              	.LVL27:
 108:DSP/Source/ComplexMathFunctions/arm_cmplx_mult_cmplx_q31.c ****     mul2 = (q31_t) (((q63_t) b * d) >> 32);
 184              		.loc 1 108 5 is_stmt 1 view .LVU59
 185              		.loc 1 108 22 is_stmt 0 view .LVU60
 186 009e D317     		asrs	r3, r2, #31
 187              		.loc 1 108 32 view .LVU61
 188 00a0 E517     		asrs	r5, r4, #31
 189 00a2 02FB05FE 		mul	lr, r2, r5
 190 00a6 04FB03E1 		mla	r1, r4, r3, lr
 191 00aa A2FB04EC 		umull	lr, ip, r2, r4
 192 00ae 8C44     		add	ip, ip, r1
 193              	.LVL28:
 109:DSP/Source/ComplexMathFunctions/arm_cmplx_mult_cmplx_q31.c ****     mul3 = (q31_t) (((q63_t) a * d) >> 32);
 194              		.loc 1 109 5 is_stmt 1 view .LVU62
 195              		.loc 1 109 32 is_stmt 0 view .LVU63
 196 00b0 07FB05F5 		mul	r5, r7, r5
 197 00b4 04FB0955 		mla	r5, r4, r9, r5
 198 00b8 A7FB0474 		umull	r7, r4, r7, r4
 199              	.LVL29:
 200              		.loc 1 109 32 view .LVU64
 201 00bc 2C44     		add	r4, r4, r5
 202              	.LVL30:
 110:DSP/Source/ComplexMathFunctions/arm_cmplx_mult_cmplx_q31.c ****     mul4 = (q31_t) (((q63_t) b * c) >> 32);
 203              		.loc 1 110 5 is_stmt 1 view .LVU65
 204              		.loc 1 110 32 is_stmt 0 view .LVU66
 205 00be 06FB03F5 		mul	r5, r6, r3
 206 00c2 02FB0855 		mla	r5, r2, r8, r5
 207 00c6 A6FB0262 		umull	r6, r2, r6, r2
 208              	.LVL31:
 209              		.loc 1 110 32 view .LVU67
 210 00ca 1544     		add	r5, r5, r2
 211              	.LVL32:
 111:DSP/Source/ComplexMathFunctions/arm_cmplx_mult_cmplx_q31.c **** 
 112:DSP/Source/ComplexMathFunctions/arm_cmplx_mult_cmplx_q31.c ****     mul1 = (mul1 >> 1);
 212              		.loc 1 112 5 is_stmt 1 view .LVU68
 113:DSP/Source/ComplexMathFunctions/arm_cmplx_mult_cmplx_q31.c ****     mul2 = (mul2 >> 1);
 213              		.loc 1 113 5 view .LVU69
 214              		.loc 1 113 10 is_stmt 0 view .LVU70
 215 00cc 4FEA6C0C 		asr	ip, ip, #1
 216              	.LVL33:
 114:DSP/Source/ComplexMathFunctions/arm_cmplx_mult_cmplx_q31.c ****     mul3 = (mul3 >> 1);
 217              		.loc 1 114 5 is_stmt 1 view .LVU71
 115:DSP/Source/ComplexMathFunctions/arm_cmplx_mult_cmplx_q31.c ****     mul4 = (mul4 >> 1);
 218              		.loc 1 115 5 view .LVU72
 219              		.loc 1 115 10 is_stmt 0 view .LVU73
 220 00d0 6D10     		asrs	r5, r5, #1
 221              	.LVL34:
 116:DSP/Source/ComplexMathFunctions/arm_cmplx_mult_cmplx_q31.c **** 
 117:DSP/Source/ComplexMathFunctions/arm_cmplx_mult_cmplx_q31.c ****     out1 = mul1 - mul2;
 222              		.loc 1 117 5 is_stmt 1 view .LVU74
 223              		.loc 1 117 10 is_stmt 0 view .LVU75
 224 00d2 CCEB6A03 		rsb	r3, ip, r10, asr #1
 225              	.LVL35:
 118:DSP/Source/ComplexMathFunctions/arm_cmplx_mult_cmplx_q31.c ****     out2 = mul3 + mul4;
ARM GAS  /var/folders/ck/g3dcd5x55xs4107jgdl0snvr0000gn/T//ccsRGa2b.s 			page 7


 226              		.loc 1 118 5 is_stmt 1 view .LVU76
 227              		.loc 1 118 10 is_stmt 0 view .LVU77
 228 00d6 05EB6405 		add	r5, r5, r4, asr #1
 229              	.LVL36:
 119:DSP/Source/ComplexMathFunctions/arm_cmplx_mult_cmplx_q31.c **** 
 120:DSP/Source/ComplexMathFunctions/arm_cmplx_mult_cmplx_q31.c ****     /* store the real result in 3.29 format in the destination buffer. */
 121:DSP/Source/ComplexMathFunctions/arm_cmplx_mult_cmplx_q31.c ****     *pDst++ = out1;
 230              		.loc 1 121 5 is_stmt 1 view .LVU78
 231              		.loc 1 121 13 is_stmt 0 view .LVU79
 232 00da CBF80830 		str	r3, [fp, #8]
 233              	.LVL37:
 122:DSP/Source/ComplexMathFunctions/arm_cmplx_mult_cmplx_q31.c ****     /* store the imag result in 3.29 format in the destination buffer. */
 123:DSP/Source/ComplexMathFunctions/arm_cmplx_mult_cmplx_q31.c ****     *pDst++ = out2;
 234              		.loc 1 123 5 is_stmt 1 view .LVU80
 235              		.loc 1 123 13 is_stmt 0 view .LVU81
 236 00de CBF80C50 		str	r5, [fp, #12]
 124:DSP/Source/ComplexMathFunctions/arm_cmplx_mult_cmplx_q31.c **** 
 125:DSP/Source/ComplexMathFunctions/arm_cmplx_mult_cmplx_q31.c ****     a = *pSrcA++;
 237              		.loc 1 125 5 is_stmt 1 view .LVU82
 238              	.LVL38:
 239              		.loc 1 125 7 is_stmt 0 view .LVU83
 240 00e2 0769     		ldr	r7, [r0, #16]
 241              	.LVL39:
 126:DSP/Source/ComplexMathFunctions/arm_cmplx_mult_cmplx_q31.c ****     b = *pSrcA++;
 242              		.loc 1 126 5 is_stmt 1 view .LVU84
 243              		.loc 1 126 7 is_stmt 0 view .LVU85
 244 00e4 4269     		ldr	r2, [r0, #20]
 245              	.LVL40:
 127:DSP/Source/ComplexMathFunctions/arm_cmplx_mult_cmplx_q31.c ****     c = *pSrcB++;
 246              		.loc 1 127 5 is_stmt 1 view .LVU86
 247              		.loc 1 127 7 is_stmt 0 view .LVU87
 248 00e6 019B     		ldr	r3, [sp, #4]
 249              	.LVL41:
 250              		.loc 1 127 7 view .LVU88
 251 00e8 1E69     		ldr	r6, [r3, #16]
 252              	.LVL42:
 128:DSP/Source/ComplexMathFunctions/arm_cmplx_mult_cmplx_q31.c ****     d = *pSrcB++;
 253              		.loc 1 128 5 is_stmt 1 view .LVU89
 254              		.loc 1 128 7 is_stmt 0 view .LVU90
 255 00ea 5C69     		ldr	r4, [r3, #20]
 256              	.LVL43:
 129:DSP/Source/ComplexMathFunctions/arm_cmplx_mult_cmplx_q31.c **** 
 130:DSP/Source/ComplexMathFunctions/arm_cmplx_mult_cmplx_q31.c ****     mul1 = (q31_t) (((q63_t) a * c) >> 32);
 257              		.loc 1 130 5 is_stmt 1 view .LVU91
 258              		.loc 1 130 22 is_stmt 0 view .LVU92
 259 00ec 4FEAE779 		asr	r9, r7, #31
 260              		.loc 1 130 32 view .LVU93
 261 00f0 4FEAE678 		asr	r8, r6, #31
 262 00f4 07FB08F3 		mul	r3, r7, r8
 263 00f8 06FB0933 		mla	r3, r6, r9, r3
 264 00fc A7FB06C5 		umull	ip, r5, r7, r6
 265              	.LVL44:
 266              		.loc 1 130 32 view .LVU94
 267 0100 03EB050A 		add	r10, r3, r5
 268              	.LVL45:
 131:DSP/Source/ComplexMathFunctions/arm_cmplx_mult_cmplx_q31.c ****     mul2 = (q31_t) (((q63_t) b * d) >> 32);
 269              		.loc 1 131 5 is_stmt 1 view .LVU95
ARM GAS  /var/folders/ck/g3dcd5x55xs4107jgdl0snvr0000gn/T//ccsRGa2b.s 			page 8


 270              		.loc 1 131 22 is_stmt 0 view .LVU96
 271 0104 D317     		asrs	r3, r2, #31
 272              		.loc 1 131 32 view .LVU97
 273 0106 E517     		asrs	r5, r4, #31
 274 0108 02FB05FE 		mul	lr, r2, r5
 275 010c 04FB03E1 		mla	r1, r4, r3, lr
 276 0110 A2FB04EC 		umull	lr, ip, r2, r4
 277 0114 8C44     		add	ip, ip, r1
 278              	.LVL46:
 132:DSP/Source/ComplexMathFunctions/arm_cmplx_mult_cmplx_q31.c ****     mul3 = (q31_t) (((q63_t) a * d) >> 32);
 279              		.loc 1 132 5 is_stmt 1 view .LVU98
 280              		.loc 1 132 32 is_stmt 0 view .LVU99
 281 0116 07FB05F5 		mul	r5, r7, r5
 282 011a 04FB0955 		mla	r5, r4, r9, r5
 283 011e A7FB0474 		umull	r7, r4, r7, r4
 284              	.LVL47:
 285              		.loc 1 132 32 view .LVU100
 286 0122 2C44     		add	r4, r4, r5
 287              	.LVL48:
 133:DSP/Source/ComplexMathFunctions/arm_cmplx_mult_cmplx_q31.c ****     mul4 = (q31_t) (((q63_t) b * c) >> 32);
 288              		.loc 1 133 5 is_stmt 1 view .LVU101
 289              		.loc 1 133 32 is_stmt 0 view .LVU102
 290 0124 06FB03F5 		mul	r5, r6, r3
 291 0128 02FB0855 		mla	r5, r2, r8, r5
 292 012c A6FB0262 		umull	r6, r2, r6, r2
 293              	.LVL49:
 294              		.loc 1 133 32 view .LVU103
 295 0130 1544     		add	r5, r5, r2
 296              	.LVL50:
 134:DSP/Source/ComplexMathFunctions/arm_cmplx_mult_cmplx_q31.c **** 
 135:DSP/Source/ComplexMathFunctions/arm_cmplx_mult_cmplx_q31.c ****     mul1 = (mul1 >> 1);
 297              		.loc 1 135 5 is_stmt 1 view .LVU104
 136:DSP/Source/ComplexMathFunctions/arm_cmplx_mult_cmplx_q31.c ****     mul2 = (mul2 >> 1);
 298              		.loc 1 136 5 view .LVU105
 299              		.loc 1 136 10 is_stmt 0 view .LVU106
 300 0132 4FEA6C0C 		asr	ip, ip, #1
 301              	.LVL51:
 137:DSP/Source/ComplexMathFunctions/arm_cmplx_mult_cmplx_q31.c ****     mul3 = (mul3 >> 1);
 302              		.loc 1 137 5 is_stmt 1 view .LVU107
 138:DSP/Source/ComplexMathFunctions/arm_cmplx_mult_cmplx_q31.c ****     mul4 = (mul4 >> 1);
 303              		.loc 1 138 5 view .LVU108
 304              		.loc 1 138 10 is_stmt 0 view .LVU109
 305 0136 6D10     		asrs	r5, r5, #1
 306              	.LVL52:
 139:DSP/Source/ComplexMathFunctions/arm_cmplx_mult_cmplx_q31.c **** 
 140:DSP/Source/ComplexMathFunctions/arm_cmplx_mult_cmplx_q31.c ****     out1 = mul1 - mul2;
 307              		.loc 1 140 5 is_stmt 1 view .LVU110
 308              		.loc 1 140 10 is_stmt 0 view .LVU111
 309 0138 CCEB6A03 		rsb	r3, ip, r10, asr #1
 310              	.LVL53:
 141:DSP/Source/ComplexMathFunctions/arm_cmplx_mult_cmplx_q31.c ****     out2 = mul3 + mul4;
 311              		.loc 1 141 5 is_stmt 1 view .LVU112
 312              		.loc 1 141 10 is_stmt 0 view .LVU113
 313 013c 05EB6405 		add	r5, r5, r4, asr #1
 314              	.LVL54:
 142:DSP/Source/ComplexMathFunctions/arm_cmplx_mult_cmplx_q31.c **** 
 143:DSP/Source/ComplexMathFunctions/arm_cmplx_mult_cmplx_q31.c ****     /* store the real result in 3.29 format in the destination buffer. */
ARM GAS  /var/folders/ck/g3dcd5x55xs4107jgdl0snvr0000gn/T//ccsRGa2b.s 			page 9


 144:DSP/Source/ComplexMathFunctions/arm_cmplx_mult_cmplx_q31.c ****     *pDst++ = out1;
 315              		.loc 1 144 5 is_stmt 1 view .LVU114
 316              		.loc 1 144 13 is_stmt 0 view .LVU115
 317 0140 CBF81030 		str	r3, [fp, #16]
 318              	.LVL55:
 145:DSP/Source/ComplexMathFunctions/arm_cmplx_mult_cmplx_q31.c ****     /* store the imag result in 3.29 format in the destination buffer. */
 146:DSP/Source/ComplexMathFunctions/arm_cmplx_mult_cmplx_q31.c ****     *pDst++ = out2;
 319              		.loc 1 146 5 is_stmt 1 view .LVU116
 320              		.loc 1 146 13 is_stmt 0 view .LVU117
 321 0144 CBF81450 		str	r5, [fp, #20]
 147:DSP/Source/ComplexMathFunctions/arm_cmplx_mult_cmplx_q31.c **** 
 148:DSP/Source/ComplexMathFunctions/arm_cmplx_mult_cmplx_q31.c ****     a = *pSrcA++;
 322              		.loc 1 148 5 is_stmt 1 view .LVU118
 323              	.LVL56:
 324              		.loc 1 148 7 is_stmt 0 view .LVU119
 325 0148 8769     		ldr	r7, [r0, #24]
 326              	.LVL57:
 149:DSP/Source/ComplexMathFunctions/arm_cmplx_mult_cmplx_q31.c ****     b = *pSrcA++;
 327              		.loc 1 149 5 is_stmt 1 view .LVU120
 328              		.loc 1 149 7 is_stmt 0 view .LVU121
 329 014a C269     		ldr	r2, [r0, #28]
 330              	.LVL58:
 150:DSP/Source/ComplexMathFunctions/arm_cmplx_mult_cmplx_q31.c ****     c = *pSrcB++;
 331              		.loc 1 150 5 is_stmt 1 view .LVU122
 332              		.loc 1 150 7 is_stmt 0 view .LVU123
 333 014c 019B     		ldr	r3, [sp, #4]
 334              	.LVL59:
 335              		.loc 1 150 7 view .LVU124
 336 014e 9E69     		ldr	r6, [r3, #24]
 337              	.LVL60:
 151:DSP/Source/ComplexMathFunctions/arm_cmplx_mult_cmplx_q31.c ****     d = *pSrcB++;
 338              		.loc 1 151 5 is_stmt 1 view .LVU125
 339              		.loc 1 151 7 is_stmt 0 view .LVU126
 340 0150 DC69     		ldr	r4, [r3, #28]
 341              	.LVL61:
 152:DSP/Source/ComplexMathFunctions/arm_cmplx_mult_cmplx_q31.c **** 
 153:DSP/Source/ComplexMathFunctions/arm_cmplx_mult_cmplx_q31.c ****     mul1 = (q31_t) (((q63_t) a * c) >> 32);
 342              		.loc 1 153 5 is_stmt 1 view .LVU127
 343              		.loc 1 153 22 is_stmt 0 view .LVU128
 344 0152 4FEAE779 		asr	r9, r7, #31
 345              		.loc 1 153 32 view .LVU129
 346 0156 4FEAE678 		asr	r8, r6, #31
 347 015a 07FB08F3 		mul	r3, r7, r8
 348 015e 06FB0933 		mla	r3, r6, r9, r3
 349 0162 A7FB06C5 		umull	ip, r5, r7, r6
 350              	.LVL62:
 351              		.loc 1 153 32 view .LVU130
 352 0166 03EB050A 		add	r10, r3, r5
 353              	.LVL63:
 154:DSP/Source/ComplexMathFunctions/arm_cmplx_mult_cmplx_q31.c ****     mul2 = (q31_t) (((q63_t) b * d) >> 32);
 354              		.loc 1 154 5 is_stmt 1 view .LVU131
 355              		.loc 1 154 22 is_stmt 0 view .LVU132
 356 016a D317     		asrs	r3, r2, #31
 357              		.loc 1 154 32 view .LVU133
 358 016c E517     		asrs	r5, r4, #31
 359 016e 02FB05FE 		mul	lr, r2, r5
 360 0172 04FB03E1 		mla	r1, r4, r3, lr
ARM GAS  /var/folders/ck/g3dcd5x55xs4107jgdl0snvr0000gn/T//ccsRGa2b.s 			page 10


 361 0176 A2FB04EC 		umull	lr, ip, r2, r4
 362 017a 8C44     		add	ip, ip, r1
 363              	.LVL64:
 155:DSP/Source/ComplexMathFunctions/arm_cmplx_mult_cmplx_q31.c ****     mul3 = (q31_t) (((q63_t) a * d) >> 32);
 364              		.loc 1 155 5 is_stmt 1 view .LVU134
 365              		.loc 1 155 32 is_stmt 0 view .LVU135
 366 017c 07FB05F5 		mul	r5, r7, r5
 367 0180 04FB0955 		mla	r5, r4, r9, r5
 368 0184 A7FB0474 		umull	r7, r4, r7, r4
 369              	.LVL65:
 370              		.loc 1 155 32 view .LVU136
 371 0188 2C44     		add	r4, r4, r5
 372              	.LVL66:
 156:DSP/Source/ComplexMathFunctions/arm_cmplx_mult_cmplx_q31.c ****     mul4 = (q31_t) (((q63_t) b * c) >> 32);
 373              		.loc 1 156 5 is_stmt 1 view .LVU137
 374              		.loc 1 156 32 is_stmt 0 view .LVU138
 375 018a 06FB03F5 		mul	r5, r6, r3
 376 018e 02FB0855 		mla	r5, r2, r8, r5
 377 0192 A6FB0262 		umull	r6, r2, r6, r2
 378              	.LVL67:
 379              		.loc 1 156 32 view .LVU139
 380 0196 1544     		add	r5, r5, r2
 381              	.LVL68:
 157:DSP/Source/ComplexMathFunctions/arm_cmplx_mult_cmplx_q31.c **** 
 158:DSP/Source/ComplexMathFunctions/arm_cmplx_mult_cmplx_q31.c ****     mul1 = (mul1 >> 1);
 382              		.loc 1 158 5 is_stmt 1 view .LVU140
 159:DSP/Source/ComplexMathFunctions/arm_cmplx_mult_cmplx_q31.c ****     mul2 = (mul2 >> 1);
 383              		.loc 1 159 5 view .LVU141
 384              		.loc 1 159 10 is_stmt 0 view .LVU142
 385 0198 4FEA6C0C 		asr	ip, ip, #1
 386              	.LVL69:
 160:DSP/Source/ComplexMathFunctions/arm_cmplx_mult_cmplx_q31.c ****     mul3 = (mul3 >> 1);
 387              		.loc 1 160 5 is_stmt 1 view .LVU143
 161:DSP/Source/ComplexMathFunctions/arm_cmplx_mult_cmplx_q31.c ****     mul4 = (mul4 >> 1);
 388              		.loc 1 161 5 view .LVU144
 389              		.loc 1 161 10 is_stmt 0 view .LVU145
 390 019c 6D10     		asrs	r5, r5, #1
 391              	.LVL70:
 162:DSP/Source/ComplexMathFunctions/arm_cmplx_mult_cmplx_q31.c **** 
 163:DSP/Source/ComplexMathFunctions/arm_cmplx_mult_cmplx_q31.c ****     out1 = mul1 - mul2;
 392              		.loc 1 163 5 is_stmt 1 view .LVU146
 393              		.loc 1 163 10 is_stmt 0 view .LVU147
 394 019e CCEB6A03 		rsb	r3, ip, r10, asr #1
 395              	.LVL71:
 164:DSP/Source/ComplexMathFunctions/arm_cmplx_mult_cmplx_q31.c ****     out2 = mul3 + mul4;
 396              		.loc 1 164 5 is_stmt 1 view .LVU148
 397              		.loc 1 164 10 is_stmt 0 view .LVU149
 398 01a2 05EB6405 		add	r5, r5, r4, asr #1
 399              	.LVL72:
 165:DSP/Source/ComplexMathFunctions/arm_cmplx_mult_cmplx_q31.c **** 
 166:DSP/Source/ComplexMathFunctions/arm_cmplx_mult_cmplx_q31.c ****     /* store the real result in 3.29 format in the destination buffer. */
 167:DSP/Source/ComplexMathFunctions/arm_cmplx_mult_cmplx_q31.c ****     *pDst++ = out1;
 400              		.loc 1 167 5 is_stmt 1 view .LVU150
 401              		.loc 1 167 13 is_stmt 0 view .LVU151
 402 01a6 CBF81830 		str	r3, [fp, #24]
 403              	.LVL73:
 168:DSP/Source/ComplexMathFunctions/arm_cmplx_mult_cmplx_q31.c ****     /* store the imag result in 3.29 format in the destination buffer. */
ARM GAS  /var/folders/ck/g3dcd5x55xs4107jgdl0snvr0000gn/T//ccsRGa2b.s 			page 11


 169:DSP/Source/ComplexMathFunctions/arm_cmplx_mult_cmplx_q31.c ****     *pDst++ = out2;
 404              		.loc 1 169 5 is_stmt 1 view .LVU152
 405              		.loc 1 169 13 is_stmt 0 view .LVU153
 406 01aa CBF81C50 		str	r5, [fp, #28]
 170:DSP/Source/ComplexMathFunctions/arm_cmplx_mult_cmplx_q31.c **** 
 171:DSP/Source/ComplexMathFunctions/arm_cmplx_mult_cmplx_q31.c ****     /* Decrement the blockSize loop counter */
 172:DSP/Source/ComplexMathFunctions/arm_cmplx_mult_cmplx_q31.c ****     blkCnt--;
 407              		.loc 1 172 5 is_stmt 1 view .LVU154
 408              		.loc 1 172 11 is_stmt 0 view .LVU155
 409 01ae 029B     		ldr	r3, [sp, #8]
 410              	.LVL74:
 411              		.loc 1 172 11 view .LVU156
 412 01b0 013B     		subs	r3, r3, #1
 413 01b2 0293     		str	r3, [sp, #8]
 414              	.LVL75:
 169:DSP/Source/ComplexMathFunctions/arm_cmplx_mult_cmplx_q31.c **** 
 415              		.loc 1 169 10 view .LVU157
 416 01b4 0BF1200B 		add	fp, fp, #32
 417              	.LVL76:
 151:DSP/Source/ComplexMathFunctions/arm_cmplx_mult_cmplx_q31.c **** 
 418              		.loc 1 151 15 view .LVU158
 419 01b8 019B     		ldr	r3, [sp, #4]
 420              	.LVL77:
 151:DSP/Source/ComplexMathFunctions/arm_cmplx_mult_cmplx_q31.c **** 
 421              		.loc 1 151 15 view .LVU159
 422 01ba 2033     		adds	r3, r3, #32
 423              	.LVL78:
 151:DSP/Source/ComplexMathFunctions/arm_cmplx_mult_cmplx_q31.c **** 
 424              		.loc 1 151 15 view .LVU160
 425 01bc 0193     		str	r3, [sp, #4]
 149:DSP/Source/ComplexMathFunctions/arm_cmplx_mult_cmplx_q31.c ****     c = *pSrcB++;
 426              		.loc 1 149 15 view .LVU161
 427 01be 2030     		adds	r0, r0, #32
 428              	.LVL79:
 429              	.L2:
  75:DSP/Source/ComplexMathFunctions/arm_cmplx_mult_cmplx_q31.c ****   {
 430              		.loc 1 75 17 is_stmt 1 view .LVU162
 431 01c0 029B     		ldr	r3, [sp, #8]
 432 01c2 002B     		cmp	r3, #0
 433 01c4 7FF427AF 		bne	.L3
 173:DSP/Source/ComplexMathFunctions/arm_cmplx_mult_cmplx_q31.c ****   }
 174:DSP/Source/ComplexMathFunctions/arm_cmplx_mult_cmplx_q31.c **** 
 175:DSP/Source/ComplexMathFunctions/arm_cmplx_mult_cmplx_q31.c ****   /* If the blockSize is not a multiple of 4, compute any remaining output samples here.
 176:DSP/Source/ComplexMathFunctions/arm_cmplx_mult_cmplx_q31.c ****    ** No loop unrolling is used. */
 177:DSP/Source/ComplexMathFunctions/arm_cmplx_mult_cmplx_q31.c ****   blkCnt = numSamples % 0x4U;
 434              		.loc 1 177 10 is_stmt 0 view .LVU163
 435 01c8 0199     		ldr	r1, [sp, #4]
 436 01ca DDF80C80 		ldr	r8, [sp, #12]
 437              		.loc 1 177 3 is_stmt 1 view .LVU164
 438              		.loc 1 177 10 is_stmt 0 view .LVU165
 439 01ce 08F00303 		and	r3, r8, #3
 440              	.LVL80:
 178:DSP/Source/ComplexMathFunctions/arm_cmplx_mult_cmplx_q31.c **** 
 179:DSP/Source/ComplexMathFunctions/arm_cmplx_mult_cmplx_q31.c ****   while (blkCnt > 0U)
 441              		.loc 1 179 3 is_stmt 1 view .LVU166
 442 01d2 9846     		mov	r8, r3
 443 01d4 CDF808B0 		str	fp, [sp, #8]
ARM GAS  /var/folders/ck/g3dcd5x55xs4107jgdl0snvr0000gn/T//ccsRGa2b.s 			page 12


 444              		.loc 1 179 9 is_stmt 0 view .LVU167
 445 01d8 3CE0     		b	.L4
 446              	.LVL81:
 447              	.L5:
 180:DSP/Source/ComplexMathFunctions/arm_cmplx_mult_cmplx_q31.c ****   {
 181:DSP/Source/ComplexMathFunctions/arm_cmplx_mult_cmplx_q31.c ****     /* C[2 * i] = A[2 * i] * B[2 * i] - A[2 * i + 1] * B[2 * i + 1].  */
 182:DSP/Source/ComplexMathFunctions/arm_cmplx_mult_cmplx_q31.c ****     /* C[2 * i + 1] = A[2 * i] * B[2 * i + 1] + A[2 * i + 1] * B[2 * i].  */
 183:DSP/Source/ComplexMathFunctions/arm_cmplx_mult_cmplx_q31.c ****     a = *pSrcA++;
 448              		.loc 1 183 5 is_stmt 1 view .LVU168
 449              		.loc 1 183 7 is_stmt 0 view .LVU169
 450 01da 0746     		mov	r7, r0
 451 01dc 57F8085B 		ldr	r5, [r7], #8
 452              	.LVL82:
 184:DSP/Source/ComplexMathFunctions/arm_cmplx_mult_cmplx_q31.c ****     b = *pSrcA++;
 453              		.loc 1 184 5 is_stmt 1 view .LVU170
 454              		.loc 1 184 7 is_stmt 0 view .LVU171
 455 01e0 4268     		ldr	r2, [r0, #4]
 456              	.LVL83:
 185:DSP/Source/ComplexMathFunctions/arm_cmplx_mult_cmplx_q31.c ****     c = *pSrcB++;
 457              		.loc 1 185 5 is_stmt 1 view .LVU172
 458              		.loc 1 185 7 is_stmt 0 view .LVU173
 459 01e2 8C46     		mov	ip, r1
 460 01e4 5CF8084B 		ldr	r4, [ip], #8
 461              	.LVL84:
 186:DSP/Source/ComplexMathFunctions/arm_cmplx_mult_cmplx_q31.c ****     d = *pSrcB++;
 462              		.loc 1 186 5 is_stmt 1 view .LVU174
 463              		.loc 1 186 7 is_stmt 0 view .LVU175
 464 01e8 4968     		ldr	r1, [r1, #4]
 465              	.LVL85:
 187:DSP/Source/ComplexMathFunctions/arm_cmplx_mult_cmplx_q31.c **** 
 188:DSP/Source/ComplexMathFunctions/arm_cmplx_mult_cmplx_q31.c ****     mul1 = (q31_t) (((q63_t) a * c) >> 32);
 466              		.loc 1 188 5 is_stmt 1 view .LVU176
 467              		.loc 1 188 22 is_stmt 0 view .LVU177
 468 01ea 4FEAE57A 		asr	r10, r5, #31
 469              		.loc 1 188 32 view .LVU178
 470 01ee 4FEAE479 		asr	r9, r4, #31
 471 01f2 05FB09F3 		mul	r3, r5, r9
 472 01f6 04FB0A33 		mla	r3, r4, r10, r3
 473 01fa A5FB0460 		umull	r6, r0, r5, r4
 474 01fe 03EB000B 		add	fp, r3, r0
 475              	.LVL86:
 189:DSP/Source/ComplexMathFunctions/arm_cmplx_mult_cmplx_q31.c ****     mul2 = (q31_t) (((q63_t) b * d) >> 32);
 476              		.loc 1 189 5 is_stmt 1 view .LVU179
 477              		.loc 1 189 22 is_stmt 0 view .LVU180
 478 0202 D317     		asrs	r3, r2, #31
 479 0204 0193     		str	r3, [sp, #4]
 480              		.loc 1 189 32 view .LVU181
 481 0206 C817     		asrs	r0, r1, #31
 482 0208 02FB00FE 		mul	lr, r2, r0
 483 020c 01FB03E3 		mla	r3, r1, r3, lr
 484 0210 A2FB01E6 		umull	lr, r6, r2, r1
 485 0214 1E44     		add	r6, r6, r3
 486              	.LVL87:
 190:DSP/Source/ComplexMathFunctions/arm_cmplx_mult_cmplx_q31.c ****     mul3 = (q31_t) (((q63_t) a * d) >> 32);
 487              		.loc 1 190 5 is_stmt 1 view .LVU182
 488              		.loc 1 190 32 is_stmt 0 view .LVU183
 489 0216 05FB00F0 		mul	r0, r5, r0
ARM GAS  /var/folders/ck/g3dcd5x55xs4107jgdl0snvr0000gn/T//ccsRGa2b.s 			page 13


 490 021a 01FB0A00 		mla	r0, r1, r10, r0
 491 021e A5FB0151 		umull	r5, r1, r5, r1
 492              	.LVL88:
 493              		.loc 1 190 32 view .LVU184
 494 0222 0844     		add	r0, r0, r1
 495              	.LVL89:
 191:DSP/Source/ComplexMathFunctions/arm_cmplx_mult_cmplx_q31.c ****     mul4 = (q31_t) (((q63_t) b * c) >> 32);
 496              		.loc 1 191 5 is_stmt 1 view .LVU185
 497              		.loc 1 191 32 is_stmt 0 view .LVU186
 498 0224 019B     		ldr	r3, [sp, #4]
 499 0226 04FB03F3 		mul	r3, r4, r3
 500 022a 02FB0933 		mla	r3, r2, r9, r3
 501 022e A4FB0242 		umull	r4, r2, r4, r2
 502              	.LVL90:
 503              		.loc 1 191 32 view .LVU187
 504 0232 1344     		add	r3, r3, r2
 505              	.LVL91:
 192:DSP/Source/ComplexMathFunctions/arm_cmplx_mult_cmplx_q31.c **** 
 193:DSP/Source/ComplexMathFunctions/arm_cmplx_mult_cmplx_q31.c ****     mul1 = (mul1 >> 1);
 506              		.loc 1 193 5 is_stmt 1 view .LVU188
 194:DSP/Source/ComplexMathFunctions/arm_cmplx_mult_cmplx_q31.c ****     mul2 = (mul2 >> 1);
 507              		.loc 1 194 5 view .LVU189
 508              		.loc 1 194 10 is_stmt 0 view .LVU190
 509 0234 7610     		asrs	r6, r6, #1
 510              	.LVL92:
 195:DSP/Source/ComplexMathFunctions/arm_cmplx_mult_cmplx_q31.c ****     mul3 = (mul3 >> 1);
 511              		.loc 1 195 5 is_stmt 1 view .LVU191
 196:DSP/Source/ComplexMathFunctions/arm_cmplx_mult_cmplx_q31.c ****     mul4 = (mul4 >> 1);
 512              		.loc 1 196 5 view .LVU192
 513              		.loc 1 196 10 is_stmt 0 view .LVU193
 514 0236 5B10     		asrs	r3, r3, #1
 515              	.LVL93:
 197:DSP/Source/ComplexMathFunctions/arm_cmplx_mult_cmplx_q31.c **** 
 198:DSP/Source/ComplexMathFunctions/arm_cmplx_mult_cmplx_q31.c ****     out1 = mul1 - mul2;
 516              		.loc 1 198 5 is_stmt 1 view .LVU194
 517              		.loc 1 198 10 is_stmt 0 view .LVU195
 518 0238 C6EB6B06 		rsb	r6, r6, fp, asr #1
 519              	.LVL94:
 199:DSP/Source/ComplexMathFunctions/arm_cmplx_mult_cmplx_q31.c ****     out2 = mul3 + mul4;
 520              		.loc 1 199 5 is_stmt 1 view .LVU196
 521              		.loc 1 199 10 is_stmt 0 view .LVU197
 522 023c 03EB6003 		add	r3, r3, r0, asr #1
 523              	.LVL95:
 200:DSP/Source/ComplexMathFunctions/arm_cmplx_mult_cmplx_q31.c **** 
 201:DSP/Source/ComplexMathFunctions/arm_cmplx_mult_cmplx_q31.c ****     /* store the real result in 3.29 format in the destination buffer. */
 202:DSP/Source/ComplexMathFunctions/arm_cmplx_mult_cmplx_q31.c ****     *pDst++ = out1;
 524              		.loc 1 202 5 is_stmt 1 view .LVU198
 525              		.loc 1 202 13 is_stmt 0 view .LVU199
 526 0240 0299     		ldr	r1, [sp, #8]
 527 0242 0A46     		mov	r2, r1
 528              	.LVL96:
 529              		.loc 1 202 13 view .LVU200
 530 0244 42F8086B 		str	r6, [r2], #8
 531              	.LVL97:
 203:DSP/Source/ComplexMathFunctions/arm_cmplx_mult_cmplx_q31.c ****     /* store the imag result in 3.29 format in the destination buffer. */
 204:DSP/Source/ComplexMathFunctions/arm_cmplx_mult_cmplx_q31.c ****     *pDst++ = out2;
 532              		.loc 1 204 5 is_stmt 1 view .LVU201
ARM GAS  /var/folders/ck/g3dcd5x55xs4107jgdl0snvr0000gn/T//ccsRGa2b.s 			page 14


 533              		.loc 1 204 13 is_stmt 0 view .LVU202
 534 0248 4B60     		str	r3, [r1, #4]
 205:DSP/Source/ComplexMathFunctions/arm_cmplx_mult_cmplx_q31.c **** 
 206:DSP/Source/ComplexMathFunctions/arm_cmplx_mult_cmplx_q31.c ****     /* Decrement the blockSize loop counter */
 207:DSP/Source/ComplexMathFunctions/arm_cmplx_mult_cmplx_q31.c ****     blkCnt--;
 535              		.loc 1 207 5 is_stmt 1 view .LVU203
 536              		.loc 1 207 11 is_stmt 0 view .LVU204
 537 024a 08F1FF38 		add	r8, r8, #-1
 538              	.LVL98:
 204:DSP/Source/ComplexMathFunctions/arm_cmplx_mult_cmplx_q31.c **** 
 539              		.loc 1 204 10 view .LVU205
 540 024e 0292     		str	r2, [sp, #8]
 186:DSP/Source/ComplexMathFunctions/arm_cmplx_mult_cmplx_q31.c **** 
 541              		.loc 1 186 15 view .LVU206
 542 0250 6146     		mov	r1, ip
 184:DSP/Source/ComplexMathFunctions/arm_cmplx_mult_cmplx_q31.c ****     c = *pSrcB++;
 543              		.loc 1 184 15 view .LVU207
 544 0252 3846     		mov	r0, r7
 545              	.LVL99:
 546              	.L4:
 179:DSP/Source/ComplexMathFunctions/arm_cmplx_mult_cmplx_q31.c ****   {
 547              		.loc 1 179 17 is_stmt 1 view .LVU208
 548 0254 B8F1000F 		cmp	r8, #0
 549 0258 BFD1     		bne	.L5
 208:DSP/Source/ComplexMathFunctions/arm_cmplx_mult_cmplx_q31.c ****   }
 209:DSP/Source/ComplexMathFunctions/arm_cmplx_mult_cmplx_q31.c **** 
 210:DSP/Source/ComplexMathFunctions/arm_cmplx_mult_cmplx_q31.c **** #else
 211:DSP/Source/ComplexMathFunctions/arm_cmplx_mult_cmplx_q31.c **** 
 212:DSP/Source/ComplexMathFunctions/arm_cmplx_mult_cmplx_q31.c ****   /* Run the below code for Cortex-M0 */
 213:DSP/Source/ComplexMathFunctions/arm_cmplx_mult_cmplx_q31.c **** 
 214:DSP/Source/ComplexMathFunctions/arm_cmplx_mult_cmplx_q31.c ****   /* loop Unrolling */
 215:DSP/Source/ComplexMathFunctions/arm_cmplx_mult_cmplx_q31.c ****   blkCnt = numSamples >> 1U;
 216:DSP/Source/ComplexMathFunctions/arm_cmplx_mult_cmplx_q31.c **** 
 217:DSP/Source/ComplexMathFunctions/arm_cmplx_mult_cmplx_q31.c ****   /* First part of the processing with loop unrolling.  Compute 2 outputs at a time.
 218:DSP/Source/ComplexMathFunctions/arm_cmplx_mult_cmplx_q31.c ****    ** a second loop below computes the remaining 1 sample. */
 219:DSP/Source/ComplexMathFunctions/arm_cmplx_mult_cmplx_q31.c ****   while (blkCnt > 0U)
 220:DSP/Source/ComplexMathFunctions/arm_cmplx_mult_cmplx_q31.c ****   {
 221:DSP/Source/ComplexMathFunctions/arm_cmplx_mult_cmplx_q31.c ****     /* C[2 * i] = A[2 * i] * B[2 * i] - A[2 * i + 1] * B[2 * i + 1].  */
 222:DSP/Source/ComplexMathFunctions/arm_cmplx_mult_cmplx_q31.c ****     /* C[2 * i + 1] = A[2 * i] * B[2 * i + 1] + A[2 * i + 1] * B[2 * i].  */
 223:DSP/Source/ComplexMathFunctions/arm_cmplx_mult_cmplx_q31.c ****     a = *pSrcA++;
 224:DSP/Source/ComplexMathFunctions/arm_cmplx_mult_cmplx_q31.c ****     b = *pSrcA++;
 225:DSP/Source/ComplexMathFunctions/arm_cmplx_mult_cmplx_q31.c ****     c = *pSrcB++;
 226:DSP/Source/ComplexMathFunctions/arm_cmplx_mult_cmplx_q31.c ****     d = *pSrcB++;
 227:DSP/Source/ComplexMathFunctions/arm_cmplx_mult_cmplx_q31.c **** 
 228:DSP/Source/ComplexMathFunctions/arm_cmplx_mult_cmplx_q31.c ****     mul1 = (q31_t) (((q63_t) a * c) >> 32);
 229:DSP/Source/ComplexMathFunctions/arm_cmplx_mult_cmplx_q31.c ****     mul2 = (q31_t) (((q63_t) b * d) >> 32);
 230:DSP/Source/ComplexMathFunctions/arm_cmplx_mult_cmplx_q31.c ****     mul3 = (q31_t) (((q63_t) a * d) >> 32);
 231:DSP/Source/ComplexMathFunctions/arm_cmplx_mult_cmplx_q31.c ****     mul4 = (q31_t) (((q63_t) b * c) >> 32);
 232:DSP/Source/ComplexMathFunctions/arm_cmplx_mult_cmplx_q31.c **** 
 233:DSP/Source/ComplexMathFunctions/arm_cmplx_mult_cmplx_q31.c ****     mul1 = (mul1 >> 1);
 234:DSP/Source/ComplexMathFunctions/arm_cmplx_mult_cmplx_q31.c ****     mul2 = (mul2 >> 1);
 235:DSP/Source/ComplexMathFunctions/arm_cmplx_mult_cmplx_q31.c ****     mul3 = (mul3 >> 1);
 236:DSP/Source/ComplexMathFunctions/arm_cmplx_mult_cmplx_q31.c ****     mul4 = (mul4 >> 1);
 237:DSP/Source/ComplexMathFunctions/arm_cmplx_mult_cmplx_q31.c **** 
 238:DSP/Source/ComplexMathFunctions/arm_cmplx_mult_cmplx_q31.c ****     out1 = mul1 - mul2;
 239:DSP/Source/ComplexMathFunctions/arm_cmplx_mult_cmplx_q31.c ****     out2 = mul3 + mul4;
 240:DSP/Source/ComplexMathFunctions/arm_cmplx_mult_cmplx_q31.c **** 
ARM GAS  /var/folders/ck/g3dcd5x55xs4107jgdl0snvr0000gn/T//ccsRGa2b.s 			page 15


 241:DSP/Source/ComplexMathFunctions/arm_cmplx_mult_cmplx_q31.c ****     /* store the real result in 3.29 format in the destination buffer. */
 242:DSP/Source/ComplexMathFunctions/arm_cmplx_mult_cmplx_q31.c ****     *pDst++ = out1;
 243:DSP/Source/ComplexMathFunctions/arm_cmplx_mult_cmplx_q31.c ****     /* store the imag result in 3.29 format in the destination buffer. */
 244:DSP/Source/ComplexMathFunctions/arm_cmplx_mult_cmplx_q31.c ****     *pDst++ = out2;
 245:DSP/Source/ComplexMathFunctions/arm_cmplx_mult_cmplx_q31.c **** 
 246:DSP/Source/ComplexMathFunctions/arm_cmplx_mult_cmplx_q31.c ****     a = *pSrcA++;
 247:DSP/Source/ComplexMathFunctions/arm_cmplx_mult_cmplx_q31.c ****     b = *pSrcA++;
 248:DSP/Source/ComplexMathFunctions/arm_cmplx_mult_cmplx_q31.c ****     c = *pSrcB++;
 249:DSP/Source/ComplexMathFunctions/arm_cmplx_mult_cmplx_q31.c ****     d = *pSrcB++;
 250:DSP/Source/ComplexMathFunctions/arm_cmplx_mult_cmplx_q31.c **** 
 251:DSP/Source/ComplexMathFunctions/arm_cmplx_mult_cmplx_q31.c ****     mul1 = (q31_t) (((q63_t) a * c) >> 32);
 252:DSP/Source/ComplexMathFunctions/arm_cmplx_mult_cmplx_q31.c ****     mul2 = (q31_t) (((q63_t) b * d) >> 32);
 253:DSP/Source/ComplexMathFunctions/arm_cmplx_mult_cmplx_q31.c ****     mul3 = (q31_t) (((q63_t) a * d) >> 32);
 254:DSP/Source/ComplexMathFunctions/arm_cmplx_mult_cmplx_q31.c ****     mul4 = (q31_t) (((q63_t) b * c) >> 32);
 255:DSP/Source/ComplexMathFunctions/arm_cmplx_mult_cmplx_q31.c **** 
 256:DSP/Source/ComplexMathFunctions/arm_cmplx_mult_cmplx_q31.c ****     mul1 = (mul1 >> 1);
 257:DSP/Source/ComplexMathFunctions/arm_cmplx_mult_cmplx_q31.c ****     mul2 = (mul2 >> 1);
 258:DSP/Source/ComplexMathFunctions/arm_cmplx_mult_cmplx_q31.c ****     mul3 = (mul3 >> 1);
 259:DSP/Source/ComplexMathFunctions/arm_cmplx_mult_cmplx_q31.c ****     mul4 = (mul4 >> 1);
 260:DSP/Source/ComplexMathFunctions/arm_cmplx_mult_cmplx_q31.c **** 
 261:DSP/Source/ComplexMathFunctions/arm_cmplx_mult_cmplx_q31.c ****     out1 = mul1 - mul2;
 262:DSP/Source/ComplexMathFunctions/arm_cmplx_mult_cmplx_q31.c ****     out2 = mul3 + mul4;
 263:DSP/Source/ComplexMathFunctions/arm_cmplx_mult_cmplx_q31.c **** 
 264:DSP/Source/ComplexMathFunctions/arm_cmplx_mult_cmplx_q31.c ****     /* store the real result in 3.29 format in the destination buffer. */
 265:DSP/Source/ComplexMathFunctions/arm_cmplx_mult_cmplx_q31.c ****     *pDst++ = out1;
 266:DSP/Source/ComplexMathFunctions/arm_cmplx_mult_cmplx_q31.c ****     /* store the imag result in 3.29 format in the destination buffer. */
 267:DSP/Source/ComplexMathFunctions/arm_cmplx_mult_cmplx_q31.c ****     *pDst++ = out2;
 268:DSP/Source/ComplexMathFunctions/arm_cmplx_mult_cmplx_q31.c **** 
 269:DSP/Source/ComplexMathFunctions/arm_cmplx_mult_cmplx_q31.c ****     /* Decrement the blockSize loop counter */
 270:DSP/Source/ComplexMathFunctions/arm_cmplx_mult_cmplx_q31.c ****     blkCnt--;
 271:DSP/Source/ComplexMathFunctions/arm_cmplx_mult_cmplx_q31.c ****   }
 272:DSP/Source/ComplexMathFunctions/arm_cmplx_mult_cmplx_q31.c **** 
 273:DSP/Source/ComplexMathFunctions/arm_cmplx_mult_cmplx_q31.c ****   /* If the blockSize is not a multiple of 2, compute any remaining output samples here.
 274:DSP/Source/ComplexMathFunctions/arm_cmplx_mult_cmplx_q31.c ****    ** No loop unrolling is used. */
 275:DSP/Source/ComplexMathFunctions/arm_cmplx_mult_cmplx_q31.c ****   blkCnt = numSamples % 0x2U;
 276:DSP/Source/ComplexMathFunctions/arm_cmplx_mult_cmplx_q31.c **** 
 277:DSP/Source/ComplexMathFunctions/arm_cmplx_mult_cmplx_q31.c ****   while (blkCnt > 0U)
 278:DSP/Source/ComplexMathFunctions/arm_cmplx_mult_cmplx_q31.c ****   {
 279:DSP/Source/ComplexMathFunctions/arm_cmplx_mult_cmplx_q31.c ****     /* C[2 * i] = A[2 * i] * B[2 * i] - A[2 * i + 1] * B[2 * i + 1].  */
 280:DSP/Source/ComplexMathFunctions/arm_cmplx_mult_cmplx_q31.c ****     /* C[2 * i + 1] = A[2 * i] * B[2 * i + 1] + A[2 * i + 1] * B[2 * i].  */
 281:DSP/Source/ComplexMathFunctions/arm_cmplx_mult_cmplx_q31.c ****     a = *pSrcA++;
 282:DSP/Source/ComplexMathFunctions/arm_cmplx_mult_cmplx_q31.c ****     b = *pSrcA++;
 283:DSP/Source/ComplexMathFunctions/arm_cmplx_mult_cmplx_q31.c ****     c = *pSrcB++;
 284:DSP/Source/ComplexMathFunctions/arm_cmplx_mult_cmplx_q31.c ****     d = *pSrcB++;
 285:DSP/Source/ComplexMathFunctions/arm_cmplx_mult_cmplx_q31.c **** 
 286:DSP/Source/ComplexMathFunctions/arm_cmplx_mult_cmplx_q31.c ****     mul1 = (q31_t) (((q63_t) a * c) >> 32);
 287:DSP/Source/ComplexMathFunctions/arm_cmplx_mult_cmplx_q31.c ****     mul2 = (q31_t) (((q63_t) b * d) >> 32);
 288:DSP/Source/ComplexMathFunctions/arm_cmplx_mult_cmplx_q31.c ****     mul3 = (q31_t) (((q63_t) a * d) >> 32);
 289:DSP/Source/ComplexMathFunctions/arm_cmplx_mult_cmplx_q31.c ****     mul4 = (q31_t) (((q63_t) b * c) >> 32);
 290:DSP/Source/ComplexMathFunctions/arm_cmplx_mult_cmplx_q31.c **** 
 291:DSP/Source/ComplexMathFunctions/arm_cmplx_mult_cmplx_q31.c ****     mul1 = (mul1 >> 1);
 292:DSP/Source/ComplexMathFunctions/arm_cmplx_mult_cmplx_q31.c ****     mul2 = (mul2 >> 1);
 293:DSP/Source/ComplexMathFunctions/arm_cmplx_mult_cmplx_q31.c ****     mul3 = (mul3 >> 1);
 294:DSP/Source/ComplexMathFunctions/arm_cmplx_mult_cmplx_q31.c ****     mul4 = (mul4 >> 1);
 295:DSP/Source/ComplexMathFunctions/arm_cmplx_mult_cmplx_q31.c **** 
 296:DSP/Source/ComplexMathFunctions/arm_cmplx_mult_cmplx_q31.c ****     out1 = mul1 - mul2;
 297:DSP/Source/ComplexMathFunctions/arm_cmplx_mult_cmplx_q31.c ****     out2 = mul3 + mul4;
ARM GAS  /var/folders/ck/g3dcd5x55xs4107jgdl0snvr0000gn/T//ccsRGa2b.s 			page 16


 298:DSP/Source/ComplexMathFunctions/arm_cmplx_mult_cmplx_q31.c **** 
 299:DSP/Source/ComplexMathFunctions/arm_cmplx_mult_cmplx_q31.c ****     /* store the real result in 3.29 format in the destination buffer. */
 300:DSP/Source/ComplexMathFunctions/arm_cmplx_mult_cmplx_q31.c ****     *pDst++ = out1;
 301:DSP/Source/ComplexMathFunctions/arm_cmplx_mult_cmplx_q31.c ****     /* store the imag result in 3.29 format in the destination buffer. */
 302:DSP/Source/ComplexMathFunctions/arm_cmplx_mult_cmplx_q31.c ****     *pDst++ = out2;
 303:DSP/Source/ComplexMathFunctions/arm_cmplx_mult_cmplx_q31.c **** 
 304:DSP/Source/ComplexMathFunctions/arm_cmplx_mult_cmplx_q31.c ****     /* Decrement the blockSize loop counter */
 305:DSP/Source/ComplexMathFunctions/arm_cmplx_mult_cmplx_q31.c ****     blkCnt--;
 306:DSP/Source/ComplexMathFunctions/arm_cmplx_mult_cmplx_q31.c ****   }
 307:DSP/Source/ComplexMathFunctions/arm_cmplx_mult_cmplx_q31.c **** 
 308:DSP/Source/ComplexMathFunctions/arm_cmplx_mult_cmplx_q31.c **** #endif /* #if defined (ARM_MATH_DSP) */
 309:DSP/Source/ComplexMathFunctions/arm_cmplx_mult_cmplx_q31.c **** 
 310:DSP/Source/ComplexMathFunctions/arm_cmplx_mult_cmplx_q31.c **** }
 550              		.loc 1 310 1 is_stmt 0 view .LVU209
 551 025a 05B0     		add	sp, sp, #20
 552              	.LCFI2:
 553              		.cfi_def_cfa_offset 36
 554              		@ sp needed
 555 025c BDE8F08F 		pop	{r4, r5, r6, r7, r8, r9, r10, fp, pc}
 556              		.loc 1 310 1 view .LVU210
 557              		.cfi_endproc
 558              	.LFE139:
 560              		.text
 561              	.Letext0:
 562              		.file 2 "/Users/luban/.local/xPacks/arm-none-eabi-gcc/xpack-arm-none-eabi-gcc-13.2.1-1.1/arm-none-
 563              		.file 3 "/Users/luban/.local/xPacks/arm-none-eabi-gcc/xpack-arm-none-eabi-gcc-13.2.1-1.1/arm-none-
 564              		.file 4 "DSP/Inc/arm_math.h"
ARM GAS  /var/folders/ck/g3dcd5x55xs4107jgdl0snvr0000gn/T//ccsRGa2b.s 			page 17


DEFINED SYMBOLS
                            *ABS*:00000000 arm_cmplx_mult_cmplx_q31.c
/var/folders/ck/g3dcd5x55xs4107jgdl0snvr0000gn/T//ccsRGa2b.s:21     .text.arm_cmplx_mult_cmplx_q31:00000000 $t
/var/folders/ck/g3dcd5x55xs4107jgdl0snvr0000gn/T//ccsRGa2b.s:27     .text.arm_cmplx_mult_cmplx_q31:00000000 arm_cmplx_mult_cmplx_q31

NO UNDEFINED SYMBOLS
