ARM GAS  /var/folders/ck/g3dcd5x55xs4107jgdl0snvr0000gn/T//cctHks13.s 			page 1


   1              		.cpu cortex-m4
   2              		.arch armv7e-m
   3              		.fpu fpv4-sp-d16
   4              		.eabi_attribute 27, 1
   5              		.eabi_attribute 28, 1
   6              		.eabi_attribute 20, 1
   7              		.eabi_attribute 21, 1
   8              		.eabi_attribute 23, 3
   9              		.eabi_attribute 24, 1
  10              		.eabi_attribute 25, 1
  11              		.eabi_attribute 26, 1
  12              		.eabi_attribute 30, 1
  13              		.eabi_attribute 34, 1
  14              		.eabi_attribute 18, 4
  15              		.file	"arm_max_q15.c"
  16              		.text
  17              	.Ltext0:
  18              		.cfi_sections	.debug_frame
  19              		.file 1 "DSP/Source/StatisticsFunctions/arm_max_q15.c"
  20              		.section	.text.arm_max_q15,"ax",%progbits
  21              		.align	1
  22              		.global	arm_max_q15
  23              		.syntax unified
  24              		.thumb
  25              		.thumb_func
  27              	arm_max_q15:
  28              	.LVL0:
  29              	.LFB139:
   1:DSP/Source/StatisticsFunctions/arm_max_q15.c **** /* ----------------------------------------------------------------------
   2:DSP/Source/StatisticsFunctions/arm_max_q15.c ****  * Project:      CMSIS DSP Library
   3:DSP/Source/StatisticsFunctions/arm_max_q15.c ****  * Title:        arm_max_q15.c
   4:DSP/Source/StatisticsFunctions/arm_max_q15.c ****  * Description:  Maximum value of a Q15 vector
   5:DSP/Source/StatisticsFunctions/arm_max_q15.c ****  *
   6:DSP/Source/StatisticsFunctions/arm_max_q15.c ****  * $Date:        27. January 2017
   7:DSP/Source/StatisticsFunctions/arm_max_q15.c ****  * $Revision:    V.1.5.1
   8:DSP/Source/StatisticsFunctions/arm_max_q15.c ****  *
   9:DSP/Source/StatisticsFunctions/arm_max_q15.c ****  * Target Processor: Cortex-M cores
  10:DSP/Source/StatisticsFunctions/arm_max_q15.c ****  * -------------------------------------------------------------------- */
  11:DSP/Source/StatisticsFunctions/arm_max_q15.c **** /*
  12:DSP/Source/StatisticsFunctions/arm_max_q15.c ****  * Copyright (C) 2010-2017 ARM Limited or its affiliates. All rights reserved.
  13:DSP/Source/StatisticsFunctions/arm_max_q15.c ****  *
  14:DSP/Source/StatisticsFunctions/arm_max_q15.c ****  * SPDX-License-Identifier: Apache-2.0
  15:DSP/Source/StatisticsFunctions/arm_max_q15.c ****  *
  16:DSP/Source/StatisticsFunctions/arm_max_q15.c ****  * Licensed under the Apache License, Version 2.0 (the License); you may
  17:DSP/Source/StatisticsFunctions/arm_max_q15.c ****  * not use this file except in compliance with the License.
  18:DSP/Source/StatisticsFunctions/arm_max_q15.c ****  * You may obtain a copy of the License at
  19:DSP/Source/StatisticsFunctions/arm_max_q15.c ****  *
  20:DSP/Source/StatisticsFunctions/arm_max_q15.c ****  * www.apache.org/licenses/LICENSE-2.0
  21:DSP/Source/StatisticsFunctions/arm_max_q15.c ****  *
  22:DSP/Source/StatisticsFunctions/arm_max_q15.c ****  * Unless required by applicable law or agreed to in writing, software
  23:DSP/Source/StatisticsFunctions/arm_max_q15.c ****  * distributed under the License is distributed on an AS IS BASIS, WITHOUT
  24:DSP/Source/StatisticsFunctions/arm_max_q15.c ****  * WARRANTIES OR CONDITIONS OF ANY KIND, either express or implied.
  25:DSP/Source/StatisticsFunctions/arm_max_q15.c ****  * See the License for the specific language governing permissions and
  26:DSP/Source/StatisticsFunctions/arm_max_q15.c ****  * limitations under the License.
  27:DSP/Source/StatisticsFunctions/arm_max_q15.c ****  */
  28:DSP/Source/StatisticsFunctions/arm_max_q15.c **** 
  29:DSP/Source/StatisticsFunctions/arm_max_q15.c **** #include "arm_math.h"
ARM GAS  /var/folders/ck/g3dcd5x55xs4107jgdl0snvr0000gn/T//cctHks13.s 			page 2


  30:DSP/Source/StatisticsFunctions/arm_max_q15.c **** 
  31:DSP/Source/StatisticsFunctions/arm_max_q15.c **** /**
  32:DSP/Source/StatisticsFunctions/arm_max_q15.c ****  * @ingroup groupStats
  33:DSP/Source/StatisticsFunctions/arm_max_q15.c ****  */
  34:DSP/Source/StatisticsFunctions/arm_max_q15.c **** 
  35:DSP/Source/StatisticsFunctions/arm_max_q15.c **** /**
  36:DSP/Source/StatisticsFunctions/arm_max_q15.c ****  * @addtogroup Max
  37:DSP/Source/StatisticsFunctions/arm_max_q15.c ****  * @{
  38:DSP/Source/StatisticsFunctions/arm_max_q15.c ****  */
  39:DSP/Source/StatisticsFunctions/arm_max_q15.c **** 
  40:DSP/Source/StatisticsFunctions/arm_max_q15.c **** 
  41:DSP/Source/StatisticsFunctions/arm_max_q15.c **** /**
  42:DSP/Source/StatisticsFunctions/arm_max_q15.c ****  * @brief Maximum value of a Q15 vector.
  43:DSP/Source/StatisticsFunctions/arm_max_q15.c ****  * @param[in]       *pSrc points to the input vector
  44:DSP/Source/StatisticsFunctions/arm_max_q15.c ****  * @param[in]       blockSize length of the input vector
  45:DSP/Source/StatisticsFunctions/arm_max_q15.c ****  * @param[out]      *pResult maximum value returned here
  46:DSP/Source/StatisticsFunctions/arm_max_q15.c ****  * @param[out]      *pIndex index of maximum value returned here
  47:DSP/Source/StatisticsFunctions/arm_max_q15.c ****  * @return none.
  48:DSP/Source/StatisticsFunctions/arm_max_q15.c ****  */
  49:DSP/Source/StatisticsFunctions/arm_max_q15.c **** 
  50:DSP/Source/StatisticsFunctions/arm_max_q15.c **** void arm_max_q15(
  51:DSP/Source/StatisticsFunctions/arm_max_q15.c ****   q15_t * pSrc,
  52:DSP/Source/StatisticsFunctions/arm_max_q15.c ****   uint32_t blockSize,
  53:DSP/Source/StatisticsFunctions/arm_max_q15.c ****   q15_t * pResult,
  54:DSP/Source/StatisticsFunctions/arm_max_q15.c ****   uint32_t * pIndex)
  55:DSP/Source/StatisticsFunctions/arm_max_q15.c **** {
  30              		.loc 1 55 1 view -0
  31              		.cfi_startproc
  32              		@ args = 0, pretend = 0, frame = 0
  33              		@ frame_needed = 0, uses_anonymous_args = 0
  34              		.loc 1 55 1 is_stmt 0 view .LVU1
  35 0000 2DE9F041 		push	{r4, r5, r6, r7, r8, lr}
  36              	.LCFI0:
  37              		.cfi_def_cfa_offset 24
  38              		.cfi_offset 4, -24
  39              		.cfi_offset 5, -20
  40              		.cfi_offset 6, -16
  41              		.cfi_offset 7, -12
  42              		.cfi_offset 8, -8
  43              		.cfi_offset 14, -4
  56:DSP/Source/StatisticsFunctions/arm_max_q15.c **** #if defined (ARM_MATH_DSP)
  57:DSP/Source/StatisticsFunctions/arm_max_q15.c ****   /* Run the below code for Cortex-M4 and Cortex-M3 */
  58:DSP/Source/StatisticsFunctions/arm_max_q15.c **** 
  59:DSP/Source/StatisticsFunctions/arm_max_q15.c ****   q15_t maxVal1, maxVal2, out;                   /* Temporary variables to store the output value. 
  44              		.loc 1 59 3 is_stmt 1 view .LVU2
  60:DSP/Source/StatisticsFunctions/arm_max_q15.c ****   uint32_t blkCnt, outIndex, count;              /* loop counter */
  45              		.loc 1 60 3 view .LVU3
  61:DSP/Source/StatisticsFunctions/arm_max_q15.c **** 
  62:DSP/Source/StatisticsFunctions/arm_max_q15.c ****   /* Initialise the count value. */
  63:DSP/Source/StatisticsFunctions/arm_max_q15.c ****   count = 0U;
  46              		.loc 1 63 3 view .LVU4
  47              	.LVL1:
  64:DSP/Source/StatisticsFunctions/arm_max_q15.c ****   /* Initialise the index value to zero. */
  65:DSP/Source/StatisticsFunctions/arm_max_q15.c ****   outIndex = 0U;
  48              		.loc 1 65 3 view .LVU5
  66:DSP/Source/StatisticsFunctions/arm_max_q15.c ****   /* Load first input value that act as reference value for comparision */
  67:DSP/Source/StatisticsFunctions/arm_max_q15.c ****   out = *pSrc++;
ARM GAS  /var/folders/ck/g3dcd5x55xs4107jgdl0snvr0000gn/T//cctHks13.s 			page 3


  49              		.loc 1 67 3 view .LVU6
  50              		.loc 1 67 7 is_stmt 0 view .LVU7
  51 0004 30F902CB 		ldrsh	ip, [r0], #2
  52              	.LVL2:
  68:DSP/Source/StatisticsFunctions/arm_max_q15.c **** 
  69:DSP/Source/StatisticsFunctions/arm_max_q15.c ****   /* Loop unrolling */
  70:DSP/Source/StatisticsFunctions/arm_max_q15.c ****   blkCnt = (blockSize - 1U) >> 2U;
  53              		.loc 1 70 3 is_stmt 1 view .LVU8
  54              		.loc 1 70 23 is_stmt 0 view .LVU9
  55 0008 4C1E     		subs	r4, r1, #1
  56              		.loc 1 70 10 view .LVU10
  57 000a A508     		lsrs	r5, r4, #2
  58              	.LVL3:
  71:DSP/Source/StatisticsFunctions/arm_max_q15.c **** 
  72:DSP/Source/StatisticsFunctions/arm_max_q15.c ****   while (blkCnt > 0U)
  59              		.loc 1 72 3 is_stmt 1 view .LVU11
  63:DSP/Source/StatisticsFunctions/arm_max_q15.c ****   /* Initialise the index value to zero. */
  60              		.loc 1 63 9 is_stmt 0 view .LVU12
  61 000c 4FF0000E 		mov	lr, #0
  65:DSP/Source/StatisticsFunctions/arm_max_q15.c ****   /* Load first input value that act as reference value for comparision */
  62              		.loc 1 65 12 view .LVU13
  63 0010 7646     		mov	r6, lr
  64              		.loc 1 72 9 view .LVU14
  65 0012 03E0     		b	.L2
  66              	.LVL4:
  67              	.L6:
  73:DSP/Source/StatisticsFunctions/arm_max_q15.c ****   {
  74:DSP/Source/StatisticsFunctions/arm_max_q15.c ****     /* Initialize maxVal to the next consecutive values one by one */
  75:DSP/Source/StatisticsFunctions/arm_max_q15.c ****     maxVal1 = *pSrc++;
  76:DSP/Source/StatisticsFunctions/arm_max_q15.c ****     maxVal2 = *pSrc++;
  77:DSP/Source/StatisticsFunctions/arm_max_q15.c **** 
  78:DSP/Source/StatisticsFunctions/arm_max_q15.c ****     /* compare for the maximum value */
  79:DSP/Source/StatisticsFunctions/arm_max_q15.c ****     if (out < maxVal1)
  80:DSP/Source/StatisticsFunctions/arm_max_q15.c ****     {
  81:DSP/Source/StatisticsFunctions/arm_max_q15.c ****       /* Update the maximum value and its index */
  82:DSP/Source/StatisticsFunctions/arm_max_q15.c ****       out = maxVal1;
  83:DSP/Source/StatisticsFunctions/arm_max_q15.c ****       outIndex = count + 1U;
  84:DSP/Source/StatisticsFunctions/arm_max_q15.c ****     }
  85:DSP/Source/StatisticsFunctions/arm_max_q15.c **** 
  86:DSP/Source/StatisticsFunctions/arm_max_q15.c ****     /* compare for the maximum value */
  87:DSP/Source/StatisticsFunctions/arm_max_q15.c ****     if (out < maxVal2)
  88:DSP/Source/StatisticsFunctions/arm_max_q15.c ****     {
  89:DSP/Source/StatisticsFunctions/arm_max_q15.c ****       /* Update the maximum value and its index */
  90:DSP/Source/StatisticsFunctions/arm_max_q15.c ****       out = maxVal2;
  91:DSP/Source/StatisticsFunctions/arm_max_q15.c ****       outIndex = count + 2U;
  92:DSP/Source/StatisticsFunctions/arm_max_q15.c ****     }
  93:DSP/Source/StatisticsFunctions/arm_max_q15.c **** 
  94:DSP/Source/StatisticsFunctions/arm_max_q15.c ****     /* Initialize maxVal to the next consecutive values one by one */
  95:DSP/Source/StatisticsFunctions/arm_max_q15.c ****     maxVal1 = *pSrc++;
  96:DSP/Source/StatisticsFunctions/arm_max_q15.c ****     maxVal2 = *pSrc++;
  97:DSP/Source/StatisticsFunctions/arm_max_q15.c **** 
  98:DSP/Source/StatisticsFunctions/arm_max_q15.c ****     /* compare for the maximum value */
  99:DSP/Source/StatisticsFunctions/arm_max_q15.c ****     if (out < maxVal1)
 100:DSP/Source/StatisticsFunctions/arm_max_q15.c ****     {
 101:DSP/Source/StatisticsFunctions/arm_max_q15.c ****       /* Update the maximum value and its index */
 102:DSP/Source/StatisticsFunctions/arm_max_q15.c ****       out = maxVal1;
 103:DSP/Source/StatisticsFunctions/arm_max_q15.c ****       outIndex = count + 3U;
ARM GAS  /var/folders/ck/g3dcd5x55xs4107jgdl0snvr0000gn/T//cctHks13.s 			page 4


 104:DSP/Source/StatisticsFunctions/arm_max_q15.c ****     }
 105:DSP/Source/StatisticsFunctions/arm_max_q15.c **** 
 106:DSP/Source/StatisticsFunctions/arm_max_q15.c ****     /* compare for the maximum value */
 107:DSP/Source/StatisticsFunctions/arm_max_q15.c ****     if (out < maxVal2)
 108:DSP/Source/StatisticsFunctions/arm_max_q15.c ****     {
 109:DSP/Source/StatisticsFunctions/arm_max_q15.c ****       /* Update the maximum value and its index */
 110:DSP/Source/StatisticsFunctions/arm_max_q15.c ****       out = maxVal2;
 111:DSP/Source/StatisticsFunctions/arm_max_q15.c ****       outIndex = count + 4U;
 112:DSP/Source/StatisticsFunctions/arm_max_q15.c ****     }
 113:DSP/Source/StatisticsFunctions/arm_max_q15.c **** 
 114:DSP/Source/StatisticsFunctions/arm_max_q15.c ****     count += 4U;
  68              		.loc 1 114 5 is_stmt 1 view .LVU15
  69              		.loc 1 114 11 is_stmt 0 view .LVU16
  70 0014 0EF1040E 		add	lr, lr, #4
  71              	.LVL5:
 115:DSP/Source/StatisticsFunctions/arm_max_q15.c **** 
 116:DSP/Source/StatisticsFunctions/arm_max_q15.c ****     /* Decrement the loop counter */
 117:DSP/Source/StatisticsFunctions/arm_max_q15.c ****     blkCnt--;
  72              		.loc 1 117 5 is_stmt 1 view .LVU17
  73              		.loc 1 117 11 is_stmt 0 view .LVU18
  74 0018 013D     		subs	r5, r5, #1
  75              	.LVL6:
  96:DSP/Source/StatisticsFunctions/arm_max_q15.c **** 
  76              		.loc 1 96 20 view .LVU19
  77 001a 4046     		mov	r0, r8
  78              	.LVL7:
  79              	.L2:
  72:DSP/Source/StatisticsFunctions/arm_max_q15.c ****   {
  80              		.loc 1 72 17 is_stmt 1 view .LVU20
  81 001c F5B1     		cbz	r5, .L12
  75:DSP/Source/StatisticsFunctions/arm_max_q15.c ****     maxVal2 = *pSrc++;
  82              		.loc 1 75 5 view .LVU21
  83              	.LVL8:
  75:DSP/Source/StatisticsFunctions/arm_max_q15.c ****     maxVal2 = *pSrc++;
  84              		.loc 1 75 13 is_stmt 0 view .LVU22
  85 001e B0F90080 		ldrsh	r8, [r0]
  86              	.LVL9:
  76:DSP/Source/StatisticsFunctions/arm_max_q15.c **** 
  87              		.loc 1 76 5 is_stmt 1 view .LVU23
  76:DSP/Source/StatisticsFunctions/arm_max_q15.c **** 
  88              		.loc 1 76 13 is_stmt 0 view .LVU24
  89 0022 B0F90270 		ldrsh	r7, [r0, #2]
  90              	.LVL10:
  79:DSP/Source/StatisticsFunctions/arm_max_q15.c ****     {
  91              		.loc 1 79 5 is_stmt 1 view .LVU25
  79:DSP/Source/StatisticsFunctions/arm_max_q15.c ****     {
  92              		.loc 1 79 8 is_stmt 0 view .LVU26
  93 0026 C445     		cmp	ip, r8
  94 0028 02DA     		bge	.L3
  82:DSP/Source/StatisticsFunctions/arm_max_q15.c ****       outIndex = count + 1U;
  95              		.loc 1 82 7 is_stmt 1 view .LVU27
  96              	.LVL11:
  83:DSP/Source/StatisticsFunctions/arm_max_q15.c ****     }
  97              		.loc 1 83 7 view .LVU28
  83:DSP/Source/StatisticsFunctions/arm_max_q15.c ****     }
  98              		.loc 1 83 16 is_stmt 0 view .LVU29
  99 002a 0EF10106 		add	r6, lr, #1
ARM GAS  /var/folders/ck/g3dcd5x55xs4107jgdl0snvr0000gn/T//cctHks13.s 			page 5


 100              	.LVL12:
  82:DSP/Source/StatisticsFunctions/arm_max_q15.c ****       outIndex = count + 1U;
 101              		.loc 1 82 11 view .LVU30
 102 002e C446     		mov	ip, r8
 103              	.LVL13:
 104              	.L3:
  87:DSP/Source/StatisticsFunctions/arm_max_q15.c ****     {
 105              		.loc 1 87 5 is_stmt 1 view .LVU31
  87:DSP/Source/StatisticsFunctions/arm_max_q15.c ****     {
 106              		.loc 1 87 8 is_stmt 0 view .LVU32
 107 0030 BC45     		cmp	ip, r7
 108 0032 02DA     		bge	.L4
  90:DSP/Source/StatisticsFunctions/arm_max_q15.c ****       outIndex = count + 2U;
 109              		.loc 1 90 7 is_stmt 1 view .LVU33
 110              	.LVL14:
  91:DSP/Source/StatisticsFunctions/arm_max_q15.c ****     }
 111              		.loc 1 91 7 view .LVU34
  91:DSP/Source/StatisticsFunctions/arm_max_q15.c ****     }
 112              		.loc 1 91 16 is_stmt 0 view .LVU35
 113 0034 0EF10206 		add	r6, lr, #2
 114              	.LVL15:
  90:DSP/Source/StatisticsFunctions/arm_max_q15.c ****       outIndex = count + 2U;
 115              		.loc 1 90 11 view .LVU36
 116 0038 BC46     		mov	ip, r7
 117              	.LVL16:
 118              	.L4:
  95:DSP/Source/StatisticsFunctions/arm_max_q15.c ****     maxVal2 = *pSrc++;
 119              		.loc 1 95 5 is_stmt 1 view .LVU37
  95:DSP/Source/StatisticsFunctions/arm_max_q15.c ****     maxVal2 = *pSrc++;
 120              		.loc 1 95 13 is_stmt 0 view .LVU38
 121 003a B0F90470 		ldrsh	r7, [r0, #4]
 122              	.LVL17:
  96:DSP/Source/StatisticsFunctions/arm_max_q15.c **** 
 123              		.loc 1 96 5 is_stmt 1 view .LVU39
  96:DSP/Source/StatisticsFunctions/arm_max_q15.c **** 
 124              		.loc 1 96 20 is_stmt 0 view .LVU40
 125 003e 00F10808 		add	r8, r0, #8
 126              	.LVL18:
  96:DSP/Source/StatisticsFunctions/arm_max_q15.c **** 
 127              		.loc 1 96 13 view .LVU41
 128 0042 B0F90600 		ldrsh	r0, [r0, #6]
 129              	.LVL19:
  99:DSP/Source/StatisticsFunctions/arm_max_q15.c ****     {
 130              		.loc 1 99 5 is_stmt 1 view .LVU42
  99:DSP/Source/StatisticsFunctions/arm_max_q15.c ****     {
 131              		.loc 1 99 8 is_stmt 0 view .LVU43
 132 0046 BC45     		cmp	ip, r7
 133 0048 02DA     		bge	.L5
 102:DSP/Source/StatisticsFunctions/arm_max_q15.c ****       outIndex = count + 3U;
 134              		.loc 1 102 7 is_stmt 1 view .LVU44
 135              	.LVL20:
 103:DSP/Source/StatisticsFunctions/arm_max_q15.c ****     }
 136              		.loc 1 103 7 view .LVU45
 103:DSP/Source/StatisticsFunctions/arm_max_q15.c ****     }
 137              		.loc 1 103 16 is_stmt 0 view .LVU46
 138 004a 0EF10306 		add	r6, lr, #3
 139              	.LVL21:
ARM GAS  /var/folders/ck/g3dcd5x55xs4107jgdl0snvr0000gn/T//cctHks13.s 			page 6


 102:DSP/Source/StatisticsFunctions/arm_max_q15.c ****       outIndex = count + 3U;
 140              		.loc 1 102 11 view .LVU47
 141 004e BC46     		mov	ip, r7
 142              	.LVL22:
 143              	.L5:
 107:DSP/Source/StatisticsFunctions/arm_max_q15.c ****     {
 144              		.loc 1 107 5 is_stmt 1 view .LVU48
 107:DSP/Source/StatisticsFunctions/arm_max_q15.c ****     {
 145              		.loc 1 107 8 is_stmt 0 view .LVU49
 146 0050 8445     		cmp	ip, r0
 147 0052 DFDA     		bge	.L6
 110:DSP/Source/StatisticsFunctions/arm_max_q15.c ****       outIndex = count + 4U;
 148              		.loc 1 110 7 is_stmt 1 view .LVU50
 149              	.LVL23:
 111:DSP/Source/StatisticsFunctions/arm_max_q15.c ****     }
 150              		.loc 1 111 7 view .LVU51
 111:DSP/Source/StatisticsFunctions/arm_max_q15.c ****     }
 151              		.loc 1 111 16 is_stmt 0 view .LVU52
 152 0054 0EF10406 		add	r6, lr, #4
 153              	.LVL24:
 110:DSP/Source/StatisticsFunctions/arm_max_q15.c ****       outIndex = count + 4U;
 154              		.loc 1 110 11 view .LVU53
 155 0058 8446     		mov	ip, r0
 156 005a DBE7     		b	.L6
 157              	.LVL25:
 158              	.L12:
 118:DSP/Source/StatisticsFunctions/arm_max_q15.c ****   }
 119:DSP/Source/StatisticsFunctions/arm_max_q15.c **** 
 120:DSP/Source/StatisticsFunctions/arm_max_q15.c ****   /* if (blockSize - 1U) is not multiple of 4 */
 121:DSP/Source/StatisticsFunctions/arm_max_q15.c ****   blkCnt = (blockSize - 1U) % 4U;
 159              		.loc 1 121 3 is_stmt 1 view .LVU54
 160              		.loc 1 121 10 is_stmt 0 view .LVU55
 161 005c 04F00304 		and	r4, r4, #3
 162              	.LVL26:
 122:DSP/Source/StatisticsFunctions/arm_max_q15.c **** 
 123:DSP/Source/StatisticsFunctions/arm_max_q15.c **** #else
 124:DSP/Source/StatisticsFunctions/arm_max_q15.c ****   /* Run the below code for Cortex-M0 */
 125:DSP/Source/StatisticsFunctions/arm_max_q15.c **** 
 126:DSP/Source/StatisticsFunctions/arm_max_q15.c ****   q15_t maxVal1, out;                            /* Temporary variables to store the output value. 
 127:DSP/Source/StatisticsFunctions/arm_max_q15.c ****   uint32_t blkCnt, outIndex;                     /* loop counter */
 128:DSP/Source/StatisticsFunctions/arm_max_q15.c **** 
 129:DSP/Source/StatisticsFunctions/arm_max_q15.c ****   /* Initialise the index value to zero. */
 130:DSP/Source/StatisticsFunctions/arm_max_q15.c ****   outIndex = 0U;
 131:DSP/Source/StatisticsFunctions/arm_max_q15.c ****   /* Load first input value that act as reference value for comparision */
 132:DSP/Source/StatisticsFunctions/arm_max_q15.c ****   out = *pSrc++;
 133:DSP/Source/StatisticsFunctions/arm_max_q15.c **** 
 134:DSP/Source/StatisticsFunctions/arm_max_q15.c ****   blkCnt = (blockSize - 1U);
 135:DSP/Source/StatisticsFunctions/arm_max_q15.c **** 
 136:DSP/Source/StatisticsFunctions/arm_max_q15.c **** #endif /* #if defined (ARM_MATH_DSP) */
 137:DSP/Source/StatisticsFunctions/arm_max_q15.c **** 
 138:DSP/Source/StatisticsFunctions/arm_max_q15.c ****   while (blkCnt > 0U)
 163              		.loc 1 138 3 is_stmt 1 view .LVU56
 164              		.loc 1 138 9 is_stmt 0 view .LVU57
 165 0060 00E0     		b	.L8
 166              	.LVL27:
 167              	.L9:
 139:DSP/Source/StatisticsFunctions/arm_max_q15.c ****   {
ARM GAS  /var/folders/ck/g3dcd5x55xs4107jgdl0snvr0000gn/T//cctHks13.s 			page 7


 140:DSP/Source/StatisticsFunctions/arm_max_q15.c ****     /* Initialize maxVal to the next consecutive values one by one */
 141:DSP/Source/StatisticsFunctions/arm_max_q15.c ****     maxVal1 = *pSrc++;
 142:DSP/Source/StatisticsFunctions/arm_max_q15.c **** 
 143:DSP/Source/StatisticsFunctions/arm_max_q15.c ****     /* compare for the maximum value */
 144:DSP/Source/StatisticsFunctions/arm_max_q15.c ****     if (out < maxVal1)
 145:DSP/Source/StatisticsFunctions/arm_max_q15.c ****     {
 146:DSP/Source/StatisticsFunctions/arm_max_q15.c ****       /* Update the maximum value and it's index */
 147:DSP/Source/StatisticsFunctions/arm_max_q15.c ****       out = maxVal1;
 148:DSP/Source/StatisticsFunctions/arm_max_q15.c ****       outIndex = blockSize - blkCnt;
 149:DSP/Source/StatisticsFunctions/arm_max_q15.c ****     }
 150:DSP/Source/StatisticsFunctions/arm_max_q15.c **** 
 151:DSP/Source/StatisticsFunctions/arm_max_q15.c ****     /* Decrement the loop counter */
 152:DSP/Source/StatisticsFunctions/arm_max_q15.c ****     blkCnt--;
 168              		.loc 1 152 5 is_stmt 1 view .LVU58
 169              		.loc 1 152 11 is_stmt 0 view .LVU59
 170 0062 013C     		subs	r4, r4, #1
 171              	.LVL28:
 172              	.L8:
 138:DSP/Source/StatisticsFunctions/arm_max_q15.c ****   {
 173              		.loc 1 138 17 is_stmt 1 view .LVU60
 174 0064 34B1     		cbz	r4, .L13
 141:DSP/Source/StatisticsFunctions/arm_max_q15.c **** 
 175              		.loc 1 141 5 view .LVU61
 176              	.LVL29:
 141:DSP/Source/StatisticsFunctions/arm_max_q15.c **** 
 177              		.loc 1 141 13 is_stmt 0 view .LVU62
 178 0066 30F9025B 		ldrsh	r5, [r0], #2
 179              	.LVL30:
 144:DSP/Source/StatisticsFunctions/arm_max_q15.c ****     {
 180              		.loc 1 144 5 is_stmt 1 view .LVU63
 144:DSP/Source/StatisticsFunctions/arm_max_q15.c ****     {
 181              		.loc 1 144 8 is_stmt 0 view .LVU64
 182 006a AC45     		cmp	ip, r5
 183 006c F9DA     		bge	.L9
 147:DSP/Source/StatisticsFunctions/arm_max_q15.c ****       outIndex = blockSize - blkCnt;
 184              		.loc 1 147 7 is_stmt 1 view .LVU65
 185              	.LVL31:
 148:DSP/Source/StatisticsFunctions/arm_max_q15.c ****     }
 186              		.loc 1 148 7 view .LVU66
 148:DSP/Source/StatisticsFunctions/arm_max_q15.c ****     }
 187              		.loc 1 148 16 is_stmt 0 view .LVU67
 188 006e 0E1B     		subs	r6, r1, r4
 189              	.LVL32:
 147:DSP/Source/StatisticsFunctions/arm_max_q15.c ****       outIndex = blockSize - blkCnt;
 190              		.loc 1 147 11 view .LVU68
 191 0070 AC46     		mov	ip, r5
 192 0072 F6E7     		b	.L9
 193              	.LVL33:
 194              	.L13:
 153:DSP/Source/StatisticsFunctions/arm_max_q15.c ****   }
 154:DSP/Source/StatisticsFunctions/arm_max_q15.c **** 
 155:DSP/Source/StatisticsFunctions/arm_max_q15.c ****   /* Store the maximum value and it's index into destination pointers */
 156:DSP/Source/StatisticsFunctions/arm_max_q15.c ****   *pResult = out;
 195              		.loc 1 156 3 is_stmt 1 view .LVU69
 196              		.loc 1 156 12 is_stmt 0 view .LVU70
 197 0074 A2F800C0 		strh	ip, [r2]	@ movhi
 157:DSP/Source/StatisticsFunctions/arm_max_q15.c ****   *pIndex = outIndex;
ARM GAS  /var/folders/ck/g3dcd5x55xs4107jgdl0snvr0000gn/T//cctHks13.s 			page 8


 198              		.loc 1 157 3 is_stmt 1 view .LVU71
 199              		.loc 1 157 11 is_stmt 0 view .LVU72
 200 0078 1E60     		str	r6, [r3]
 158:DSP/Source/StatisticsFunctions/arm_max_q15.c **** }
 201              		.loc 1 158 1 view .LVU73
 202 007a BDE8F081 		pop	{r4, r5, r6, r7, r8, pc}
 203              		.loc 1 158 1 view .LVU74
 204              		.cfi_endproc
 205              	.LFE139:
 207              		.text
 208              	.Letext0:
 209              		.file 2 "/Users/luban/.local/xPacks/arm-none-eabi-gcc/xpack-arm-none-eabi-gcc-13.2.1-1.1/arm-none-
 210              		.file 3 "/Users/luban/.local/xPacks/arm-none-eabi-gcc/xpack-arm-none-eabi-gcc-13.2.1-1.1/arm-none-
 211              		.file 4 "DSP/Inc/arm_math.h"
ARM GAS  /var/folders/ck/g3dcd5x55xs4107jgdl0snvr0000gn/T//cctHks13.s 			page 9


DEFINED SYMBOLS
                            *ABS*:00000000 arm_max_q15.c
/var/folders/ck/g3dcd5x55xs4107jgdl0snvr0000gn/T//cctHks13.s:21     .text.arm_max_q15:00000000 $t
/var/folders/ck/g3dcd5x55xs4107jgdl0snvr0000gn/T//cctHks13.s:27     .text.arm_max_q15:00000000 arm_max_q15

NO UNDEFINED SYMBOLS
