ARM GAS  /var/folders/ck/g3dcd5x55xs4107jgdl0snvr0000gn/T//ccKwAA84.s 			page 1


   1              		.cpu cortex-m4
   2              		.arch armv7e-m
   3              		.fpu fpv4-sp-d16
   4              		.eabi_attribute 27, 1
   5              		.eabi_attribute 28, 1
   6              		.eabi_attribute 20, 1
   7              		.eabi_attribute 21, 1
   8              		.eabi_attribute 23, 3
   9              		.eabi_attribute 24, 1
  10              		.eabi_attribute 25, 1
  11              		.eabi_attribute 26, 1
  12              		.eabi_attribute 30, 1
  13              		.eabi_attribute 34, 1
  14              		.eabi_attribute 18, 4
  15              		.file	"arm_fir_sparse_init_q15.c"
  16              		.text
  17              	.Ltext0:
  18              		.cfi_sections	.debug_frame
  19              		.file 1 "DSP/Source/FilteringFunctions/arm_fir_sparse_init_q15.c"
  20              		.section	.text.arm_fir_sparse_init_q15,"ax",%progbits
  21              		.align	1
  22              		.global	arm_fir_sparse_init_q15
  23              		.syntax unified
  24              		.thumb
  25              		.thumb_func
  27              	arm_fir_sparse_init_q15:
  28              	.LVL0:
  29              	.LFB139:
   1:DSP/Source/FilteringFunctions/arm_fir_sparse_init_q15.c **** /* ----------------------------------------------------------------------
   2:DSP/Source/FilteringFunctions/arm_fir_sparse_init_q15.c ****  * Project:      CMSIS DSP Library
   3:DSP/Source/FilteringFunctions/arm_fir_sparse_init_q15.c ****  * Title:        arm_fir_sparse_init_q15.c
   4:DSP/Source/FilteringFunctions/arm_fir_sparse_init_q15.c ****  * Description:  Q15 sparse FIR filter initialization function
   5:DSP/Source/FilteringFunctions/arm_fir_sparse_init_q15.c ****  *
   6:DSP/Source/FilteringFunctions/arm_fir_sparse_init_q15.c ****  * $Date:        27. January 2017
   7:DSP/Source/FilteringFunctions/arm_fir_sparse_init_q15.c ****  * $Revision:    V.1.5.1
   8:DSP/Source/FilteringFunctions/arm_fir_sparse_init_q15.c ****  *
   9:DSP/Source/FilteringFunctions/arm_fir_sparse_init_q15.c ****  * Target Processor: Cortex-M cores
  10:DSP/Source/FilteringFunctions/arm_fir_sparse_init_q15.c ****  * -------------------------------------------------------------------- */
  11:DSP/Source/FilteringFunctions/arm_fir_sparse_init_q15.c **** /*
  12:DSP/Source/FilteringFunctions/arm_fir_sparse_init_q15.c ****  * Copyright (C) 2010-2017 ARM Limited or its affiliates. All rights reserved.
  13:DSP/Source/FilteringFunctions/arm_fir_sparse_init_q15.c ****  *
  14:DSP/Source/FilteringFunctions/arm_fir_sparse_init_q15.c ****  * SPDX-License-Identifier: Apache-2.0
  15:DSP/Source/FilteringFunctions/arm_fir_sparse_init_q15.c ****  *
  16:DSP/Source/FilteringFunctions/arm_fir_sparse_init_q15.c ****  * Licensed under the Apache License, Version 2.0 (the License); you may
  17:DSP/Source/FilteringFunctions/arm_fir_sparse_init_q15.c ****  * not use this file except in compliance with the License.
  18:DSP/Source/FilteringFunctions/arm_fir_sparse_init_q15.c ****  * You may obtain a copy of the License at
  19:DSP/Source/FilteringFunctions/arm_fir_sparse_init_q15.c ****  *
  20:DSP/Source/FilteringFunctions/arm_fir_sparse_init_q15.c ****  * www.apache.org/licenses/LICENSE-2.0
  21:DSP/Source/FilteringFunctions/arm_fir_sparse_init_q15.c ****  *
  22:DSP/Source/FilteringFunctions/arm_fir_sparse_init_q15.c ****  * Unless required by applicable law or agreed to in writing, software
  23:DSP/Source/FilteringFunctions/arm_fir_sparse_init_q15.c ****  * distributed under the License is distributed on an AS IS BASIS, WITHOUT
  24:DSP/Source/FilteringFunctions/arm_fir_sparse_init_q15.c ****  * WARRANTIES OR CONDITIONS OF ANY KIND, either express or implied.
  25:DSP/Source/FilteringFunctions/arm_fir_sparse_init_q15.c ****  * See the License for the specific language governing permissions and
  26:DSP/Source/FilteringFunctions/arm_fir_sparse_init_q15.c ****  * limitations under the License.
  27:DSP/Source/FilteringFunctions/arm_fir_sparse_init_q15.c ****  */
  28:DSP/Source/FilteringFunctions/arm_fir_sparse_init_q15.c **** 
  29:DSP/Source/FilteringFunctions/arm_fir_sparse_init_q15.c **** #include "arm_math.h"
ARM GAS  /var/folders/ck/g3dcd5x55xs4107jgdl0snvr0000gn/T//ccKwAA84.s 			page 2


  30:DSP/Source/FilteringFunctions/arm_fir_sparse_init_q15.c **** 
  31:DSP/Source/FilteringFunctions/arm_fir_sparse_init_q15.c **** /**
  32:DSP/Source/FilteringFunctions/arm_fir_sparse_init_q15.c ****  * @ingroup groupFilters
  33:DSP/Source/FilteringFunctions/arm_fir_sparse_init_q15.c ****  */
  34:DSP/Source/FilteringFunctions/arm_fir_sparse_init_q15.c **** 
  35:DSP/Source/FilteringFunctions/arm_fir_sparse_init_q15.c **** /**
  36:DSP/Source/FilteringFunctions/arm_fir_sparse_init_q15.c ****  * @addtogroup FIR_Sparse
  37:DSP/Source/FilteringFunctions/arm_fir_sparse_init_q15.c ****  * @{
  38:DSP/Source/FilteringFunctions/arm_fir_sparse_init_q15.c ****  */
  39:DSP/Source/FilteringFunctions/arm_fir_sparse_init_q15.c **** 
  40:DSP/Source/FilteringFunctions/arm_fir_sparse_init_q15.c **** /**
  41:DSP/Source/FilteringFunctions/arm_fir_sparse_init_q15.c ****  * @brief  Initialization function for the Q15 sparse FIR filter.
  42:DSP/Source/FilteringFunctions/arm_fir_sparse_init_q15.c ****  * @param[in,out] *S         points to an instance of the Q15 sparse FIR structure.
  43:DSP/Source/FilteringFunctions/arm_fir_sparse_init_q15.c ****  * @param[in]     numTaps    number of nonzero coefficients in the filter.
  44:DSP/Source/FilteringFunctions/arm_fir_sparse_init_q15.c ****  * @param[in]     *pCoeffs   points to the array of filter coefficients.
  45:DSP/Source/FilteringFunctions/arm_fir_sparse_init_q15.c ****  * @param[in]     *pState    points to the state buffer.
  46:DSP/Source/FilteringFunctions/arm_fir_sparse_init_q15.c ****  * @param[in]     *pTapDelay points to the array of offset times.
  47:DSP/Source/FilteringFunctions/arm_fir_sparse_init_q15.c ****  * @param[in]     maxDelay   maximum offset time supported.
  48:DSP/Source/FilteringFunctions/arm_fir_sparse_init_q15.c ****  * @param[in]     blockSize  number of samples that will be processed per block.
  49:DSP/Source/FilteringFunctions/arm_fir_sparse_init_q15.c ****  * @return none
  50:DSP/Source/FilteringFunctions/arm_fir_sparse_init_q15.c ****  *
  51:DSP/Source/FilteringFunctions/arm_fir_sparse_init_q15.c ****  * <b>Description:</b>
  52:DSP/Source/FilteringFunctions/arm_fir_sparse_init_q15.c ****  * \par
  53:DSP/Source/FilteringFunctions/arm_fir_sparse_init_q15.c ****  * <code>pCoeffs</code> holds the filter coefficients and has length <code>numTaps</code>.
  54:DSP/Source/FilteringFunctions/arm_fir_sparse_init_q15.c ****  * <code>pState</code> holds the filter's state variables and must be of length
  55:DSP/Source/FilteringFunctions/arm_fir_sparse_init_q15.c ****  * <code>maxDelay + blockSize</code>, where <code>maxDelay</code>
  56:DSP/Source/FilteringFunctions/arm_fir_sparse_init_q15.c ****  * is the maximum number of delay line values.
  57:DSP/Source/FilteringFunctions/arm_fir_sparse_init_q15.c ****  * <code>blockSize</code> is the
  58:DSP/Source/FilteringFunctions/arm_fir_sparse_init_q15.c ****  * number of words processed by <code>arm_fir_sparse_q15()</code> function.
  59:DSP/Source/FilteringFunctions/arm_fir_sparse_init_q15.c ****  */
  60:DSP/Source/FilteringFunctions/arm_fir_sparse_init_q15.c **** 
  61:DSP/Source/FilteringFunctions/arm_fir_sparse_init_q15.c **** void arm_fir_sparse_init_q15(
  62:DSP/Source/FilteringFunctions/arm_fir_sparse_init_q15.c ****   arm_fir_sparse_instance_q15 * S,
  63:DSP/Source/FilteringFunctions/arm_fir_sparse_init_q15.c ****   uint16_t numTaps,
  64:DSP/Source/FilteringFunctions/arm_fir_sparse_init_q15.c ****   q15_t * pCoeffs,
  65:DSP/Source/FilteringFunctions/arm_fir_sparse_init_q15.c ****   q15_t * pState,
  66:DSP/Source/FilteringFunctions/arm_fir_sparse_init_q15.c ****   int32_t * pTapDelay,
  67:DSP/Source/FilteringFunctions/arm_fir_sparse_init_q15.c ****   uint16_t maxDelay,
  68:DSP/Source/FilteringFunctions/arm_fir_sparse_init_q15.c ****   uint32_t blockSize)
  69:DSP/Source/FilteringFunctions/arm_fir_sparse_init_q15.c **** {
  30              		.loc 1 69 1 view -0
  31              		.cfi_startproc
  32              		@ args = 12, pretend = 0, frame = 0
  33              		@ frame_needed = 0, uses_anonymous_args = 0
  34              		.loc 1 69 1 is_stmt 0 view .LVU1
  35 0000 38B5     		push	{r3, r4, r5, lr}
  36              	.LCFI0:
  37              		.cfi_def_cfa_offset 16
  38              		.cfi_offset 3, -16
  39              		.cfi_offset 4, -12
  40              		.cfi_offset 5, -8
  41              		.cfi_offset 14, -4
  42 0002 0446     		mov	r4, r0
  43 0004 1D46     		mov	r5, r3
  44 0006 BDF81430 		ldrh	r3, [sp, #20]
  45              	.LVL1:
  70:DSP/Source/FilteringFunctions/arm_fir_sparse_init_q15.c ****   /* Assign filter taps */
ARM GAS  /var/folders/ck/g3dcd5x55xs4107jgdl0snvr0000gn/T//ccKwAA84.s 			page 3


  71:DSP/Source/FilteringFunctions/arm_fir_sparse_init_q15.c ****   S->numTaps = numTaps;
  46              		.loc 1 71 3 is_stmt 1 view .LVU2
  47              		.loc 1 71 14 is_stmt 0 view .LVU3
  48 000a 0180     		strh	r1, [r0]	@ movhi
  72:DSP/Source/FilteringFunctions/arm_fir_sparse_init_q15.c **** 
  73:DSP/Source/FilteringFunctions/arm_fir_sparse_init_q15.c ****   /* Assign coefficient pointer */
  74:DSP/Source/FilteringFunctions/arm_fir_sparse_init_q15.c ****   S->pCoeffs = pCoeffs;
  49              		.loc 1 74 3 is_stmt 1 view .LVU4
  50              		.loc 1 74 14 is_stmt 0 view .LVU5
  51 000c 8260     		str	r2, [r0, #8]
  75:DSP/Source/FilteringFunctions/arm_fir_sparse_init_q15.c **** 
  76:DSP/Source/FilteringFunctions/arm_fir_sparse_init_q15.c ****   /* Assign TapDelay pointer */
  77:DSP/Source/FilteringFunctions/arm_fir_sparse_init_q15.c ****   S->pTapDelay = pTapDelay;
  52              		.loc 1 77 3 is_stmt 1 view .LVU6
  53              		.loc 1 77 16 is_stmt 0 view .LVU7
  54 000e 049A     		ldr	r2, [sp, #16]
  55              	.LVL2:
  56              		.loc 1 77 16 view .LVU8
  57 0010 0261     		str	r2, [r0, #16]
  78:DSP/Source/FilteringFunctions/arm_fir_sparse_init_q15.c **** 
  79:DSP/Source/FilteringFunctions/arm_fir_sparse_init_q15.c ****   /* Assign MaxDelay */
  80:DSP/Source/FilteringFunctions/arm_fir_sparse_init_q15.c ****   S->maxDelay = maxDelay;
  58              		.loc 1 80 3 is_stmt 1 view .LVU9
  59              		.loc 1 80 15 is_stmt 0 view .LVU10
  60 0012 8381     		strh	r3, [r0, #12]	@ movhi
  81:DSP/Source/FilteringFunctions/arm_fir_sparse_init_q15.c **** 
  82:DSP/Source/FilteringFunctions/arm_fir_sparse_init_q15.c ****   /* reset the stateIndex to 0 */
  83:DSP/Source/FilteringFunctions/arm_fir_sparse_init_q15.c ****   S->stateIndex = 0U;
  61              		.loc 1 83 3 is_stmt 1 view .LVU11
  62              		.loc 1 83 17 is_stmt 0 view .LVU12
  63 0014 0021     		movs	r1, #0
  64              	.LVL3:
  65              		.loc 1 83 17 view .LVU13
  66 0016 4180     		strh	r1, [r0, #2]	@ movhi
  84:DSP/Source/FilteringFunctions/arm_fir_sparse_init_q15.c **** 
  85:DSP/Source/FilteringFunctions/arm_fir_sparse_init_q15.c ****   /* Clear state buffer and size is always maxDelay + blockSize */
  86:DSP/Source/FilteringFunctions/arm_fir_sparse_init_q15.c ****   memset(pState, 0, (maxDelay + blockSize) * sizeof(q15_t));
  67              		.loc 1 86 3 is_stmt 1 view .LVU14
  68              		.loc 1 86 31 is_stmt 0 view .LVU15
  69 0018 069A     		ldr	r2, [sp, #24]
  70 001a 1A44     		add	r2, r2, r3
  71              		.loc 1 86 3 view .LVU16
  72 001c 5200     		lsls	r2, r2, #1
  73 001e 2846     		mov	r0, r5
  74              	.LVL4:
  75              		.loc 1 86 3 view .LVU17
  76 0020 FFF7FEFF 		bl	memset
  77              	.LVL5:
  87:DSP/Source/FilteringFunctions/arm_fir_sparse_init_q15.c **** 
  88:DSP/Source/FilteringFunctions/arm_fir_sparse_init_q15.c ****   /* Assign state pointer */
  89:DSP/Source/FilteringFunctions/arm_fir_sparse_init_q15.c ****   S->pState = pState;
  78              		.loc 1 89 3 is_stmt 1 view .LVU18
  79              		.loc 1 89 13 is_stmt 0 view .LVU19
  80 0024 6560     		str	r5, [r4, #4]
  90:DSP/Source/FilteringFunctions/arm_fir_sparse_init_q15.c **** 
  91:DSP/Source/FilteringFunctions/arm_fir_sparse_init_q15.c **** }
  81              		.loc 1 91 1 view .LVU20
ARM GAS  /var/folders/ck/g3dcd5x55xs4107jgdl0snvr0000gn/T//ccKwAA84.s 			page 4


  82 0026 38BD     		pop	{r3, r4, r5, pc}
  83              		.loc 1 91 1 view .LVU21
  84              		.cfi_endproc
  85              	.LFE139:
  87              		.text
  88              	.Letext0:
  89              		.file 2 "/Users/luban/.local/xPacks/arm-none-eabi-gcc/xpack-arm-none-eabi-gcc-13.2.1-1.1/arm-none-
  90              		.file 3 "/Users/luban/.local/xPacks/arm-none-eabi-gcc/xpack-arm-none-eabi-gcc-13.2.1-1.1/arm-none-
  91              		.file 4 "/Users/luban/.local/xPacks/arm-none-eabi-gcc/xpack-arm-none-eabi-gcc-13.2.1-1.1/lib/gcc/a
  92              		.file 5 "DSP/Inc/arm_math.h"
  93              		.file 6 "/Users/luban/.local/xPacks/arm-none-eabi-gcc/xpack-arm-none-eabi-gcc-13.2.1-1.1/arm-none-
  94              		.file 7 "<built-in>"
ARM GAS  /var/folders/ck/g3dcd5x55xs4107jgdl0snvr0000gn/T//ccKwAA84.s 			page 5


DEFINED SYMBOLS
                            *ABS*:00000000 arm_fir_sparse_init_q15.c
/var/folders/ck/g3dcd5x55xs4107jgdl0snvr0000gn/T//ccKwAA84.s:21     .text.arm_fir_sparse_init_q15:00000000 $t
/var/folders/ck/g3dcd5x55xs4107jgdl0snvr0000gn/T//ccKwAA84.s:27     .text.arm_fir_sparse_init_q15:00000000 arm_fir_sparse_init_q15

UNDEFINED SYMBOLS
memset
