ARM GAS  /var/folders/ck/g3dcd5x55xs4107jgdl0snvr0000gn/T//cc4R8sxY.s 			page 1


   1              		.cpu cortex-m4
   2              		.arch armv7e-m
   3              		.fpu fpv4-sp-d16
   4              		.eabi_attribute 27, 1
   5              		.eabi_attribute 28, 1
   6              		.eabi_attribute 20, 1
   7              		.eabi_attribute 21, 1
   8              		.eabi_attribute 23, 3
   9              		.eabi_attribute 24, 1
  10              		.eabi_attribute 25, 1
  11              		.eabi_attribute 26, 1
  12              		.eabi_attribute 30, 1
  13              		.eabi_attribute 34, 1
  14              		.eabi_attribute 18, 4
  15              		.file	"arm_fir_decimate_fast_q31.c"
  16              		.text
  17              	.Ltext0:
  18              		.cfi_sections	.debug_frame
  19              		.file 1 "DSP/Source/FilteringFunctions/arm_fir_decimate_fast_q31.c"
  20              		.section	.text.arm_fir_decimate_fast_q31,"ax",%progbits
  21              		.align	1
  22              		.global	arm_fir_decimate_fast_q31
  23              		.syntax unified
  24              		.thumb
  25              		.thumb_func
  27              	arm_fir_decimate_fast_q31:
  28              	.LVL0:
  29              	.LFB139:
   1:DSP/Source/FilteringFunctions/arm_fir_decimate_fast_q31.c **** /* ----------------------------------------------------------------------
   2:DSP/Source/FilteringFunctions/arm_fir_decimate_fast_q31.c ****  * Project:      CMSIS DSP Library
   3:DSP/Source/FilteringFunctions/arm_fir_decimate_fast_q31.c ****  * Title:        arm_fir_decimate_fast_q31.c
   4:DSP/Source/FilteringFunctions/arm_fir_decimate_fast_q31.c ****  * Description:  Fast Q31 FIR Decimator
   5:DSP/Source/FilteringFunctions/arm_fir_decimate_fast_q31.c ****  *
   6:DSP/Source/FilteringFunctions/arm_fir_decimate_fast_q31.c ****  * $Date:        27. January 2017
   7:DSP/Source/FilteringFunctions/arm_fir_decimate_fast_q31.c ****  * $Revision:    V.1.5.1
   8:DSP/Source/FilteringFunctions/arm_fir_decimate_fast_q31.c ****  *
   9:DSP/Source/FilteringFunctions/arm_fir_decimate_fast_q31.c ****  * Target Processor: Cortex-M cores
  10:DSP/Source/FilteringFunctions/arm_fir_decimate_fast_q31.c ****  * -------------------------------------------------------------------- */
  11:DSP/Source/FilteringFunctions/arm_fir_decimate_fast_q31.c **** /*
  12:DSP/Source/FilteringFunctions/arm_fir_decimate_fast_q31.c ****  * Copyright (C) 2010-2017 ARM Limited or its affiliates. All rights reserved.
  13:DSP/Source/FilteringFunctions/arm_fir_decimate_fast_q31.c ****  *
  14:DSP/Source/FilteringFunctions/arm_fir_decimate_fast_q31.c ****  * SPDX-License-Identifier: Apache-2.0
  15:DSP/Source/FilteringFunctions/arm_fir_decimate_fast_q31.c ****  *
  16:DSP/Source/FilteringFunctions/arm_fir_decimate_fast_q31.c ****  * Licensed under the Apache License, Version 2.0 (the License); you may
  17:DSP/Source/FilteringFunctions/arm_fir_decimate_fast_q31.c ****  * not use this file except in compliance with the License.
  18:DSP/Source/FilteringFunctions/arm_fir_decimate_fast_q31.c ****  * You may obtain a copy of the License at
  19:DSP/Source/FilteringFunctions/arm_fir_decimate_fast_q31.c ****  *
  20:DSP/Source/FilteringFunctions/arm_fir_decimate_fast_q31.c ****  * www.apache.org/licenses/LICENSE-2.0
  21:DSP/Source/FilteringFunctions/arm_fir_decimate_fast_q31.c ****  *
  22:DSP/Source/FilteringFunctions/arm_fir_decimate_fast_q31.c ****  * Unless required by applicable law or agreed to in writing, software
  23:DSP/Source/FilteringFunctions/arm_fir_decimate_fast_q31.c ****  * distributed under the License is distributed on an AS IS BASIS, WITHOUT
  24:DSP/Source/FilteringFunctions/arm_fir_decimate_fast_q31.c ****  * WARRANTIES OR CONDITIONS OF ANY KIND, either express or implied.
  25:DSP/Source/FilteringFunctions/arm_fir_decimate_fast_q31.c ****  * See the License for the specific language governing permissions and
  26:DSP/Source/FilteringFunctions/arm_fir_decimate_fast_q31.c ****  * limitations under the License.
  27:DSP/Source/FilteringFunctions/arm_fir_decimate_fast_q31.c ****  */
  28:DSP/Source/FilteringFunctions/arm_fir_decimate_fast_q31.c **** 
  29:DSP/Source/FilteringFunctions/arm_fir_decimate_fast_q31.c **** #include "arm_math.h"
ARM GAS  /var/folders/ck/g3dcd5x55xs4107jgdl0snvr0000gn/T//cc4R8sxY.s 			page 2


  30:DSP/Source/FilteringFunctions/arm_fir_decimate_fast_q31.c **** 
  31:DSP/Source/FilteringFunctions/arm_fir_decimate_fast_q31.c **** /**
  32:DSP/Source/FilteringFunctions/arm_fir_decimate_fast_q31.c ****  * @ingroup groupFilters
  33:DSP/Source/FilteringFunctions/arm_fir_decimate_fast_q31.c ****  */
  34:DSP/Source/FilteringFunctions/arm_fir_decimate_fast_q31.c **** 
  35:DSP/Source/FilteringFunctions/arm_fir_decimate_fast_q31.c **** /**
  36:DSP/Source/FilteringFunctions/arm_fir_decimate_fast_q31.c ****  * @addtogroup FIR_decimate
  37:DSP/Source/FilteringFunctions/arm_fir_decimate_fast_q31.c ****  * @{
  38:DSP/Source/FilteringFunctions/arm_fir_decimate_fast_q31.c ****  */
  39:DSP/Source/FilteringFunctions/arm_fir_decimate_fast_q31.c **** 
  40:DSP/Source/FilteringFunctions/arm_fir_decimate_fast_q31.c **** /**
  41:DSP/Source/FilteringFunctions/arm_fir_decimate_fast_q31.c ****  * @brief Processing function for the Q31 FIR decimator (fast variant) for Cortex-M3 and Cortex-M4.
  42:DSP/Source/FilteringFunctions/arm_fir_decimate_fast_q31.c ****  * @param[in] *S points to an instance of the Q31 FIR decimator structure.
  43:DSP/Source/FilteringFunctions/arm_fir_decimate_fast_q31.c ****  * @param[in] *pSrc points to the block of input data.
  44:DSP/Source/FilteringFunctions/arm_fir_decimate_fast_q31.c ****  * @param[out] *pDst points to the block of output data
  45:DSP/Source/FilteringFunctions/arm_fir_decimate_fast_q31.c ****  * @param[in] blockSize number of input samples to process per call.
  46:DSP/Source/FilteringFunctions/arm_fir_decimate_fast_q31.c ****  * @return none
  47:DSP/Source/FilteringFunctions/arm_fir_decimate_fast_q31.c ****  *
  48:DSP/Source/FilteringFunctions/arm_fir_decimate_fast_q31.c ****  * <b>Scaling and Overflow Behavior:</b>
  49:DSP/Source/FilteringFunctions/arm_fir_decimate_fast_q31.c ****  *
  50:DSP/Source/FilteringFunctions/arm_fir_decimate_fast_q31.c ****  * \par
  51:DSP/Source/FilteringFunctions/arm_fir_decimate_fast_q31.c ****  * This function is optimized for speed at the expense of fixed-point precision and overflow protec
  52:DSP/Source/FilteringFunctions/arm_fir_decimate_fast_q31.c ****  * The result of each 1.31 x 1.31 multiplication is truncated to 2.30 format.
  53:DSP/Source/FilteringFunctions/arm_fir_decimate_fast_q31.c ****  * These intermediate results are added to a 2.30 accumulator.
  54:DSP/Source/FilteringFunctions/arm_fir_decimate_fast_q31.c ****  * Finally, the accumulator is saturated and converted to a 1.31 result.
  55:DSP/Source/FilteringFunctions/arm_fir_decimate_fast_q31.c ****  * The fast version has the same overflow behavior as the standard version and provides less precis
  56:DSP/Source/FilteringFunctions/arm_fir_decimate_fast_q31.c ****  * In order to avoid overflows completely the input signal must be scaled down by log2(numTaps) bit
  57:DSP/Source/FilteringFunctions/arm_fir_decimate_fast_q31.c ****  *
  58:DSP/Source/FilteringFunctions/arm_fir_decimate_fast_q31.c ****  * \par
  59:DSP/Source/FilteringFunctions/arm_fir_decimate_fast_q31.c ****  * Refer to the function <code>arm_fir_decimate_q31()</code> for a slower implementation of this fu
  60:DSP/Source/FilteringFunctions/arm_fir_decimate_fast_q31.c ****  * Both the slow and the fast versions use the same instance structure.
  61:DSP/Source/FilteringFunctions/arm_fir_decimate_fast_q31.c ****  * Use the function <code>arm_fir_decimate_init_q31()</code> to initialize the filter structure.
  62:DSP/Source/FilteringFunctions/arm_fir_decimate_fast_q31.c ****  */
  63:DSP/Source/FilteringFunctions/arm_fir_decimate_fast_q31.c **** 
  64:DSP/Source/FilteringFunctions/arm_fir_decimate_fast_q31.c **** void arm_fir_decimate_fast_q31(
  65:DSP/Source/FilteringFunctions/arm_fir_decimate_fast_q31.c ****   arm_fir_decimate_instance_q31 * S,
  66:DSP/Source/FilteringFunctions/arm_fir_decimate_fast_q31.c ****   q31_t * pSrc,
  67:DSP/Source/FilteringFunctions/arm_fir_decimate_fast_q31.c ****   q31_t * pDst,
  68:DSP/Source/FilteringFunctions/arm_fir_decimate_fast_q31.c ****   uint32_t blockSize)
  69:DSP/Source/FilteringFunctions/arm_fir_decimate_fast_q31.c **** {
  30              		.loc 1 69 1 view -0
  31              		.cfi_startproc
  32              		@ args = 0, pretend = 0, frame = 32
  33              		@ frame_needed = 0, uses_anonymous_args = 0
  34              		.loc 1 69 1 is_stmt 0 view .LVU1
  35 0000 2DE9F04F 		push	{r4, r5, r6, r7, r8, r9, r10, fp, lr}
  36              	.LCFI0:
  37              		.cfi_def_cfa_offset 36
  38              		.cfi_offset 4, -36
  39              		.cfi_offset 5, -32
  40              		.cfi_offset 6, -28
  41              		.cfi_offset 7, -24
  42              		.cfi_offset 8, -20
  43              		.cfi_offset 9, -16
  44              		.cfi_offset 10, -12
  45              		.cfi_offset 11, -8
  46              		.cfi_offset 14, -4
ARM GAS  /var/folders/ck/g3dcd5x55xs4107jgdl0snvr0000gn/T//cc4R8sxY.s 			page 3


  47 0004 89B0     		sub	sp, sp, #36
  48              	.LCFI1:
  49              		.cfi_def_cfa_offset 72
  50 0006 8A46     		mov	r10, r1
  51 0008 0092     		str	r2, [sp]
  70:DSP/Source/FilteringFunctions/arm_fir_decimate_fast_q31.c ****   q31_t *pState = S->pState;                     /* State pointer */
  52              		.loc 1 70 3 is_stmt 1 view .LVU2
  53              		.loc 1 70 10 is_stmt 0 view .LVU3
  54 000a D0F808B0 		ldr	fp, [r0, #8]
  55              	.LVL1:
  71:DSP/Source/FilteringFunctions/arm_fir_decimate_fast_q31.c ****   q31_t *pCoeffs = S->pCoeffs;                   /* Coefficient pointer */
  56              		.loc 1 71 3 is_stmt 1 view .LVU4
  57              		.loc 1 71 10 is_stmt 0 view .LVU5
  58 000e 4268     		ldr	r2, [r0, #4]
  59              	.LVL2:
  60              		.loc 1 71 10 view .LVU6
  61 0010 0292     		str	r2, [sp, #8]
  62              	.LVL3:
  72:DSP/Source/FilteringFunctions/arm_fir_decimate_fast_q31.c ****   q31_t *pStateCurnt;                            /* Points to the current sample of the state */
  63              		.loc 1 72 3 is_stmt 1 view .LVU7
  73:DSP/Source/FilteringFunctions/arm_fir_decimate_fast_q31.c ****   q31_t x0, c0;                                  /* Temporary variables to hold state and coefficie
  64              		.loc 1 73 3 view .LVU8
  74:DSP/Source/FilteringFunctions/arm_fir_decimate_fast_q31.c ****   q31_t *px;                                     /* Temporary pointers for state buffer */
  65              		.loc 1 74 3 view .LVU9
  75:DSP/Source/FilteringFunctions/arm_fir_decimate_fast_q31.c ****   q31_t *pb;                                     /* Temporary pointers for coefficient buffer */
  66              		.loc 1 75 3 view .LVU10
  76:DSP/Source/FilteringFunctions/arm_fir_decimate_fast_q31.c ****   q31_t sum0;                                    /* Accumulator */
  67              		.loc 1 76 3 view .LVU11
  77:DSP/Source/FilteringFunctions/arm_fir_decimate_fast_q31.c ****   uint32_t numTaps = S->numTaps;                 /* Number of taps */
  68              		.loc 1 77 3 view .LVU12
  69              		.loc 1 77 23 is_stmt 0 view .LVU13
  70 0012 4788     		ldrh	r7, [r0, #2]
  71              	.LVL4:
  78:DSP/Source/FilteringFunctions/arm_fir_decimate_fast_q31.c ****   uint32_t i, tapCnt, blkCnt, outBlockSize = blockSize / S->M;  /* Loop counters */
  72              		.loc 1 78 3 is_stmt 1 view .LVU14
  73              		.loc 1 78 59 is_stmt 0 view .LVU15
  74 0014 0278     		ldrb	r2, [r0]	@ zero_extendqisi2
  75              	.LVL5:
  76              		.loc 1 78 31 view .LVU16
  77 0016 B3FBF2F3 		udiv	r3, r3, r2
  78              	.LVL6:
  79:DSP/Source/FilteringFunctions/arm_fir_decimate_fast_q31.c ****   uint32_t blkCntN2;
  79              		.loc 1 79 3 is_stmt 1 view .LVU17
  80:DSP/Source/FilteringFunctions/arm_fir_decimate_fast_q31.c ****   q31_t x1;
  80              		.loc 1 80 3 view .LVU18
  81:DSP/Source/FilteringFunctions/arm_fir_decimate_fast_q31.c ****   q31_t acc0, acc1;
  81              		.loc 1 81 3 view .LVU19
  82:DSP/Source/FilteringFunctions/arm_fir_decimate_fast_q31.c ****   q31_t *px0, *px1;
  82              		.loc 1 82 3 view .LVU20
  83:DSP/Source/FilteringFunctions/arm_fir_decimate_fast_q31.c **** 
  84:DSP/Source/FilteringFunctions/arm_fir_decimate_fast_q31.c ****   /* S->pState buffer contains previous frame (numTaps - 1) samples */
  85:DSP/Source/FilteringFunctions/arm_fir_decimate_fast_q31.c ****   /* pStateCurnt points to the location where the new input data should be written */
  86:DSP/Source/FilteringFunctions/arm_fir_decimate_fast_q31.c ****   pStateCurnt = S->pState + (numTaps - 1U);
  83              		.loc 1 86 3 view .LVU21
  84              		.loc 1 86 27 is_stmt 0 view .LVU22
  85 001a 07F1804E 		add	lr, r7, #1073741824
  86 001e 0EF1FF3E 		add	lr, lr, #-1
ARM GAS  /var/folders/ck/g3dcd5x55xs4107jgdl0snvr0000gn/T//cc4R8sxY.s 			page 4


  87              		.loc 1 86 15 view .LVU23
  88 0022 0BEB8E0E 		add	lr, fp, lr, lsl #2
  89              	.LVL7:
  87:DSP/Source/FilteringFunctions/arm_fir_decimate_fast_q31.c **** 
  88:DSP/Source/FilteringFunctions/arm_fir_decimate_fast_q31.c ****   /* Total number of output samples to be computed */
  89:DSP/Source/FilteringFunctions/arm_fir_decimate_fast_q31.c **** 
  90:DSP/Source/FilteringFunctions/arm_fir_decimate_fast_q31.c ****   blkCnt = outBlockSize / 2;
  90              		.loc 1 90 3 is_stmt 1 view .LVU24
  91              		.loc 1 90 10 is_stmt 0 view .LVU25
  92 0026 4FEA5308 		lsr	r8, r3, #1
  93              	.LVL8:
  91:DSP/Source/FilteringFunctions/arm_fir_decimate_fast_q31.c ****   blkCntN2 = outBlockSize - (2 * blkCnt);
  94              		.loc 1 91 3 is_stmt 1 view .LVU26
  95 002a 03F00101 		and	r1, r3, #1
  96              	.LVL9:
  92:DSP/Source/FilteringFunctions/arm_fir_decimate_fast_q31.c **** 
  93:DSP/Source/FilteringFunctions/arm_fir_decimate_fast_q31.c ****   while (blkCnt > 0U)
  97              		.loc 1 93 3 view .LVU27
  98 002e BC46     		mov	ip, r7
  99 0030 CDF804E0 		str	lr, [sp, #4]
 100 0034 C146     		mov	r9, r8
 101 0036 0791     		str	r1, [sp, #28]
 102 0038 0746     		mov	r7, r0
 103              	.LVL10:
 104              		.loc 1 93 9 is_stmt 0 view .LVU28
 105 003a AAE0     		b	.L2
 106              	.LVL11:
 107              	.L5:
  94:DSP/Source/FilteringFunctions/arm_fir_decimate_fast_q31.c ****   {
  95:DSP/Source/FilteringFunctions/arm_fir_decimate_fast_q31.c ****     /* Copy decimation factor number of new input samples into the state buffer */
  96:DSP/Source/FilteringFunctions/arm_fir_decimate_fast_q31.c ****     i = 2 * S->M;
  97:DSP/Source/FilteringFunctions/arm_fir_decimate_fast_q31.c **** 
  98:DSP/Source/FilteringFunctions/arm_fir_decimate_fast_q31.c ****     do
  99:DSP/Source/FilteringFunctions/arm_fir_decimate_fast_q31.c ****     {
 100:DSP/Source/FilteringFunctions/arm_fir_decimate_fast_q31.c ****       *pStateCurnt++ = *pSrc++;
 101:DSP/Source/FilteringFunctions/arm_fir_decimate_fast_q31.c **** 
 102:DSP/Source/FilteringFunctions/arm_fir_decimate_fast_q31.c ****     } while (--i);
 103:DSP/Source/FilteringFunctions/arm_fir_decimate_fast_q31.c **** 
 104:DSP/Source/FilteringFunctions/arm_fir_decimate_fast_q31.c ****     /* Set accumulator to zero */
 105:DSP/Source/FilteringFunctions/arm_fir_decimate_fast_q31.c ****     acc0 = 0;
 106:DSP/Source/FilteringFunctions/arm_fir_decimate_fast_q31.c ****     acc1 = 0;
 107:DSP/Source/FilteringFunctions/arm_fir_decimate_fast_q31.c **** 
 108:DSP/Source/FilteringFunctions/arm_fir_decimate_fast_q31.c ****     /* Initialize state pointer */
 109:DSP/Source/FilteringFunctions/arm_fir_decimate_fast_q31.c ****     px0 = pState;
 110:DSP/Source/FilteringFunctions/arm_fir_decimate_fast_q31.c ****     px1 = pState + S->M;
 111:DSP/Source/FilteringFunctions/arm_fir_decimate_fast_q31.c **** 
 112:DSP/Source/FilteringFunctions/arm_fir_decimate_fast_q31.c ****     /* Initialize coeff pointer */
 113:DSP/Source/FilteringFunctions/arm_fir_decimate_fast_q31.c ****     pb = pCoeffs;
 114:DSP/Source/FilteringFunctions/arm_fir_decimate_fast_q31.c **** 
 115:DSP/Source/FilteringFunctions/arm_fir_decimate_fast_q31.c ****     /* Loop unrolling.  Process 4 taps at a time. */
 116:DSP/Source/FilteringFunctions/arm_fir_decimate_fast_q31.c ****     tapCnt = numTaps >> 2;
 117:DSP/Source/FilteringFunctions/arm_fir_decimate_fast_q31.c **** 
 118:DSP/Source/FilteringFunctions/arm_fir_decimate_fast_q31.c ****     /* Loop over the number of taps.  Unroll by a factor of 4.
 119:DSP/Source/FilteringFunctions/arm_fir_decimate_fast_q31.c ****      ** Repeat until we've computed numTaps-4 coefficients. */
 120:DSP/Source/FilteringFunctions/arm_fir_decimate_fast_q31.c ****     while (tapCnt > 0U)
 121:DSP/Source/FilteringFunctions/arm_fir_decimate_fast_q31.c ****     {
 122:DSP/Source/FilteringFunctions/arm_fir_decimate_fast_q31.c ****       /* Read the b[numTaps-1] coefficient */
ARM GAS  /var/folders/ck/g3dcd5x55xs4107jgdl0snvr0000gn/T//cc4R8sxY.s 			page 5


 123:DSP/Source/FilteringFunctions/arm_fir_decimate_fast_q31.c ****       c0 = *(pb);
 108              		.loc 1 123 7 is_stmt 1 view .LVU29
 109              		.loc 1 123 10 is_stmt 0 view .LVU30
 110 003c 0D68     		ldr	r5, [r1]
 111              	.LVL12:
 124:DSP/Source/FilteringFunctions/arm_fir_decimate_fast_q31.c **** 
 125:DSP/Source/FilteringFunctions/arm_fir_decimate_fast_q31.c ****       /* Read x[n-numTaps-1] for sample 0 sample 1 */
 126:DSP/Source/FilteringFunctions/arm_fir_decimate_fast_q31.c ****       x0 = *(px0);
 112              		.loc 1 126 7 is_stmt 1 view .LVU31
 113              		.loc 1 126 10 is_stmt 0 view .LVU32
 114 003e D0F80080 		ldr	r8, [r0]
 115              	.LVL13:
 127:DSP/Source/FilteringFunctions/arm_fir_decimate_fast_q31.c ****       x1 = *(px1);
 116              		.loc 1 127 7 is_stmt 1 view .LVU33
 117              		.loc 1 127 10 is_stmt 0 view .LVU34
 118 0042 2668     		ldr	r6, [r4]
 119              	.LVL14:
 128:DSP/Source/FilteringFunctions/arm_fir_decimate_fast_q31.c **** 
 129:DSP/Source/FilteringFunctions/arm_fir_decimate_fast_q31.c ****       /* Perform the multiply-accumulate */
 130:DSP/Source/FilteringFunctions/arm_fir_decimate_fast_q31.c ****       acc0 = (q31_t) ((((q63_t) acc0 << 32) + ((q63_t) x0 * c0)) >> 32);
 120              		.loc 1 130 7 is_stmt 1 view .LVU35
 121              		.loc 1 130 48 is_stmt 0 view .LVU36
 122 0044 4FEAE87B 		asr	fp, r8, #31
 123              		.loc 1 130 59 view .LVU37
 124 0048 4FEAE579 		asr	r9, r5, #31
 125 004c 08FB09FE 		mul	lr, r8, r9
 126 0050 05FB0BEE 		mla	lr, r5, fp, lr
 127 0054 A8FB058B 		umull	r8, fp, r8, r5
 128              	.LVL15:
 129              		.loc 1 130 59 view .LVU38
 130 0058 DE44     		add	lr, lr, fp
 131              		.loc 1 130 45 view .LVU39
 132 005a 7244     		add	r2, r2, lr
 133              	.LVL16:
 131:DSP/Source/FilteringFunctions/arm_fir_decimate_fast_q31.c ****       acc1 = (q31_t) ((((q63_t) acc1 << 32) + ((q63_t) x1 * c0)) >> 32);
 134              		.loc 1 131 7 is_stmt 1 view .LVU40
 135              		.loc 1 131 48 is_stmt 0 view .LVU41
 136 005c 4FEAE67E 		asr	lr, r6, #31
 137              		.loc 1 131 59 view .LVU42
 138 0060 05FB0EFE 		mul	lr, r5, lr
 139 0064 06FB09EE 		mla	lr, r6, r9, lr
 140 0068 A5FB0656 		umull	r5, r6, r5, r6
 141              	.LVL17:
 142              		.loc 1 131 59 view .LVU43
 143 006c B644     		add	lr, lr, r6
 144              		.loc 1 131 45 view .LVU44
 145 006e 7344     		add	r3, r3, lr
 146              	.LVL18:
 132:DSP/Source/FilteringFunctions/arm_fir_decimate_fast_q31.c **** 
 133:DSP/Source/FilteringFunctions/arm_fir_decimate_fast_q31.c ****       /* Read the b[numTaps-2] coefficient */
 134:DSP/Source/FilteringFunctions/arm_fir_decimate_fast_q31.c ****       c0 = *(pb + 1U);
 147              		.loc 1 134 7 is_stmt 1 view .LVU45
 148              		.loc 1 134 10 is_stmt 0 view .LVU46
 149 0070 4D68     		ldr	r5, [r1, #4]
 150              	.LVL19:
 135:DSP/Source/FilteringFunctions/arm_fir_decimate_fast_q31.c **** 
 136:DSP/Source/FilteringFunctions/arm_fir_decimate_fast_q31.c ****       /* Read x[n-numTaps-2]  for sample 0 sample 1  */
ARM GAS  /var/folders/ck/g3dcd5x55xs4107jgdl0snvr0000gn/T//cc4R8sxY.s 			page 6


 137:DSP/Source/FilteringFunctions/arm_fir_decimate_fast_q31.c ****       x0 = *(px0 + 1U);
 151              		.loc 1 137 7 is_stmt 1 view .LVU47
 152              		.loc 1 137 10 is_stmt 0 view .LVU48
 153 0072 D0F80480 		ldr	r8, [r0, #4]
 154              	.LVL20:
 138:DSP/Source/FilteringFunctions/arm_fir_decimate_fast_q31.c ****       x1 = *(px1 + 1U);
 155              		.loc 1 138 7 is_stmt 1 view .LVU49
 156              		.loc 1 138 10 is_stmt 0 view .LVU50
 157 0076 6668     		ldr	r6, [r4, #4]
 158              	.LVL21:
 139:DSP/Source/FilteringFunctions/arm_fir_decimate_fast_q31.c **** 
 140:DSP/Source/FilteringFunctions/arm_fir_decimate_fast_q31.c ****       /* Perform the multiply-accumulate */
 141:DSP/Source/FilteringFunctions/arm_fir_decimate_fast_q31.c ****       acc0 = (q31_t) ((((q63_t) acc0 << 32) + ((q63_t) x0 * c0)) >> 32);
 159              		.loc 1 141 7 is_stmt 1 view .LVU51
 160              		.loc 1 141 48 is_stmt 0 view .LVU52
 161 0078 4FEAE87B 		asr	fp, r8, #31
 162              		.loc 1 141 59 view .LVU53
 163 007c 4FEAE579 		asr	r9, r5, #31
 164 0080 08FB09FE 		mul	lr, r8, r9
 165 0084 05FB0BEE 		mla	lr, r5, fp, lr
 166 0088 A8FB058B 		umull	r8, fp, r8, r5
 167              	.LVL22:
 168              		.loc 1 141 59 view .LVU54
 169 008c DE44     		add	lr, lr, fp
 170              		.loc 1 141 45 view .LVU55
 171 008e 7244     		add	r2, r2, lr
 142:DSP/Source/FilteringFunctions/arm_fir_decimate_fast_q31.c ****       acc1 = (q31_t) ((((q63_t) acc1 << 32) + ((q63_t) x1 * c0)) >> 32);
 172              		.loc 1 142 7 is_stmt 1 view .LVU56
 173              		.loc 1 142 48 is_stmt 0 view .LVU57
 174 0090 4FEAE67E 		asr	lr, r6, #31
 175              		.loc 1 142 59 view .LVU58
 176 0094 05FB0EFE 		mul	lr, r5, lr
 177 0098 06FB09EE 		mla	lr, r6, r9, lr
 178 009c A5FB0656 		umull	r5, r6, r5, r6
 179              	.LVL23:
 180              		.loc 1 142 59 view .LVU59
 181 00a0 B644     		add	lr, lr, r6
 182              		.loc 1 142 45 view .LVU60
 183 00a2 7344     		add	r3, r3, lr
 143:DSP/Source/FilteringFunctions/arm_fir_decimate_fast_q31.c **** 
 144:DSP/Source/FilteringFunctions/arm_fir_decimate_fast_q31.c ****       /* Read the b[numTaps-3] coefficient */
 145:DSP/Source/FilteringFunctions/arm_fir_decimate_fast_q31.c ****       c0 = *(pb + 2U);
 184              		.loc 1 145 7 is_stmt 1 view .LVU61
 185              		.loc 1 145 10 is_stmt 0 view .LVU62
 186 00a4 8E68     		ldr	r6, [r1, #8]
 187              	.LVL24:
 146:DSP/Source/FilteringFunctions/arm_fir_decimate_fast_q31.c **** 
 147:DSP/Source/FilteringFunctions/arm_fir_decimate_fast_q31.c ****       /* Read x[n-numTaps-3]  for sample 0 sample 1 */
 148:DSP/Source/FilteringFunctions/arm_fir_decimate_fast_q31.c ****       x0 = *(px0 + 2U);
 188              		.loc 1 148 7 is_stmt 1 view .LVU63
 189              		.loc 1 148 10 is_stmt 0 view .LVU64
 190 00a6 D0F80880 		ldr	r8, [r0, #8]
 191              	.LVL25:
 149:DSP/Source/FilteringFunctions/arm_fir_decimate_fast_q31.c ****       x1 = *(px1 + 2U);
 192              		.loc 1 149 7 is_stmt 1 view .LVU65
 193              		.loc 1 149 10 is_stmt 0 view .LVU66
 194 00aa A568     		ldr	r5, [r4, #8]
ARM GAS  /var/folders/ck/g3dcd5x55xs4107jgdl0snvr0000gn/T//cc4R8sxY.s 			page 7


 195              	.LVL26:
 150:DSP/Source/FilteringFunctions/arm_fir_decimate_fast_q31.c ****       pb += 4U;
 196              		.loc 1 150 7 is_stmt 1 view .LVU67
 197              		.loc 1 150 10 is_stmt 0 view .LVU68
 198 00ac 1031     		adds	r1, r1, #16
 199              	.LVL27:
 151:DSP/Source/FilteringFunctions/arm_fir_decimate_fast_q31.c **** 
 152:DSP/Source/FilteringFunctions/arm_fir_decimate_fast_q31.c ****       /* Perform the multiply-accumulate */
 153:DSP/Source/FilteringFunctions/arm_fir_decimate_fast_q31.c ****       acc0 = (q31_t) ((((q63_t) acc0 << 32) + ((q63_t) x0 * c0)) >> 32);
 200              		.loc 1 153 7 is_stmt 1 view .LVU69
 201              		.loc 1 153 48 is_stmt 0 view .LVU70
 202 00ae 4FEAE87B 		asr	fp, r8, #31
 203              		.loc 1 153 59 view .LVU71
 204 00b2 4FEAE679 		asr	r9, r6, #31
 205 00b6 08FB09FE 		mul	lr, r8, r9
 206 00ba 06FB0BEE 		mla	lr, r6, fp, lr
 207 00be A8FB068B 		umull	r8, fp, r8, r6
 208              	.LVL28:
 209              		.loc 1 153 59 view .LVU72
 210 00c2 DE44     		add	lr, lr, fp
 211              		.loc 1 153 45 view .LVU73
 212 00c4 9644     		add	lr, lr, r2
 154:DSP/Source/FilteringFunctions/arm_fir_decimate_fast_q31.c ****       acc1 = (q31_t) ((((q63_t) acc1 << 32) + ((q63_t) x1 * c0)) >> 32);
 213              		.loc 1 154 7 is_stmt 1 view .LVU74
 214              		.loc 1 154 48 is_stmt 0 view .LVU75
 215 00c6 EA17     		asrs	r2, r5, #31
 216              		.loc 1 154 59 view .LVU76
 217 00c8 06FB02F2 		mul	r2, r6, r2
 218 00cc 05FB0922 		mla	r2, r5, r9, r2
 219 00d0 A6FB0565 		umull	r6, r5, r6, r5
 220              	.LVL29:
 221              		.loc 1 154 59 view .LVU77
 222 00d4 2A44     		add	r2, r2, r5
 223              		.loc 1 154 45 view .LVU78
 224 00d6 9D18     		adds	r5, r3, r2
 155:DSP/Source/FilteringFunctions/arm_fir_decimate_fast_q31.c **** 
 156:DSP/Source/FilteringFunctions/arm_fir_decimate_fast_q31.c ****       /* Read the b[numTaps-4] coefficient */
 157:DSP/Source/FilteringFunctions/arm_fir_decimate_fast_q31.c ****       c0 = *(pb - 1U);
 225              		.loc 1 157 7 is_stmt 1 view .LVU79
 226              		.loc 1 157 10 is_stmt 0 view .LVU80
 227 00d8 51F8046C 		ldr	r6, [r1, #-4]
 228              	.LVL30:
 158:DSP/Source/FilteringFunctions/arm_fir_decimate_fast_q31.c **** 
 159:DSP/Source/FilteringFunctions/arm_fir_decimate_fast_q31.c ****       /* Read x[n-numTaps-4] for sample 0 sample 1 */
 160:DSP/Source/FilteringFunctions/arm_fir_decimate_fast_q31.c ****       x0 = *(px0 + 3U);
 229              		.loc 1 160 7 is_stmt 1 view .LVU81
 230              		.loc 1 160 10 is_stmt 0 view .LVU82
 231 00dc D0F80C80 		ldr	r8, [r0, #12]
 232              	.LVL31:
 161:DSP/Source/FilteringFunctions/arm_fir_decimate_fast_q31.c ****       x1 = *(px1 + 3U);
 233              		.loc 1 161 7 is_stmt 1 view .LVU83
 234              		.loc 1 161 10 is_stmt 0 view .LVU84
 235 00e0 E368     		ldr	r3, [r4, #12]
 236              	.LVL32:
 162:DSP/Source/FilteringFunctions/arm_fir_decimate_fast_q31.c **** 
 163:DSP/Source/FilteringFunctions/arm_fir_decimate_fast_q31.c **** 
 164:DSP/Source/FilteringFunctions/arm_fir_decimate_fast_q31.c ****       /* Perform the multiply-accumulate */
ARM GAS  /var/folders/ck/g3dcd5x55xs4107jgdl0snvr0000gn/T//cc4R8sxY.s 			page 8


 165:DSP/Source/FilteringFunctions/arm_fir_decimate_fast_q31.c ****       acc0 = (q31_t) ((((q63_t) acc0 << 32) + ((q63_t) x0 * c0)) >> 32);
 237              		.loc 1 165 7 is_stmt 1 view .LVU85
 238              		.loc 1 165 48 is_stmt 0 view .LVU86
 239 00e2 4FEAE87B 		asr	fp, r8, #31
 240              		.loc 1 165 59 view .LVU87
 241 00e6 4FEAE679 		asr	r9, r6, #31
 242 00ea 08FB09F2 		mul	r2, r8, r9
 243 00ee 06FB0B22 		mla	r2, r6, fp, r2
 244 00f2 A8FB068B 		umull	r8, fp, r8, r6
 245              	.LVL33:
 246              		.loc 1 165 59 view .LVU88
 247 00f6 5A44     		add	r2, r2, fp
 248              		.loc 1 165 12 view .LVU89
 249 00f8 7244     		add	r2, r2, lr
 250              	.LVL34:
 166:DSP/Source/FilteringFunctions/arm_fir_decimate_fast_q31.c ****       acc1 = (q31_t) ((((q63_t) acc1 << 32) + ((q63_t) x1 * c0)) >> 32);
 251              		.loc 1 166 7 is_stmt 1 view .LVU90
 252              		.loc 1 166 48 is_stmt 0 view .LVU91
 253 00fa 4FEAE37E 		asr	lr, r3, #31
 254              		.loc 1 166 59 view .LVU92
 255 00fe 06FB0EFE 		mul	lr, r6, lr
 256 0102 03FB09EE 		mla	lr, r3, r9, lr
 257 0106 A6FB0363 		umull	r6, r3, r6, r3
 258              	.LVL35:
 259              		.loc 1 166 59 view .LVU93
 260 010a 9E44     		add	lr, lr, r3
 261              		.loc 1 166 12 view .LVU94
 262 010c 05EB0E03 		add	r3, r5, lr
 263              	.LVL36:
 167:DSP/Source/FilteringFunctions/arm_fir_decimate_fast_q31.c **** 
 168:DSP/Source/FilteringFunctions/arm_fir_decimate_fast_q31.c ****       /* update state pointers */
 169:DSP/Source/FilteringFunctions/arm_fir_decimate_fast_q31.c ****       px0 += 4U;
 264              		.loc 1 169 7 is_stmt 1 view .LVU95
 265              		.loc 1 169 11 is_stmt 0 view .LVU96
 266 0110 1030     		adds	r0, r0, #16
 267              	.LVL37:
 170:DSP/Source/FilteringFunctions/arm_fir_decimate_fast_q31.c ****       px1 += 4U;
 268              		.loc 1 170 7 is_stmt 1 view .LVU97
 269              		.loc 1 170 11 is_stmt 0 view .LVU98
 270 0112 1034     		adds	r4, r4, #16
 271              	.LVL38:
 171:DSP/Source/FilteringFunctions/arm_fir_decimate_fast_q31.c **** 
 172:DSP/Source/FilteringFunctions/arm_fir_decimate_fast_q31.c ****       /* Decrement the loop counter */
 173:DSP/Source/FilteringFunctions/arm_fir_decimate_fast_q31.c ****       tapCnt--;
 272              		.loc 1 173 7 is_stmt 1 view .LVU99
 273              		.loc 1 173 13 is_stmt 0 view .LVU100
 274 0114 013F     		subs	r7, r7, #1
 275              	.LVL39:
 276              	.L4:
 120:DSP/Source/FilteringFunctions/arm_fir_decimate_fast_q31.c ****     {
 277              		.loc 1 120 19 is_stmt 1 view .LVU101
 278 0116 002F     		cmp	r7, #0
 279 0118 90D1     		bne	.L5
 174:DSP/Source/FilteringFunctions/arm_fir_decimate_fast_q31.c ****     }
 175:DSP/Source/FilteringFunctions/arm_fir_decimate_fast_q31.c **** 
 176:DSP/Source/FilteringFunctions/arm_fir_decimate_fast_q31.c ****     /* If the filter length is not a multiple of 4, compute the remaining filter taps */
 177:DSP/Source/FilteringFunctions/arm_fir_decimate_fast_q31.c ****     tapCnt = numTaps % 0x4U;
ARM GAS  /var/folders/ck/g3dcd5x55xs4107jgdl0snvr0000gn/T//cc4R8sxY.s 			page 9


 280              		.loc 1 177 12 is_stmt 0 view .LVU102
 281 011a 6746     		mov	r7, ip
 282              	.LVL40:
 283              		.loc 1 177 12 view .LVU103
 284 011c DDF80CC0 		ldr	ip, [sp, #12]
 285              	.LVL41:
 286              		.loc 1 177 5 is_stmt 1 view .LVU104
 287              		.loc 1 177 12 is_stmt 0 view .LVU105
 288 0120 0CF00308 		and	r8, ip, #3
 289              	.LVL42:
 178:DSP/Source/FilteringFunctions/arm_fir_decimate_fast_q31.c **** 
 179:DSP/Source/FilteringFunctions/arm_fir_decimate_fast_q31.c ****     while (tapCnt > 0U)
 290              		.loc 1 179 5 is_stmt 1 view .LVU106
 291 0124 9146     		mov	r9, r2
 292 0126 4246     		mov	r2, r8
 293              	.LVL43:
 294              		.loc 1 179 5 is_stmt 0 view .LVU107
 295 0128 9B46     		mov	fp, r3
 296              		.loc 1 179 11 view .LVU108
 297 012a 1BE0     		b	.L6
 298              	.LVL44:
 299              	.L7:
 180:DSP/Source/FilteringFunctions/arm_fir_decimate_fast_q31.c ****     {
 181:DSP/Source/FilteringFunctions/arm_fir_decimate_fast_q31.c ****       /* Read coefficients */
 182:DSP/Source/FilteringFunctions/arm_fir_decimate_fast_q31.c ****       c0 = *(pb++);
 300              		.loc 1 182 7 is_stmt 1 view .LVU109
 301              		.loc 1 182 10 is_stmt 0 view .LVU110
 302 012c 51F8045B 		ldr	r5, [r1], #4
 303              	.LVL45:
 183:DSP/Source/FilteringFunctions/arm_fir_decimate_fast_q31.c **** 
 184:DSP/Source/FilteringFunctions/arm_fir_decimate_fast_q31.c ****       /* Fetch 1 state variable */
 185:DSP/Source/FilteringFunctions/arm_fir_decimate_fast_q31.c ****       x0 = *(px0++);
 304              		.loc 1 185 7 is_stmt 1 view .LVU111
 305              		.loc 1 185 10 is_stmt 0 view .LVU112
 306 0130 50F8043B 		ldr	r3, [r0], #4
 307              	.LVL46:
 186:DSP/Source/FilteringFunctions/arm_fir_decimate_fast_q31.c ****       x1 = *(px1++);
 308              		.loc 1 186 7 is_stmt 1 view .LVU113
 309              		.loc 1 186 10 is_stmt 0 view .LVU114
 310 0134 54F8046B 		ldr	r6, [r4], #4
 311              	.LVL47:
 187:DSP/Source/FilteringFunctions/arm_fir_decimate_fast_q31.c **** 
 188:DSP/Source/FilteringFunctions/arm_fir_decimate_fast_q31.c ****       /* Perform the multiply-accumulate */
 189:DSP/Source/FilteringFunctions/arm_fir_decimate_fast_q31.c ****       acc0 = (q31_t) ((((q63_t) acc0 << 32) + ((q63_t) x0 * c0)) >> 32);
 312              		.loc 1 189 7 is_stmt 1 view .LVU115
 313              		.loc 1 189 48 is_stmt 0 view .LVU116
 314 0138 4FEAE37E 		asr	lr, r3, #31
 315              		.loc 1 189 59 view .LVU117
 316 013c 4FEAE578 		asr	r8, r5, #31
 317 0140 03FB08FC 		mul	ip, r3, r8
 318 0144 05FB0ECC 		mla	ip, r5, lr, ip
 319 0148 A3FB05E3 		umull	lr, r3, r3, r5
 320              	.LVL48:
 321              		.loc 1 189 59 view .LVU118
 322 014c 9C44     		add	ip, ip, r3
 323              		.loc 1 189 12 view .LVU119
 324 014e E144     		add	r9, r9, ip
ARM GAS  /var/folders/ck/g3dcd5x55xs4107jgdl0snvr0000gn/T//cc4R8sxY.s 			page 10


 325              	.LVL49:
 190:DSP/Source/FilteringFunctions/arm_fir_decimate_fast_q31.c ****       acc1 = (q31_t) ((((q63_t) acc1 << 32) + ((q63_t) x1 * c0)) >> 32);
 326              		.loc 1 190 7 is_stmt 1 view .LVU120
 327              		.loc 1 190 48 is_stmt 0 view .LVU121
 328 0150 F317     		asrs	r3, r6, #31
 329              		.loc 1 190 59 view .LVU122
 330 0152 05FB03F3 		mul	r3, r5, r3
 331 0156 06FB0833 		mla	r3, r6, r8, r3
 332 015a A5FB0656 		umull	r5, r6, r5, r6
 333              	.LVL50:
 334              		.loc 1 190 59 view .LVU123
 335 015e 3344     		add	r3, r3, r6
 336              		.loc 1 190 12 view .LVU124
 337 0160 9B44     		add	fp, fp, r3
 338              	.LVL51:
 191:DSP/Source/FilteringFunctions/arm_fir_decimate_fast_q31.c **** 
 192:DSP/Source/FilteringFunctions/arm_fir_decimate_fast_q31.c ****       /* Decrement the loop counter */
 193:DSP/Source/FilteringFunctions/arm_fir_decimate_fast_q31.c ****       tapCnt--;
 339              		.loc 1 193 7 is_stmt 1 view .LVU125
 340              		.loc 1 193 13 is_stmt 0 view .LVU126
 341 0162 013A     		subs	r2, r2, #1
 342              	.LVL52:
 343              	.L6:
 179:DSP/Source/FilteringFunctions/arm_fir_decimate_fast_q31.c ****     {
 344              		.loc 1 179 19 is_stmt 1 view .LVU127
 345 0164 002A     		cmp	r2, #0
 346 0166 E1D1     		bne	.L7
 194:DSP/Source/FilteringFunctions/arm_fir_decimate_fast_q31.c ****     }
 195:DSP/Source/FilteringFunctions/arm_fir_decimate_fast_q31.c **** 
 196:DSP/Source/FilteringFunctions/arm_fir_decimate_fast_q31.c ****     /* Advance the state pointer by the decimation factor
 197:DSP/Source/FilteringFunctions/arm_fir_decimate_fast_q31.c ****      * to process the next group of decimation factor number samples */
 198:DSP/Source/FilteringFunctions/arm_fir_decimate_fast_q31.c ****     pState = pState + S->M * 2;
 347              		.loc 1 198 12 is_stmt 0 view .LVU128
 348 0168 DDF80CC0 		ldr	ip, [sp, #12]
 349 016c 049D     		ldr	r5, [sp, #16]
 350 016e 4A46     		mov	r2, r9
 351              	.LVL53:
 352              		.loc 1 198 12 view .LVU129
 353 0170 DDF81890 		ldr	r9, [sp, #24]
 354              	.LVL54:
 355              		.loc 1 198 12 view .LVU130
 356 0174 5B46     		mov	r3, fp
 357 0176 DDF814B0 		ldr	fp, [sp, #20]
 358              	.LVL55:
 359              		.loc 1 198 5 is_stmt 1 view .LVU131
 360              		.loc 1 198 12 is_stmt 0 view .LVU132
 361 017a 0BEBC50B 		add	fp, fp, r5, lsl #3
 362              	.LVL56:
 199:DSP/Source/FilteringFunctions/arm_fir_decimate_fast_q31.c **** 
 200:DSP/Source/FilteringFunctions/arm_fir_decimate_fast_q31.c ****     /* The result is in the accumulator, store in the destination buffer. */
 201:DSP/Source/FilteringFunctions/arm_fir_decimate_fast_q31.c ****     *pDst++ = (q31_t) (acc0 << 1);
 363              		.loc 1 201 5 is_stmt 1 view .LVU133
 364              		.loc 1 201 15 is_stmt 0 view .LVU134
 365 017e 5200     		lsls	r2, r2, #1
 366              	.LVL57:
 367              		.loc 1 201 13 view .LVU135
 368 0180 0098     		ldr	r0, [sp]
ARM GAS  /var/folders/ck/g3dcd5x55xs4107jgdl0snvr0000gn/T//cc4R8sxY.s 			page 11


 369              	.LVL58:
 370              		.loc 1 201 13 view .LVU136
 371 0182 0146     		mov	r1, r0
 372              	.LVL59:
 373              		.loc 1 201 13 view .LVU137
 374 0184 41F8082B 		str	r2, [r1], #8
 202:DSP/Source/FilteringFunctions/arm_fir_decimate_fast_q31.c ****     *pDst++ = (q31_t) (acc1 << 1);
 375              		.loc 1 202 5 is_stmt 1 view .LVU138
 376              	.LVL60:
 377              		.loc 1 202 15 is_stmt 0 view .LVU139
 378 0188 5B00     		lsls	r3, r3, #1
 379              	.LVL61:
 380              		.loc 1 202 13 view .LVU140
 381 018a 4360     		str	r3, [r0, #4]
 203:DSP/Source/FilteringFunctions/arm_fir_decimate_fast_q31.c **** 
 204:DSP/Source/FilteringFunctions/arm_fir_decimate_fast_q31.c ****     /* Decrement the loop counter */
 205:DSP/Source/FilteringFunctions/arm_fir_decimate_fast_q31.c ****     blkCnt--;
 382              		.loc 1 205 5 is_stmt 1 view .LVU141
 383              		.loc 1 205 11 is_stmt 0 view .LVU142
 384 018c 09F1FF39 		add	r9, r9, #-1
 385              	.LVL62:
 202:DSP/Source/FilteringFunctions/arm_fir_decimate_fast_q31.c ****     *pDst++ = (q31_t) (acc1 << 1);
 386              		.loc 1 202 10 view .LVU143
 387 0190 0091     		str	r1, [sp]
 388              	.LVL63:
 389              	.L2:
  93:DSP/Source/FilteringFunctions/arm_fir_decimate_fast_q31.c ****   {
 390              		.loc 1 93 17 is_stmt 1 view .LVU144
 391 0192 B9F1000F 		cmp	r9, #0
 392 0196 22D0     		beq	.L21
  96:DSP/Source/FilteringFunctions/arm_fir_decimate_fast_q31.c **** 
 393              		.loc 1 96 5 view .LVU145
  96:DSP/Source/FilteringFunctions/arm_fir_decimate_fast_q31.c **** 
 394              		.loc 1 96 14 is_stmt 0 view .LVU146
 395 0198 3A78     		ldrb	r2, [r7]	@ zero_extendqisi2
  96:DSP/Source/FilteringFunctions/arm_fir_decimate_fast_q31.c **** 
 396              		.loc 1 96 11 view .LVU147
 397 019a 5200     		lsls	r2, r2, #1
 398              	.LVL64:
  96:DSP/Source/FilteringFunctions/arm_fir_decimate_fast_q31.c **** 
 399              		.loc 1 96 11 view .LVU148
 400 019c DDF804E0 		ldr	lr, [sp, #4]
 401              	.LVL65:
 402              	.L3:
  98:DSP/Source/FilteringFunctions/arm_fir_decimate_fast_q31.c ****     {
 403              		.loc 1 98 5 is_stmt 1 view .LVU149
 100:DSP/Source/FilteringFunctions/arm_fir_decimate_fast_q31.c **** 
 404              		.loc 1 100 7 view .LVU150
 100:DSP/Source/FilteringFunctions/arm_fir_decimate_fast_q31.c **** 
 405              		.loc 1 100 7 is_stmt 0 view .LVU151
 406 01a0 7146     		mov	r1, lr
 100:DSP/Source/FilteringFunctions/arm_fir_decimate_fast_q31.c **** 
 407              		.loc 1 100 19 view .LVU152
 408 01a2 0EF1040E 		add	lr, lr, #4
 409              	.LVL66:
 100:DSP/Source/FilteringFunctions/arm_fir_decimate_fast_q31.c **** 
 410              		.loc 1 100 24 view .LVU153
ARM GAS  /var/folders/ck/g3dcd5x55xs4107jgdl0snvr0000gn/T//cc4R8sxY.s 			page 12


 411 01a6 DAF80030 		ldr	r3, [r10]
 412 01aa 0AF1040A 		add	r10, r10, #4
 413              	.LVL67:
 100:DSP/Source/FilteringFunctions/arm_fir_decimate_fast_q31.c **** 
 414              		.loc 1 100 22 view .LVU154
 415 01ae 0B60     		str	r3, [r1]
 102:DSP/Source/FilteringFunctions/arm_fir_decimate_fast_q31.c **** 
 416              		.loc 1 102 14 is_stmt 1 discriminator 1 view .LVU155
 417              	.LVL68:
 102:DSP/Source/FilteringFunctions/arm_fir_decimate_fast_q31.c **** 
 418              		.loc 1 102 14 is_stmt 0 discriminator 1 view .LVU156
 419 01b0 013A     		subs	r2, r2, #1
 420              	.LVL69:
 102:DSP/Source/FilteringFunctions/arm_fir_decimate_fast_q31.c **** 
 421              		.loc 1 102 14 discriminator 1 view .LVU157
 422 01b2 F5D1     		bne	.L3
 110:DSP/Source/FilteringFunctions/arm_fir_decimate_fast_q31.c **** 
 423              		.loc 1 110 21 view .LVU158
 424 01b4 CDF804E0 		str	lr, [sp, #4]
 105:DSP/Source/FilteringFunctions/arm_fir_decimate_fast_q31.c ****     acc1 = 0;
 425              		.loc 1 105 5 is_stmt 1 view .LVU159
 426              	.LVL70:
 106:DSP/Source/FilteringFunctions/arm_fir_decimate_fast_q31.c **** 
 427              		.loc 1 106 5 view .LVU160
 109:DSP/Source/FilteringFunctions/arm_fir_decimate_fast_q31.c ****     px1 = pState + S->M;
 428              		.loc 1 109 5 view .LVU161
 110:DSP/Source/FilteringFunctions/arm_fir_decimate_fast_q31.c **** 
 429              		.loc 1 110 5 view .LVU162
 110:DSP/Source/FilteringFunctions/arm_fir_decimate_fast_q31.c **** 
 430              		.loc 1 110 21 is_stmt 0 view .LVU163
 431 01b8 3D78     		ldrb	r5, [r7]	@ zero_extendqisi2
 110:DSP/Source/FilteringFunctions/arm_fir_decimate_fast_q31.c **** 
 432              		.loc 1 110 9 view .LVU164
 433 01ba 0BEB8504 		add	r4, fp, r5, lsl #2
 434              	.LVL71:
 113:DSP/Source/FilteringFunctions/arm_fir_decimate_fast_q31.c **** 
 435              		.loc 1 113 5 is_stmt 1 view .LVU165
 116:DSP/Source/FilteringFunctions/arm_fir_decimate_fast_q31.c **** 
 436              		.loc 1 116 5 view .LVU166
 116:DSP/Source/FilteringFunctions/arm_fir_decimate_fast_q31.c **** 
 437              		.loc 1 116 12 is_stmt 0 view .LVU167
 438 01be 4FEA9C06 		lsr	r6, ip, #2
 439              	.LVL72:
 120:DSP/Source/FilteringFunctions/arm_fir_decimate_fast_q31.c ****     {
 440              		.loc 1 120 5 is_stmt 1 view .LVU168
 109:DSP/Source/FilteringFunctions/arm_fir_decimate_fast_q31.c ****     px1 = pState + S->M;
 441              		.loc 1 109 9 is_stmt 0 view .LVU169
 442 01c2 5846     		mov	r0, fp
 113:DSP/Source/FilteringFunctions/arm_fir_decimate_fast_q31.c **** 
 443              		.loc 1 113 8 view .LVU170
 444 01c4 0299     		ldr	r1, [sp, #8]
 106:DSP/Source/FilteringFunctions/arm_fir_decimate_fast_q31.c **** 
 445              		.loc 1 106 10 view .LVU171
 446 01c6 0023     		movs	r3, #0
 105:DSP/Source/FilteringFunctions/arm_fir_decimate_fast_q31.c ****     acc1 = 0;
 447              		.loc 1 105 10 view .LVU172
 448 01c8 1A46     		mov	r2, r3
ARM GAS  /var/folders/ck/g3dcd5x55xs4107jgdl0snvr0000gn/T//cc4R8sxY.s 			page 13


 449              	.LVL73:
 105:DSP/Source/FilteringFunctions/arm_fir_decimate_fast_q31.c ****     acc1 = 0;
 450              		.loc 1 105 10 view .LVU173
 451 01ca CDF80CC0 		str	ip, [sp, #12]
 452 01ce 0495     		str	r5, [sp, #16]
 453 01d0 CDF814B0 		str	fp, [sp, #20]
 454 01d4 CDF81890 		str	r9, [sp, #24]
 455 01d8 BC46     		mov	ip, r7
 456 01da 3746     		mov	r7, r6
 457              	.LVL74:
 120:DSP/Source/FilteringFunctions/arm_fir_decimate_fast_q31.c ****     {
 458              		.loc 1 120 11 view .LVU174
 459 01dc 9BE7     		b	.L4
 460              	.LVL75:
 461              	.L21:
 120:DSP/Source/FilteringFunctions/arm_fir_decimate_fast_q31.c ****     {
 462              		.loc 1 120 11 view .LVU175
 463 01de DDF804E0 		ldr	lr, [sp, #4]
 464 01e2 0799     		ldr	r1, [sp, #28]
 465 01e4 3C46     		mov	r4, r7
 466 01e6 6746     		mov	r7, ip
 467              	.LVL76:
 120:DSP/Source/FilteringFunctions/arm_fir_decimate_fast_q31.c ****     {
 468              		.loc 1 120 11 view .LVU176
 469 01e8 DDF80090 		ldr	r9, [sp]
 470              	.LVL77:
 120:DSP/Source/FilteringFunctions/arm_fir_decimate_fast_q31.c ****     {
 471              		.loc 1 120 11 view .LVU177
 472 01ec 5CE0     		b	.L9
 473              	.LVL78:
 474              	.L12:
 206:DSP/Source/FilteringFunctions/arm_fir_decimate_fast_q31.c ****   }
 207:DSP/Source/FilteringFunctions/arm_fir_decimate_fast_q31.c **** 
 208:DSP/Source/FilteringFunctions/arm_fir_decimate_fast_q31.c ****   while (blkCntN2 > 0U)
 209:DSP/Source/FilteringFunctions/arm_fir_decimate_fast_q31.c ****   {
 210:DSP/Source/FilteringFunctions/arm_fir_decimate_fast_q31.c ****     /* Copy decimation factor number of new input samples into the state buffer */
 211:DSP/Source/FilteringFunctions/arm_fir_decimate_fast_q31.c ****     i = S->M;
 212:DSP/Source/FilteringFunctions/arm_fir_decimate_fast_q31.c **** 
 213:DSP/Source/FilteringFunctions/arm_fir_decimate_fast_q31.c ****     do
 214:DSP/Source/FilteringFunctions/arm_fir_decimate_fast_q31.c ****     {
 215:DSP/Source/FilteringFunctions/arm_fir_decimate_fast_q31.c ****       *pStateCurnt++ = *pSrc++;
 216:DSP/Source/FilteringFunctions/arm_fir_decimate_fast_q31.c **** 
 217:DSP/Source/FilteringFunctions/arm_fir_decimate_fast_q31.c ****     } while (--i);
 218:DSP/Source/FilteringFunctions/arm_fir_decimate_fast_q31.c **** 
 219:DSP/Source/FilteringFunctions/arm_fir_decimate_fast_q31.c ****     /* Set accumulator to zero */
 220:DSP/Source/FilteringFunctions/arm_fir_decimate_fast_q31.c ****     sum0 = 0;
 221:DSP/Source/FilteringFunctions/arm_fir_decimate_fast_q31.c **** 
 222:DSP/Source/FilteringFunctions/arm_fir_decimate_fast_q31.c ****     /* Initialize state pointer */
 223:DSP/Source/FilteringFunctions/arm_fir_decimate_fast_q31.c ****     px = pState;
 224:DSP/Source/FilteringFunctions/arm_fir_decimate_fast_q31.c **** 
 225:DSP/Source/FilteringFunctions/arm_fir_decimate_fast_q31.c ****     /* Initialize coeff pointer */
 226:DSP/Source/FilteringFunctions/arm_fir_decimate_fast_q31.c ****     pb = pCoeffs;
 227:DSP/Source/FilteringFunctions/arm_fir_decimate_fast_q31.c **** 
 228:DSP/Source/FilteringFunctions/arm_fir_decimate_fast_q31.c ****     /* Loop unrolling.  Process 4 taps at a time. */
 229:DSP/Source/FilteringFunctions/arm_fir_decimate_fast_q31.c ****     tapCnt = numTaps >> 2;
 230:DSP/Source/FilteringFunctions/arm_fir_decimate_fast_q31.c **** 
 231:DSP/Source/FilteringFunctions/arm_fir_decimate_fast_q31.c ****     /* Loop over the number of taps.  Unroll by a factor of 4.
ARM GAS  /var/folders/ck/g3dcd5x55xs4107jgdl0snvr0000gn/T//cc4R8sxY.s 			page 14


 232:DSP/Source/FilteringFunctions/arm_fir_decimate_fast_q31.c ****      ** Repeat until we've computed numTaps-4 coefficients. */
 233:DSP/Source/FilteringFunctions/arm_fir_decimate_fast_q31.c ****     while (tapCnt > 0U)
 234:DSP/Source/FilteringFunctions/arm_fir_decimate_fast_q31.c ****     {
 235:DSP/Source/FilteringFunctions/arm_fir_decimate_fast_q31.c ****       /* Read the b[numTaps-1] coefficient */
 236:DSP/Source/FilteringFunctions/arm_fir_decimate_fast_q31.c ****       c0 = *(pb++);
 475              		.loc 1 236 7 is_stmt 1 view .LVU178
 476              		.loc 1 236 10 is_stmt 0 view .LVU179
 477 01ee 0768     		ldr	r7, [r0]
 478              	.LVL79:
 237:DSP/Source/FilteringFunctions/arm_fir_decimate_fast_q31.c **** 
 238:DSP/Source/FilteringFunctions/arm_fir_decimate_fast_q31.c ****       /* Read x[n-numTaps-1] sample */
 239:DSP/Source/FilteringFunctions/arm_fir_decimate_fast_q31.c ****       x0 = *(px++);
 479              		.loc 1 239 7 is_stmt 1 view .LVU180
 480              		.loc 1 239 10 is_stmt 0 view .LVU181
 481 01f0 1668     		ldr	r6, [r2]
 482              	.LVL80:
 240:DSP/Source/FilteringFunctions/arm_fir_decimate_fast_q31.c **** 
 241:DSP/Source/FilteringFunctions/arm_fir_decimate_fast_q31.c ****       /* Perform the multiply-accumulate */
 242:DSP/Source/FilteringFunctions/arm_fir_decimate_fast_q31.c ****       sum0 = (q31_t) ((((q63_t) sum0 << 32) + ((q63_t) x0 * c0)) >> 32);
 483              		.loc 1 242 7 is_stmt 1 view .LVU182
 484              		.loc 1 242 48 is_stmt 0 view .LVU183
 485 01f2 F517     		asrs	r5, r6, #31
 486              		.loc 1 242 59 view .LVU184
 487 01f4 4FEAE778 		asr	r8, r7, #31
 488 01f8 07FB05F5 		mul	r5, r7, r5
 489 01fc 06FB0855 		mla	r5, r6, r8, r5
 490 0200 A7FB0676 		umull	r7, r6, r7, r6
 491              	.LVL81:
 492              		.loc 1 242 59 view .LVU185
 493 0204 3544     		add	r5, r5, r6
 494              		.loc 1 242 45 view .LVU186
 495 0206 2B44     		add	r3, r3, r5
 496              	.LVL82:
 243:DSP/Source/FilteringFunctions/arm_fir_decimate_fast_q31.c **** 
 244:DSP/Source/FilteringFunctions/arm_fir_decimate_fast_q31.c ****       /* Read the b[numTaps-2] coefficient */
 245:DSP/Source/FilteringFunctions/arm_fir_decimate_fast_q31.c ****       c0 = *(pb++);
 497              		.loc 1 245 7 is_stmt 1 view .LVU187
 498              		.loc 1 245 10 is_stmt 0 view .LVU188
 499 0208 4768     		ldr	r7, [r0, #4]
 500              	.LVL83:
 246:DSP/Source/FilteringFunctions/arm_fir_decimate_fast_q31.c **** 
 247:DSP/Source/FilteringFunctions/arm_fir_decimate_fast_q31.c ****       /* Read x[n-numTaps-2] sample */
 248:DSP/Source/FilteringFunctions/arm_fir_decimate_fast_q31.c ****       x0 = *(px++);
 501              		.loc 1 248 7 is_stmt 1 view .LVU189
 502              		.loc 1 248 10 is_stmt 0 view .LVU190
 503 020a 5668     		ldr	r6, [r2, #4]
 504              	.LVL84:
 249:DSP/Source/FilteringFunctions/arm_fir_decimate_fast_q31.c **** 
 250:DSP/Source/FilteringFunctions/arm_fir_decimate_fast_q31.c ****       /* Perform the multiply-accumulate */
 251:DSP/Source/FilteringFunctions/arm_fir_decimate_fast_q31.c ****       sum0 = (q31_t) ((((q63_t) sum0 << 32) + ((q63_t) x0 * c0)) >> 32);
 505              		.loc 1 251 7 is_stmt 1 view .LVU191
 506              		.loc 1 251 48 is_stmt 0 view .LVU192
 507 020c F517     		asrs	r5, r6, #31
 508              		.loc 1 251 59 view .LVU193
 509 020e 4FEAE778 		asr	r8, r7, #31
 510 0212 07FB05F5 		mul	r5, r7, r5
 511 0216 06FB0855 		mla	r5, r6, r8, r5
ARM GAS  /var/folders/ck/g3dcd5x55xs4107jgdl0snvr0000gn/T//cc4R8sxY.s 			page 15


 512 021a A7FB0676 		umull	r7, r6, r7, r6
 513              	.LVL85:
 514              		.loc 1 251 59 view .LVU194
 515 021e 3544     		add	r5, r5, r6
 516              		.loc 1 251 45 view .LVU195
 517 0220 2B44     		add	r3, r3, r5
 252:DSP/Source/FilteringFunctions/arm_fir_decimate_fast_q31.c **** 
 253:DSP/Source/FilteringFunctions/arm_fir_decimate_fast_q31.c ****       /* Read the b[numTaps-3] coefficient */
 254:DSP/Source/FilteringFunctions/arm_fir_decimate_fast_q31.c ****       c0 = *(pb++);
 518              		.loc 1 254 7 is_stmt 1 view .LVU196
 519              	.LVL86:
 520              		.loc 1 254 10 is_stmt 0 view .LVU197
 521 0222 8768     		ldr	r7, [r0, #8]
 522              	.LVL87:
 255:DSP/Source/FilteringFunctions/arm_fir_decimate_fast_q31.c **** 
 256:DSP/Source/FilteringFunctions/arm_fir_decimate_fast_q31.c ****       /* Read x[n-numTaps-3] sample */
 257:DSP/Source/FilteringFunctions/arm_fir_decimate_fast_q31.c ****       x0 = *(px++);
 523              		.loc 1 257 7 is_stmt 1 view .LVU198
 524              		.loc 1 257 10 is_stmt 0 view .LVU199
 525 0224 9668     		ldr	r6, [r2, #8]
 526              	.LVL88:
 258:DSP/Source/FilteringFunctions/arm_fir_decimate_fast_q31.c **** 
 259:DSP/Source/FilteringFunctions/arm_fir_decimate_fast_q31.c ****       /* Perform the multiply-accumulate */
 260:DSP/Source/FilteringFunctions/arm_fir_decimate_fast_q31.c ****       sum0 = (q31_t) ((((q63_t) sum0 << 32) + ((q63_t) x0 * c0)) >> 32);
 527              		.loc 1 260 7 is_stmt 1 view .LVU200
 528              		.loc 1 260 48 is_stmt 0 view .LVU201
 529 0226 F517     		asrs	r5, r6, #31
 530              		.loc 1 260 59 view .LVU202
 531 0228 4FEAE778 		asr	r8, r7, #31
 532 022c 07FB05F5 		mul	r5, r7, r5
 533 0230 06FB0855 		mla	r5, r6, r8, r5
 534 0234 A7FB0676 		umull	r7, r6, r7, r6
 535              	.LVL89:
 536              		.loc 1 260 59 view .LVU203
 537 0238 3544     		add	r5, r5, r6
 538              		.loc 1 260 45 view .LVU204
 539 023a 1D44     		add	r5, r5, r3
 261:DSP/Source/FilteringFunctions/arm_fir_decimate_fast_q31.c **** 
 262:DSP/Source/FilteringFunctions/arm_fir_decimate_fast_q31.c ****       /* Read the b[numTaps-4] coefficient */
 263:DSP/Source/FilteringFunctions/arm_fir_decimate_fast_q31.c ****       c0 = *(pb++);
 540              		.loc 1 263 7 is_stmt 1 view .LVU205
 541              	.LVL90:
 542              		.loc 1 263 10 is_stmt 0 view .LVU206
 543 023c C668     		ldr	r6, [r0, #12]
 544              	.LVL91:
 264:DSP/Source/FilteringFunctions/arm_fir_decimate_fast_q31.c **** 
 265:DSP/Source/FilteringFunctions/arm_fir_decimate_fast_q31.c ****       /* Read x[n-numTaps-4] sample */
 266:DSP/Source/FilteringFunctions/arm_fir_decimate_fast_q31.c ****       x0 = *(px++);
 545              		.loc 1 266 7 is_stmt 1 view .LVU207
 546              		.loc 1 266 10 is_stmt 0 view .LVU208
 547 023e D768     		ldr	r7, [r2, #12]
 548              	.LVL92:
 267:DSP/Source/FilteringFunctions/arm_fir_decimate_fast_q31.c **** 
 268:DSP/Source/FilteringFunctions/arm_fir_decimate_fast_q31.c ****       /* Perform the multiply-accumulate */
 269:DSP/Source/FilteringFunctions/arm_fir_decimate_fast_q31.c ****       sum0 = (q31_t) ((((q63_t) sum0 << 32) + ((q63_t) x0 * c0)) >> 32);
 549              		.loc 1 269 7 is_stmt 1 view .LVU209
 550              		.loc 1 269 48 is_stmt 0 view .LVU210
ARM GAS  /var/folders/ck/g3dcd5x55xs4107jgdl0snvr0000gn/T//cc4R8sxY.s 			page 16


 551 0240 FB17     		asrs	r3, r7, #31
 552              		.loc 1 269 59 view .LVU211
 553 0242 4FEAE678 		asr	r8, r6, #31
 554 0246 06FB03F3 		mul	r3, r6, r3
 555 024a 07FB0833 		mla	r3, r7, r8, r3
 556 024e A6FB0767 		umull	r6, r7, r6, r7
 557              	.LVL93:
 558              		.loc 1 269 59 view .LVU212
 559 0252 3B44     		add	r3, r3, r7
 560              		.loc 1 269 12 view .LVU213
 561 0254 2B44     		add	r3, r3, r5
 562              	.LVL94:
 270:DSP/Source/FilteringFunctions/arm_fir_decimate_fast_q31.c **** 
 271:DSP/Source/FilteringFunctions/arm_fir_decimate_fast_q31.c ****       /* Decrement the loop counter */
 272:DSP/Source/FilteringFunctions/arm_fir_decimate_fast_q31.c ****       tapCnt--;
 563              		.loc 1 272 7 is_stmt 1 view .LVU214
 564              		.loc 1 272 13 is_stmt 0 view .LVU215
 565 0256 0139     		subs	r1, r1, #1
 566              	.LVL95:
 263:DSP/Source/FilteringFunctions/arm_fir_decimate_fast_q31.c **** 
 567              		.loc 1 263 16 view .LVU216
 568 0258 1030     		adds	r0, r0, #16
 569              	.LVL96:
 266:DSP/Source/FilteringFunctions/arm_fir_decimate_fast_q31.c **** 
 570              		.loc 1 266 16 view .LVU217
 571 025a 1032     		adds	r2, r2, #16
 572              	.LVL97:
 573              	.L11:
 233:DSP/Source/FilteringFunctions/arm_fir_decimate_fast_q31.c ****     {
 574              		.loc 1 233 19 is_stmt 1 view .LVU218
 575 025c 0029     		cmp	r1, #0
 576 025e C6D1     		bne	.L12
 273:DSP/Source/FilteringFunctions/arm_fir_decimate_fast_q31.c ****     }
 274:DSP/Source/FilteringFunctions/arm_fir_decimate_fast_q31.c **** 
 275:DSP/Source/FilteringFunctions/arm_fir_decimate_fast_q31.c ****     /* If the filter length is not a multiple of 4, compute the remaining filter taps */
 276:DSP/Source/FilteringFunctions/arm_fir_decimate_fast_q31.c ****     tapCnt = numTaps % 0x4U;
 577              		.loc 1 276 12 is_stmt 0 view .LVU219
 578 0260 009F     		ldr	r7, [sp]
 579 0262 6146     		mov	r1, ip
 580              	.LVL98:
 581              		.loc 1 276 5 is_stmt 1 view .LVU220
 582              		.loc 1 276 12 is_stmt 0 view .LVU221
 583 0264 07F00308 		and	r8, r7, #3
 584              	.LVL99:
 277:DSP/Source/FilteringFunctions/arm_fir_decimate_fast_q31.c **** 
 278:DSP/Source/FilteringFunctions/arm_fir_decimate_fast_q31.c ****     while (tapCnt > 0U)
 585              		.loc 1 278 5 is_stmt 1 view .LVU222
 586 0268 9C46     		mov	ip, r3
 587              	.LVL100:
 588              		.loc 1 278 5 is_stmt 0 view .LVU223
 589 026a 4346     		mov	r3, r8
 590              	.LVL101:
 591              		.loc 1 278 11 view .LVU224
 592 026c 0FE0     		b	.L13
 593              	.LVL102:
 594              	.L14:
 279:DSP/Source/FilteringFunctions/arm_fir_decimate_fast_q31.c ****     {
ARM GAS  /var/folders/ck/g3dcd5x55xs4107jgdl0snvr0000gn/T//cc4R8sxY.s 			page 17


 280:DSP/Source/FilteringFunctions/arm_fir_decimate_fast_q31.c ****       /* Read coefficients */
 281:DSP/Source/FilteringFunctions/arm_fir_decimate_fast_q31.c ****       c0 = *(pb++);
 595              		.loc 1 281 7 is_stmt 1 view .LVU225
 596              		.loc 1 281 10 is_stmt 0 view .LVU226
 597 026e 50F8047B 		ldr	r7, [r0], #4
 598              	.LVL103:
 282:DSP/Source/FilteringFunctions/arm_fir_decimate_fast_q31.c **** 
 283:DSP/Source/FilteringFunctions/arm_fir_decimate_fast_q31.c ****       /* Fetch 1 state variable */
 284:DSP/Source/FilteringFunctions/arm_fir_decimate_fast_q31.c ****       x0 = *(px++);
 599              		.loc 1 284 7 is_stmt 1 view .LVU227
 600              		.loc 1 284 10 is_stmt 0 view .LVU228
 601 0272 52F8046B 		ldr	r6, [r2], #4
 602              	.LVL104:
 285:DSP/Source/FilteringFunctions/arm_fir_decimate_fast_q31.c **** 
 286:DSP/Source/FilteringFunctions/arm_fir_decimate_fast_q31.c ****       /* Perform the multiply-accumulate */
 287:DSP/Source/FilteringFunctions/arm_fir_decimate_fast_q31.c ****       sum0 = (q31_t) ((((q63_t) sum0 << 32) + ((q63_t) x0 * c0)) >> 32);
 603              		.loc 1 287 7 is_stmt 1 view .LVU229
 604              		.loc 1 287 48 is_stmt 0 view .LVU230
 605 0276 F517     		asrs	r5, r6, #31
 606              		.loc 1 287 59 view .LVU231
 607 0278 4FEAE778 		asr	r8, r7, #31
 608 027c 07FB05F5 		mul	r5, r7, r5
 609 0280 06FB0855 		mla	r5, r6, r8, r5
 610 0284 A7FB0676 		umull	r7, r6, r7, r6
 611              	.LVL105:
 612              		.loc 1 287 59 view .LVU232
 613 0288 3544     		add	r5, r5, r6
 614              		.loc 1 287 12 view .LVU233
 615 028a AC44     		add	ip, ip, r5
 616              	.LVL106:
 288:DSP/Source/FilteringFunctions/arm_fir_decimate_fast_q31.c **** 
 289:DSP/Source/FilteringFunctions/arm_fir_decimate_fast_q31.c ****       /* Decrement the loop counter */
 290:DSP/Source/FilteringFunctions/arm_fir_decimate_fast_q31.c ****       tapCnt--;
 617              		.loc 1 290 7 is_stmt 1 view .LVU234
 618              		.loc 1 290 13 is_stmt 0 view .LVU235
 619 028c 013B     		subs	r3, r3, #1
 620              	.LVL107:
 621              	.L13:
 278:DSP/Source/FilteringFunctions/arm_fir_decimate_fast_q31.c ****     {
 622              		.loc 1 278 19 is_stmt 1 view .LVU236
 623 028e 002B     		cmp	r3, #0
 624 0290 EDD1     		bne	.L14
 291:DSP/Source/FilteringFunctions/arm_fir_decimate_fast_q31.c ****     }
 292:DSP/Source/FilteringFunctions/arm_fir_decimate_fast_q31.c **** 
 293:DSP/Source/FilteringFunctions/arm_fir_decimate_fast_q31.c ****     /* Advance the state pointer by the decimation factor
 294:DSP/Source/FilteringFunctions/arm_fir_decimate_fast_q31.c ****      * to process the next group of decimation factor number samples */
 295:DSP/Source/FilteringFunctions/arm_fir_decimate_fast_q31.c ****     pState = pState + S->M;
 625              		.loc 1 295 24 is_stmt 0 view .LVU237
 626 0292 009F     		ldr	r7, [sp]
 627 0294 6346     		mov	r3, ip
 628              	.LVL108:
 629              		.loc 1 295 5 is_stmt 1 view .LVU238
 630              		.loc 1 295 24 is_stmt 0 view .LVU239
 631 0296 2278     		ldrb	r2, [r4]	@ zero_extendqisi2
 632              	.LVL109:
 633              		.loc 1 295 12 view .LVU240
 634 0298 0BEB820B 		add	fp, fp, r2, lsl #2
ARM GAS  /var/folders/ck/g3dcd5x55xs4107jgdl0snvr0000gn/T//cc4R8sxY.s 			page 18


 635              	.LVL110:
 296:DSP/Source/FilteringFunctions/arm_fir_decimate_fast_q31.c **** 
 297:DSP/Source/FilteringFunctions/arm_fir_decimate_fast_q31.c ****     /* The result is in the accumulator, store in the destination buffer. */
 298:DSP/Source/FilteringFunctions/arm_fir_decimate_fast_q31.c ****     *pDst++ = (q31_t) (sum0 << 1);
 636              		.loc 1 298 5 is_stmt 1 view .LVU241
 637              		.loc 1 298 10 is_stmt 0 view .LVU242
 638 029c 4A46     		mov	r2, r9
 639              	.LVL111:
 640              		.loc 1 298 15 view .LVU243
 641 029e 5B00     		lsls	r3, r3, #1
 642              		.loc 1 298 13 view .LVU244
 643 02a0 42F8043B 		str	r3, [r2], #4
 644              	.LVL112:
 299:DSP/Source/FilteringFunctions/arm_fir_decimate_fast_q31.c **** 
 300:DSP/Source/FilteringFunctions/arm_fir_decimate_fast_q31.c ****     /* Decrement the loop counter */
 301:DSP/Source/FilteringFunctions/arm_fir_decimate_fast_q31.c ****     blkCntN2--;
 645              		.loc 1 301 5 is_stmt 1 view .LVU245
 646              		.loc 1 301 13 is_stmt 0 view .LVU246
 647 02a4 0139     		subs	r1, r1, #1
 648              	.LVL113:
 298:DSP/Source/FilteringFunctions/arm_fir_decimate_fast_q31.c **** 
 649              		.loc 1 298 10 view .LVU247
 650 02a6 9146     		mov	r9, r2
 651              	.LVL114:
 652              	.L9:
 208:DSP/Source/FilteringFunctions/arm_fir_decimate_fast_q31.c ****   {
 653              		.loc 1 208 19 is_stmt 1 view .LVU248
 654 02a8 91B1     		cbz	r1, .L22
 211:DSP/Source/FilteringFunctions/arm_fir_decimate_fast_q31.c **** 
 655              		.loc 1 211 5 view .LVU249
 211:DSP/Source/FilteringFunctions/arm_fir_decimate_fast_q31.c **** 
 656              		.loc 1 211 10 is_stmt 0 view .LVU250
 657 02aa 2278     		ldrb	r2, [r4]	@ zero_extendqisi2
 658              	.LVL115:
 659              	.L10:
 213:DSP/Source/FilteringFunctions/arm_fir_decimate_fast_q31.c ****     {
 660              		.loc 1 213 5 is_stmt 1 view .LVU251
 215:DSP/Source/FilteringFunctions/arm_fir_decimate_fast_q31.c **** 
 661              		.loc 1 215 7 view .LVU252
 215:DSP/Source/FilteringFunctions/arm_fir_decimate_fast_q31.c **** 
 662              		.loc 1 215 7 is_stmt 0 view .LVU253
 663 02ac 7046     		mov	r0, lr
 215:DSP/Source/FilteringFunctions/arm_fir_decimate_fast_q31.c **** 
 664              		.loc 1 215 19 view .LVU254
 665 02ae 0EF1040E 		add	lr, lr, #4
 666              	.LVL116:
 215:DSP/Source/FilteringFunctions/arm_fir_decimate_fast_q31.c **** 
 667              		.loc 1 215 24 view .LVU255
 668 02b2 DAF80030 		ldr	r3, [r10]
 669 02b6 0AF1040A 		add	r10, r10, #4
 670              	.LVL117:
 215:DSP/Source/FilteringFunctions/arm_fir_decimate_fast_q31.c **** 
 671              		.loc 1 215 22 view .LVU256
 672 02ba 0360     		str	r3, [r0]
 217:DSP/Source/FilteringFunctions/arm_fir_decimate_fast_q31.c **** 
 673              		.loc 1 217 14 is_stmt 1 discriminator 1 view .LVU257
 674              	.LVL118:
ARM GAS  /var/folders/ck/g3dcd5x55xs4107jgdl0snvr0000gn/T//cc4R8sxY.s 			page 19


 217:DSP/Source/FilteringFunctions/arm_fir_decimate_fast_q31.c **** 
 675              		.loc 1 217 14 is_stmt 0 discriminator 1 view .LVU258
 676 02bc 013A     		subs	r2, r2, #1
 677              	.LVL119:
 217:DSP/Source/FilteringFunctions/arm_fir_decimate_fast_q31.c **** 
 678              		.loc 1 217 14 discriminator 1 view .LVU259
 679 02be F5D1     		bne	.L10
 220:DSP/Source/FilteringFunctions/arm_fir_decimate_fast_q31.c **** 
 680              		.loc 1 220 5 is_stmt 1 view .LVU260
 681              	.LVL120:
 223:DSP/Source/FilteringFunctions/arm_fir_decimate_fast_q31.c **** 
 682              		.loc 1 223 5 view .LVU261
 226:DSP/Source/FilteringFunctions/arm_fir_decimate_fast_q31.c **** 
 683              		.loc 1 226 5 view .LVU262
 229:DSP/Source/FilteringFunctions/arm_fir_decimate_fast_q31.c **** 
 684              		.loc 1 229 5 view .LVU263
 229:DSP/Source/FilteringFunctions/arm_fir_decimate_fast_q31.c **** 
 685              		.loc 1 229 12 is_stmt 0 view .LVU264
 686 02c0 BE08     		lsrs	r6, r7, #2
 687              	.LVL121:
 233:DSP/Source/FilteringFunctions/arm_fir_decimate_fast_q31.c ****     {
 688              		.loc 1 233 5 is_stmt 1 view .LVU265
 226:DSP/Source/FilteringFunctions/arm_fir_decimate_fast_q31.c **** 
 689              		.loc 1 226 8 is_stmt 0 view .LVU266
 690 02c2 0298     		ldr	r0, [sp, #8]
 223:DSP/Source/FilteringFunctions/arm_fir_decimate_fast_q31.c **** 
 691              		.loc 1 223 8 view .LVU267
 692 02c4 5A46     		mov	r2, fp
 693              	.LVL122:
 220:DSP/Source/FilteringFunctions/arm_fir_decimate_fast_q31.c **** 
 694              		.loc 1 220 10 view .LVU268
 695 02c6 0023     		movs	r3, #0
 696 02c8 0097     		str	r7, [sp]
 697 02ca 8C46     		mov	ip, r1
 698 02cc 3146     		mov	r1, r6
 699              	.LVL123:
 233:DSP/Source/FilteringFunctions/arm_fir_decimate_fast_q31.c ****     {
 700              		.loc 1 233 11 view .LVU269
 701 02ce C5E7     		b	.L11
 702              	.LVL124:
 703              	.L22:
 302:DSP/Source/FilteringFunctions/arm_fir_decimate_fast_q31.c ****   }
 303:DSP/Source/FilteringFunctions/arm_fir_decimate_fast_q31.c **** 
 304:DSP/Source/FilteringFunctions/arm_fir_decimate_fast_q31.c ****   /* Processing is complete.
 305:DSP/Source/FilteringFunctions/arm_fir_decimate_fast_q31.c ****    ** Now copy the last numTaps - 1 samples to the satrt of the state buffer.
 306:DSP/Source/FilteringFunctions/arm_fir_decimate_fast_q31.c ****    ** This prepares the state buffer for the next function call. */
 307:DSP/Source/FilteringFunctions/arm_fir_decimate_fast_q31.c **** 
 308:DSP/Source/FilteringFunctions/arm_fir_decimate_fast_q31.c ****   /* Points to the start of the state buffer */
 309:DSP/Source/FilteringFunctions/arm_fir_decimate_fast_q31.c ****   pStateCurnt = S->pState;
 704              		.loc 1 309 3 is_stmt 1 view .LVU270
 705              		.loc 1 309 15 is_stmt 0 view .LVU271
 706 02d0 A368     		ldr	r3, [r4, #8]
 707              	.LVL125:
 310:DSP/Source/FilteringFunctions/arm_fir_decimate_fast_q31.c **** 
 311:DSP/Source/FilteringFunctions/arm_fir_decimate_fast_q31.c ****   i = (numTaps - 1U) >> 2U;
 708              		.loc 1 311 3 is_stmt 1 view .LVU272
 709              		.loc 1 311 16 is_stmt 0 view .LVU273
ARM GAS  /var/folders/ck/g3dcd5x55xs4107jgdl0snvr0000gn/T//cc4R8sxY.s 			page 20


 710 02d2 7A1E     		subs	r2, r7, #1
 711              		.loc 1 311 5 view .LVU274
 712 02d4 9108     		lsrs	r1, r2, #2
 713              	.LVL126:
 312:DSP/Source/FilteringFunctions/arm_fir_decimate_fast_q31.c **** 
 313:DSP/Source/FilteringFunctions/arm_fir_decimate_fast_q31.c ****   /* copy data */
 314:DSP/Source/FilteringFunctions/arm_fir_decimate_fast_q31.c ****   while (i > 0U)
 714              		.loc 1 314 3 is_stmt 1 view .LVU275
 715              		.loc 1 314 9 is_stmt 0 view .LVU276
 716 02d6 0FE0     		b	.L16
 717              	.L17:
 315:DSP/Source/FilteringFunctions/arm_fir_decimate_fast_q31.c ****   {
 316:DSP/Source/FilteringFunctions/arm_fir_decimate_fast_q31.c ****     *pStateCurnt++ = *pState++;
 718              		.loc 1 316 5 is_stmt 1 view .LVU277
 719              	.LVL127:
 720              		.loc 1 316 22 is_stmt 0 view .LVU278
 721 02d8 DBF80000 		ldr	r0, [fp]
 722              		.loc 1 316 20 view .LVU279
 723 02dc 1860     		str	r0, [r3]
 317:DSP/Source/FilteringFunctions/arm_fir_decimate_fast_q31.c ****     *pStateCurnt++ = *pState++;
 724              		.loc 1 317 5 is_stmt 1 view .LVU280
 725              	.LVL128:
 726              		.loc 1 317 22 is_stmt 0 view .LVU281
 727 02de DBF80400 		ldr	r0, [fp, #4]
 728              		.loc 1 317 20 view .LVU282
 729 02e2 5860     		str	r0, [r3, #4]
 318:DSP/Source/FilteringFunctions/arm_fir_decimate_fast_q31.c ****     *pStateCurnt++ = *pState++;
 730              		.loc 1 318 5 is_stmt 1 view .LVU283
 731              	.LVL129:
 732              		.loc 1 318 22 is_stmt 0 view .LVU284
 733 02e4 DBF80800 		ldr	r0, [fp, #8]
 734              		.loc 1 318 20 view .LVU285
 735 02e8 9860     		str	r0, [r3, #8]
 319:DSP/Source/FilteringFunctions/arm_fir_decimate_fast_q31.c ****     *pStateCurnt++ = *pState++;
 736              		.loc 1 319 5 is_stmt 1 view .LVU286
 737              	.LVL130:
 738              		.loc 1 319 22 is_stmt 0 view .LVU287
 739 02ea DBF80C00 		ldr	r0, [fp, #12]
 740              		.loc 1 319 20 view .LVU288
 741 02ee D860     		str	r0, [r3, #12]
 320:DSP/Source/FilteringFunctions/arm_fir_decimate_fast_q31.c **** 
 321:DSP/Source/FilteringFunctions/arm_fir_decimate_fast_q31.c ****     /* Decrement the loop counter */
 322:DSP/Source/FilteringFunctions/arm_fir_decimate_fast_q31.c ****     i--;
 742              		.loc 1 322 5 is_stmt 1 view .LVU289
 743              		.loc 1 322 6 is_stmt 0 view .LVU290
 744 02f0 0139     		subs	r1, r1, #1
 745              	.LVL131:
 319:DSP/Source/FilteringFunctions/arm_fir_decimate_fast_q31.c ****     *pStateCurnt++ = *pState++;
 746              		.loc 1 319 17 view .LVU291
 747 02f2 1033     		adds	r3, r3, #16
 748              	.LVL132:
 319:DSP/Source/FilteringFunctions/arm_fir_decimate_fast_q31.c ****     *pStateCurnt++ = *pState++;
 749              		.loc 1 319 29 view .LVU292
 750 02f4 0BF1100B 		add	fp, fp, #16
 751              	.LVL133:
 752              	.L16:
 314:DSP/Source/FilteringFunctions/arm_fir_decimate_fast_q31.c ****   {
ARM GAS  /var/folders/ck/g3dcd5x55xs4107jgdl0snvr0000gn/T//cc4R8sxY.s 			page 21


 753              		.loc 1 314 12 is_stmt 1 view .LVU293
 754 02f8 0029     		cmp	r1, #0
 755 02fa EDD1     		bne	.L17
 323:DSP/Source/FilteringFunctions/arm_fir_decimate_fast_q31.c ****   }
 324:DSP/Source/FilteringFunctions/arm_fir_decimate_fast_q31.c **** 
 325:DSP/Source/FilteringFunctions/arm_fir_decimate_fast_q31.c ****   i = (numTaps - 1U) % 0x04U;
 756              		.loc 1 325 3 view .LVU294
 757              		.loc 1 325 5 is_stmt 0 view .LVU295
 758 02fc 02F00302 		and	r2, r2, #3
 759              	.LVL134:
 326:DSP/Source/FilteringFunctions/arm_fir_decimate_fast_q31.c **** 
 327:DSP/Source/FilteringFunctions/arm_fir_decimate_fast_q31.c ****   /* copy data */
 328:DSP/Source/FilteringFunctions/arm_fir_decimate_fast_q31.c ****   while (i > 0U)
 760              		.loc 1 328 3 is_stmt 1 view .LVU296
 761              		.loc 1 328 9 is_stmt 0 view .LVU297
 762 0300 04E0     		b	.L18
 763              	.L19:
 329:DSP/Source/FilteringFunctions/arm_fir_decimate_fast_q31.c ****   {
 330:DSP/Source/FilteringFunctions/arm_fir_decimate_fast_q31.c ****     *pStateCurnt++ = *pState++;
 764              		.loc 1 330 5 is_stmt 1 view .LVU298
 765              	.LVL135:
 766              		.loc 1 330 22 is_stmt 0 view .LVU299
 767 0302 5BF8041B 		ldr	r1, [fp], #4
 768              	.LVL136:
 769              		.loc 1 330 20 view .LVU300
 770 0306 43F8041B 		str	r1, [r3], #4
 771              	.LVL137:
 331:DSP/Source/FilteringFunctions/arm_fir_decimate_fast_q31.c **** 
 332:DSP/Source/FilteringFunctions/arm_fir_decimate_fast_q31.c ****     /* Decrement the loop counter */
 333:DSP/Source/FilteringFunctions/arm_fir_decimate_fast_q31.c ****     i--;
 772              		.loc 1 333 5 is_stmt 1 view .LVU301
 773              		.loc 1 333 6 is_stmt 0 view .LVU302
 774 030a 013A     		subs	r2, r2, #1
 775              	.LVL138:
 776              	.L18:
 328:DSP/Source/FilteringFunctions/arm_fir_decimate_fast_q31.c ****   {
 777              		.loc 1 328 12 is_stmt 1 view .LVU303
 778 030c 002A     		cmp	r2, #0
 779 030e F8D1     		bne	.L19
 334:DSP/Source/FilteringFunctions/arm_fir_decimate_fast_q31.c ****   }
 335:DSP/Source/FilteringFunctions/arm_fir_decimate_fast_q31.c **** }
 780              		.loc 1 335 1 is_stmt 0 view .LVU304
 781 0310 09B0     		add	sp, sp, #36
 782              	.LCFI2:
 783              		.cfi_def_cfa_offset 36
 784              		@ sp needed
 785 0312 BDE8F08F 		pop	{r4, r5, r6, r7, r8, r9, r10, fp, pc}
 786              		.loc 1 335 1 view .LVU305
 787              		.cfi_endproc
 788              	.LFE139:
 790              		.text
 791              	.Letext0:
 792              		.file 2 "/Users/luban/.local/xPacks/arm-none-eabi-gcc/xpack-arm-none-eabi-gcc-13.2.1-1.1/arm-none-
 793              		.file 3 "/Users/luban/.local/xPacks/arm-none-eabi-gcc/xpack-arm-none-eabi-gcc-13.2.1-1.1/arm-none-
 794              		.file 4 "DSP/Inc/arm_math.h"
ARM GAS  /var/folders/ck/g3dcd5x55xs4107jgdl0snvr0000gn/T//cc4R8sxY.s 			page 22


DEFINED SYMBOLS
                            *ABS*:00000000 arm_fir_decimate_fast_q31.c
/var/folders/ck/g3dcd5x55xs4107jgdl0snvr0000gn/T//cc4R8sxY.s:21     .text.arm_fir_decimate_fast_q31:00000000 $t
/var/folders/ck/g3dcd5x55xs4107jgdl0snvr0000gn/T//cc4R8sxY.s:27     .text.arm_fir_decimate_fast_q31:00000000 arm_fir_decimate_fast_q31

NO UNDEFINED SYMBOLS
