ARM GAS  /var/folders/ck/g3dcd5x55xs4107jgdl0snvr0000gn/T//ccl5DgQP.s 			page 1


   1              		.cpu cortex-m4
   2              		.arch armv7e-m
   3              		.fpu fpv4-sp-d16
   4              		.eabi_attribute 27, 1
   5              		.eabi_attribute 28, 1
   6              		.eabi_attribute 20, 1
   7              		.eabi_attribute 21, 1
   8              		.eabi_attribute 23, 3
   9              		.eabi_attribute 24, 1
  10              		.eabi_attribute 25, 1
  11              		.eabi_attribute 26, 1
  12              		.eabi_attribute 30, 1
  13              		.eabi_attribute 34, 1
  14              		.eabi_attribute 18, 4
  15              		.file	"arm_cmplx_dot_prod_q31.c"
  16              		.text
  17              	.Ltext0:
  18              		.cfi_sections	.debug_frame
  19              		.file 1 "DSP/Source/ComplexMathFunctions/arm_cmplx_dot_prod_q31.c"
  20              		.section	.text.arm_cmplx_dot_prod_q31,"ax",%progbits
  21              		.align	1
  22              		.global	arm_cmplx_dot_prod_q31
  23              		.syntax unified
  24              		.thumb
  25              		.thumb_func
  27              	arm_cmplx_dot_prod_q31:
  28              	.LVL0:
  29              	.LFB139:
   1:DSP/Source/ComplexMathFunctions/arm_cmplx_dot_prod_q31.c **** /* ----------------------------------------------------------------------
   2:DSP/Source/ComplexMathFunctions/arm_cmplx_dot_prod_q31.c ****  * Project:      CMSIS DSP Library
   3:DSP/Source/ComplexMathFunctions/arm_cmplx_dot_prod_q31.c ****  * Title:        arm_cmplx_dot_prod_q31.c
   4:DSP/Source/ComplexMathFunctions/arm_cmplx_dot_prod_q31.c ****  * Description:  Q31 complex dot product
   5:DSP/Source/ComplexMathFunctions/arm_cmplx_dot_prod_q31.c ****  *
   6:DSP/Source/ComplexMathFunctions/arm_cmplx_dot_prod_q31.c ****  * $Date:        27. January 2017
   7:DSP/Source/ComplexMathFunctions/arm_cmplx_dot_prod_q31.c ****  * $Revision:    V.1.5.1
   8:DSP/Source/ComplexMathFunctions/arm_cmplx_dot_prod_q31.c ****  *
   9:DSP/Source/ComplexMathFunctions/arm_cmplx_dot_prod_q31.c ****  * Target Processor: Cortex-M cores
  10:DSP/Source/ComplexMathFunctions/arm_cmplx_dot_prod_q31.c ****  * -------------------------------------------------------------------- */
  11:DSP/Source/ComplexMathFunctions/arm_cmplx_dot_prod_q31.c **** /*
  12:DSP/Source/ComplexMathFunctions/arm_cmplx_dot_prod_q31.c ****  * Copyright (C) 2010-2017 ARM Limited or its affiliates. All rights reserved.
  13:DSP/Source/ComplexMathFunctions/arm_cmplx_dot_prod_q31.c ****  *
  14:DSP/Source/ComplexMathFunctions/arm_cmplx_dot_prod_q31.c ****  * SPDX-License-Identifier: Apache-2.0
  15:DSP/Source/ComplexMathFunctions/arm_cmplx_dot_prod_q31.c ****  *
  16:DSP/Source/ComplexMathFunctions/arm_cmplx_dot_prod_q31.c ****  * Licensed under the Apache License, Version 2.0 (the License); you may
  17:DSP/Source/ComplexMathFunctions/arm_cmplx_dot_prod_q31.c ****  * not use this file except in compliance with the License.
  18:DSP/Source/ComplexMathFunctions/arm_cmplx_dot_prod_q31.c ****  * You may obtain a copy of the License at
  19:DSP/Source/ComplexMathFunctions/arm_cmplx_dot_prod_q31.c ****  *
  20:DSP/Source/ComplexMathFunctions/arm_cmplx_dot_prod_q31.c ****  * www.apache.org/licenses/LICENSE-2.0
  21:DSP/Source/ComplexMathFunctions/arm_cmplx_dot_prod_q31.c ****  *
  22:DSP/Source/ComplexMathFunctions/arm_cmplx_dot_prod_q31.c ****  * Unless required by applicable law or agreed to in writing, software
  23:DSP/Source/ComplexMathFunctions/arm_cmplx_dot_prod_q31.c ****  * distributed under the License is distributed on an AS IS BASIS, WITHOUT
  24:DSP/Source/ComplexMathFunctions/arm_cmplx_dot_prod_q31.c ****  * WARRANTIES OR CONDITIONS OF ANY KIND, either express or implied.
  25:DSP/Source/ComplexMathFunctions/arm_cmplx_dot_prod_q31.c ****  * See the License for the specific language governing permissions and
  26:DSP/Source/ComplexMathFunctions/arm_cmplx_dot_prod_q31.c ****  * limitations under the License.
  27:DSP/Source/ComplexMathFunctions/arm_cmplx_dot_prod_q31.c ****  */
  28:DSP/Source/ComplexMathFunctions/arm_cmplx_dot_prod_q31.c **** 
  29:DSP/Source/ComplexMathFunctions/arm_cmplx_dot_prod_q31.c **** #include "arm_math.h"
ARM GAS  /var/folders/ck/g3dcd5x55xs4107jgdl0snvr0000gn/T//ccl5DgQP.s 			page 2


  30:DSP/Source/ComplexMathFunctions/arm_cmplx_dot_prod_q31.c **** 
  31:DSP/Source/ComplexMathFunctions/arm_cmplx_dot_prod_q31.c **** /**
  32:DSP/Source/ComplexMathFunctions/arm_cmplx_dot_prod_q31.c ****  * @ingroup groupCmplxMath
  33:DSP/Source/ComplexMathFunctions/arm_cmplx_dot_prod_q31.c ****  */
  34:DSP/Source/ComplexMathFunctions/arm_cmplx_dot_prod_q31.c **** 
  35:DSP/Source/ComplexMathFunctions/arm_cmplx_dot_prod_q31.c **** /**
  36:DSP/Source/ComplexMathFunctions/arm_cmplx_dot_prod_q31.c ****  * @addtogroup cmplx_dot_prod
  37:DSP/Source/ComplexMathFunctions/arm_cmplx_dot_prod_q31.c ****  * @{
  38:DSP/Source/ComplexMathFunctions/arm_cmplx_dot_prod_q31.c ****  */
  39:DSP/Source/ComplexMathFunctions/arm_cmplx_dot_prod_q31.c **** 
  40:DSP/Source/ComplexMathFunctions/arm_cmplx_dot_prod_q31.c **** /**
  41:DSP/Source/ComplexMathFunctions/arm_cmplx_dot_prod_q31.c ****  * @brief  Q31 complex dot product
  42:DSP/Source/ComplexMathFunctions/arm_cmplx_dot_prod_q31.c ****  * @param  *pSrcA points to the first input vector
  43:DSP/Source/ComplexMathFunctions/arm_cmplx_dot_prod_q31.c ****  * @param  *pSrcB points to the second input vector
  44:DSP/Source/ComplexMathFunctions/arm_cmplx_dot_prod_q31.c ****  * @param  numSamples number of complex samples in each vector
  45:DSP/Source/ComplexMathFunctions/arm_cmplx_dot_prod_q31.c ****  * @param  *realResult real part of the result returned here
  46:DSP/Source/ComplexMathFunctions/arm_cmplx_dot_prod_q31.c ****  * @param  *imagResult imaginary part of the result returned here
  47:DSP/Source/ComplexMathFunctions/arm_cmplx_dot_prod_q31.c ****  * @return none.
  48:DSP/Source/ComplexMathFunctions/arm_cmplx_dot_prod_q31.c ****  *
  49:DSP/Source/ComplexMathFunctions/arm_cmplx_dot_prod_q31.c ****  * <b>Scaling and Overflow Behavior:</b>
  50:DSP/Source/ComplexMathFunctions/arm_cmplx_dot_prod_q31.c ****  * \par
  51:DSP/Source/ComplexMathFunctions/arm_cmplx_dot_prod_q31.c ****  * The function is implemented using an internal 64-bit accumulator.
  52:DSP/Source/ComplexMathFunctions/arm_cmplx_dot_prod_q31.c ****  * The intermediate 1.31 by 1.31 multiplications are performed with 64-bit precision and then shift
  53:DSP/Source/ComplexMathFunctions/arm_cmplx_dot_prod_q31.c ****  * The internal real and imaginary accumulators are in 16.48 format and provide 15 guard bits.
  54:DSP/Source/ComplexMathFunctions/arm_cmplx_dot_prod_q31.c ****  * Additions are nonsaturating and no overflow will occur as long as <code>numSamples</code> is les
  55:DSP/Source/ComplexMathFunctions/arm_cmplx_dot_prod_q31.c ****  * The return results <code>realResult</code> and <code>imagResult</code> are in 16.48 format.
  56:DSP/Source/ComplexMathFunctions/arm_cmplx_dot_prod_q31.c ****  * Input down scaling is not required.
  57:DSP/Source/ComplexMathFunctions/arm_cmplx_dot_prod_q31.c ****  */
  58:DSP/Source/ComplexMathFunctions/arm_cmplx_dot_prod_q31.c **** 
  59:DSP/Source/ComplexMathFunctions/arm_cmplx_dot_prod_q31.c **** void arm_cmplx_dot_prod_q31(
  60:DSP/Source/ComplexMathFunctions/arm_cmplx_dot_prod_q31.c ****   q31_t * pSrcA,
  61:DSP/Source/ComplexMathFunctions/arm_cmplx_dot_prod_q31.c ****   q31_t * pSrcB,
  62:DSP/Source/ComplexMathFunctions/arm_cmplx_dot_prod_q31.c ****   uint32_t numSamples,
  63:DSP/Source/ComplexMathFunctions/arm_cmplx_dot_prod_q31.c ****   q63_t * realResult,
  64:DSP/Source/ComplexMathFunctions/arm_cmplx_dot_prod_q31.c ****   q63_t * imagResult)
  65:DSP/Source/ComplexMathFunctions/arm_cmplx_dot_prod_q31.c **** {
  30              		.loc 1 65 1 view -0
  31              		.cfi_startproc
  32              		@ args = 4, pretend = 0, frame = 24
  33              		@ frame_needed = 0, uses_anonymous_args = 0
  34              		.loc 1 65 1 is_stmt 0 view .LVU1
  35 0000 2DE9F04F 		push	{r4, r5, r6, r7, r8, r9, r10, fp, lr}
  36              	.LCFI0:
  37              		.cfi_def_cfa_offset 36
  38              		.cfi_offset 4, -36
  39              		.cfi_offset 5, -32
  40              		.cfi_offset 6, -28
  41              		.cfi_offset 7, -24
  42              		.cfi_offset 8, -20
  43              		.cfi_offset 9, -16
  44              		.cfi_offset 10, -12
  45              		.cfi_offset 11, -8
  46              		.cfi_offset 14, -4
  47 0004 87B0     		sub	sp, sp, #28
  48              	.LCFI1:
  49              		.cfi_def_cfa_offset 64
  50 0006 8346     		mov	fp, r0
ARM GAS  /var/folders/ck/g3dcd5x55xs4107jgdl0snvr0000gn/T//ccl5DgQP.s 			page 3


  51 0008 9846     		mov	r8, r3
  66:DSP/Source/ComplexMathFunctions/arm_cmplx_dot_prod_q31.c ****   q63_t real_sum = 0, imag_sum = 0;              /* Temporary result storage */
  52              		.loc 1 66 3 is_stmt 1 view .LVU2
  53              	.LVL1:
  67:DSP/Source/ComplexMathFunctions/arm_cmplx_dot_prod_q31.c ****   q31_t a0,b0,c0,d0;
  54              		.loc 1 67 3 view .LVU3
  68:DSP/Source/ComplexMathFunctions/arm_cmplx_dot_prod_q31.c **** 
  69:DSP/Source/ComplexMathFunctions/arm_cmplx_dot_prod_q31.c **** #if defined (ARM_MATH_DSP)
  70:DSP/Source/ComplexMathFunctions/arm_cmplx_dot_prod_q31.c **** 
  71:DSP/Source/ComplexMathFunctions/arm_cmplx_dot_prod_q31.c ****   /* Run the below code for Cortex-M4 and Cortex-M3 */
  72:DSP/Source/ComplexMathFunctions/arm_cmplx_dot_prod_q31.c ****   uint32_t blkCnt;                               /* loop counter */
  55              		.loc 1 72 3 view .LVU4
  73:DSP/Source/ComplexMathFunctions/arm_cmplx_dot_prod_q31.c **** 
  74:DSP/Source/ComplexMathFunctions/arm_cmplx_dot_prod_q31.c **** 
  75:DSP/Source/ComplexMathFunctions/arm_cmplx_dot_prod_q31.c ****   /*loop Unrolling */
  76:DSP/Source/ComplexMathFunctions/arm_cmplx_dot_prod_q31.c ****   blkCnt = numSamples >> 2U;
  56              		.loc 1 76 3 view .LVU5
  57              		.loc 1 76 10 is_stmt 0 view .LVU6
  58 000a 9308     		lsrs	r3, r2, #2
  59              	.LVL2:
  60              		.loc 1 76 10 view .LVU7
  61 000c 0293     		str	r3, [sp, #8]
  62              	.LVL3:
  77:DSP/Source/ComplexMathFunctions/arm_cmplx_dot_prod_q31.c **** 
  78:DSP/Source/ComplexMathFunctions/arm_cmplx_dot_prod_q31.c ****   /* First part of the processing with loop unrolling.  Compute 4 outputs at a time.
  79:DSP/Source/ComplexMathFunctions/arm_cmplx_dot_prod_q31.c ****    ** a second loop below computes the remaining 1 to 3 samples. */
  80:DSP/Source/ComplexMathFunctions/arm_cmplx_dot_prod_q31.c ****   while (blkCnt > 0U)
  63              		.loc 1 80 3 is_stmt 1 view .LVU8
  66:DSP/Source/ComplexMathFunctions/arm_cmplx_dot_prod_q31.c ****   q31_t a0,b0,c0,d0;
  64              		.loc 1 66 23 is_stmt 0 view .LVU9
  65 000e 0023     		movs	r3, #0
  66              	.LVL4:
  66:DSP/Source/ComplexMathFunctions/arm_cmplx_dot_prod_q31.c ****   q31_t a0,b0,c0,d0;
  67              		.loc 1 66 23 view .LVU10
  68 0010 0393     		str	r3, [sp, #12]
  66:DSP/Source/ComplexMathFunctions/arm_cmplx_dot_prod_q31.c ****   q31_t a0,b0,c0,d0;
  69              		.loc 1 66 9 view .LVU11
  70 0012 1846     		mov	r0, r3
  71              	.LVL5:
  66:DSP/Source/ComplexMathFunctions/arm_cmplx_dot_prod_q31.c ****   q31_t a0,b0,c0,d0;
  72              		.loc 1 66 9 view .LVU12
  73 0014 0191     		str	r1, [sp, #4]
  74 0016 0492     		str	r2, [sp, #16]
  75 0018 CDF81480 		str	r8, [sp, #20]
  76 001c 9C46     		mov	ip, r3
  77              		.loc 1 80 9 view .LVU13
  78 001e 19E1     		b	.L2
  79              	.LVL6:
  80              	.L3:
  81:DSP/Source/ComplexMathFunctions/arm_cmplx_dot_prod_q31.c ****   {
  82:DSP/Source/ComplexMathFunctions/arm_cmplx_dot_prod_q31.c ****       a0 = *pSrcA++;
  81              		.loc 1 82 7 is_stmt 1 view .LVU14
  82              		.loc 1 82 10 is_stmt 0 view .LVU15
  83 0020 DBF80050 		ldr	r5, [fp]
  84              	.LVL7:
  83:DSP/Source/ComplexMathFunctions/arm_cmplx_dot_prod_q31.c ****       b0 = *pSrcA++;
  85              		.loc 1 83 7 is_stmt 1 view .LVU16
ARM GAS  /var/folders/ck/g3dcd5x55xs4107jgdl0snvr0000gn/T//ccl5DgQP.s 			page 4


  86              		.loc 1 83 10 is_stmt 0 view .LVU17
  87 0024 DBF80420 		ldr	r2, [fp, #4]
  88              	.LVL8:
  84:DSP/Source/ComplexMathFunctions/arm_cmplx_dot_prod_q31.c ****       c0 = *pSrcB++;
  89              		.loc 1 84 7 is_stmt 1 view .LVU18
  90              		.loc 1 84 10 is_stmt 0 view .LVU19
  91 0028 019E     		ldr	r6, [sp, #4]
  92 002a 3468     		ldr	r4, [r6]
  93              	.LVL9:
  85:DSP/Source/ComplexMathFunctions/arm_cmplx_dot_prod_q31.c ****       d0 = *pSrcB++;
  94              		.loc 1 85 7 is_stmt 1 view .LVU20
  95              		.loc 1 85 10 is_stmt 0 view .LVU21
  96 002c 7668     		ldr	r6, [r6, #4]
  97              	.LVL10:
  86:DSP/Source/ComplexMathFunctions/arm_cmplx_dot_prod_q31.c **** 
  87:DSP/Source/ComplexMathFunctions/arm_cmplx_dot_prod_q31.c ****       real_sum += ((q63_t)a0 * c0) >> 14;
  98              		.loc 1 87 7 is_stmt 1 view .LVU22
  99              		.loc 1 87 20 is_stmt 0 view .LVU23
 100 002e 4FEAE57A 		asr	r10, r5, #31
 101              		.loc 1 87 30 view .LVU24
 102 0032 4FEAE478 		asr	r8, r4, #31
 103 0036 05FB08F9 		mul	r9, r5, r8
 104 003a 04FB0A99 		mla	r9, r4, r10, r9
 105 003e A5FB047E 		umull	r7, lr, r5, r4
 106 0042 CE44     		add	lr, lr, r9
 107              		.loc 1 87 36 view .LVU25
 108 0044 BF0B     		lsrs	r7, r7, #14
 109 0046 47EA8E47 		orr	r7, r7, lr, lsl #18
 110              		.loc 1 87 16 view .LVU26
 111 004a 3818     		adds	r0, r7, r0
 112              	.LVL11:
 113              		.loc 1 87 16 view .LVU27
 114 004c 4CEBAE3E 		adc	lr, ip, lr, asr #14
 115              	.LVL12:
  88:DSP/Source/ComplexMathFunctions/arm_cmplx_dot_prod_q31.c ****       imag_sum += ((q63_t)a0 * d0) >> 14;
 116              		.loc 1 88 7 is_stmt 1 view .LVU28
 117              		.loc 1 88 30 is_stmt 0 view .LVU29
 118 0050 F717     		asrs	r7, r6, #31
 119 0052 05FB07F9 		mul	r9, r5, r7
 120 0056 06FB0A99 		mla	r9, r6, r10, r9
 121 005a A5FB06C5 		umull	ip, r5, r5, r6
 122              	.LVL13:
 123              		.loc 1 88 30 view .LVU30
 124 005e 4D44     		add	r5, r5, r9
 125              		.loc 1 88 36 view .LVU31
 126 0060 4FEA9C3C 		lsr	ip, ip, #14
 127 0064 4CEA854C 		orr	ip, ip, r5, lsl #18
 128              		.loc 1 88 16 view .LVU32
 129 0068 0399     		ldr	r1, [sp, #12]
 130 006a 1CEB010C 		adds	ip, ip, r1
 131 006e 43EBA535 		adc	r5, r3, r5, asr #14
 132              	.LVL14:
  89:DSP/Source/ComplexMathFunctions/arm_cmplx_dot_prod_q31.c ****       real_sum -= ((q63_t)b0 * d0) >> 14;
 133              		.loc 1 89 7 is_stmt 1 view .LVU33
 134              		.loc 1 89 20 is_stmt 0 view .LVU34
 135 0072 D317     		asrs	r3, r2, #31
 136              		.loc 1 89 30 view .LVU35
ARM GAS  /var/folders/ck/g3dcd5x55xs4107jgdl0snvr0000gn/T//ccl5DgQP.s 			page 5


 137 0074 06FB03F9 		mul	r9, r6, r3
 138 0078 02FB0799 		mla	r9, r2, r7, r9
 139 007c A6FB0276 		umull	r7, r6, r6, r2
 140              	.LVL15:
 141              		.loc 1 89 30 view .LVU36
 142 0080 4E44     		add	r6, r6, r9
 143              		.loc 1 89 36 view .LVU37
 144 0082 BF0B     		lsrs	r7, r7, #14
 145 0084 47EA8647 		orr	r7, r7, r6, lsl #18
 146              		.loc 1 89 16 view .LVU38
 147 0088 C01B     		subs	r0, r0, r7
 148              	.LVL16:
 149              		.loc 1 89 16 view .LVU39
 150 008a 6EEBA63E 		sbc	lr, lr, r6, asr #14
 151              	.LVL17:
  90:DSP/Source/ComplexMathFunctions/arm_cmplx_dot_prod_q31.c ****       imag_sum += ((q63_t)b0 * c0) >> 14;
 152              		.loc 1 90 7 is_stmt 1 view .LVU40
 153              		.loc 1 90 30 is_stmt 0 view .LVU41
 154 008e 04FB03F3 		mul	r3, r4, r3
 155 0092 02FB0833 		mla	r3, r2, r8, r3
 156 0096 A4FB0242 		umull	r4, r2, r4, r2
 157              	.LVL18:
 158              		.loc 1 90 30 view .LVU42
 159 009a 1344     		add	r3, r3, r2
 160              		.loc 1 90 36 view .LVU43
 161 009c A40B     		lsrs	r4, r4, #14
 162 009e 44EA8344 		orr	r4, r4, r3, lsl #18
 163              		.loc 1 90 16 view .LVU44
 164 00a2 14EB0C04 		adds	r4, r4, ip
 165 00a6 45EBA331 		adc	r1, r5, r3, asr #14
 166              	.LVL19:
  91:DSP/Source/ComplexMathFunctions/arm_cmplx_dot_prod_q31.c **** 
  92:DSP/Source/ComplexMathFunctions/arm_cmplx_dot_prod_q31.c ****       a0 = *pSrcA++;
 167              		.loc 1 92 7 is_stmt 1 view .LVU45
 168              		.loc 1 92 10 is_stmt 0 view .LVU46
 169 00aa DBF80850 		ldr	r5, [fp, #8]
 170              	.LVL20:
  93:DSP/Source/ComplexMathFunctions/arm_cmplx_dot_prod_q31.c ****       b0 = *pSrcA++;
 171              		.loc 1 93 7 is_stmt 1 view .LVU47
 172              		.loc 1 93 10 is_stmt 0 view .LVU48
 173 00ae DBF80C20 		ldr	r2, [fp, #12]
 174              	.LVL21:
  94:DSP/Source/ComplexMathFunctions/arm_cmplx_dot_prod_q31.c ****       c0 = *pSrcB++;
 175              		.loc 1 94 7 is_stmt 1 view .LVU49
 176              		.loc 1 94 10 is_stmt 0 view .LVU50
 177 00b2 019E     		ldr	r6, [sp, #4]
 178 00b4 B368     		ldr	r3, [r6, #8]
 179              	.LVL22:
  95:DSP/Source/ComplexMathFunctions/arm_cmplx_dot_prod_q31.c ****       d0 = *pSrcB++;
 180              		.loc 1 95 7 is_stmt 1 view .LVU51
 181              		.loc 1 95 10 is_stmt 0 view .LVU52
 182 00b6 F768     		ldr	r7, [r6, #12]
 183              	.LVL23:
  96:DSP/Source/ComplexMathFunctions/arm_cmplx_dot_prod_q31.c **** 
  97:DSP/Source/ComplexMathFunctions/arm_cmplx_dot_prod_q31.c ****       real_sum += ((q63_t)a0 * c0) >> 14;
 184              		.loc 1 97 7 is_stmt 1 view .LVU53
 185              		.loc 1 97 20 is_stmt 0 view .LVU54
ARM GAS  /var/folders/ck/g3dcd5x55xs4107jgdl0snvr0000gn/T//ccl5DgQP.s 			page 6


 186 00b8 4FEAE57A 		asr	r10, r5, #31
 187              		.loc 1 97 30 view .LVU55
 188 00bc 4FEAE379 		asr	r9, r3, #31
 189 00c0 05FB09F8 		mul	r8, r5, r9
 190 00c4 03FB0A88 		mla	r8, r3, r10, r8
 191 00c8 A5FB036C 		umull	r6, ip, r5, r3
 192 00cc C444     		add	ip, ip, r8
 193              		.loc 1 97 36 view .LVU56
 194 00ce B60B     		lsrs	r6, r6, #14
 195 00d0 46EA8C46 		orr	r6, r6, ip, lsl #18
 196              		.loc 1 97 16 view .LVU57
 197 00d4 3618     		adds	r6, r6, r0
 198 00d6 4EEBAC3C 		adc	ip, lr, ip, asr #14
 199              	.LVL24:
  98:DSP/Source/ComplexMathFunctions/arm_cmplx_dot_prod_q31.c ****       imag_sum += ((q63_t)a0 * d0) >> 14;
 200              		.loc 1 98 7 is_stmt 1 view .LVU58
 201              		.loc 1 98 30 is_stmt 0 view .LVU59
 202 00da F817     		asrs	r0, r7, #31
 203 00dc 05FB00F8 		mul	r8, r5, r0
 204 00e0 07FB0A88 		mla	r8, r7, r10, r8
 205 00e4 A5FB07E5 		umull	lr, r5, r5, r7
 206              	.LVL25:
 207              		.loc 1 98 30 view .LVU60
 208 00e8 4544     		add	r5, r5, r8
 209              		.loc 1 98 36 view .LVU61
 210 00ea 4FEA9E3E 		lsr	lr, lr, #14
 211 00ee 4EEA854E 		orr	lr, lr, r5, lsl #18
 212              		.loc 1 98 16 view .LVU62
 213 00f2 1EEB0404 		adds	r4, lr, r4
 214              	.LVL26:
 215              		.loc 1 98 16 view .LVU63
 216 00f6 41EBA535 		adc	r5, r1, r5, asr #14
 217              	.LVL27:
  99:DSP/Source/ComplexMathFunctions/arm_cmplx_dot_prod_q31.c ****       real_sum -= ((q63_t)b0 * d0) >> 14;
 218              		.loc 1 99 7 is_stmt 1 view .LVU64
 219              		.loc 1 99 20 is_stmt 0 view .LVU65
 220 00fa 4FEAE27E 		asr	lr, r2, #31
 221              		.loc 1 99 30 view .LVU66
 222 00fe 07FB0EF8 		mul	r8, r7, lr
 223 0102 02FB0088 		mla	r8, r2, r0, r8
 224 0106 A7FB0207 		umull	r0, r7, r7, r2
 225              	.LVL28:
 226              		.loc 1 99 30 view .LVU67
 227 010a 4744     		add	r7, r7, r8
 228              		.loc 1 99 36 view .LVU68
 229 010c 800B     		lsrs	r0, r0, #14
 230 010e 40EA8740 		orr	r0, r0, r7, lsl #18
 231              		.loc 1 99 16 view .LVU69
 232 0112 361A     		subs	r6, r6, r0
 233              	.LVL29:
 234              		.loc 1 99 16 view .LVU70
 235 0114 6CEBA73C 		sbc	ip, ip, r7, asr #14
 236              	.LVL30:
 100:DSP/Source/ComplexMathFunctions/arm_cmplx_dot_prod_q31.c ****       imag_sum += ((q63_t)b0 * c0) >> 14;
 237              		.loc 1 100 7 is_stmt 1 view .LVU71
 238              		.loc 1 100 30 is_stmt 0 view .LVU72
 239 0118 03FB0EFE 		mul	lr, r3, lr
ARM GAS  /var/folders/ck/g3dcd5x55xs4107jgdl0snvr0000gn/T//ccl5DgQP.s 			page 7


 240 011c 02FB09EE 		mla	lr, r2, r9, lr
 241 0120 A3FB0232 		umull	r3, r2, r3, r2
 242              	.LVL31:
 243              		.loc 1 100 30 view .LVU73
 244 0124 9644     		add	lr, lr, r2
 245              		.loc 1 100 36 view .LVU74
 246 0126 9B0B     		lsrs	r3, r3, #14
 247 0128 43EA8E43 		orr	r3, r3, lr, lsl #18
 248              		.loc 1 100 16 view .LVU75
 249 012c 1B19     		adds	r3, r3, r4
 250 012e 45EBAE31 		adc	r1, r5, lr, asr #14
 251              	.LVL32:
 101:DSP/Source/ComplexMathFunctions/arm_cmplx_dot_prod_q31.c **** 
 102:DSP/Source/ComplexMathFunctions/arm_cmplx_dot_prod_q31.c ****       a0 = *pSrcA++;
 252              		.loc 1 102 7 is_stmt 1 view .LVU76
 253              		.loc 1 102 10 is_stmt 0 view .LVU77
 254 0132 DBF81020 		ldr	r2, [fp, #16]
 255              	.LVL33:
 103:DSP/Source/ComplexMathFunctions/arm_cmplx_dot_prod_q31.c ****       b0 = *pSrcA++;
 256              		.loc 1 103 7 is_stmt 1 view .LVU78
 257              		.loc 1 103 10 is_stmt 0 view .LVU79
 258 0136 DBF81470 		ldr	r7, [fp, #20]
 259              	.LVL34:
 104:DSP/Source/ComplexMathFunctions/arm_cmplx_dot_prod_q31.c ****       c0 = *pSrcB++;
 260              		.loc 1 104 7 is_stmt 1 view .LVU80
 261              		.loc 1 104 10 is_stmt 0 view .LVU81
 262 013a 0198     		ldr	r0, [sp, #4]
 263 013c 0469     		ldr	r4, [r0, #16]
 264              	.LVL35:
 105:DSP/Source/ComplexMathFunctions/arm_cmplx_dot_prod_q31.c ****       d0 = *pSrcB++;
 265              		.loc 1 105 7 is_stmt 1 view .LVU82
 266              		.loc 1 105 10 is_stmt 0 view .LVU83
 267 013e 4569     		ldr	r5, [r0, #20]
 268              	.LVL36:
 106:DSP/Source/ComplexMathFunctions/arm_cmplx_dot_prod_q31.c **** 
 107:DSP/Source/ComplexMathFunctions/arm_cmplx_dot_prod_q31.c ****       real_sum += ((q63_t)a0 * c0) >> 14;
 269              		.loc 1 107 7 is_stmt 1 view .LVU84
 270              		.loc 1 107 20 is_stmt 0 view .LVU85
 271 0140 4FEAE27A 		asr	r10, r2, #31
 272              		.loc 1 107 30 view .LVU86
 273 0144 4FEAE479 		asr	r9, r4, #31
 274 0148 02FB09F8 		mul	r8, r2, r9
 275 014c 04FB0A88 		mla	r8, r4, r10, r8
 276 0150 A2FB040E 		umull	r0, lr, r2, r4
 277 0154 C644     		add	lr, lr, r8
 278              		.loc 1 107 36 view .LVU87
 279 0156 800B     		lsrs	r0, r0, #14
 280 0158 40EA8E40 		orr	r0, r0, lr, lsl #18
 281              		.loc 1 107 16 view .LVU88
 282 015c 8019     		adds	r0, r0, r6
 283 015e 4CEBAE3E 		adc	lr, ip, lr, asr #14
 284              	.LVL37:
 108:DSP/Source/ComplexMathFunctions/arm_cmplx_dot_prod_q31.c ****       imag_sum += ((q63_t)a0 * d0) >> 14;
 285              		.loc 1 108 7 is_stmt 1 view .LVU89
 286              		.loc 1 108 30 is_stmt 0 view .LVU90
 287 0162 EE17     		asrs	r6, r5, #31
 288 0164 02FB06F8 		mul	r8, r2, r6
ARM GAS  /var/folders/ck/g3dcd5x55xs4107jgdl0snvr0000gn/T//ccl5DgQP.s 			page 8


 289 0168 05FB0A88 		mla	r8, r5, r10, r8
 290 016c A2FB05C2 		umull	ip, r2, r2, r5
 291              	.LVL38:
 292              		.loc 1 108 30 view .LVU91
 293 0170 4244     		add	r2, r2, r8
 294              		.loc 1 108 36 view .LVU92
 295 0172 4FEA9C3C 		lsr	ip, ip, #14
 296 0176 4CEA824C 		orr	ip, ip, r2, lsl #18
 297              		.loc 1 108 16 view .LVU93
 298 017a 1CEB0303 		adds	r3, ip, r3
 299              	.LVL39:
 300              		.loc 1 108 16 view .LVU94
 301 017e 41EBA232 		adc	r2, r1, r2, asr #14
 302              	.LVL40:
 109:DSP/Source/ComplexMathFunctions/arm_cmplx_dot_prod_q31.c ****       real_sum -= ((q63_t)b0 * d0) >> 14;
 303              		.loc 1 109 7 is_stmt 1 view .LVU95
 304              		.loc 1 109 20 is_stmt 0 view .LVU96
 305 0182 4FEAE77C 		asr	ip, r7, #31
 306              		.loc 1 109 30 view .LVU97
 307 0186 05FB0CF8 		mul	r8, r5, ip
 308 018a 07FB0688 		mla	r8, r7, r6, r8
 309 018e A5FB0765 		umull	r6, r5, r5, r7
 310              	.LVL41:
 311              		.loc 1 109 30 view .LVU98
 312 0192 4544     		add	r5, r5, r8
 313              		.loc 1 109 36 view .LVU99
 314 0194 B60B     		lsrs	r6, r6, #14
 315 0196 46EA8546 		orr	r6, r6, r5, lsl #18
 316              		.loc 1 109 16 view .LVU100
 317 019a 801B     		subs	r0, r0, r6
 318              	.LVL42:
 319              		.loc 1 109 16 view .LVU101
 320 019c 6EEBA53E 		sbc	lr, lr, r5, asr #14
 321              	.LVL43:
 110:DSP/Source/ComplexMathFunctions/arm_cmplx_dot_prod_q31.c ****       imag_sum += ((q63_t)b0 * c0) >> 14;
 322              		.loc 1 110 7 is_stmt 1 view .LVU102
 323              		.loc 1 110 30 is_stmt 0 view .LVU103
 324 01a0 04FB0CFC 		mul	ip, r4, ip
 325 01a4 07FB09CC 		mla	ip, r7, r9, ip
 326 01a8 A4FB0747 		umull	r4, r7, r4, r7
 327              	.LVL44:
 328              		.loc 1 110 30 view .LVU104
 329 01ac BC44     		add	ip, ip, r7
 330              		.loc 1 110 36 view .LVU105
 331 01ae A40B     		lsrs	r4, r4, #14
 332 01b0 44EA8C44 		orr	r4, r4, ip, lsl #18
 333              		.loc 1 110 16 view .LVU106
 334 01b4 E418     		adds	r4, r4, r3
 335 01b6 42EBAC31 		adc	r1, r2, ip, asr #14
 336              	.LVL45:
 111:DSP/Source/ComplexMathFunctions/arm_cmplx_dot_prod_q31.c **** 
 112:DSP/Source/ComplexMathFunctions/arm_cmplx_dot_prod_q31.c ****       a0 = *pSrcA++;
 337              		.loc 1 112 7 is_stmt 1 view .LVU107
 338              		.loc 1 112 10 is_stmt 0 view .LVU108
 339 01ba DBF81830 		ldr	r3, [fp, #24]
 340              	.LVL46:
 113:DSP/Source/ComplexMathFunctions/arm_cmplx_dot_prod_q31.c ****       b0 = *pSrcA++;
ARM GAS  /var/folders/ck/g3dcd5x55xs4107jgdl0snvr0000gn/T//ccl5DgQP.s 			page 9


 341              		.loc 1 113 7 is_stmt 1 view .LVU109
 342              		.loc 1 113 10 is_stmt 0 view .LVU110
 343 01be DBF81C20 		ldr	r2, [fp, #28]
 344              	.LVL47:
 114:DSP/Source/ComplexMathFunctions/arm_cmplx_dot_prod_q31.c ****       c0 = *pSrcB++;
 345              		.loc 1 114 7 is_stmt 1 view .LVU111
 346              		.loc 1 114 10 is_stmt 0 view .LVU112
 347 01c2 019E     		ldr	r6, [sp, #4]
 348 01c4 B569     		ldr	r5, [r6, #24]
 349              	.LVL48:
 115:DSP/Source/ComplexMathFunctions/arm_cmplx_dot_prod_q31.c ****       d0 = *pSrcB++;
 350              		.loc 1 115 7 is_stmt 1 view .LVU113
 351              		.loc 1 115 10 is_stmt 0 view .LVU114
 352 01c6 F769     		ldr	r7, [r6, #28]
 353              	.LVL49:
 116:DSP/Source/ComplexMathFunctions/arm_cmplx_dot_prod_q31.c **** 
 117:DSP/Source/ComplexMathFunctions/arm_cmplx_dot_prod_q31.c ****       real_sum += ((q63_t)a0 * c0) >> 14;
 354              		.loc 1 117 7 is_stmt 1 view .LVU115
 355              		.loc 1 117 20 is_stmt 0 view .LVU116
 356 01c8 4FEAE37A 		asr	r10, r3, #31
 357              		.loc 1 117 30 view .LVU117
 358 01cc 4FEAE579 		asr	r9, r5, #31
 359 01d0 03FB09F8 		mul	r8, r3, r9
 360 01d4 05FB0A88 		mla	r8, r5, r10, r8
 361 01d8 A3FB056C 		umull	r6, ip, r3, r5
 362 01dc C444     		add	ip, ip, r8
 363              		.loc 1 117 36 view .LVU118
 364 01de B60B     		lsrs	r6, r6, #14
 365 01e0 46EA8C46 		orr	r6, r6, ip, lsl #18
 366              		.loc 1 117 16 view .LVU119
 367 01e4 3018     		adds	r0, r6, r0
 368              	.LVL50:
 369              		.loc 1 117 16 view .LVU120
 370 01e6 4EEBAC3C 		adc	ip, lr, ip, asr #14
 371              	.LVL51:
 118:DSP/Source/ComplexMathFunctions/arm_cmplx_dot_prod_q31.c ****       imag_sum += ((q63_t)a0 * d0) >> 14;
 372              		.loc 1 118 7 is_stmt 1 view .LVU121
 373              		.loc 1 118 30 is_stmt 0 view .LVU122
 374 01ea FE17     		asrs	r6, r7, #31
 375 01ec 03FB06F8 		mul	r8, r3, r6
 376 01f0 07FB0A88 		mla	r8, r7, r10, r8
 377 01f4 A3FB07E3 		umull	lr, r3, r3, r7
 378              	.LVL52:
 379              		.loc 1 118 30 view .LVU123
 380 01f8 4344     		add	r3, r3, r8
 381              		.loc 1 118 36 view .LVU124
 382 01fa 4FEA9E3E 		lsr	lr, lr, #14
 383 01fe 4EEA834E 		orr	lr, lr, r3, lsl #18
 384              		.loc 1 118 16 view .LVU125
 385 0202 1EEB0404 		adds	r4, lr, r4
 386              	.LVL53:
 387              		.loc 1 118 16 view .LVU126
 388 0206 41EBA333 		adc	r3, r1, r3, asr #14
 389              	.LVL54:
 119:DSP/Source/ComplexMathFunctions/arm_cmplx_dot_prod_q31.c ****       real_sum -= ((q63_t)b0 * d0) >> 14;
 390              		.loc 1 119 7 is_stmt 1 view .LVU127
 391              		.loc 1 119 20 is_stmt 0 view .LVU128
ARM GAS  /var/folders/ck/g3dcd5x55xs4107jgdl0snvr0000gn/T//ccl5DgQP.s 			page 10


 392 020a 4FEAE27E 		asr	lr, r2, #31
 393              		.loc 1 119 30 view .LVU129
 394 020e 07FB0EF8 		mul	r8, r7, lr
 395 0212 02FB0688 		mla	r8, r2, r6, r8
 396 0216 A7FB0267 		umull	r6, r7, r7, r2
 397              	.LVL55:
 398              		.loc 1 119 30 view .LVU130
 399 021a 4744     		add	r7, r7, r8
 400              		.loc 1 119 36 view .LVU131
 401 021c B60B     		lsrs	r6, r6, #14
 402 021e 46EA8746 		orr	r6, r6, r7, lsl #18
 403              		.loc 1 119 16 view .LVU132
 404 0222 801B     		subs	r0, r0, r6
 405              	.LVL56:
 406              		.loc 1 119 16 view .LVU133
 407 0224 6CEBA73C 		sbc	ip, ip, r7, asr #14
 408              	.LVL57:
 120:DSP/Source/ComplexMathFunctions/arm_cmplx_dot_prod_q31.c ****       imag_sum += ((q63_t)b0 * c0) >> 14;
 409              		.loc 1 120 7 is_stmt 1 view .LVU134
 410              		.loc 1 120 30 is_stmt 0 view .LVU135
 411 0228 05FB0EFE 		mul	lr, r5, lr
 412 022c 02FB09EE 		mla	lr, r2, r9, lr
 413 0230 A5FB0252 		umull	r5, r2, r5, r2
 414              	.LVL58:
 415              		.loc 1 120 30 view .LVU136
 416 0234 9644     		add	lr, lr, r2
 417              		.loc 1 120 36 view .LVU137
 418 0236 AD0B     		lsrs	r5, r5, #14
 419 0238 45EA8E45 		orr	r5, r5, lr, lsl #18
 420              		.loc 1 120 16 view .LVU138
 421 023c 2A19     		adds	r2, r5, r4
 422 023e 0392     		str	r2, [sp, #12]
 423 0240 43EBAE33 		adc	r3, r3, lr, asr #14
 424              	.LVL59:
 121:DSP/Source/ComplexMathFunctions/arm_cmplx_dot_prod_q31.c **** 
 122:DSP/Source/ComplexMathFunctions/arm_cmplx_dot_prod_q31.c ****       /* Decrement the loop counter */
 123:DSP/Source/ComplexMathFunctions/arm_cmplx_dot_prod_q31.c ****       blkCnt--;
 425              		.loc 1 123 7 is_stmt 1 view .LVU139
 426              		.loc 1 123 13 is_stmt 0 view .LVU140
 427 0244 029A     		ldr	r2, [sp, #8]
 428              	.LVL60:
 429              		.loc 1 123 13 view .LVU141
 430 0246 013A     		subs	r2, r2, #1
 431 0248 0292     		str	r2, [sp, #8]
 432              	.LVL61:
 115:DSP/Source/ComplexMathFunctions/arm_cmplx_dot_prod_q31.c **** 
 433              		.loc 1 115 18 view .LVU142
 434 024a 019E     		ldr	r6, [sp, #4]
 435 024c 2036     		adds	r6, r6, #32
 436              	.LVL62:
 115:DSP/Source/ComplexMathFunctions/arm_cmplx_dot_prod_q31.c **** 
 437              		.loc 1 115 18 view .LVU143
 438 024e 0196     		str	r6, [sp, #4]
 439              	.LVL63:
 113:DSP/Source/ComplexMathFunctions/arm_cmplx_dot_prod_q31.c ****       c0 = *pSrcB++;
 440              		.loc 1 113 18 view .LVU144
 441 0250 0BF1200B 		add	fp, fp, #32
ARM GAS  /var/folders/ck/g3dcd5x55xs4107jgdl0snvr0000gn/T//ccl5DgQP.s 			page 11


 442              	.LVL64:
 443              	.L2:
  80:DSP/Source/ComplexMathFunctions/arm_cmplx_dot_prod_q31.c ****   {
 444              		.loc 1 80 17 is_stmt 1 view .LVU145
 445 0254 029A     		ldr	r2, [sp, #8]
 446 0256 002A     		cmp	r2, #0
 447 0258 7FF4E2AE 		bne	.L3
 124:DSP/Source/ComplexMathFunctions/arm_cmplx_dot_prod_q31.c ****   }
 125:DSP/Source/ComplexMathFunctions/arm_cmplx_dot_prod_q31.c **** 
 126:DSP/Source/ComplexMathFunctions/arm_cmplx_dot_prod_q31.c ****   /* If the numSamples  is not a multiple of 4, compute any remaining output samples here.
 127:DSP/Source/ComplexMathFunctions/arm_cmplx_dot_prod_q31.c ****    ** No loop unrolling is used. */
 128:DSP/Source/ComplexMathFunctions/arm_cmplx_dot_prod_q31.c ****   blkCnt = numSamples % 0x4U;
 448              		.loc 1 128 10 is_stmt 0 view .LVU146
 449 025c 0199     		ldr	r1, [sp, #4]
 450 025e 049E     		ldr	r6, [sp, #16]
 451 0260 DDF81480 		ldr	r8, [sp, #20]
 452              		.loc 1 128 3 is_stmt 1 view .LVU147
 453              		.loc 1 128 10 is_stmt 0 view .LVU148
 454 0264 06F0030E 		and	lr, r6, #3
 455              	.LVL65:
 129:DSP/Source/ComplexMathFunctions/arm_cmplx_dot_prod_q31.c **** 
 130:DSP/Source/ComplexMathFunctions/arm_cmplx_dot_prod_q31.c ****   while (blkCnt > 0U)
 456              		.loc 1 130 3 is_stmt 1 view .LVU149
 457 0268 CDF81080 		str	r8, [sp, #16]
 458              	.LVL66:
 459              		.loc 1 130 3 is_stmt 0 view .LVU150
 460 026c 5C46     		mov	r4, fp
 461 026e E346     		mov	fp, ip
 462              	.LVL67:
 463              		.loc 1 130 3 view .LVU151
 464 0270 7246     		mov	r2, lr
 465 0272 DDF80CE0 		ldr	lr, [sp, #12]
 466              	.LVL68:
 467              		.loc 1 130 9 view .LVU152
 468 0276 49E0     		b	.L4
 469              	.LVL69:
 470              	.L5:
 131:DSP/Source/ComplexMathFunctions/arm_cmplx_dot_prod_q31.c ****   {
 132:DSP/Source/ComplexMathFunctions/arm_cmplx_dot_prod_q31.c ****       a0 = *pSrcA++;
 471              		.loc 1 132 7 is_stmt 1 view .LVU153
 472              		.loc 1 132 10 is_stmt 0 view .LVU154
 473 0278 2646     		mov	r6, r4
 474 027a 56F8085B 		ldr	r5, [r6], #8
 475 027e 0196     		str	r6, [sp, #4]
 476              	.LVL70:
 133:DSP/Source/ComplexMathFunctions/arm_cmplx_dot_prod_q31.c ****       b0 = *pSrcA++;
 477              		.loc 1 133 7 is_stmt 1 view .LVU155
 478              		.loc 1 133 10 is_stmt 0 view .LVU156
 479 0280 6768     		ldr	r7, [r4, #4]
 480              	.LVL71:
 134:DSP/Source/ComplexMathFunctions/arm_cmplx_dot_prod_q31.c ****       c0 = *pSrcB++;
 481              		.loc 1 134 7 is_stmt 1 view .LVU157
 482              		.loc 1 134 10 is_stmt 0 view .LVU158
 483 0282 0E46     		mov	r6, r1
 484              	.LVL72:
 485              		.loc 1 134 10 view .LVU159
 486 0284 56F8084B 		ldr	r4, [r6], #8
ARM GAS  /var/folders/ck/g3dcd5x55xs4107jgdl0snvr0000gn/T//ccl5DgQP.s 			page 12


 487 0288 0296     		str	r6, [sp, #8]
 488              	.LVL73:
 135:DSP/Source/ComplexMathFunctions/arm_cmplx_dot_prod_q31.c ****       d0 = *pSrcB++;
 489              		.loc 1 135 7 is_stmt 1 view .LVU160
 490              		.loc 1 135 10 is_stmt 0 view .LVU161
 491 028a 4968     		ldr	r1, [r1, #4]
 492              	.LVL74:
 136:DSP/Source/ComplexMathFunctions/arm_cmplx_dot_prod_q31.c **** 
 137:DSP/Source/ComplexMathFunctions/arm_cmplx_dot_prod_q31.c ****       real_sum += ((q63_t)a0 * c0) >> 14;
 493              		.loc 1 137 7 is_stmt 1 view .LVU162
 494              		.loc 1 137 20 is_stmt 0 view .LVU163
 495 028c 4FEAE57A 		asr	r10, r5, #31
 496              		.loc 1 137 30 view .LVU164
 497 0290 4FEAE479 		asr	r9, r4, #31
 498 0294 05FB09F8 		mul	r8, r5, r9
 499 0298 04FB0A88 		mla	r8, r4, r10, r8
 500 029c A5FB046C 		umull	r6, ip, r5, r4
 501              	.LVL75:
 502              		.loc 1 137 30 view .LVU165
 503 02a0 C444     		add	ip, ip, r8
 504              		.loc 1 137 36 view .LVU166
 505 02a2 B60B     		lsrs	r6, r6, #14
 506 02a4 46EA8C46 		orr	r6, r6, ip, lsl #18
 507              		.loc 1 137 16 view .LVU167
 508 02a8 3618     		adds	r6, r6, r0
 509 02aa 4BEBAC3C 		adc	ip, fp, ip, asr #14
 510              	.LVL76:
 138:DSP/Source/ComplexMathFunctions/arm_cmplx_dot_prod_q31.c ****       imag_sum += ((q63_t)a0 * d0) >> 14;
 511              		.loc 1 138 7 is_stmt 1 view .LVU168
 512              		.loc 1 138 30 is_stmt 0 view .LVU169
 513 02ae C817     		asrs	r0, r1, #31
 514 02b0 05FB00F8 		mul	r8, r5, r0
 515 02b4 01FB0A8A 		mla	r10, r1, r10, r8
 516 02b8 A5FB0185 		umull	r8, r5, r5, r1
 517              	.LVL77:
 518              		.loc 1 138 30 view .LVU170
 519 02bc 5544     		add	r5, r5, r10
 520              		.loc 1 138 36 view .LVU171
 521 02be 4FEA9838 		lsr	r8, r8, #14
 522 02c2 48EA8548 		orr	r8, r8, r5, lsl #18
 523              		.loc 1 138 16 view .LVU172
 524 02c6 18EB0E0E 		adds	lr, r8, lr
 525              	.LVL78:
 526              		.loc 1 138 16 view .LVU173
 527 02ca 43EBA535 		adc	r5, r3, r5, asr #14
 528              	.LVL79:
 139:DSP/Source/ComplexMathFunctions/arm_cmplx_dot_prod_q31.c ****       real_sum -= ((q63_t)b0 * d0) >> 14;
 529              		.loc 1 139 7 is_stmt 1 view .LVU174
 530              		.loc 1 139 20 is_stmt 0 view .LVU175
 531 02ce FB17     		asrs	r3, r7, #31
 532              		.loc 1 139 30 view .LVU176
 533 02d0 01FB03F8 		mul	r8, r1, r3
 534 02d4 07FB0088 		mla	r8, r7, r0, r8
 535 02d8 A1FB0701 		umull	r0, r1, r1, r7
 536              	.LVL80:
 537              		.loc 1 139 30 view .LVU177
 538 02dc 4144     		add	r1, r1, r8
ARM GAS  /var/folders/ck/g3dcd5x55xs4107jgdl0snvr0000gn/T//ccl5DgQP.s 			page 13


 539              		.loc 1 139 36 view .LVU178
 540 02de 800B     		lsrs	r0, r0, #14
 541 02e0 40EA8140 		orr	r0, r0, r1, lsl #18
 542              		.loc 1 139 16 view .LVU179
 543 02e4 301A     		subs	r0, r6, r0
 544 02e6 6CEBA13B 		sbc	fp, ip, r1, asr #14
 545              	.LVL81:
 140:DSP/Source/ComplexMathFunctions/arm_cmplx_dot_prod_q31.c ****       imag_sum += ((q63_t)b0 * c0) >> 14;
 546              		.loc 1 140 7 is_stmt 1 view .LVU180
 547              		.loc 1 140 30 is_stmt 0 view .LVU181
 548 02ea 04FB03F3 		mul	r3, r4, r3
 549 02ee 07FB0933 		mla	r3, r7, r9, r3
 550 02f2 A4FB0747 		umull	r4, r7, r4, r7
 551              	.LVL82:
 552              		.loc 1 140 30 view .LVU182
 553 02f6 3B44     		add	r3, r3, r7
 554              		.loc 1 140 36 view .LVU183
 555 02f8 A40B     		lsrs	r4, r4, #14
 556 02fa 44EA8344 		orr	r4, r4, r3, lsl #18
 557              		.loc 1 140 16 view .LVU184
 558 02fe 14EB0E0E 		adds	lr, r4, lr
 559              	.LVL83:
 560              		.loc 1 140 16 view .LVU185
 561 0302 45EBA333 		adc	r3, r5, r3, asr #14
 562              	.LVL84:
 141:DSP/Source/ComplexMathFunctions/arm_cmplx_dot_prod_q31.c **** 
 142:DSP/Source/ComplexMathFunctions/arm_cmplx_dot_prod_q31.c ****       /* Decrement the loop counter */
 143:DSP/Source/ComplexMathFunctions/arm_cmplx_dot_prod_q31.c ****       blkCnt--;
 563              		.loc 1 143 7 is_stmt 1 view .LVU186
 564              		.loc 1 143 13 is_stmt 0 view .LVU187
 565 0306 013A     		subs	r2, r2, #1
 566              	.LVL85:
 135:DSP/Source/ComplexMathFunctions/arm_cmplx_dot_prod_q31.c **** 
 567              		.loc 1 135 18 view .LVU188
 568 0308 0299     		ldr	r1, [sp, #8]
 133:DSP/Source/ComplexMathFunctions/arm_cmplx_dot_prod_q31.c ****       c0 = *pSrcB++;
 569              		.loc 1 133 18 view .LVU189
 570 030a 019C     		ldr	r4, [sp, #4]
 571              	.LVL86:
 572              	.L4:
 130:DSP/Source/ComplexMathFunctions/arm_cmplx_dot_prod_q31.c ****   {
 573              		.loc 1 130 17 is_stmt 1 view .LVU190
 574 030c 002A     		cmp	r2, #0
 575 030e B3D1     		bne	.L5
 144:DSP/Source/ComplexMathFunctions/arm_cmplx_dot_prod_q31.c ****   }
 145:DSP/Source/ComplexMathFunctions/arm_cmplx_dot_prod_q31.c **** 
 146:DSP/Source/ComplexMathFunctions/arm_cmplx_dot_prod_q31.c **** #else
 147:DSP/Source/ComplexMathFunctions/arm_cmplx_dot_prod_q31.c **** 
 148:DSP/Source/ComplexMathFunctions/arm_cmplx_dot_prod_q31.c ****   /* Run the below code for Cortex-M0 */
 149:DSP/Source/ComplexMathFunctions/arm_cmplx_dot_prod_q31.c **** 
 150:DSP/Source/ComplexMathFunctions/arm_cmplx_dot_prod_q31.c ****   while (numSamples > 0U)
 151:DSP/Source/ComplexMathFunctions/arm_cmplx_dot_prod_q31.c ****   {
 152:DSP/Source/ComplexMathFunctions/arm_cmplx_dot_prod_q31.c ****       a0 = *pSrcA++;
 153:DSP/Source/ComplexMathFunctions/arm_cmplx_dot_prod_q31.c ****       b0 = *pSrcA++;
 154:DSP/Source/ComplexMathFunctions/arm_cmplx_dot_prod_q31.c ****       c0 = *pSrcB++;
 155:DSP/Source/ComplexMathFunctions/arm_cmplx_dot_prod_q31.c ****       d0 = *pSrcB++;
 156:DSP/Source/ComplexMathFunctions/arm_cmplx_dot_prod_q31.c **** 
ARM GAS  /var/folders/ck/g3dcd5x55xs4107jgdl0snvr0000gn/T//ccl5DgQP.s 			page 14


 157:DSP/Source/ComplexMathFunctions/arm_cmplx_dot_prod_q31.c ****       real_sum += ((q63_t)a0 * c0) >> 14;
 158:DSP/Source/ComplexMathFunctions/arm_cmplx_dot_prod_q31.c ****       imag_sum += ((q63_t)a0 * d0) >> 14;
 159:DSP/Source/ComplexMathFunctions/arm_cmplx_dot_prod_q31.c ****       real_sum -= ((q63_t)b0 * d0) >> 14;
 160:DSP/Source/ComplexMathFunctions/arm_cmplx_dot_prod_q31.c ****       imag_sum += ((q63_t)b0 * c0) >> 14;
 161:DSP/Source/ComplexMathFunctions/arm_cmplx_dot_prod_q31.c **** 
 162:DSP/Source/ComplexMathFunctions/arm_cmplx_dot_prod_q31.c ****       /* Decrement the loop counter */
 163:DSP/Source/ComplexMathFunctions/arm_cmplx_dot_prod_q31.c ****       numSamples--;
 164:DSP/Source/ComplexMathFunctions/arm_cmplx_dot_prod_q31.c ****   }
 165:DSP/Source/ComplexMathFunctions/arm_cmplx_dot_prod_q31.c **** 
 166:DSP/Source/ComplexMathFunctions/arm_cmplx_dot_prod_q31.c **** #endif /* #if defined (ARM_MATH_DSP) */
 167:DSP/Source/ComplexMathFunctions/arm_cmplx_dot_prod_q31.c **** 
 168:DSP/Source/ComplexMathFunctions/arm_cmplx_dot_prod_q31.c ****   /* Store the real and imaginary results in 16.48 format  */
 169:DSP/Source/ComplexMathFunctions/arm_cmplx_dot_prod_q31.c ****   *realResult = real_sum;
 576              		.loc 1 169 15 is_stmt 0 view .LVU191
 577 0310 DDF81080 		ldr	r8, [sp, #16]
 578 0314 109C     		ldr	r4, [sp, #64]
 579              	.LVL87:
 580              		.loc 1 169 3 is_stmt 1 view .LVU192
 581              		.loc 1 169 15 is_stmt 0 view .LVU193
 582 0316 C8F80000 		str	r0, [r8]
 583 031a C8F804B0 		str	fp, [r8, #4]
 170:DSP/Source/ComplexMathFunctions/arm_cmplx_dot_prod_q31.c ****   *imagResult = imag_sum;
 584              		.loc 1 170 3 is_stmt 1 view .LVU194
 585              		.loc 1 170 15 is_stmt 0 view .LVU195
 586 031e C4F800E0 		str	lr, [r4]
 587 0322 6360     		str	r3, [r4, #4]
 171:DSP/Source/ComplexMathFunctions/arm_cmplx_dot_prod_q31.c **** }
 588              		.loc 1 171 1 view .LVU196
 589 0324 07B0     		add	sp, sp, #28
 590              	.LCFI2:
 591              		.cfi_def_cfa_offset 36
 592              		@ sp needed
 593 0326 BDE8F08F 		pop	{r4, r5, r6, r7, r8, r9, r10, fp, pc}
 594              		.loc 1 171 1 view .LVU197
 595              		.cfi_endproc
 596              	.LFE139:
 598              		.text
 599              	.Letext0:
 600              		.file 2 "/Users/luban/.local/xPacks/arm-none-eabi-gcc/xpack-arm-none-eabi-gcc-13.2.1-1.1/arm-none-
 601              		.file 3 "/Users/luban/.local/xPacks/arm-none-eabi-gcc/xpack-arm-none-eabi-gcc-13.2.1-1.1/arm-none-
 602              		.file 4 "DSP/Inc/arm_math.h"
ARM GAS  /var/folders/ck/g3dcd5x55xs4107jgdl0snvr0000gn/T//ccl5DgQP.s 			page 15


DEFINED SYMBOLS
                            *ABS*:00000000 arm_cmplx_dot_prod_q31.c
/var/folders/ck/g3dcd5x55xs4107jgdl0snvr0000gn/T//ccl5DgQP.s:21     .text.arm_cmplx_dot_prod_q31:00000000 $t
/var/folders/ck/g3dcd5x55xs4107jgdl0snvr0000gn/T//ccl5DgQP.s:27     .text.arm_cmplx_dot_prod_q31:00000000 arm_cmplx_dot_prod_q31

NO UNDEFINED SYMBOLS
