ARM GAS  /var/folders/ck/g3dcd5x55xs4107jgdl0snvr0000gn/T//cc12kAVo.s 			page 1


   1              		.cpu cortex-m4
   2              		.arch armv7e-m
   3              		.fpu fpv4-sp-d16
   4              		.eabi_attribute 27, 1
   5              		.eabi_attribute 28, 1
   6              		.eabi_attribute 20, 1
   7              		.eabi_attribute 21, 1
   8              		.eabi_attribute 23, 3
   9              		.eabi_attribute 24, 1
  10              		.eabi_attribute 25, 1
  11              		.eabi_attribute 26, 1
  12              		.eabi_attribute 30, 1
  13              		.eabi_attribute 34, 1
  14              		.eabi_attribute 18, 4
  15              		.file	"arm_fill_q15.c"
  16              		.text
  17              	.Ltext0:
  18              		.cfi_sections	.debug_frame
  19              		.file 1 "DSP/Source/SupportFunctions/arm_fill_q15.c"
  20              		.section	.text.arm_fill_q15,"ax",%progbits
  21              		.align	1
  22              		.global	arm_fill_q15
  23              		.syntax unified
  24              		.thumb
  25              		.thumb_func
  27              	arm_fill_q15:
  28              	.LVL0:
  29              	.LFB139:
   1:DSP/Source/SupportFunctions/arm_fill_q15.c **** /* ----------------------------------------------------------------------
   2:DSP/Source/SupportFunctions/arm_fill_q15.c ****  * Project:      CMSIS DSP Library
   3:DSP/Source/SupportFunctions/arm_fill_q15.c ****  * Title:        arm_fill_q15.c
   4:DSP/Source/SupportFunctions/arm_fill_q15.c ****  * Description:  Fills a constant value into a Q15 vector
   5:DSP/Source/SupportFunctions/arm_fill_q15.c ****  *
   6:DSP/Source/SupportFunctions/arm_fill_q15.c ****  * $Date:        27. January 2017
   7:DSP/Source/SupportFunctions/arm_fill_q15.c ****  * $Revision:    V.1.5.1
   8:DSP/Source/SupportFunctions/arm_fill_q15.c ****  *
   9:DSP/Source/SupportFunctions/arm_fill_q15.c ****  * Target Processor: Cortex-M cores
  10:DSP/Source/SupportFunctions/arm_fill_q15.c ****  * -------------------------------------------------------------------- */
  11:DSP/Source/SupportFunctions/arm_fill_q15.c **** /*
  12:DSP/Source/SupportFunctions/arm_fill_q15.c ****  * Copyright (C) 2010-2017 ARM Limited or its affiliates. All rights reserved.
  13:DSP/Source/SupportFunctions/arm_fill_q15.c ****  *
  14:DSP/Source/SupportFunctions/arm_fill_q15.c ****  * SPDX-License-Identifier: Apache-2.0
  15:DSP/Source/SupportFunctions/arm_fill_q15.c ****  *
  16:DSP/Source/SupportFunctions/arm_fill_q15.c ****  * Licensed under the Apache License, Version 2.0 (the License); you may
  17:DSP/Source/SupportFunctions/arm_fill_q15.c ****  * not use this file except in compliance with the License.
  18:DSP/Source/SupportFunctions/arm_fill_q15.c ****  * You may obtain a copy of the License at
  19:DSP/Source/SupportFunctions/arm_fill_q15.c ****  *
  20:DSP/Source/SupportFunctions/arm_fill_q15.c ****  * www.apache.org/licenses/LICENSE-2.0
  21:DSP/Source/SupportFunctions/arm_fill_q15.c ****  *
  22:DSP/Source/SupportFunctions/arm_fill_q15.c ****  * Unless required by applicable law or agreed to in writing, software
  23:DSP/Source/SupportFunctions/arm_fill_q15.c ****  * distributed under the License is distributed on an AS IS BASIS, WITHOUT
  24:DSP/Source/SupportFunctions/arm_fill_q15.c ****  * WARRANTIES OR CONDITIONS OF ANY KIND, either express or implied.
  25:DSP/Source/SupportFunctions/arm_fill_q15.c ****  * See the License for the specific language governing permissions and
  26:DSP/Source/SupportFunctions/arm_fill_q15.c ****  * limitations under the License.
  27:DSP/Source/SupportFunctions/arm_fill_q15.c ****  */
  28:DSP/Source/SupportFunctions/arm_fill_q15.c **** 
  29:DSP/Source/SupportFunctions/arm_fill_q15.c **** #include "arm_math.h"
ARM GAS  /var/folders/ck/g3dcd5x55xs4107jgdl0snvr0000gn/T//cc12kAVo.s 			page 2


  30:DSP/Source/SupportFunctions/arm_fill_q15.c **** 
  31:DSP/Source/SupportFunctions/arm_fill_q15.c **** /**
  32:DSP/Source/SupportFunctions/arm_fill_q15.c ****  * @ingroup groupSupport
  33:DSP/Source/SupportFunctions/arm_fill_q15.c ****  */
  34:DSP/Source/SupportFunctions/arm_fill_q15.c **** 
  35:DSP/Source/SupportFunctions/arm_fill_q15.c **** /**
  36:DSP/Source/SupportFunctions/arm_fill_q15.c ****  * @addtogroup Fill
  37:DSP/Source/SupportFunctions/arm_fill_q15.c ****  * @{
  38:DSP/Source/SupportFunctions/arm_fill_q15.c ****  */
  39:DSP/Source/SupportFunctions/arm_fill_q15.c **** 
  40:DSP/Source/SupportFunctions/arm_fill_q15.c **** /**
  41:DSP/Source/SupportFunctions/arm_fill_q15.c ****  * @brief Fills a constant value into a Q15 vector.
  42:DSP/Source/SupportFunctions/arm_fill_q15.c ****  * @param[in]       value input value to be filled
  43:DSP/Source/SupportFunctions/arm_fill_q15.c ****  * @param[out]      *pDst points to output vector
  44:DSP/Source/SupportFunctions/arm_fill_q15.c ****  * @param[in]       blockSize length of the output vector
  45:DSP/Source/SupportFunctions/arm_fill_q15.c ****  * @return none.
  46:DSP/Source/SupportFunctions/arm_fill_q15.c ****  *
  47:DSP/Source/SupportFunctions/arm_fill_q15.c ****  */
  48:DSP/Source/SupportFunctions/arm_fill_q15.c **** 
  49:DSP/Source/SupportFunctions/arm_fill_q15.c **** void arm_fill_q15(
  50:DSP/Source/SupportFunctions/arm_fill_q15.c ****   q15_t value,
  51:DSP/Source/SupportFunctions/arm_fill_q15.c ****   q15_t * pDst,
  52:DSP/Source/SupportFunctions/arm_fill_q15.c ****   uint32_t blockSize)
  53:DSP/Source/SupportFunctions/arm_fill_q15.c **** {
  30              		.loc 1 53 1 view -0
  31              		.cfi_startproc
  32              		@ args = 0, pretend = 0, frame = 0
  33              		@ frame_needed = 0, uses_anonymous_args = 0
  34              		@ link register save eliminated.
  35              		.loc 1 53 1 is_stmt 0 view .LVU1
  36 0000 30B4     		push	{r4, r5}
  37              	.LCFI0:
  38              		.cfi_def_cfa_offset 8
  39              		.cfi_offset 4, -8
  40              		.cfi_offset 5, -4
  54:DSP/Source/SupportFunctions/arm_fill_q15.c ****   uint32_t blkCnt;                               /* loop counter */
  41              		.loc 1 54 3 is_stmt 1 view .LVU2
  55:DSP/Source/SupportFunctions/arm_fill_q15.c **** 
  56:DSP/Source/SupportFunctions/arm_fill_q15.c **** #if defined (ARM_MATH_DSP)
  57:DSP/Source/SupportFunctions/arm_fill_q15.c **** 
  58:DSP/Source/SupportFunctions/arm_fill_q15.c ****   /* Run the below code for Cortex-M4 and Cortex-M3 */
  59:DSP/Source/SupportFunctions/arm_fill_q15.c **** 
  60:DSP/Source/SupportFunctions/arm_fill_q15.c ****   q31_t packedValue;                             /* value packed to 32 bits */
  42              		.loc 1 60 3 view .LVU3
  61:DSP/Source/SupportFunctions/arm_fill_q15.c **** 
  62:DSP/Source/SupportFunctions/arm_fill_q15.c **** 
  63:DSP/Source/SupportFunctions/arm_fill_q15.c ****   /*loop Unrolling */
  64:DSP/Source/SupportFunctions/arm_fill_q15.c ****   blkCnt = blockSize >> 2U;
  43              		.loc 1 64 3 view .LVU4
  44              		.loc 1 64 10 is_stmt 0 view .LVU5
  45 0002 9408     		lsrs	r4, r2, #2
  46              	.LVL1:
  65:DSP/Source/SupportFunctions/arm_fill_q15.c **** 
  66:DSP/Source/SupportFunctions/arm_fill_q15.c ****   /* Packing two 16 bit values to 32 bit value in order to use SIMD */
  67:DSP/Source/SupportFunctions/arm_fill_q15.c ****   packedValue = __PKHBT(value, value, 16U);
  47              		.loc 1 67 3 is_stmt 1 view .LVU6
  48              	.LBB2:
ARM GAS  /var/folders/ck/g3dcd5x55xs4107jgdl0snvr0000gn/T//cc12kAVo.s 			page 3


  49              		.loc 1 67 17 view .LVU7
  50              		.loc 1 67 17 view .LVU8
  51              		.syntax unified
  52              	@ 67 "DSP/Source/SupportFunctions/arm_fill_q15.c" 1
  53 0004 C0EA0045 		pkhbt r5, r0, r0, lsl #16
  54              	@ 0 "" 2
  55              	.LVL2:
  56              		.loc 1 67 17 view .LVU9
  57              		.loc 1 67 17 is_stmt 0 view .LVU10
  58              		.thumb
  59              		.syntax unified
  60              	.LBE2:
  68:DSP/Source/SupportFunctions/arm_fill_q15.c **** 
  69:DSP/Source/SupportFunctions/arm_fill_q15.c ****   /* First part of the processing with loop unrolling.  Compute 4 outputs at a time.
  70:DSP/Source/SupportFunctions/arm_fill_q15.c ****    ** a second loop below computes the remaining 1 to 3 samples. */
  71:DSP/Source/SupportFunctions/arm_fill_q15.c ****   while (blkCnt > 0U)
  61              		.loc 1 71 3 is_stmt 1 view .LVU11
  62              		.loc 1 71 9 is_stmt 0 view .LVU12
  63 0008 05E0     		b	.L2
  64              	.L3:
  72:DSP/Source/SupportFunctions/arm_fill_q15.c ****   {
  73:DSP/Source/SupportFunctions/arm_fill_q15.c ****     /* C = value */
  74:DSP/Source/SupportFunctions/arm_fill_q15.c ****     /* Fill the value in the destination buffer */
  75:DSP/Source/SupportFunctions/arm_fill_q15.c ****     *__SIMD32(pDst)++ = packedValue;
  65              		.loc 1 75 5 is_stmt 1 view .LVU13
  66              	.LVL3:
  67              		.loc 1 75 23 is_stmt 0 view .LVU14
  68 000a 0B46     		mov	r3, r1
  69 000c 43F8085B 		str	r5, [r3], #8
  76:DSP/Source/SupportFunctions/arm_fill_q15.c ****     *__SIMD32(pDst)++ = packedValue;
  70              		.loc 1 76 5 is_stmt 1 view .LVU15
  71              	.LVL4:
  72              		.loc 1 76 23 is_stmt 0 view .LVU16
  73 0010 4D60     		str	r5, [r1, #4]
  77:DSP/Source/SupportFunctions/arm_fill_q15.c **** 
  78:DSP/Source/SupportFunctions/arm_fill_q15.c ****     /* Decrement the loop counter */
  79:DSP/Source/SupportFunctions/arm_fill_q15.c ****     blkCnt--;
  74              		.loc 1 79 5 is_stmt 1 view .LVU17
  75              		.loc 1 79 11 is_stmt 0 view .LVU18
  76 0012 013C     		subs	r4, r4, #1
  77              	.LVL5:
  76:DSP/Source/SupportFunctions/arm_fill_q15.c ****     *__SIMD32(pDst)++ = packedValue;
  78              		.loc 1 76 20 view .LVU19
  79 0014 1946     		mov	r1, r3
  80              	.LVL6:
  81              	.L2:
  71:DSP/Source/SupportFunctions/arm_fill_q15.c ****   {
  82              		.loc 1 71 17 is_stmt 1 view .LVU20
  83 0016 002C     		cmp	r4, #0
  84 0018 F7D1     		bne	.L3
  80:DSP/Source/SupportFunctions/arm_fill_q15.c ****   }
  81:DSP/Source/SupportFunctions/arm_fill_q15.c **** 
  82:DSP/Source/SupportFunctions/arm_fill_q15.c ****   /* If the blockSize is not a multiple of 4, compute any remaining output samples here.
  83:DSP/Source/SupportFunctions/arm_fill_q15.c ****    ** No loop unrolling is used. */
  84:DSP/Source/SupportFunctions/arm_fill_q15.c ****   blkCnt = blockSize % 0x4U;
  85              		.loc 1 84 3 view .LVU21
  86              		.loc 1 84 10 is_stmt 0 view .LVU22
ARM GAS  /var/folders/ck/g3dcd5x55xs4107jgdl0snvr0000gn/T//cc12kAVo.s 			page 4


  87 001a 02F00302 		and	r2, r2, #3
  88              	.LVL7:
  85:DSP/Source/SupportFunctions/arm_fill_q15.c **** 
  86:DSP/Source/SupportFunctions/arm_fill_q15.c **** #else
  87:DSP/Source/SupportFunctions/arm_fill_q15.c **** 
  88:DSP/Source/SupportFunctions/arm_fill_q15.c ****   /* Run the below code for Cortex-M0 */
  89:DSP/Source/SupportFunctions/arm_fill_q15.c **** 
  90:DSP/Source/SupportFunctions/arm_fill_q15.c ****   /* Loop over blockSize number of values */
  91:DSP/Source/SupportFunctions/arm_fill_q15.c ****   blkCnt = blockSize;
  92:DSP/Source/SupportFunctions/arm_fill_q15.c **** 
  93:DSP/Source/SupportFunctions/arm_fill_q15.c **** #endif /* #if defined (ARM_MATH_DSP) */
  94:DSP/Source/SupportFunctions/arm_fill_q15.c **** 
  95:DSP/Source/SupportFunctions/arm_fill_q15.c ****   while (blkCnt > 0U)
  89              		.loc 1 95 3 is_stmt 1 view .LVU23
  90              		.loc 1 95 9 is_stmt 0 view .LVU24
  91 001e 02E0     		b	.L4
  92              	.L5:
  96:DSP/Source/SupportFunctions/arm_fill_q15.c ****   {
  97:DSP/Source/SupportFunctions/arm_fill_q15.c ****     /* C = value */
  98:DSP/Source/SupportFunctions/arm_fill_q15.c ****     /* Fill the value in the destination buffer */
  99:DSP/Source/SupportFunctions/arm_fill_q15.c ****     *pDst++ = value;
  93              		.loc 1 99 5 is_stmt 1 view .LVU25
  94              	.LVL8:
  95              		.loc 1 99 13 is_stmt 0 view .LVU26
  96 0020 21F8020B 		strh	r0, [r1], #2	@ movhi
  97              	.LVL9:
 100:DSP/Source/SupportFunctions/arm_fill_q15.c **** 
 101:DSP/Source/SupportFunctions/arm_fill_q15.c ****     /* Decrement the loop counter */
 102:DSP/Source/SupportFunctions/arm_fill_q15.c ****     blkCnt--;
  98              		.loc 1 102 5 is_stmt 1 view .LVU27
  99              		.loc 1 102 11 is_stmt 0 view .LVU28
 100 0024 013A     		subs	r2, r2, #1
 101              	.LVL10:
 102              	.L4:
  95:DSP/Source/SupportFunctions/arm_fill_q15.c ****   {
 103              		.loc 1 95 17 is_stmt 1 view .LVU29
 104 0026 002A     		cmp	r2, #0
 105 0028 FAD1     		bne	.L5
 103:DSP/Source/SupportFunctions/arm_fill_q15.c ****   }
 104:DSP/Source/SupportFunctions/arm_fill_q15.c **** }
 106              		.loc 1 104 1 is_stmt 0 view .LVU30
 107 002a 30BC     		pop	{r4, r5}
 108              	.LCFI1:
 109              		.cfi_restore 5
 110              		.cfi_restore 4
 111              		.cfi_def_cfa_offset 0
 112              	.LVL11:
 113              		.loc 1 104 1 view .LVU31
 114 002c 7047     		bx	lr
 115              		.cfi_endproc
 116              	.LFE139:
 118              		.text
 119              	.Letext0:
 120              		.file 2 "/Users/luban/.local/xPacks/arm-none-eabi-gcc/xpack-arm-none-eabi-gcc-13.2.1-1.1/arm-none-
 121              		.file 3 "/Users/luban/.local/xPacks/arm-none-eabi-gcc/xpack-arm-none-eabi-gcc-13.2.1-1.1/arm-none-
 122              		.file 4 "DSP/Inc/arm_math.h"
ARM GAS  /var/folders/ck/g3dcd5x55xs4107jgdl0snvr0000gn/T//cc12kAVo.s 			page 5


DEFINED SYMBOLS
                            *ABS*:00000000 arm_fill_q15.c
/var/folders/ck/g3dcd5x55xs4107jgdl0snvr0000gn/T//cc12kAVo.s:21     .text.arm_fill_q15:00000000 $t
/var/folders/ck/g3dcd5x55xs4107jgdl0snvr0000gn/T//cc12kAVo.s:27     .text.arm_fill_q15:00000000 arm_fill_q15

NO UNDEFINED SYMBOLS
