ARM GAS  /var/folders/ck/g3dcd5x55xs4107jgdl0snvr0000gn/T//ccvmmH2R.s 			page 1


   1              		.cpu cortex-m4
   2              		.arch armv7e-m
   3              		.fpu fpv4-sp-d16
   4              		.eabi_attribute 27, 1
   5              		.eabi_attribute 28, 1
   6              		.eabi_attribute 20, 1
   7              		.eabi_attribute 21, 1
   8              		.eabi_attribute 23, 3
   9              		.eabi_attribute 24, 1
  10              		.eabi_attribute 25, 1
  11              		.eabi_attribute 26, 1
  12              		.eabi_attribute 30, 1
  13              		.eabi_attribute 34, 1
  14              		.eabi_attribute 18, 4
  15              		.file	"button_display.c"
  16              		.text
  17              	.Ltext0:
  18              		.cfi_sections	.debug_frame
  19              		.file 1 "BUTTON/Src/button_display.c"
  20              		.section	.text.DISPLAY_PID_SYMBLE,"ax",%progbits
  21              		.align	1
  22              		.global	DISPLAY_PID_SYMBLE
  23              		.syntax unified
  24              		.thumb
  25              		.thumb_func
  27              	DISPLAY_PID_SYMBLE:
  28              	.LFB239:
   1:BUTTON/Src/button_display.c **** #include "button_display.h"
   2:BUTTON/Src/button_display.c **** #include "oled.h"
   3:BUTTON/Src/button_display.c **** #include "customoled.h"
   4:BUTTON/Src/button_display.c **** 
   5:BUTTON/Src/button_display.c **** #define u8 uint8_t
   6:BUTTON/Src/button_display.c **** #define u16 uint16_t
   7:BUTTON/Src/button_display.c **** #define u32 uint32_t
   8:BUTTON/Src/button_display.c **** 
   9:BUTTON/Src/button_display.c **** extern u32 pid_1[3][5];
  10:BUTTON/Src/button_display.c **** extern u32 pid_2[3][5];
  11:BUTTON/Src/button_display.c **** extern u32 pid_3[3][5];
  12:BUTTON/Src/button_display.c **** extern u32 pid_4[3][5];
  13:BUTTON/Src/button_display.c **** extern u32 pid_5[3][5];
  14:BUTTON/Src/button_display.c **** extern u32 pid_6[3][5];
  15:BUTTON/Src/button_display.c **** extern u32 ctrl_display;
  16:BUTTON/Src/button_display.c **** extern u32 mode_select;
  17:BUTTON/Src/button_display.c **** 
  18:BUTTON/Src/button_display.c **** extern u32 current_num[5];
  19:BUTTON/Src/button_display.c **** extern u32 rato_num[3];
  20:BUTTON/Src/button_display.c **** extern u32 chip_select; //0: Chip A, 1: Chip B
  21:BUTTON/Src/button_display.c **** extern u32 chip_b_mode; //0: RL, 1: Network
  22:BUTTON/Src/button_display.c **** 
  23:BUTTON/Src/button_display.c **** 
  24:BUTTON/Src/button_display.c **** void DISPLAY_PID_SYMBLE(void)
  25:BUTTON/Src/button_display.c **** {
  29              		.loc 1 25 1 view -0
  30              		.cfi_startproc
  31              		@ args = 0, pretend = 0, frame = 0
  32              		@ frame_needed = 0, uses_anonymous_args = 0
  33 0000 10B5     		push	{r4, lr}
ARM GAS  /var/folders/ck/g3dcd5x55xs4107jgdl0snvr0000gn/T//ccvmmH2R.s 			page 2


  34              	.LCFI0:
  35              		.cfi_def_cfa_offset 8
  36              		.cfi_offset 4, -8
  37              		.cfi_offset 14, -4
  38 0002 82B0     		sub	sp, sp, #8
  39              	.LCFI1:
  40              		.cfi_def_cfa_offset 16
  26:BUTTON/Src/button_display.c ****     OLED_ShowChar(0,0,'P',16,1);
  41              		.loc 1 26 5 view .LVU1
  42 0004 0124     		movs	r4, #1
  43 0006 0094     		str	r4, [sp]
  44 0008 1023     		movs	r3, #16
  45 000a 5022     		movs	r2, #80
  46 000c 0021     		movs	r1, #0
  47 000e 0846     		mov	r0, r1
  48 0010 FFF7FEFF 		bl	OLED_ShowChar
  49              	.LVL0:
  27:BUTTON/Src/button_display.c ****     OLED_ShowChar(7,0,'I',16,1);
  50              		.loc 1 27 5 view .LVU2
  51 0014 0094     		str	r4, [sp]
  52 0016 1023     		movs	r3, #16
  53 0018 4922     		movs	r2, #73
  54 001a 0021     		movs	r1, #0
  55 001c 0720     		movs	r0, #7
  56 001e FFF7FEFF 		bl	OLED_ShowChar
  57              	.LVL1:
  28:BUTTON/Src/button_display.c ****     OLED_ShowChar(14,0,'D',16,1);
  58              		.loc 1 28 5 view .LVU3
  59 0022 0094     		str	r4, [sp]
  60 0024 1023     		movs	r3, #16
  61 0026 4422     		movs	r2, #68
  62 0028 0021     		movs	r1, #0
  63 002a 0E20     		movs	r0, #14
  64 002c FFF7FEFF 		bl	OLED_ShowChar
  65              	.LVL2:
  29:BUTTON/Src/button_display.c ****     OLED_ShowChar(40,0,'M',16,1);
  66              		.loc 1 29 5 view .LVU4
  67 0030 0094     		str	r4, [sp]
  68 0032 1023     		movs	r3, #16
  69 0034 4D22     		movs	r2, #77
  70 0036 0021     		movs	r1, #0
  71 0038 2820     		movs	r0, #40
  72 003a FFF7FEFF 		bl	OLED_ShowChar
  73              	.LVL3:
  30:BUTTON/Src/button_display.c ****     OLED_ShowChar(47,0,'O',16,1);
  74              		.loc 1 30 5 view .LVU5
  75 003e 0094     		str	r4, [sp]
  76 0040 1023     		movs	r3, #16
  77 0042 4F22     		movs	r2, #79
  78 0044 0021     		movs	r1, #0
  79 0046 2F20     		movs	r0, #47
  80 0048 FFF7FEFF 		bl	OLED_ShowChar
  81              	.LVL4:
  31:BUTTON/Src/button_display.c ****     OLED_ShowChar(54,0,'D',16,1);
  82              		.loc 1 31 5 view .LVU6
  83 004c 0094     		str	r4, [sp]
  84 004e 1023     		movs	r3, #16
ARM GAS  /var/folders/ck/g3dcd5x55xs4107jgdl0snvr0000gn/T//ccvmmH2R.s 			page 3


  85 0050 4422     		movs	r2, #68
  86 0052 0021     		movs	r1, #0
  87 0054 3620     		movs	r0, #54
  88 0056 FFF7FEFF 		bl	OLED_ShowChar
  89              	.LVL5:
  32:BUTTON/Src/button_display.c ****     OLED_ShowChar(61,0,'E',16,1);
  90              		.loc 1 32 5 view .LVU7
  91 005a 0094     		str	r4, [sp]
  92 005c 1023     		movs	r3, #16
  93 005e 4522     		movs	r2, #69
  94 0060 0021     		movs	r1, #0
  95 0062 3D20     		movs	r0, #61
  96 0064 FFF7FEFF 		bl	OLED_ShowChar
  97              	.LVL6:
  33:BUTTON/Src/button_display.c ****     OLED_ShowChar(0,17,'K',16,1);
  98              		.loc 1 33 5 view .LVU8
  99 0068 0094     		str	r4, [sp]
 100 006a 1023     		movs	r3, #16
 101 006c 4B22     		movs	r2, #75
 102 006e 1121     		movs	r1, #17
 103 0070 0020     		movs	r0, #0
 104 0072 FFF7FEFF 		bl	OLED_ShowChar
 105              	.LVL7:
  34:BUTTON/Src/button_display.c ****     OLED_ShowChar(8,17,'p',16,1);
 106              		.loc 1 34 5 view .LVU9
 107 0076 0094     		str	r4, [sp]
 108 0078 1023     		movs	r3, #16
 109 007a 7022     		movs	r2, #112
 110 007c 1121     		movs	r1, #17
 111 007e 0820     		movs	r0, #8
 112 0080 FFF7FEFF 		bl	OLED_ShowChar
 113              	.LVL8:
  35:BUTTON/Src/button_display.c ****     OLED_ShowChar(0,32,'K',16,1);
 114              		.loc 1 35 5 view .LVU10
 115 0084 0094     		str	r4, [sp]
 116 0086 1023     		movs	r3, #16
 117 0088 4B22     		movs	r2, #75
 118 008a 2021     		movs	r1, #32
 119 008c 0020     		movs	r0, #0
 120 008e FFF7FEFF 		bl	OLED_ShowChar
 121              	.LVL9:
  36:BUTTON/Src/button_display.c ****     OLED_ShowChar(8,32,'i',16,1);
 122              		.loc 1 36 5 view .LVU11
 123 0092 0094     		str	r4, [sp]
 124 0094 1023     		movs	r3, #16
 125 0096 6922     		movs	r2, #105
 126 0098 2021     		movs	r1, #32
 127 009a 0820     		movs	r0, #8
 128 009c FFF7FEFF 		bl	OLED_ShowChar
 129              	.LVL10:
  37:BUTTON/Src/button_display.c ****     OLED_ShowChar(0,47,'K',16,1);
 130              		.loc 1 37 5 view .LVU12
 131 00a0 0094     		str	r4, [sp]
 132 00a2 1023     		movs	r3, #16
 133 00a4 4B22     		movs	r2, #75
 134 00a6 2F21     		movs	r1, #47
 135 00a8 0020     		movs	r0, #0
ARM GAS  /var/folders/ck/g3dcd5x55xs4107jgdl0snvr0000gn/T//ccvmmH2R.s 			page 4


 136 00aa FFF7FEFF 		bl	OLED_ShowChar
 137              	.LVL11:
  38:BUTTON/Src/button_display.c ****     OLED_ShowChar(8,47,'d',16,1);
 138              		.loc 1 38 5 view .LVU13
 139 00ae 0094     		str	r4, [sp]
 140 00b0 1023     		movs	r3, #16
 141 00b2 6422     		movs	r2, #100
 142 00b4 2F21     		movs	r1, #47
 143 00b6 0820     		movs	r0, #8
 144 00b8 FFF7FEFF 		bl	OLED_ShowChar
 145              	.LVL12:
  39:BUTTON/Src/button_display.c ****     OLED_ShowChar(60,17,'I',16,1);
 146              		.loc 1 39 5 view .LVU14
 147 00bc 0094     		str	r4, [sp]
 148 00be 1023     		movs	r3, #16
 149 00c0 4922     		movs	r2, #73
 150 00c2 1121     		movs	r1, #17
 151 00c4 3C20     		movs	r0, #60
 152 00c6 FFF7FEFF 		bl	OLED_ShowChar
 153              	.LVL13:
  40:BUTTON/Src/button_display.c ****     OLED_ShowChar(67,17,'r',16,1);
 154              		.loc 1 40 5 view .LVU15
 155 00ca 0094     		str	r4, [sp]
 156 00cc 1023     		movs	r3, #16
 157 00ce 7222     		movs	r2, #114
 158 00d0 1121     		movs	r1, #17
 159 00d2 4320     		movs	r0, #67
 160 00d4 FFF7FEFF 		bl	OLED_ShowChar
 161              	.LVL14:
  41:BUTTON/Src/button_display.c ****     OLED_ShowChar(60,32,'R',16,1);
 162              		.loc 1 41 5 view .LVU16
 163 00d8 0094     		str	r4, [sp]
 164 00da 1023     		movs	r3, #16
 165 00dc 5222     		movs	r2, #82
 166 00de 2021     		movs	r1, #32
 167 00e0 3C20     		movs	r0, #60
 168 00e2 FFF7FEFF 		bl	OLED_ShowChar
 169              	.LVL15:
  42:BUTTON/Src/button_display.c ****     OLED_ShowChar(67,32,'a',16,1);
 170              		.loc 1 42 5 view .LVU17
 171 00e6 0094     		str	r4, [sp]
 172 00e8 1023     		movs	r3, #16
 173 00ea 6122     		movs	r2, #97
 174 00ec 2021     		movs	r1, #32
 175 00ee 4320     		movs	r0, #67
 176 00f0 FFF7FEFF 		bl	OLED_ShowChar
 177              	.LVL16:
  43:BUTTON/Src/button_display.c ****     OLED_ShowChar(74,32,'t',16,1);
 178              		.loc 1 43 5 view .LVU18
 179 00f4 0094     		str	r4, [sp]
 180 00f6 1023     		movs	r3, #16
 181 00f8 7422     		movs	r2, #116
 182 00fa 2021     		movs	r1, #32
 183 00fc 4A20     		movs	r0, #74
 184 00fe FFF7FEFF 		bl	OLED_ShowChar
 185              	.LVL17:
  44:BUTTON/Src/button_display.c ****     OLED_ShowChar(81,32,'o',16,1);
ARM GAS  /var/folders/ck/g3dcd5x55xs4107jgdl0snvr0000gn/T//ccvmmH2R.s 			page 5


 186              		.loc 1 44 5 view .LVU19
 187 0102 0094     		str	r4, [sp]
 188 0104 1023     		movs	r3, #16
 189 0106 6F22     		movs	r2, #111
 190 0108 2021     		movs	r1, #32
 191 010a 5120     		movs	r0, #81
 192 010c FFF7FEFF 		bl	OLED_ShowChar
 193              	.LVL18:
  45:BUTTON/Src/button_display.c ****     OLED_ShowChar(60,47,'C',16,1);
 194              		.loc 1 45 5 view .LVU20
 195 0110 0094     		str	r4, [sp]
 196 0112 1023     		movs	r3, #16
 197 0114 4322     		movs	r2, #67
 198 0116 2F21     		movs	r1, #47
 199 0118 3C20     		movs	r0, #60
 200 011a FFF7FEFF 		bl	OLED_ShowChar
 201              	.LVL19:
  46:BUTTON/Src/button_display.c ****     OLED_ShowChar(67,47,'h',16,1);
 202              		.loc 1 46 5 view .LVU21
 203 011e 0094     		str	r4, [sp]
 204 0120 1023     		movs	r3, #16
 205 0122 6822     		movs	r2, #104
 206 0124 2F21     		movs	r1, #47
 207 0126 4320     		movs	r0, #67
 208 0128 FFF7FEFF 		bl	OLED_ShowChar
 209              	.LVL20:
  47:BUTTON/Src/button_display.c ****     OLED_ShowChar(74,47,'i',16,1);
 210              		.loc 1 47 5 view .LVU22
 211 012c 0094     		str	r4, [sp]
 212 012e 1023     		movs	r3, #16
 213 0130 6922     		movs	r2, #105
 214 0132 2F21     		movs	r1, #47
 215 0134 4A20     		movs	r0, #74
 216 0136 FFF7FEFF 		bl	OLED_ShowChar
 217              	.LVL21:
  48:BUTTON/Src/button_display.c ****     OLED_ShowChar(81,47,'p',16,1);
 218              		.loc 1 48 5 view .LVU23
 219 013a 0094     		str	r4, [sp]
 220 013c 1023     		movs	r3, #16
 221 013e 7022     		movs	r2, #112
 222 0140 2F21     		movs	r1, #47
 223 0142 5120     		movs	r0, #81
 224 0144 FFF7FEFF 		bl	OLED_ShowChar
 225              	.LVL22:
  49:BUTTON/Src/button_display.c ****     OLED_ShowChar(88,47,'.',16,1);
 226              		.loc 1 49 5 view .LVU24
 227 0148 0094     		str	r4, [sp]
 228 014a 1023     		movs	r3, #16
 229 014c 2E22     		movs	r2, #46
 230 014e 2F21     		movs	r1, #47
 231 0150 5820     		movs	r0, #88
 232 0152 FFF7FEFF 		bl	OLED_ShowChar
 233              	.LVL23:
  50:BUTTON/Src/button_display.c ****     OLED_ShowChar(104,47,'.',16,1);
 234              		.loc 1 50 5 view .LVU25
 235 0156 0094     		str	r4, [sp]
 236 0158 1023     		movs	r3, #16
ARM GAS  /var/folders/ck/g3dcd5x55xs4107jgdl0snvr0000gn/T//ccvmmH2R.s 			page 6


 237 015a 2E22     		movs	r2, #46
 238 015c 2F21     		movs	r1, #47
 239 015e 6820     		movs	r0, #104
 240 0160 FFF7FEFF 		bl	OLED_ShowChar
 241              	.LVL24:
  51:BUTTON/Src/button_display.c **** 
  52:BUTTON/Src/button_display.c ****     OLED_Refresh_Gram();
 242              		.loc 1 52 5 view .LVU26
 243 0164 FFF7FEFF 		bl	OLED_Refresh_Gram
 244              	.LVL25:
  53:BUTTON/Src/button_display.c **** }
 245              		.loc 1 53 1 is_stmt 0 view .LVU27
 246 0168 02B0     		add	sp, sp, #8
 247              	.LCFI2:
 248              		.cfi_def_cfa_offset 8
 249              		@ sp needed
 250 016a 10BD     		pop	{r4, pc}
 251              		.cfi_endproc
 252              	.LFE239:
 254              		.section	.text.DISPLAY_PID,"ax",%progbits
 255              		.align	1
 256              		.global	DISPLAY_PID
 257              		.syntax unified
 258              		.thumb
 259              		.thumb_func
 261              	DISPLAY_PID:
 262              	.LFB240:
  54:BUTTON/Src/button_display.c **** 
  55:BUTTON/Src/button_display.c **** void DISPLAY_PID(void)
  56:BUTTON/Src/button_display.c **** {
 263              		.loc 1 56 1 is_stmt 1 view -0
 264              		.cfi_startproc
 265              		@ args = 0, pretend = 0, frame = 0
 266              		@ frame_needed = 0, uses_anonymous_args = 0
 267 0000 10B5     		push	{r4, lr}
 268              	.LCFI3:
 269              		.cfi_def_cfa_offset 8
 270              		.cfi_offset 4, -8
 271              		.cfi_offset 14, -4
 272 0002 82B0     		sub	sp, sp, #8
 273              	.LCFI4:
 274              		.cfi_def_cfa_offset 16
  57:BUTTON/Src/button_display.c ****     //Display Chip
  58:BUTTON/Src/button_display.c ****     if(chip_select == 0) OLED_ShowChar(95,47,'A',16,1);
 275              		.loc 1 58 5 view .LVU29
 276              		.loc 1 58 20 is_stmt 0 view .LVU30
 277 0004 994B     		ldr	r3, .L25
 278 0006 1B68     		ldr	r3, [r3]
 279              		.loc 1 58 7 view .LVU31
 280 0008 D3B9     		cbnz	r3, .L4
 281              		.loc 1 58 26 is_stmt 1 discriminator 1 view .LVU32
 282 000a 0123     		movs	r3, #1
 283 000c 0093     		str	r3, [sp]
 284 000e 1023     		movs	r3, #16
 285 0010 4122     		movs	r2, #65
 286 0012 2F21     		movs	r1, #47
 287 0014 5F20     		movs	r0, #95
ARM GAS  /var/folders/ck/g3dcd5x55xs4107jgdl0snvr0000gn/T//ccvmmH2R.s 			page 7


 288 0016 FFF7FEFF 		bl	OLED_ShowChar
 289              	.LVL26:
 290              	.L5:
  59:BUTTON/Src/button_display.c ****     else OLED_ShowChar(95,47,'B',16,1);
  60:BUTTON/Src/button_display.c ****     //Display CHip.B Mode
  61:BUTTON/Src/button_display.c ****     if(chip_b_mode==0) OLED_ShowChar(110,47,'0',16,1);
 291              		.loc 1 61 5 view .LVU33
 292              		.loc 1 61 19 is_stmt 0 view .LVU34
 293 001a 954B     		ldr	r3, .L25+4
 294 001c 1B68     		ldr	r3, [r3]
 295              		.loc 1 61 7 view .LVU35
 296 001e C3B9     		cbnz	r3, .L6
 297              		.loc 1 61 24 is_stmt 1 discriminator 1 view .LVU36
 298 0020 0123     		movs	r3, #1
 299 0022 0093     		str	r3, [sp]
 300 0024 1023     		movs	r3, #16
 301 0026 3022     		movs	r2, #48
 302 0028 2F21     		movs	r1, #47
 303 002a 6E20     		movs	r0, #110
 304 002c FFF7FEFF 		bl	OLED_ShowChar
 305              	.LVL27:
 306              	.L7:
  62:BUTTON/Src/button_display.c ****     else OLED_ShowChar(110,47,'1',16,1);
  63:BUTTON/Src/button_display.c ****     //Display Mode
  64:BUTTON/Src/button_display.c ****     switch(mode_select)
 307              		.loc 1 64 5 view .LVU37
 308 0030 904B     		ldr	r3, .L25+8
 309 0032 1B68     		ldr	r3, [r3]
 310 0034 032B     		cmp	r3, #3
 311 0036 40D8     		bhi	.L8
 312 0038 DFE803F0 		tbb	[pc, r3]
 313              	.L10:
 314 003c 14       		.byte	(.L13-.L10)/2
 315 003d 49       		.byte	(.L12-.L10)/2
 316 003e 75       		.byte	(.L11-.L10)/2
 317 003f A1       		.byte	(.L9-.L10)/2
 318              		.p2align 1
 319              	.L4:
  59:BUTTON/Src/button_display.c ****     else OLED_ShowChar(95,47,'B',16,1);
 320              		.loc 1 59 10 view .LVU38
 321 0040 0123     		movs	r3, #1
 322 0042 0093     		str	r3, [sp]
 323 0044 1023     		movs	r3, #16
 324 0046 4222     		movs	r2, #66
 325 0048 2F21     		movs	r1, #47
 326 004a 5F20     		movs	r0, #95
 327 004c FFF7FEFF 		bl	OLED_ShowChar
 328              	.LVL28:
 329 0050 E3E7     		b	.L5
 330              	.L6:
  62:BUTTON/Src/button_display.c ****     else OLED_ShowChar(110,47,'1',16,1);
 331              		.loc 1 62 10 view .LVU39
 332 0052 0123     		movs	r3, #1
 333 0054 0093     		str	r3, [sp]
 334 0056 1023     		movs	r3, #16
 335 0058 3122     		movs	r2, #49
 336 005a 2F21     		movs	r1, #47
ARM GAS  /var/folders/ck/g3dcd5x55xs4107jgdl0snvr0000gn/T//ccvmmH2R.s 			page 8


 337 005c 6E20     		movs	r0, #110
 338 005e FFF7FEFF 		bl	OLED_ShowChar
 339              	.LVL29:
 340 0062 E5E7     		b	.L7
 341              	.L13:
  65:BUTTON/Src/button_display.c ****     {
  66:BUTTON/Src/button_display.c ****         case 0:
  67:BUTTON/Src/button_display.c ****             OLED_ShowChar(70,0,'S',16,1);
 342              		.loc 1 67 13 view .LVU40
 343 0064 0124     		movs	r4, #1
 344 0066 0094     		str	r4, [sp]
 345 0068 1023     		movs	r3, #16
 346 006a 5322     		movs	r2, #83
 347 006c 0021     		movs	r1, #0
 348 006e 4620     		movs	r0, #70
 349 0070 FFF7FEFF 		bl	OLED_ShowChar
 350              	.LVL30:
  68:BUTTON/Src/button_display.c ****             OLED_ShowChar(77,0,'i',16,1);
 351              		.loc 1 68 13 view .LVU41
 352 0074 0094     		str	r4, [sp]
 353 0076 1023     		movs	r3, #16
 354 0078 6922     		movs	r2, #105
 355 007a 0021     		movs	r1, #0
 356 007c 4D20     		movs	r0, #77
 357 007e FFF7FEFF 		bl	OLED_ShowChar
 358              	.LVL31:
  69:BUTTON/Src/button_display.c ****             OLED_ShowChar(84,0,'n',16,1);
 359              		.loc 1 69 13 view .LVU42
 360 0082 0094     		str	r4, [sp]
 361 0084 1023     		movs	r3, #16
 362 0086 6E22     		movs	r2, #110
 363 0088 0021     		movs	r1, #0
 364 008a 5420     		movs	r0, #84
 365 008c FFF7FEFF 		bl	OLED_ShowChar
 366              	.LVL32:
  70:BUTTON/Src/button_display.c ****             OLED_ShowChar(91,0,'g',16,1);
 367              		.loc 1 70 13 view .LVU43
 368 0090 0094     		str	r4, [sp]
 369 0092 1023     		movs	r3, #16
 370 0094 6722     		movs	r2, #103
 371 0096 0021     		movs	r1, #0
 372 0098 5B20     		movs	r0, #91
 373 009a FFF7FEFF 		bl	OLED_ShowChar
 374              	.LVL33:
  71:BUTTON/Src/button_display.c ****             OLED_ShowChar(97,0,'l',16,1);
 375              		.loc 1 71 13 view .LVU44
 376 009e 0094     		str	r4, [sp]
 377 00a0 1023     		movs	r3, #16
 378 00a2 6C22     		movs	r2, #108
 379 00a4 0021     		movs	r1, #0
 380 00a6 6120     		movs	r0, #97
 381 00a8 FFF7FEFF 		bl	OLED_ShowChar
 382              	.LVL34:
  72:BUTTON/Src/button_display.c ****             OLED_ShowChar(104,0,'e',16,1);
 383              		.loc 1 72 13 view .LVU45
 384 00ac 0094     		str	r4, [sp]
 385 00ae 1023     		movs	r3, #16
ARM GAS  /var/folders/ck/g3dcd5x55xs4107jgdl0snvr0000gn/T//ccvmmH2R.s 			page 9


 386 00b0 6522     		movs	r2, #101
 387 00b2 0021     		movs	r1, #0
 388 00b4 6820     		movs	r0, #104
 389 00b6 FFF7FEFF 		bl	OLED_ShowChar
 390              	.LVL35:
  73:BUTTON/Src/button_display.c ****         break;
 391              		.loc 1 73 9 view .LVU46
 392              	.L8:
  74:BUTTON/Src/button_display.c **** 
  75:BUTTON/Src/button_display.c ****         case 1:
  76:BUTTON/Src/button_display.c ****             OLED_ShowChar(70,0,'D',16,1);
  77:BUTTON/Src/button_display.c ****             OLED_ShowChar(77,0,'o',16,1);
  78:BUTTON/Src/button_display.c ****             OLED_ShowChar(84,0,'u',16,1);
  79:BUTTON/Src/button_display.c ****             OLED_ShowChar(91,0,'b',16,1);
  80:BUTTON/Src/button_display.c ****             OLED_ShowChar(101,0,'l',16,1);
  81:BUTTON/Src/button_display.c ****             OLED_ShowChar(107,0,'e',16,1);
  82:BUTTON/Src/button_display.c ****         break;
  83:BUTTON/Src/button_display.c **** 
  84:BUTTON/Src/button_display.c ****         case 2:
  85:BUTTON/Src/button_display.c ****             OLED_ShowChar(70,0,'V',16,1);
  86:BUTTON/Src/button_display.c ****             OLED_ShowChar(77,0,'o',16,1);
  87:BUTTON/Src/button_display.c ****             OLED_ShowChar(84,0,'t',16,1);
  88:BUTTON/Src/button_display.c ****             OLED_ShowChar(91,0,'a',16,1);
  89:BUTTON/Src/button_display.c ****             OLED_ShowChar(101,0,'g',16,1);
  90:BUTTON/Src/button_display.c ****             OLED_ShowChar(107,0,'e',16,1);
  91:BUTTON/Src/button_display.c ****         break;
  92:BUTTON/Src/button_display.c **** 
  93:BUTTON/Src/button_display.c ****         case 3:
  94:BUTTON/Src/button_display.c ****             OLED_ShowChar(70,0,'P',16,1);
  95:BUTTON/Src/button_display.c ****             OLED_ShowChar(77,0,'R',16,1);
  96:BUTTON/Src/button_display.c ****             OLED_ShowChar(84,0,'C',16,1);
  97:BUTTON/Src/button_display.c ****             OLED_ShowChar(91,0,'t',16,1);
  98:BUTTON/Src/button_display.c ****             OLED_ShowChar(101,0,'r',16,1);
  99:BUTTON/Src/button_display.c ****             OLED_ShowChar(107,0,'l',16,1);
 100:BUTTON/Src/button_display.c ****         break;       
 101:BUTTON/Src/button_display.c ****     } 
 102:BUTTON/Src/button_display.c **** 
 103:BUTTON/Src/button_display.c ****     //Display PID
 104:BUTTON/Src/button_display.c ****     switch (ctrl_display)
 393              		.loc 1 104 5 view .LVU47
 394 00ba 6F4B     		ldr	r3, .L25+12
 395 00bc 1B68     		ldr	r3, [r3]
 396 00be 052B     		cmp	r3, #5
 397 00c0 00F29480 		bhi	.L14
 398 00c4 DFE803F0 		tbb	[pc, r3]
 399              	.L16:
 400 00c8 87       		.byte	(.L21-.L16)/2
 401 00c9 96       		.byte	(.L20-.L16)/2
 402 00ca A2       		.byte	(.L19-.L16)/2
 403 00cb AE       		.byte	(.L18-.L16)/2
 404 00cc BA       		.byte	(.L17-.L16)/2
 405 00cd C6       		.byte	(.L15-.L16)/2
 406              		.p2align 1
 407              	.L12:
  76:BUTTON/Src/button_display.c ****             OLED_ShowChar(77,0,'o',16,1);
 408              		.loc 1 76 13 view .LVU48
 409 00ce 0124     		movs	r4, #1
ARM GAS  /var/folders/ck/g3dcd5x55xs4107jgdl0snvr0000gn/T//ccvmmH2R.s 			page 10


 410 00d0 0094     		str	r4, [sp]
 411 00d2 1023     		movs	r3, #16
 412 00d4 4422     		movs	r2, #68
 413 00d6 0021     		movs	r1, #0
 414 00d8 4620     		movs	r0, #70
 415 00da FFF7FEFF 		bl	OLED_ShowChar
 416              	.LVL36:
  77:BUTTON/Src/button_display.c ****             OLED_ShowChar(84,0,'u',16,1);
 417              		.loc 1 77 13 view .LVU49
 418 00de 0094     		str	r4, [sp]
 419 00e0 1023     		movs	r3, #16
 420 00e2 6F22     		movs	r2, #111
 421 00e4 0021     		movs	r1, #0
 422 00e6 4D20     		movs	r0, #77
 423 00e8 FFF7FEFF 		bl	OLED_ShowChar
 424              	.LVL37:
  78:BUTTON/Src/button_display.c ****             OLED_ShowChar(91,0,'b',16,1);
 425              		.loc 1 78 13 view .LVU50
 426 00ec 0094     		str	r4, [sp]
 427 00ee 1023     		movs	r3, #16
 428 00f0 7522     		movs	r2, #117
 429 00f2 0021     		movs	r1, #0
 430 00f4 5420     		movs	r0, #84
 431 00f6 FFF7FEFF 		bl	OLED_ShowChar
 432              	.LVL38:
  79:BUTTON/Src/button_display.c ****             OLED_ShowChar(101,0,'l',16,1);
 433              		.loc 1 79 13 view .LVU51
 434 00fa 0094     		str	r4, [sp]
 435 00fc 1023     		movs	r3, #16
 436 00fe 6222     		movs	r2, #98
 437 0100 0021     		movs	r1, #0
 438 0102 5B20     		movs	r0, #91
 439 0104 FFF7FEFF 		bl	OLED_ShowChar
 440              	.LVL39:
  80:BUTTON/Src/button_display.c ****             OLED_ShowChar(107,0,'e',16,1);
 441              		.loc 1 80 13 view .LVU52
 442 0108 0094     		str	r4, [sp]
 443 010a 1023     		movs	r3, #16
 444 010c 6C22     		movs	r2, #108
 445 010e 0021     		movs	r1, #0
 446 0110 6520     		movs	r0, #101
 447 0112 FFF7FEFF 		bl	OLED_ShowChar
 448              	.LVL40:
  81:BUTTON/Src/button_display.c ****         break;
 449              		.loc 1 81 13 view .LVU53
 450 0116 0094     		str	r4, [sp]
 451 0118 1023     		movs	r3, #16
 452 011a 6522     		movs	r2, #101
 453 011c 0021     		movs	r1, #0
 454 011e 6B20     		movs	r0, #107
 455 0120 FFF7FEFF 		bl	OLED_ShowChar
 456              	.LVL41:
  82:BUTTON/Src/button_display.c **** 
 457              		.loc 1 82 9 view .LVU54
 458 0124 C9E7     		b	.L8
 459              	.L11:
  85:BUTTON/Src/button_display.c ****             OLED_ShowChar(77,0,'o',16,1);
ARM GAS  /var/folders/ck/g3dcd5x55xs4107jgdl0snvr0000gn/T//ccvmmH2R.s 			page 11


 460              		.loc 1 85 13 view .LVU55
 461 0126 0124     		movs	r4, #1
 462 0128 0094     		str	r4, [sp]
 463 012a 1023     		movs	r3, #16
 464 012c 5622     		movs	r2, #86
 465 012e 0021     		movs	r1, #0
 466 0130 4620     		movs	r0, #70
 467 0132 FFF7FEFF 		bl	OLED_ShowChar
 468              	.LVL42:
  86:BUTTON/Src/button_display.c ****             OLED_ShowChar(84,0,'t',16,1);
 469              		.loc 1 86 13 view .LVU56
 470 0136 0094     		str	r4, [sp]
 471 0138 1023     		movs	r3, #16
 472 013a 6F22     		movs	r2, #111
 473 013c 0021     		movs	r1, #0
 474 013e 4D20     		movs	r0, #77
 475 0140 FFF7FEFF 		bl	OLED_ShowChar
 476              	.LVL43:
  87:BUTTON/Src/button_display.c ****             OLED_ShowChar(91,0,'a',16,1);
 477              		.loc 1 87 13 view .LVU57
 478 0144 0094     		str	r4, [sp]
 479 0146 1023     		movs	r3, #16
 480 0148 7422     		movs	r2, #116
 481 014a 0021     		movs	r1, #0
 482 014c 5420     		movs	r0, #84
 483 014e FFF7FEFF 		bl	OLED_ShowChar
 484              	.LVL44:
  88:BUTTON/Src/button_display.c ****             OLED_ShowChar(101,0,'g',16,1);
 485              		.loc 1 88 13 view .LVU58
 486 0152 0094     		str	r4, [sp]
 487 0154 1023     		movs	r3, #16
 488 0156 6122     		movs	r2, #97
 489 0158 0021     		movs	r1, #0
 490 015a 5B20     		movs	r0, #91
 491 015c FFF7FEFF 		bl	OLED_ShowChar
 492              	.LVL45:
  89:BUTTON/Src/button_display.c ****             OLED_ShowChar(107,0,'e',16,1);
 493              		.loc 1 89 13 view .LVU59
 494 0160 0094     		str	r4, [sp]
 495 0162 1023     		movs	r3, #16
 496 0164 6722     		movs	r2, #103
 497 0166 0021     		movs	r1, #0
 498 0168 6520     		movs	r0, #101
 499 016a FFF7FEFF 		bl	OLED_ShowChar
 500              	.LVL46:
  90:BUTTON/Src/button_display.c ****         break;
 501              		.loc 1 90 13 view .LVU60
 502 016e 0094     		str	r4, [sp]
 503 0170 1023     		movs	r3, #16
 504 0172 6522     		movs	r2, #101
 505 0174 0021     		movs	r1, #0
 506 0176 6B20     		movs	r0, #107
 507 0178 FFF7FEFF 		bl	OLED_ShowChar
 508              	.LVL47:
  91:BUTTON/Src/button_display.c **** 
 509              		.loc 1 91 9 view .LVU61
 510 017c 9DE7     		b	.L8
ARM GAS  /var/folders/ck/g3dcd5x55xs4107jgdl0snvr0000gn/T//ccvmmH2R.s 			page 12


 511              	.L9:
  94:BUTTON/Src/button_display.c ****             OLED_ShowChar(77,0,'R',16,1);
 512              		.loc 1 94 13 view .LVU62
 513 017e 0124     		movs	r4, #1
 514 0180 0094     		str	r4, [sp]
 515 0182 1023     		movs	r3, #16
 516 0184 5022     		movs	r2, #80
 517 0186 0021     		movs	r1, #0
 518 0188 4620     		movs	r0, #70
 519 018a FFF7FEFF 		bl	OLED_ShowChar
 520              	.LVL48:
  95:BUTTON/Src/button_display.c ****             OLED_ShowChar(84,0,'C',16,1);
 521              		.loc 1 95 13 view .LVU63
 522 018e 0094     		str	r4, [sp]
 523 0190 1023     		movs	r3, #16
 524 0192 5222     		movs	r2, #82
 525 0194 0021     		movs	r1, #0
 526 0196 4D20     		movs	r0, #77
 527 0198 FFF7FEFF 		bl	OLED_ShowChar
 528              	.LVL49:
  96:BUTTON/Src/button_display.c ****             OLED_ShowChar(91,0,'t',16,1);
 529              		.loc 1 96 13 view .LVU64
 530 019c 0094     		str	r4, [sp]
 531 019e 1023     		movs	r3, #16
 532 01a0 4322     		movs	r2, #67
 533 01a2 0021     		movs	r1, #0
 534 01a4 5420     		movs	r0, #84
 535 01a6 FFF7FEFF 		bl	OLED_ShowChar
 536              	.LVL50:
  97:BUTTON/Src/button_display.c ****             OLED_ShowChar(101,0,'r',16,1);
 537              		.loc 1 97 13 view .LVU65
 538 01aa 0094     		str	r4, [sp]
 539 01ac 1023     		movs	r3, #16
 540 01ae 7422     		movs	r2, #116
 541 01b0 0021     		movs	r1, #0
 542 01b2 5B20     		movs	r0, #91
 543 01b4 FFF7FEFF 		bl	OLED_ShowChar
 544              	.LVL51:
  98:BUTTON/Src/button_display.c ****             OLED_ShowChar(107,0,'l',16,1);
 545              		.loc 1 98 13 view .LVU66
 546 01b8 0094     		str	r4, [sp]
 547 01ba 1023     		movs	r3, #16
 548 01bc 7222     		movs	r2, #114
 549 01be 0021     		movs	r1, #0
 550 01c0 6520     		movs	r0, #101
 551 01c2 FFF7FEFF 		bl	OLED_ShowChar
 552              	.LVL52:
  99:BUTTON/Src/button_display.c ****         break;       
 553              		.loc 1 99 13 view .LVU67
 554 01c6 0094     		str	r4, [sp]
 555 01c8 1023     		movs	r3, #16
 556 01ca 6C22     		movs	r2, #108
 557 01cc 0021     		movs	r1, #0
 558 01ce 6B20     		movs	r0, #107
 559 01d0 FFF7FEFF 		bl	OLED_ShowChar
 560              	.LVL53:
 100:BUTTON/Src/button_display.c ****     } 
ARM GAS  /var/folders/ck/g3dcd5x55xs4107jgdl0snvr0000gn/T//ccvmmH2R.s 			page 13


 561              		.loc 1 100 9 view .LVU68
 562 01d4 71E7     		b	.L8
 563              	.L21:
 105:BUTTON/Src/button_display.c ****     {
 106:BUTTON/Src/button_display.c ****     case 0:
 107:BUTTON/Src/button_display.c ****         OLED_ShowChar(25,0,'1',16,1);
 564              		.loc 1 107 9 view .LVU69
 565 01d6 0123     		movs	r3, #1
 566 01d8 0093     		str	r3, [sp]
 567 01da 1023     		movs	r3, #16
 568 01dc 3122     		movs	r2, #49
 569 01de 0021     		movs	r1, #0
 570 01e0 1920     		movs	r0, #25
 571 01e2 FFF7FEFF 		bl	OLED_ShowChar
 572              	.LVL54:
 108:BUTTON/Src/button_display.c ****         PID_TO_OLED(pid_1);
 573              		.loc 1 108 9 view .LVU70
 574 01e6 2548     		ldr	r0, .L25+16
 575 01e8 FFF7FEFF 		bl	PID_TO_OLED
 576              	.LVL55:
 109:BUTTON/Src/button_display.c ****         break;
 577              		.loc 1 109 9 view .LVU71
 578              	.L14:
 110:BUTTON/Src/button_display.c ****     
 111:BUTTON/Src/button_display.c ****     case 1:
 112:BUTTON/Src/button_display.c ****         OLED_ShowChar(25,0,'2',16,1);
 113:BUTTON/Src/button_display.c ****         PID_TO_OLED(pid_2);
 114:BUTTON/Src/button_display.c ****         break;
 115:BUTTON/Src/button_display.c ****     case 2:
 116:BUTTON/Src/button_display.c ****     OLED_ShowChar(25,0,'3',16,1);
 117:BUTTON/Src/button_display.c ****         PID_TO_OLED(pid_3);
 118:BUTTON/Src/button_display.c ****         break;
 119:BUTTON/Src/button_display.c ****     case 3:
 120:BUTTON/Src/button_display.c ****     OLED_ShowChar(25,0,'4',16,1);
 121:BUTTON/Src/button_display.c ****         PID_TO_OLED(pid_4);
 122:BUTTON/Src/button_display.c ****         break;
 123:BUTTON/Src/button_display.c ****     case 4:
 124:BUTTON/Src/button_display.c ****     OLED_ShowChar(25,0,'5',16,1);
 125:BUTTON/Src/button_display.c ****         PID_TO_OLED(pid_5);
 126:BUTTON/Src/button_display.c ****         break;   
 127:BUTTON/Src/button_display.c ****     case 5:
 128:BUTTON/Src/button_display.c ****     OLED_ShowChar(25,0,'6',16,1);
 129:BUTTON/Src/button_display.c ****         PID_TO_OLED(pid_6);
 130:BUTTON/Src/button_display.c ****         break;    
 131:BUTTON/Src/button_display.c ****     }
 132:BUTTON/Src/button_display.c ****     //Display Current
 133:BUTTON/Src/button_display.c ****     //CURRENT_TO_OLED(current_num);
 134:BUTTON/Src/button_display.c ****     //Display Rato
 135:BUTTON/Src/button_display.c ****     //RATO_TO_OLED(rato_num);
 136:BUTTON/Src/button_display.c **** 
 137:BUTTON/Src/button_display.c ****     OLED_Refresh_Gram();
 579              		.loc 1 137 5 view .LVU72
 580 01ec FFF7FEFF 		bl	OLED_Refresh_Gram
 581              	.LVL56:
 138:BUTTON/Src/button_display.c **** }...
 582              		.loc 1 138 1 is_stmt 0 view .LVU73
 583 01f0 02B0     		add	sp, sp, #8
ARM GAS  /var/folders/ck/g3dcd5x55xs4107jgdl0snvr0000gn/T//ccvmmH2R.s 			page 14


 584              	.LCFI5:
 585              		.cfi_remember_state
 586              		.cfi_def_cfa_offset 8
 587              		@ sp needed
 588 01f2 10BD     		pop	{r4, pc}
 589              	.L20:
 590              	.LCFI6:
 591              		.cfi_restore_state
 112:BUTTON/Src/button_display.c ****         OLED_ShowChar(25,0,'2',16,1);
 592              		.loc 1 112 9 is_stmt 1 view .LVU74
 593 01f4 0123     		movs	r3, #1
 594 01f6 0093     		str	r3, [sp]
 595 01f8 1023     		movs	r3, #16
 596 01fa 3222     		movs	r2, #50
 597 01fc 0021     		movs	r1, #0
 598 01fe 1920     		movs	r0, #25
 599 0200 FFF7FEFF 		bl	OLED_ShowChar
 600              	.LVL57:
 113:BUTTON/Src/button_display.c ****         PID_TO_OLED(pid_2);
 601              		.loc 1 113 9 view .LVU75
 602 0204 1E48     		ldr	r0, .L25+20
 603 0206 FFF7FEFF 		bl	PID_TO_OLED
 604              	.LVL58:
 114:BUTTON/Src/button_display.c ****         break;
 605              		.loc 1 114 9 view .LVU76
 606 020a EFE7     		b	.L14
 607              	.L19:
 116:BUTTON/Src/button_display.c ****     OLED_ShowChar(25,0,'3',16,1);
 608              		.loc 1 116 5 view .LVU77
 609 020c 0123     		movs	r3, #1
 610 020e 0093     		str	r3, [sp]
 611 0210 1023     		movs	r3, #16
 612 0212 3322     		movs	r2, #51
 613 0214 0021     		movs	r1, #0
 614 0216 1920     		movs	r0, #25
 615 0218 FFF7FEFF 		bl	OLED_ShowChar
 616              	.LVL59:
 117:BUTTON/Src/button_display.c ****         PID_TO_OLED(pid_3);
 617              		.loc 1 117 9 view .LVU78
 618 021c 1948     		ldr	r0, .L25+24
 619 021e FFF7FEFF 		bl	PID_TO_OLED
 620              	.LVL60:
 118:BUTTON/Src/button_display.c ****         break;
 621              		.loc 1 118 9 view .LVU79
 622 0222 E3E7     		b	.L14
 623              	.L18:
 120:BUTTON/Src/button_display.c ****     OLED_ShowChar(25,0,'4',16,1);
 624              		.loc 1 120 5 view .LVU80
 625 0224 0123     		movs	r3, #1
 626 0226 0093     		str	r3, [sp]
 627 0228 1023     		movs	r3, #16
 628 022a 3422     		movs	r2, #52
 629 022c 0021     		movs	r1, #0
 630 022e 1920     		movs	r0, #25
 631 0230 FFF7FEFF 		bl	OLED_ShowChar
 632              	.LVL61:
 121:BUTTON/Src/button_display.c ****         PID_TO_OLED(pid_4);
ARM GAS  /var/folders/ck/g3dcd5x55xs4107jgdl0snvr0000gn/T//ccvmmH2R.s 			page 15


 633              		.loc 1 121 9 view .LVU81
 634 0234 1448     		ldr	r0, .L25+28
 635 0236 FFF7FEFF 		bl	PID_TO_OLED
 636              	.LVL62:
 122:BUTTON/Src/button_display.c ****         break;
 637              		.loc 1 122 9 view .LVU82
 638 023a D7E7     		b	.L14
 639              	.L17:
 124:BUTTON/Src/button_display.c ****     OLED_ShowChar(25,0,'5',16,1);
 640              		.loc 1 124 5 view .LVU83
 641 023c 0123     		movs	r3, #1
 642 023e 0093     		str	r3, [sp]
 643 0240 1023     		movs	r3, #16
 644 0242 3522     		movs	r2, #53
 645 0244 0021     		movs	r1, #0
 646 0246 1920     		movs	r0, #25
 647 0248 FFF7FEFF 		bl	OLED_ShowChar
 648              	.LVL63:
 125:BUTTON/Src/button_display.c ****         PID_TO_OLED(pid_5);
 649              		.loc 1 125 9 view .LVU84
 650 024c 0F48     		ldr	r0, .L25+32
 651 024e FFF7FEFF 		bl	PID_TO_OLED
 652              	.LVL64:
 126:BUTTON/Src/button_display.c ****         break;   
 653              		.loc 1 126 9 view .LVU85
 654 0252 CBE7     		b	.L14
 655              	.L15:
 128:BUTTON/Src/button_display.c ****     OLED_ShowChar(25,0,'6',16,1);
 656              		.loc 1 128 5 view .LVU86
 657 0254 0123     		movs	r3, #1
 658 0256 0093     		str	r3, [sp]
 659 0258 1023     		movs	r3, #16
 660 025a 3622     		movs	r2, #54
 661 025c 0021     		movs	r1, #0
 662 025e 1920     		movs	r0, #25
 663 0260 FFF7FEFF 		bl	OLED_ShowChar
 664              	.LVL65:
 129:BUTTON/Src/button_display.c ****         PID_TO_OLED(pid_6);
 665              		.loc 1 129 9 view .LVU87
 666 0264 0A48     		ldr	r0, .L25+36
 667 0266 FFF7FEFF 		bl	PID_TO_OLED
 668              	.LVL66:
 130:BUTTON/Src/button_display.c ****         break;    
 669              		.loc 1 130 9 view .LVU88
 670 026a BFE7     		b	.L14
 671              	.L26:
 672              		.align	2
 673              	.L25:
 674 026c 00000000 		.word	chip_select
 675 0270 00000000 		.word	chip_b_mode
 676 0274 00000000 		.word	mode_select
 677 0278 00000000 		.word	ctrl_display
 678 027c 00000000 		.word	pid_1
 679 0280 00000000 		.word	pid_2
 680 0284 00000000 		.word	pid_3
 681 0288 00000000 		.word	pid_4
 682 028c 00000000 		.word	pid_5
ARM GAS  /var/folders/ck/g3dcd5x55xs4107jgdl0snvr0000gn/T//ccvmmH2R.s 			page 16


 683 0290 00000000 		.word	pid_6
 684              		.cfi_endproc
 685              	.LFE240:
 687              		.text
 688              	.Letext0:
 689              		.file 2 "/Users/luban/.local/xPacks/arm-none-eabi-gcc/xpack-arm-none-eabi-gcc-13.2.1-1.1/arm-none-
 690              		.file 3 "/Users/luban/.local/xPacks/arm-none-eabi-gcc/xpack-arm-none-eabi-gcc-13.2.1-1.1/arm-none-
 691              		.file 4 "OLED/Inc/customoled.h"
 692              		.file 5 "OLED/Inc/oled.h"
ARM GAS  /var/folders/ck/g3dcd5x55xs4107jgdl0snvr0000gn/T//ccvmmH2R.s 			page 17


DEFINED SYMBOLS
                            *ABS*:00000000 button_display.c
/var/folders/ck/g3dcd5x55xs4107jgdl0snvr0000gn/T//ccvmmH2R.s:21     .text.DISPLAY_PID_SYMBLE:00000000 $t
/var/folders/ck/g3dcd5x55xs4107jgdl0snvr0000gn/T//ccvmmH2R.s:27     .text.DISPLAY_PID_SYMBLE:00000000 DISPLAY_PID_SYMBLE
/var/folders/ck/g3dcd5x55xs4107jgdl0snvr0000gn/T//ccvmmH2R.s:255    .text.DISPLAY_PID:00000000 $t
/var/folders/ck/g3dcd5x55xs4107jgdl0snvr0000gn/T//ccvmmH2R.s:261    .text.DISPLAY_PID:00000000 DISPLAY_PID
/var/folders/ck/g3dcd5x55xs4107jgdl0snvr0000gn/T//ccvmmH2R.s:314    .text.DISPLAY_PID:0000003c $d
/var/folders/ck/g3dcd5x55xs4107jgdl0snvr0000gn/T//ccvmmH2R.s:318    .text.DISPLAY_PID:00000040 $t
/var/folders/ck/g3dcd5x55xs4107jgdl0snvr0000gn/T//ccvmmH2R.s:400    .text.DISPLAY_PID:000000c8 $d
/var/folders/ck/g3dcd5x55xs4107jgdl0snvr0000gn/T//ccvmmH2R.s:406    .text.DISPLAY_PID:000000ce $t
/var/folders/ck/g3dcd5x55xs4107jgdl0snvr0000gn/T//ccvmmH2R.s:674    .text.DISPLAY_PID:0000026c $d

UNDEFINED SYMBOLS
OLED_ShowChar
OLED_Refresh_Gram
PID_TO_OLED
chip_select
chip_b_mode
mode_select
ctrl_display
pid_1
pid_2
pid_3
pid_4
pid_5
pid_6
