ARM GAS  /var/folders/ck/g3dcd5x55xs4107jgdl0snvr0000gn/T//ccfJlTte.s 			page 1


   1              		.cpu cortex-m4
   2              		.arch armv7e-m
   3              		.fpu fpv4-sp-d16
   4              		.eabi_attribute 27, 1
   5              		.eabi_attribute 28, 1
   6              		.eabi_attribute 20, 1
   7              		.eabi_attribute 21, 1
   8              		.eabi_attribute 23, 3
   9              		.eabi_attribute 24, 1
  10              		.eabi_attribute 25, 1
  11              		.eabi_attribute 26, 1
  12              		.eabi_attribute 30, 1
  13              		.eabi_attribute 34, 1
  14              		.eabi_attribute 18, 4
  15              		.file	"freertos.c"
  16              		.text
  17              	.Ltext0:
  18              		.cfi_sections	.debug_frame
  19              		.file 1 "Core/Src/freertos.c"
  20              		.section	.text.StartDefaultTask,"ax",%progbits
  21              		.align	1
  22              		.weak	StartDefaultTask
  23              		.syntax unified
  24              		.thumb
  25              		.thumb_func
  27              	StartDefaultTask:
  28              	.LFB244:
   1:Core/Src/freertos.c **** /* USER CODE BEGIN Header */
   2:Core/Src/freertos.c **** /**
   3:Core/Src/freertos.c ****   ******************************************************************************
   4:Core/Src/freertos.c ****   * File Name          : freertos.c
   5:Core/Src/freertos.c ****   * Description        : Code for freertos applications
   6:Core/Src/freertos.c ****   ******************************************************************************
   7:Core/Src/freertos.c ****   * @attention
   8:Core/Src/freertos.c ****   *
   9:Core/Src/freertos.c ****   * Copyright (c) 2023 STMicroelectronics.
  10:Core/Src/freertos.c ****   * All rights reserved.
  11:Core/Src/freertos.c ****   *
  12:Core/Src/freertos.c ****   * This software is licensed under terms that can be found in the LICENSE file
  13:Core/Src/freertos.c ****   * in the root directory of this software component.
  14:Core/Src/freertos.c ****   * If no LICENSE file comes with this software, it is provided AS-IS.
  15:Core/Src/freertos.c ****   *
  16:Core/Src/freertos.c ****   ******************************************************************************
  17:Core/Src/freertos.c ****   */
  18:Core/Src/freertos.c **** /* USER CODE END Header */
  19:Core/Src/freertos.c **** 
  20:Core/Src/freertos.c **** /* Includes ------------------------------------------------------------------*/
  21:Core/Src/freertos.c **** #include "FreeRTOS.h"
  22:Core/Src/freertos.c **** #include "task.h"
  23:Core/Src/freertos.c **** #include "main.h"
  24:Core/Src/freertos.c **** #include "cmsis_os.h"
  25:Core/Src/freertos.c **** 
  26:Core/Src/freertos.c **** /* Private includes ----------------------------------------------------------*/
  27:Core/Src/freertos.c **** /* USER CODE BEGIN Includes */
  28:Core/Src/freertos.c **** 
  29:Core/Src/freertos.c **** /* USER CODE END Includes */
  30:Core/Src/freertos.c **** 
ARM GAS  /var/folders/ck/g3dcd5x55xs4107jgdl0snvr0000gn/T//ccfJlTte.s 			page 2


  31:Core/Src/freertos.c **** /* Private typedef -----------------------------------------------------------*/
  32:Core/Src/freertos.c **** /* USER CODE BEGIN PTD */
  33:Core/Src/freertos.c **** 
  34:Core/Src/freertos.c **** /* USER CODE END PTD */
  35:Core/Src/freertos.c **** 
  36:Core/Src/freertos.c **** /* Private define ------------------------------------------------------------*/
  37:Core/Src/freertos.c **** /* USER CODE BEGIN PD */
  38:Core/Src/freertos.c **** 
  39:Core/Src/freertos.c **** /* USER CODE END PD */
  40:Core/Src/freertos.c **** 
  41:Core/Src/freertos.c **** /* Private macro -------------------------------------------------------------*/
  42:Core/Src/freertos.c **** /* USER CODE BEGIN PM */
  43:Core/Src/freertos.c **** 
  44:Core/Src/freertos.c **** /* USER CODE END PM */
  45:Core/Src/freertos.c **** 
  46:Core/Src/freertos.c **** /* Private variables ---------------------------------------------------------*/
  47:Core/Src/freertos.c **** /* USER CODE BEGIN Variables */
  48:Core/Src/freertos.c **** 
  49:Core/Src/freertos.c **** /* USER CODE END Variables */
  50:Core/Src/freertos.c **** /* Definitions for defaultTask */
  51:Core/Src/freertos.c **** osThreadId_t defaultTaskHandle;
  52:Core/Src/freertos.c **** const osThreadAttr_t defaultTask_attributes = {
  53:Core/Src/freertos.c ****   .name = "defaultTask",
  54:Core/Src/freertos.c ****   .stack_size = 512 * 4,
  55:Core/Src/freertos.c ****   .priority = (osPriority_t) osPriorityNormal,
  56:Core/Src/freertos.c **** };
  57:Core/Src/freertos.c **** 
  58:Core/Src/freertos.c **** /* Private function prototypes -----------------------------------------------*/
  59:Core/Src/freertos.c **** /* USER CODE BEGIN FunctionPrototypes */
  60:Core/Src/freertos.c **** 
  61:Core/Src/freertos.c **** /* USER CODE END FunctionPrototypes */
  62:Core/Src/freertos.c **** 
  63:Core/Src/freertos.c **** void StartDefaultTask(void *argument);
  64:Core/Src/freertos.c **** 
  65:Core/Src/freertos.c **** void MX_FREERTOS_Init(void); /* (MISRA C 2004 rule 8.1) */
  66:Core/Src/freertos.c **** 
  67:Core/Src/freertos.c **** /**
  68:Core/Src/freertos.c ****   * @brief  FreeRTOS initialization
  69:Core/Src/freertos.c ****   * @param  None
  70:Core/Src/freertos.c ****   * @retval None
  71:Core/Src/freertos.c ****   */
  72:Core/Src/freertos.c **** void MX_FREERTOS_Init(void) {
  73:Core/Src/freertos.c ****   /* USER CODE BEGIN Init */
  74:Core/Src/freertos.c **** 
  75:Core/Src/freertos.c ****   /* USER CODE END Init */
  76:Core/Src/freertos.c **** 
  77:Core/Src/freertos.c ****   /* USER CODE BEGIN RTOS_MUTEX */
  78:Core/Src/freertos.c ****   /* add mutexes, ... */
  79:Core/Src/freertos.c ****   /* USER CODE END RTOS_MUTEX */
  80:Core/Src/freertos.c **** 
  81:Core/Src/freertos.c ****   /* USER CODE BEGIN RTOS_SEMAPHORES */
  82:Core/Src/freertos.c ****   /* add semaphores, ... */
  83:Core/Src/freertos.c ****   /* USER CODE END RTOS_SEMAPHORES */
  84:Core/Src/freertos.c **** 
  85:Core/Src/freertos.c ****   /* USER CODE BEGIN RTOS_TIMERS */
  86:Core/Src/freertos.c ****   /* start timers, add new ones, ... */
  87:Core/Src/freertos.c ****   /* USER CODE END RTOS_TIMERS */
ARM GAS  /var/folders/ck/g3dcd5x55xs4107jgdl0snvr0000gn/T//ccfJlTte.s 			page 3


  88:Core/Src/freertos.c **** 
  89:Core/Src/freertos.c ****   /* USER CODE BEGIN RTOS_QUEUES */
  90:Core/Src/freertos.c ****   /* add queues, ... */
  91:Core/Src/freertos.c ****   /* USER CODE END RTOS_QUEUES */
  92:Core/Src/freertos.c **** 
  93:Core/Src/freertos.c ****   /* Create the thread(s) */
  94:Core/Src/freertos.c ****   /* creation of defaultTask */
  95:Core/Src/freertos.c ****   defaultTaskHandle = osThreadNew(StartDefaultTask, NULL, &defaultTask_attributes);
  96:Core/Src/freertos.c **** 
  97:Core/Src/freertos.c ****   /* USER CODE BEGIN RTOS_THREADS */
  98:Core/Src/freertos.c ****   /* add threads, ... */
  99:Core/Src/freertos.c ****   /* USER CODE END RTOS_THREADS */
 100:Core/Src/freertos.c **** 
 101:Core/Src/freertos.c ****   /* USER CODE BEGIN RTOS_EVENTS */
 102:Core/Src/freertos.c ****   /* add events, ... */
 103:Core/Src/freertos.c ****   /* USER CODE END RTOS_EVENTS */
 104:Core/Src/freertos.c **** 
 105:Core/Src/freertos.c **** }
 106:Core/Src/freertos.c **** 
 107:Core/Src/freertos.c **** /* USER CODE BEGIN Header_StartDefaultTask */
 108:Core/Src/freertos.c **** /**
 109:Core/Src/freertos.c ****   * @brief  Function implementing the defaultTask thread.
 110:Core/Src/freertos.c ****   * @param  argument: Not used
 111:Core/Src/freertos.c ****   * @retval None
 112:Core/Src/freertos.c ****   */
 113:Core/Src/freertos.c **** /* USER CODE END Header_StartDefaultTask */
 114:Core/Src/freertos.c **** __weak void StartDefaultTask(void *argument)
 115:Core/Src/freertos.c **** {
  29              		.loc 1 115 1 view -0
  30              		.cfi_startproc
  31              		@ args = 0, pretend = 0, frame = 0
  32              		@ frame_needed = 0, uses_anonymous_args = 0
  33              	.LVL0:
  34              		.loc 1 115 1 is_stmt 0 view .LVU1
  35 0000 08B5     		push	{r3, lr}
  36              	.LCFI0:
  37              		.cfi_def_cfa_offset 8
  38              		.cfi_offset 3, -8
  39              		.cfi_offset 14, -4
  40              	.LVL1:
  41              	.L2:
 116:Core/Src/freertos.c ****   /* USER CODE BEGIN StartDefaultTask */
 117:Core/Src/freertos.c ****   /* Infinite loop */
 118:Core/Src/freertos.c ****   for(;;)
  42              		.loc 1 118 3 is_stmt 1 view .LVU2
 119:Core/Src/freertos.c ****   {
 120:Core/Src/freertos.c ****     osDelay(1);
  43              		.loc 1 120 5 discriminator 1 view .LVU3
  44 0002 0120     		movs	r0, #1
  45 0004 FFF7FEFF 		bl	osDelay
  46              	.LVL2:
 118:Core/Src/freertos.c ****   {
  47              		.loc 1 118 3 view .LVU4
  48 0008 FBE7     		b	.L2
  49              		.cfi_endproc
  50              	.LFE244:
  52              		.section	.text.MX_FREERTOS_Init,"ax",%progbits
ARM GAS  /var/folders/ck/g3dcd5x55xs4107jgdl0snvr0000gn/T//ccfJlTte.s 			page 4


  53              		.align	1
  54              		.global	MX_FREERTOS_Init
  55              		.syntax unified
  56              		.thumb
  57              		.thumb_func
  59              	MX_FREERTOS_Init:
  60              	.LFB243:
  72:Core/Src/freertos.c ****   /* USER CODE BEGIN Init */
  61              		.loc 1 72 29 view -0
  62              		.cfi_startproc
  63              		@ args = 0, pretend = 0, frame = 0
  64              		@ frame_needed = 0, uses_anonymous_args = 0
  65 0000 08B5     		push	{r3, lr}
  66              	.LCFI1:
  67              		.cfi_def_cfa_offset 8
  68              		.cfi_offset 3, -8
  69              		.cfi_offset 14, -4
  95:Core/Src/freertos.c **** 
  70              		.loc 1 95 3 view .LVU6
  95:Core/Src/freertos.c **** 
  71              		.loc 1 95 23 is_stmt 0 view .LVU7
  72 0002 044A     		ldr	r2, .L6
  73 0004 0021     		movs	r1, #0
  74 0006 0448     		ldr	r0, .L6+4
  75 0008 FFF7FEFF 		bl	osThreadNew
  76              	.LVL3:
  95:Core/Src/freertos.c **** 
  77              		.loc 1 95 21 discriminator 1 view .LVU8
  78 000c 034B     		ldr	r3, .L6+8
  79 000e 1860     		str	r0, [r3]
 105:Core/Src/freertos.c **** 
  80              		.loc 1 105 1 view .LVU9
  81 0010 08BD     		pop	{r3, pc}
  82              	.L7:
  83 0012 00BF     		.align	2
  84              	.L6:
  85 0014 00000000 		.word	defaultTask_attributes
  86 0018 00000000 		.word	StartDefaultTask
  87 001c 00000000 		.word	defaultTaskHandle
  88              		.cfi_endproc
  89              	.LFE243:
  91              		.global	defaultTask_attributes
  92              		.section	.rodata.str1.4,"aMS",%progbits,1
  93              		.align	2
  94              	.LC0:
  95 0000 64656661 		.ascii	"defaultTask\000"
  95      756C7454 
  95      61736B00 
  96              		.section	.rodata.defaultTask_attributes,"a"
  97              		.align	2
 100              	defaultTask_attributes:
 101 0000 00000000 		.word	.LC0
 102 0004 00000000 		.space	16
 102      00000000 
 102      00000000 
 102      00000000 
 103 0014 00080000 		.word	2048
ARM GAS  /var/folders/ck/g3dcd5x55xs4107jgdl0snvr0000gn/T//ccfJlTte.s 			page 5


 104 0018 18000000 		.word	24
 105 001c 00000000 		.space	8
 105      00000000 
 106              		.global	defaultTaskHandle
 107              		.section	.bss.defaultTaskHandle,"aw",%nobits
 108              		.align	2
 111              	defaultTaskHandle:
 112 0000 00000000 		.space	4
 113              		.text
 114              	.Letext0:
 115              		.file 2 "/Users/luban/.local/xPacks/arm-none-eabi-gcc/xpack-arm-none-eabi-gcc-13.2.1-1.1/arm-none-
 116              		.file 3 "/Users/luban/.local/xPacks/arm-none-eabi-gcc/xpack-arm-none-eabi-gcc-13.2.1-1.1/arm-none-
 117              		.file 4 "Middlewares/Third_Party/FreeRTOS/Source/CMSIS_RTOS_V2/cmsis_os2.h"
ARM GAS  /var/folders/ck/g3dcd5x55xs4107jgdl0snvr0000gn/T//ccfJlTte.s 			page 6


DEFINED SYMBOLS
                            *ABS*:00000000 freertos.c
/var/folders/ck/g3dcd5x55xs4107jgdl0snvr0000gn/T//ccfJlTte.s:21     .text.StartDefaultTask:00000000 $t
/var/folders/ck/g3dcd5x55xs4107jgdl0snvr0000gn/T//ccfJlTte.s:27     .text.StartDefaultTask:00000000 StartDefaultTask
/var/folders/ck/g3dcd5x55xs4107jgdl0snvr0000gn/T//ccfJlTte.s:53     .text.MX_FREERTOS_Init:00000000 $t
/var/folders/ck/g3dcd5x55xs4107jgdl0snvr0000gn/T//ccfJlTte.s:59     .text.MX_FREERTOS_Init:00000000 MX_FREERTOS_Init
/var/folders/ck/g3dcd5x55xs4107jgdl0snvr0000gn/T//ccfJlTte.s:85     .text.MX_FREERTOS_Init:00000014 $d
/var/folders/ck/g3dcd5x55xs4107jgdl0snvr0000gn/T//ccfJlTte.s:100    .rodata.defaultTask_attributes:00000000 defaultTask_attributes
/var/folders/ck/g3dcd5x55xs4107jgdl0snvr0000gn/T//ccfJlTte.s:111    .bss.defaultTaskHandle:00000000 defaultTaskHandle
/var/folders/ck/g3dcd5x55xs4107jgdl0snvr0000gn/T//ccfJlTte.s:93     .rodata.str1.4:00000000 $d
/var/folders/ck/g3dcd5x55xs4107jgdl0snvr0000gn/T//ccfJlTte.s:97     .rodata.defaultTask_attributes:00000000 $d
/var/folders/ck/g3dcd5x55xs4107jgdl0snvr0000gn/T//ccfJlTte.s:108    .bss.defaultTaskHandle:00000000 $d

UNDEFINED SYMBOLS
osDelay
osThreadNew
